Log file open, 12/13/18 20:52:44
LogWindows: Failed to load 'aqProf.dll' (GetLastError=126)
LogWindows: File 'aqProf.dll' does not exist
LogWindows: Failed to load 'VSPerf140.dll' (GetLastError=126)
LogWindows: File 'VSPerf140.dll' does not exist
LogWindows: Failed to load 'VtuneApi.dll' (GetLastError=126)
LogWindows: File 'VtuneApi.dll' does not exist
LogWindows: Failed to load 'VtuneApi32e.dll' (GetLastError=126)
LogWindows: File 'VtuneApi32e.dll' does not exist
LogInit: Display: Running engine for game: NetCuteGhost
LogPlatformFile: Not using cached read wrapper
LogTaskGraph: Started task graph with 5 named threads and 23 total threads with 3 sets of task threads.
LogStats: Stats thread started at 0.435886
LogD3D11RHI: Loaded GFSDK_Aftermath_Lib.x64.dll
LogICUInternationalization: Display: ICU TimeZone Detection - Raw Offset: +9:00, Platform Override: ''
LogPluginManager: Mounting plugin Paper2D
LogPluginManager: Mounting plugin AISupport
LogPluginManager: Mounting plugin LightPropagationVolume
LogPluginManager: Mounting plugin CLionSourceCodeAccess
LogPluginManager: Mounting plugin CodeLiteSourceCodeAccess
LogPluginManager: Mounting plugin GitSourceControl
LogPluginManager: Mounting plugin KDevelopSourceCodeAccess
LogPluginManager: Mounting plugin NullSourceCodeAccess
LogPluginManager: Mounting plugin PerforceSourceControl
LogPluginManager: Mounting plugin SubversionSourceControl
LogPluginManager: Mounting plugin UObjectPlugin
LogPluginManager: Mounting plugin VisualStudioCodeSourceCodeAccess
LogPluginManager: Mounting plugin VisualStudioSourceCodeAccess
LogPluginManager: Mounting plugin XCodeSourceCodeAccess
LogPluginManager: Mounting plugin AssetManagerEditor
LogPluginManager: Mounting plugin CryptoKeys
LogPluginManager: Mounting plugin DataValidation
LogPluginManager: Mounting plugin FacialAnimation
LogPluginManager: Mounting plugin GameplayTagsEditor
LogPluginManager: Mounting plugin MacGraphicsSwitching
LogPluginManager: Mounting plugin MeshEditor
LogPluginManager: Mounting plugin MobileLauncherProfileWizard
LogPluginManager: Mounting plugin PluginBrowser
LogPluginManager: Mounting plugin SpeedTreeImporter
LogPluginManager: Mounting plugin DatasmithContent
LogPluginManager: Mounting plugin AlembicImporter
LogPluginManager: Mounting plugin AppleImageUtils
LogPluginManager: Mounting plugin AppleVision
LogPluginManager: Mounting plugin BackChannel
LogPluginManager: Mounting plugin CharacterAI
LogPluginManager: Mounting plugin GeometryCache
LogPluginManager: Mounting plugin HTML5Networking
LogPluginManager: Mounting plugin ProxyLODPlugin
LogPluginManager: Mounting plugin MagicLeap
LogPluginManager: Mounting plugin MagicLeapEmulator
LogPluginManager: Mounting plugin MagicLeapMedia
LogPluginManager: Mounting plugin AndroidMedia
LogPluginManager: Mounting plugin AvfMedia
LogPluginManager: Mounting plugin ImgMedia
LogPluginManager: Mounting plugin LinearTimecode
LogPluginManager: Mounting plugin MediaCompositing
LogPluginManager: Mounting plugin MediaPlayerEditor
LogPluginManager: Mounting plugin WmfMedia
LogPluginManager: Mounting plugin TcpMessaging
LogPluginManager: Mounting plugin UdpMessaging
LogPluginManager: Mounting plugin ActorSequence
LogPluginManager: Mounting plugin LevelSequenceEditor
LogPluginManager: Mounting plugin MatineeToLevelSequence
LogPluginManager: Mounting plugin NetcodeUnitTest
LogPluginManager: Mounting plugin NUTUnrealEngine4
LogPluginManager: Mounting plugin OnlineSubsystemGooglePlay
LogPluginManager: Mounting plugin OnlineSubsystemIOS
LogPluginManager: Mounting plugin OnlineSubsystem
LogPluginManager: Mounting plugin OnlineSubsystemNull
LogPluginManager: Mounting plugin OnlineSubsystemUtils
LogPluginManager: Mounting plugin LauncherChunkInstaller
LogPluginManager: Mounting plugin AndroidDeviceProfileSelector
LogPluginManager: Mounting plugin AndroidMoviePlayer
LogPluginManager: Mounting plugin AndroidPermission
LogPluginManager: Mounting plugin AppleMoviePlayer
LogPluginManager: Mounting plugin ArchVisCharacter
LogPluginManager: Mounting plugin AudioCapture
LogPluginManager: Mounting plugin CableComponent
LogPluginManager: Mounting plugin CustomMeshComponent
LogPluginManager: Mounting plugin EditableMesh
LogPluginManager: Mounting plugin ExampleDeviceProfileSelector
LogPluginManager: Mounting plugin GoogleCloudMessaging
LogPluginManager: Mounting plugin ImmediatePhysics
LogPluginManager: Mounting plugin IOSDeviceProfileSelector
LogPluginManager: Mounting plugin LinuxDeviceProfileSelector
LogPluginManager: Mounting plugin LocationServicesBPLibrary
LogPluginManager: Mounting plugin MobilePatchingUtils
LogPluginManager: Mounting plugin OculusVR
LogPluginManager: Plugin shader directory ../../../Engine/Plugins/Runtime/Oculus/OculusVR/Shaders found
LogPluginManager: Mapping shader source directory ../../../Engine/Plugins/Runtime/Oculus/OculusVR/Shaders to virtual directory /Plugin/OculusVR
LogPluginManager: Mounting plugin PhysXVehicles
LogPluginManager: Mounting plugin ProceduralMeshComponent
LogPluginManager: Mounting plugin RuntimePhysXCooking
LogPluginManager: Mounting plugin SteamVR
LogPluginManager: Mounting plugin WindowsMoviePlayer
LogStreaming: Display: Took  0.092s to configure plugins.
LogInit: Using libcurl 7.55.1-DEV
LogInit:  - built for x86_64-pc-win32
LogInit:  - supports SSL with OpenSSL/1.0.2h
LogInit:  - supports HTTP deflate (compression) using libz 1.2.8
LogInit:  - other features:
LogInit:      CURL_VERSION_SSL
LogInit:      CURL_VERSION_LIBZ
LogInit:      CURL_VERSION_IPV6
LogInit:      CURL_VERSION_ASYNCHDNS
LogInit:      CURL_VERSION_LARGEFILE
LogInit:      CURL_VERSION_IDN
LogInit:  CurlRequestOptions (configurable via config and command line):
LogInit:  - bVerifyPeer = false  - Libcurl will NOT verify peer certificate
LogInit:  - bUseHttpProxy = false  - Libcurl will NOT use HTTP proxy
LogInit:  - bDontReuseConnections = false  - Libcurl will reuse connections
LogInit:  - CertBundlePath = nullptr  - Libcurl will use whatever was configured at build time.
LogInit:  - MaxHostConnections = 16  - Libcurl will limit the number of connections to a host
LogInit:  - LocalHostAddr = Default
LogInit:  - BufferSize = 65536
LogInit: WinSock: version 1.1 (2.2), MaxSocks=32767, MaxUdp=65467
LogInit: Build: ++UE4+Release-4.20-CL-4369336
LogInit: Engine Version: 4.20.3-4369336+++UE4+Release-4.20
LogInit: Compatible Engine Version: 4.20.0-4212847+++UE4+Release-4.20
LogInit: Net CL: 4212847
LogInit: OS: Windows 10 (), CPU: Intel(R) Core(TM) i7-6700HQ CPU @ 2.60GHz, GPU: Intel(R) HD Graphics 530
LogInit: Compiled (64-bit): Sep 17 2018 12:26:19
LogInit: Compiled with Visual C++: 19.13.26129.00
LogInit: Build Configuration: Development
LogInit: Branch Name: ++UE4+Release-4.20
LogInit: Command Line:  /Game/Map/Map_GhostPlayGround -game -PIEVIACONSOLE -ResX=1280 -ResY=720  -Multiprocess -messaging -SessionName="Play in Standalone Game" -windowed 
LogInit: Base Directory: C:/Program Files (x86)/~Game/Epic Games/UE_4.20/Engine/Binaries/Win64/
LogInit: Installed Engine Build: 1
LogDevObjectVersion: Number of dev versions registered: 20
LogDevObjectVersion:   Dev-Blueprints (B0D832E4-1F89-4F0D-ACCF-7EB736FD4AA2): 10
LogDevObjectVersion:   Dev-Build (E1C64328-A22C-4D53-A36C-8E866417BD8C): 0
LogDevObjectVersion:   Dev-Core (375EC13C-06E4-48FB-B500-84F0262A717E): 2
LogDevObjectVersion:   Dev-Editor (E4B068ED-F494-42E9-A231-DA0B2E46BB41): 24
LogDevObjectVersion:   Dev-Framework (CFFC743F-43B0-4480-9391-14DF171D2073): 34
LogDevObjectVersion:   Dev-Mobile (B02B49B5-BB20-44E9-A304-32B752E40360): 2
LogDevObjectVersion:   Dev-Networking (A4E4105C-59A1-49B5-A7C5-40C4547EDFEE): 0
LogDevObjectVersion:   Dev-Online (39C831C9-5AE6-47DC-9A44-9C173E1C8E7C): 0
LogDevObjectVersion:   Dev-Physics (78F01B33-EBEA-4F98-B9B4-84EACCB95AA2): 0
LogDevObjectVersion:   Dev-Platform (6631380F-2D4D-43E0-8009-CF276956A95A): 0
LogDevObjectVersion:   Dev-Rendering (12F88B9F-8875-4AFC-A67C-D90C383ABD29): 26
LogDevObjectVersion:   Dev-Sequencer (7B5AE74C-D270-4C10-A958-57980B212A5A): 9
LogDevObjectVersion:   Dev-VR (D7296918-1DD6-4BDD-9DE2-64A83CC13884): 2
LogDevObjectVersion:   Dev-LoadTimes (C2A15278-BFE7-4AFE-6C17-90FF531DF755): 1
LogDevObjectVersion:   Private-Geometry (6EACA3D4-40EC-4CC1-B786-8BED09428FC5): 3
LogDevObjectVersion:   Dev-AnimPhys (29E575DD-E0A3-4627-9D10-D276232CDCEA): 17
LogDevObjectVersion:   Dev-ReflectionCapture (6B266CEC-1EC7-4B8F-A30B-E4D90942FC07): 1
LogDevObjectVersion:   Dev-Automation (0DF73D61-A23F-47EA-B727-89E90C41499A): 1
LogDevObjectVersion:   FortniteMain (601D1886-AC64-4F84-AA16-D3DE0DEAC7D6): 12
LogDevObjectVersion:   Dev-Enterprise (9DFFBCD6-494F-0158-E221-12823C92A888): 1
LogStreaming: Display: Took  0.012s to delete old logs.
LogInit: Presizing for max 8388607 objects, including 0 objects not considered by GC, pre-allocating 0 bytes for permanent pool.
LogInit: Object subsystem initialized
[2018.12.13-11.52.45:012][  0]LogInit: Selected Device Profile: [Windows]
[2018.12.13-11.52.45:012][  0]LogInit: Applying CVar settings loaded from the selected device profile: [Windows]
[2018.12.13-11.52.45:017][  0]LogHAL: Display: Platform has ~ 8 GB [8393322496 / 8589934592 / 8], which maps to Default [LargestMinGB=32, LargerMinGB=12, DefaultMinGB=8, SmallerMinGB=6, SmallestMinGB=0)
[2018.12.13-11.52.45:017][  0]LogInit: Setting Device Profile CVar: [[r.Vulkan.UseRealUBs:1]]
[2018.12.13-11.52.45:018][  0]LogInit: Going up to parent DeviceProfile []
[2018.12.13-11.52.45:018][  0]LogInit: Computer: DESKTOP-33J3PSK
[2018.12.13-11.52.45:018][  0]LogInit: User: Utsuho
[2018.12.13-11.52.45:018][  0]LogInit: CPU Page size=4096, Cores=4
[2018.12.13-11.52.45:018][  0]LogInit: High frequency timer resolution =2.531245 MHz
[2018.12.13-11.52.45:019][  0]LogMemory: Memory total: Physical=7.8GB (8GB approx)
[2018.12.13-11.52.45:019][  0]LogMemory: Platform Memory Stats for Windows
[2018.12.13-11.52.45:019][  0]LogMemory: Process Physical Memory: 100.67 MB used, 100.67 MB peak
[2018.12.13-11.52.45:019][  0]LogMemory: Process Virtual Memory: 89.32 MB used, 89.32 MB peak
[2018.12.13-11.52.45:019][  0]LogMemory: Physical Memory: 6905.20 MB used,  1099.29 MB free, 8004.50 MB total
[2018.12.13-11.52.45:019][  0]LogMemory: Virtual Memory: 4643.79 MB used,  1099.29 MB free, 134217728.00 MB total
[2018.12.13-11.52.45:076][  0]LogInit: Using OS detected language (ko-KR).
[2018.12.13-11.52.45:076][  0]LogInit: Using OS detected locale (ko-KR).
[2018.12.13-11.52.45:077][  0]LogTextLocalizationManager: No specific localization for 'ko-KR' exists, so the 'ko' localization will be used.
[2018.12.13-11.52.45:610][  0]LogStreaming: Display: Took  0.534s to InitEngineTextLocalization.
[2018.12.13-11.52.45:714][  0]LogSlate: New Slate User Created.  User Index 0, Is Virtual User: 0
[2018.12.13-11.52.45:714][  0]LogSlate: Slate User Registered.  User Index 0, Is Virtual User: 0
[2018.12.13-11.52.45:742][  0]LogHMD: Failed to initialize OpenVR with code 110
[2018.12.13-11.52.45:742][  0]LogD3D11RHI: D3D11 adapters:
[2018.12.13-11.52.45:766][  0]LogD3D11RHI:    0. 'Intel(R) HD Graphics 530' (Feature Level 11_0)
[2018.12.13-11.52.45:766][  0]LogD3D11RHI:       128/0/4002 MB DedicatedVideo/DedicatedSystem/SharedSystem, Outputs:1, VendorId:0x8086
[2018.12.13-11.52.45:807][  0]LogD3D11RHI:    1. 'NVIDIA GeForce GTX 960M' (Feature Level 11_0)
[2018.12.13-11.52.45:807][  0]LogD3D11RHI:       1993/0/4002 MB DedicatedVideo/DedicatedSystem/SharedSystem, Outputs:1, VendorId:0x10de
[2018.12.13-11.52.45:812][  0]LogD3D11RHI:    2. 'Microsoft Basic Render Driver' (Feature Level 11_0)
[2018.12.13-11.52.45:812][  0]LogD3D11RHI:       0/0/4002 MB DedicatedVideo/DedicatedSystem/SharedSystem, Outputs:0, VendorId:0x1414
[2018.12.13-11.52.45:812][  0]LogD3D11RHI: Chosen D3D11 Adapter: 1
[2018.12.13-11.52.45:830][  0]LogD3D11RHI: Creating new Direct3DDevice
[2018.12.13-11.52.45:830][  0]LogD3D11RHI:     GPU DeviceId: 0x139b (for the marketing name, search the web for "GPU Device Id")
[2018.12.13-11.52.45:830][  0]LogWindows: EnumDisplayDevices:
[2018.12.13-11.52.45:831][  0]LogWindows:    0. 'Intel(R) HD Graphics 530' (P:1 D:1)
[2018.12.13-11.52.45:832][  0]LogWindows:    1. 'Intel(R) HD Graphics 530' (P:0 D:0)
[2018.12.13-11.52.45:833][  0]LogWindows:    2. 'Intel(R) HD Graphics 530' (P:0 D:0)
[2018.12.13-11.52.45:835][  0]LogWindows:    3. 'NVIDIA GeForce GTX 960M' (P:0 D:1)
[2018.12.13-11.52.45:836][  0]LogWindows:    4. 'NVIDIA GeForce GTX 960M' (P:0 D:0)
[2018.12.13-11.52.45:837][  0]LogWindows:    5. 'NVIDIA GeForce GTX 960M' (P:0 D:0)
[2018.12.13-11.52.45:838][  0]LogWindows:    6. 'NVIDIA GeForce GTX 960M' (P:0 D:0)
[2018.12.13-11.52.45:839][  0]LogWindows:    7. 'Mirage Driver' (P:0 D:0)
[2018.12.13-11.52.45:840][  0]LogWindows: DebugString: PrimaryIsNotTheChoosenAdapter PrimaryIsNotTheChoosenAdapter PrimaryIsNotTheChoosenAdapter GetVideoDriverDetailsInvalid PrimaryIsNotTheChoosenAdapter FoundDriverCount:4 
[2018.12.13-11.52.45:840][  0]LogD3D11RHI:     Adapter Name: NVIDIA GeForce GTX 960M
[2018.12.13-11.52.45:840][  0]LogD3D11RHI:   Driver Version: 353.54 (internal:10.18.13.5354, unified:353.54)
[2018.12.13-11.52.45:840][  0]LogD3D11RHI:      Driver Date: 7-13-2015
[2018.12.13-11.52.45:840][  0]LogRHI: Texture pool is 1395 MB (70% of 1993 MB)
[2018.12.13-11.52.45:870][  0]LogD3D11RHI: NvAPI_D3D_GetCurrentSLIState failed: 0xfffffff7
[2018.12.13-11.52.45:870][  0]LogD3D11RHI: Async texture creation enabled
[2018.12.13-11.52.45:887][  0]LogD3D11RHI: GPU Timing Frequency: 1000.000000 (Debug: 2 1)
[2018.12.13-11.52.45:895][  0]LogShaderCompilers: Guid format shader working directory is -38 characters bigger than the processId version (../../../../../../../Users/Utsuho/Desktop/General/ProjectSpace/CuteGhost/NetCuteGhost/Intermediate/Shaders/WorkingDirectory/1952/).
[2018.12.13-11.52.45:895][  0]LogShaderCompilers: Cleaned the shader compiler working directory 'C:/Users/Utsuho/AppData/Local/Temp/UnrealShaderWorkingDir/88382D924B544B7D4D4C908ABC278387/'.
[2018.12.13-11.52.46:535][  0]LogTemp: Display: Loaded TP WindowsClientTargetPlatform
[2018.12.13-11.52.46:557][  0]LogTemp: Display: Loaded TP WindowsNoEditorTargetPlatform
[2018.12.13-11.52.46:578][  0]LogTemp: Display: Loaded TP WindowsServerTargetPlatform
[2018.12.13-11.52.46:606][  0]LogTemp: Display: Loaded TP WindowsTargetPlatform
[2018.12.13-11.52.46:606][  0]LogTargetPlatformManager: Display: Building Assets For Windows
[2018.12.13-11.52.46:762][  0]LogXGEController: Cannot use XGE Controller as Incredibuild is not installed on this machine.
[2018.12.13-11.52.46:762][  0]LogShaderCompilers: Cannot use XGE Shader Compiler as Incredibuild is not installed on this machine.
[2018.12.13-11.52.46:762][  0]LogShaderCompilers: Display: Using Local Shader Compiler.
[2018.12.13-11.52.47:841][  0]LogDerivedDataCache: Display: Max Cache Size: 512 MB
[2018.12.13-11.52.47:924][  0]LogDerivedDataCache: Loaded boot cache 0.08s 71MB C:/Users/Utsuho/AppData/Local/UnrealEngine/4.20/DerivedDataCache/Boot.ddc.
[2018.12.13-11.52.47:924][  0]LogDerivedDataCache: Display: Loaded Boot cache: C:/Users/Utsuho/AppData/Local/UnrealEngine/4.20/DerivedDataCache/Boot.ddc
[2018.12.13-11.52.47:924][  0]LogDerivedDataCache: FDerivedDataBackendGraph:  Pak pak cache file ../../../../../../../Users/Utsuho/Desktop/General/ProjectSpace/CuteGhost/NetCuteGhost/DerivedDataCache/DDC.ddp not found, will not use a pak cache.
[2018.12.13-11.52.47:924][  0]LogDerivedDataCache: Unable to find inner node Pak for hierarchical cache Hierarchy.
[2018.12.13-11.52.47:925][  0]LogDerivedDataCache: FDerivedDataBackendGraph:  CompressedPak pak cache file ../../../../../../../Users/Utsuho/Desktop/General/ProjectSpace/CuteGhost/NetCuteGhost/DerivedDataCache/Compressed.ddp not found, will not use a pak cache.
[2018.12.13-11.52.47:925][  0]LogDerivedDataCache: Unable to find inner node CompressedPak for hierarchical cache Hierarchy.
[2018.12.13-11.52.47:941][  0]LogDerivedDataCache: Display: Pak cache opened for reading ../../../Engine/DerivedDataCache/Compressed.ddp.
[2018.12.13-11.52.47:954][  0]LogDerivedDataCache: Using Local data cache path C:/Users/Utsuho/AppData/Local/UnrealEngine/Common/DerivedDataCache: Writable
[2018.12.13-11.52.47:954][  0]LogDerivedDataCache: Shared data cache path not found in *engine.ini, will not use an Shared cache.
[2018.12.13-11.52.47:954][  0]LogDerivedDataCache: Unable to find inner node Shared for hierarchical cache Hierarchy.
[2018.12.13-11.52.47:983][  0]LogMaterial: Verifying Global Shaders for PCD3D_SM5
[2018.12.13-11.52.47:985][  0]LogSlate: Using FreeType 2.6.0
[2018.12.13-11.52.47:986][  0]LogSlate: SlateFontServices - WITH_FREETYPE: 1, WITH_HARFBUZZ: 1
[2018.12.13-11.52.48:047][  0]LogInit: Using OS detected language (ko-KR).
[2018.12.13-11.52.48:047][  0]LogInit: Using OS detected locale (ko-KR).
[2018.12.13-11.52.48:047][  0]LogTextLocalizationManager: No localization for 'ko-KR' exists, so 'en' will be used for the language.
[2018.12.13-11.52.48:047][  0]LogTextLocalizationManager: No localization for 'ko-KR' exists, so 'en' will be used for the locale.
[2018.12.13-11.52.48:427][  0]LogStreaming: Display: Took  0.381s to InitGameTextLocalization.
[2018.12.13-11.52.48:440][  0]LogAssetRegistry: FAssetRegistry took 0.0071 seconds to start up
[2018.12.13-11.52.48:738][  0]LogPackageLocalizationCache: Processed 11 localized package path(s) for 1 prioritized culture(s) in 0.034997 seconds
[2018.12.13-11.52.48:907][  0]LogInit: Selected Device Profile: [Windows]
[2018.12.13-11.52.49:107][  0]LogSimplygon: Simplygon DLL not present - disabling.
[2018.12.13-11.52.49:115][  0]LogMeshReduction: Using SimplygonSwarm for distributed automatic mesh merging
[2018.12.13-11.52.49:115][  0]LogMeshReduction: Using ProxyLODMeshReduction for automatic mesh merging
[2018.12.13-11.52.49:115][  0]LogMeshReduction: Using QuadricMeshReduction for automatic static mesh reduction
[2018.12.13-11.52.49:115][  0]LogMeshReduction: No automatic skeletal mesh reduction module available
[2018.12.13-11.52.49:137][  0]LogNetVersion: NetCuteGhost 1.0.0, NetCL: 4212847, EngineNetVer: 5, GameNetVer: 0 (Checksum: 3007799762)
[2018.12.13-11.52.49:907][  0]LogMoviePlayer: Initializing movie player
[2018.12.13-11.52.50:186][  0]LogTcpMessaging: Initializing TcpMessaging bridge
[2018.12.13-11.52.50:204][  0]LogUdpMessaging: Initializing bridge on interface 0.0.0.0:0 to multicast group 230.0.0.1:6666.
[2018.12.13-11.52.50:359][  0]SourceControl: Source control is disabled
[2018.12.13-11.52.50:359][  0]SourceControl: Source control is disabled
[2018.12.13-11.52.50:362][  0]SourceControl: Source control is disabled
[2018.12.13-11.52.50:563][  0]LogAndroidPermission: UAndroidPermissionCallbackProxy::GetInstance
[2018.12.13-11.52.50:920][  0]LogOcInput: OculusInput pre-init called
[2018.12.13-11.52.50:941][  0]LogUObjectArray: 42188 objects as part of root set at end of initial load.
[2018.12.13-11.52.50:941][  0]LogUObjectAllocator: 7441536 out of 0 bytes used by permanent object pool.
[2018.12.13-11.52.50:941][  0]LogUObjectArray: CloseDisregardForGC: 0/0 objects in disregard for GC pool
[2018.12.13-11.52.51:027][  0]LogEngine: Initializing Engine...
[2018.12.13-11.52.51:028][  0]LogHMD: Failed to initialize OpenVR with code 110
[2018.12.13-11.52.51:041][  0]LogStats: UGameplayTagsManager::ConstructGameplayTagTree: ImportINI prefixes -  0.000 s
[2018.12.13-11.52.51:041][  0]LogStats: UGameplayTagsManager::ConstructGameplayTagTree: Construct from data asset -  0.000 s
[2018.12.13-11.52.51:041][  0]LogStats: UGameplayTagsManager::ConstructGameplayTagTree: ImportINI -  0.000 s
[2018.12.13-11.52.51:041][  0]LogStats: UGameplayTagsManager::ConstructGameplayTagTree: GameplayTagTreeChangedEvent.Broadcast -  0.000 s
[2018.12.13-11.52.51:282][  0]LogInit: Initializing FReadOnlyCVARCache
[2018.12.13-11.52.51:404][  0]LogInit: XAudio2 using '스피커(Realtek High Definition Audio)' : 2 channels at 48 kHz using 32 bits per sample (channel mask 0x3)
[2018.12.13-11.52.51:510][  0]LogInit: FAudioDevice initialized.
[2018.12.13-11.52.51:522][  0]LogNetVersion: Set ProjectVersion to 1.0.0.0. Version Checksum will be recalculated on next use.
[2018.12.13-11.52.51:532][  0]LogInit: Texture streaming: Enabled
[2018.12.13-11.52.51:729][  0]LogUObjectGlobals: Warning: Failed to find object 'Class /Script/NetCuteGhost.NetCuteGhostGameInstance'
[2018.12.13-11.52.51:729][  0]LogEngine: Error: Unable to load GameInstance Class '/Script/NetCuteGhost.NetCuteGhostGameInstance'. Falling back to generic UGameInstance.
[2018.12.13-11.52.51:740][  0]LogSlate: Updating window title bar state: overlay mode, drag disabled, window buttons hidden, title bar hidden
[2018.12.13-11.52.51:740][  0]LogInit: Display: Game Engine Initialized.
[2018.12.13-11.52.51:741][  0]LogGameplayTags: Display: UGameplayTagsManager::DoneAddingNativeTags. DelegateIsBound: 0
[2018.12.13-11.52.51:741][  0]LogStats: UGameplayTagsManager::ConstructGameplayTagTree: ImportINI prefixes -  0.000 s
[2018.12.13-11.52.51:741][  0]LogStats: UGameplayTagsManager::ConstructGameplayTagTree: Construct from data asset -  0.000 s
[2018.12.13-11.52.51:741][  0]LogStats: UGameplayTagsManager::ConstructGameplayTagTree: ImportINI -  0.000 s
[2018.12.13-11.52.51:741][  0]LogStats: UGameplayTagsManager::ConstructGameplayTagTree: GameplayTagTreeChangedEvent.Broadcast -  0.000 s
[2018.12.13-11.52.51:778][  0]LogInit: Display: Starting Game.
[2018.12.13-11.52.51:778][  0]LogNet: Browse: /Game/Map/Map_GhostPlayGround?Name=Player
[2018.12.13-11.52.51:778][  0]LogLoad: LoadMap: /Game/Map/Map_GhostPlayGround?Name=Player
[2018.12.13-11.52.52:043][  0]LogAIModule: Creating AISystem for world Map_GhostPlayground
[2018.12.13-11.52.52:047][  0]LogLoad: Game class is 'BP_CuteGhost_Gamemode_C'
[2018.12.13-11.52.52:051][  0]LogWorld: Bringing World /Game/Map/Map_GhostPlayGround.Map_GhostPlayground up for play (max tick rate 0) at 2018.12.13-20.52.52
[2018.12.13-11.52.52:052][  0]LogWorld: Bringing up level for play took: 0.002859
[2018.12.13-11.52.52:058][  0]NetCuteGhost: AGhostTCPServer::InitNetwork(57) : Start Initiate Network System, 192.168.43.170, 12357
[2018.12.13-11.52.52:058][  0]NetCuteGhost: AGhostTCPServer::InitListenerSocket(72)
[2018.12.13-11.52.52:058][  0]NetCuteGhost: AGhostTCPServer::CreateListenerSocket(95)
[2018.12.13-11.52.52:058][  0]NetCuteGhost: AGhostTCPServer::CreateListenerSocket(98) : ReceivedBufferSize is 64
[2018.12.13-11.52.52:058][  0]NetCuteGhost: AGhostTCPServer::CreateListenerSocket(113) : 192.168.43.170:12357
[2018.12.13-11.52.52:059][  0]FTcpSocketBuilder: Failed to create the socket GhostTcpListener as configured
[2018.12.13-11.52.52:059][  0]NetCuteGhost: Warning: AGhostTCPServer::CreateListenerSocket(123)  : Failed To Create Listener Socket
[2018.12.13-11.52.52:059][  0]NetCuteGhost: Warning: CreateListenerSocket cannot create Listener Socket : 192.168.43.170 12357
[2018.12.13-11.52.52:059][  0]NetCuteGhost: Warning: InitListenerSocket returns false
[2018.12.13-11.52.52:061][  0]LogSpawn: Warning: SpawnActor failed because of collision at the spawn location [X=76.600 Y=938.400 Z=92.000] for [BP_CuteGhost_C]
[2018.12.13-11.52.52:062][  0]LogGameMode: Warning: SpawnDefaultPawnAtTransform: Couldn't spawn Pawn of type BP_CuteGhost_C at Rotation: Pitch 0.000000 Yaw -89.999420 Roll 0.000000
Translation: 21.599998 938.399963 92.000000
Scale3D: 1.000000 1.000000 1.000000

[2018.12.13-11.52.52:063][  0]LogSpawn: Warning: SpawnActor failed because of collision at the spawn location [X=938.200 Y=532.800 Z=92.000] for [BP_CuteGhost_C]
[2018.12.13-11.52.52:064][  0]LogGameMode: Warning: SpawnDefaultPawnAtTransform: Couldn't spawn Pawn of type BP_CuteGhost_C at Rotation: Pitch 0.000000 Yaw -169.999649 Roll 0.000000
Translation: 883.199951 532.799988 92.000000
Scale3D: 1.000000 1.000000 1.000000

[2018.12.13-11.52.52:064][  0]LogLoad: Took 0.286306 seconds to LoadMap(/Game/Map/Map_GhostPlayGround)
[2018.12.13-11.52.52:174][  0]LogRenderer: Reallocating scene render targets to support 1280x720 Format 10 NumSamples 1 (Frame:1).
[2018.12.13-11.52.52:174][  0]LogLoad: (Engine Initialization) Total time: 9.81 seconds
[2018.12.13-11.52.52:174][  0]LogLoad: (Engine Initialization) Total Blueprint compile time: 0.00 seconds
[2018.12.13-11.52.52:206][  0]LogContentStreaming: Texture pool size now 1000 MB
[2018.12.13-11.54.41:551][762]LogSlate: Window 'NetCuteGhost (64-bit Development PCD3D_SM5) ' being destroyed
[2018.12.13-11.54.41:559][762]LogWindowsTextInputMethodSystem: Display: IME system now activated using TSF (Microsoft 입력기).
[2018.12.13-11.54.41:575][762]LogSlate: Updating window title bar state: overlay mode, drag disabled, window buttons hidden, title bar hidden
[2018.12.13-11.54.41:575][762]LogEngine: All Windows Closed
[2018.12.13-11.54.41:575][762]LogWindows: FPlatformMisc::RequestExit(0)
[2018.12.13-11.54.41:605][763]NetCuteGhost: AGhostTCPServer::EndPlay(38)
[2018.12.13-11.54.42:098][763]LogExit: Preparing to exit.
[2018.12.13-11.54.42:099][763]LogMoviePlayer: Shutting down movie player
[2018.12.13-11.54.42:317][763]LogSlate: Updating window title bar state: overlay mode, drag disabled, window buttons hidden, title bar hidden
[2018.12.13-11.54.42:333][763]LogExit: Game engine shut down
