Log file open, 12/14/18 09:40:20
LogWindows: Failed to load 'aqProf.dll' (GetLastError=126)
LogWindows: File 'aqProf.dll' does not exist
LogWindows: Failed to load 'VSPerf140.dll' (GetLastError=126)
LogWindows: File 'VSPerf140.dll' does not exist
LogWindows: Failed to load 'VtuneApi.dll' (GetLastError=126)
LogWindows: File 'VtuneApi.dll' does not exist
LogWindows: Failed to load 'VtuneApi32e.dll' (GetLastError=126)
LogWindows: File 'VtuneApi32e.dll' does not exist
LogInit: Display: Running engine for game: NetCuteGhost
LogPlatformFile: Not using cached read wrapper
LogTaskGraph: Started task graph with 5 named threads and 23 total threads with 3 sets of task threads.
LogStats: Stats thread started at 0.824093
LogD3D11RHI: Loaded GFSDK_Aftermath_Lib.x64.dll
LogICUInternationalization: Display: ICU TimeZone Detection - Raw Offset: +9:00, Platform Override: ''
LogPluginManager: Mounting plugin Paper2D
LogPluginManager: Mounting plugin AISupport
LogPluginManager: Mounting plugin LightPropagationVolume
LogPluginManager: Mounting plugin CLionSourceCodeAccess
LogPluginManager: Mounting plugin CodeLiteSourceCodeAccess
LogPluginManager: Mounting plugin GitSourceControl
LogPluginManager: Mounting plugin KDevelopSourceCodeAccess
LogPluginManager: Mounting plugin NullSourceCodeAccess
LogPluginManager: Mounting plugin PerforceSourceControl
LogPluginManager: Mounting plugin SubversionSourceControl
LogPluginManager: Mounting plugin UObjectPlugin
LogPluginManager: Mounting plugin VisualStudioCodeSourceCodeAccess
LogPluginManager: Mounting plugin VisualStudioSourceCodeAccess
LogPluginManager: Mounting plugin XCodeSourceCodeAccess
LogPluginManager: Mounting plugin AssetManagerEditor
LogPluginManager: Mounting plugin CryptoKeys
LogPluginManager: Mounting plugin DataValidation
LogPluginManager: Mounting plugin FacialAnimation
LogPluginManager: Mounting plugin GameplayTagsEditor
LogPluginManager: Mounting plugin MacGraphicsSwitching
LogPluginManager: Mounting plugin MeshEditor
LogPluginManager: Mounting plugin MobileLauncherProfileWizard
LogPluginManager: Mounting plugin PluginBrowser
LogPluginManager: Mounting plugin SpeedTreeImporter
LogPluginManager: Mounting plugin DatasmithContent
LogPluginManager: Mounting plugin AlembicImporter
LogPluginManager: Mounting plugin AppleImageUtils
LogPluginManager: Mounting plugin AppleVision
LogPluginManager: Mounting plugin BackChannel
LogPluginManager: Mounting plugin CharacterAI
LogPluginManager: Mounting plugin GeometryCache
LogPluginManager: Mounting plugin HTML5Networking
LogPluginManager: Mounting plugin ProxyLODPlugin
LogPluginManager: Mounting plugin MagicLeap
LogPluginManager: Mounting plugin MagicLeapEmulator
LogPluginManager: Mounting plugin MagicLeapMedia
LogPluginManager: Mounting plugin AndroidMedia
LogPluginManager: Mounting plugin AvfMedia
LogPluginManager: Mounting plugin ImgMedia
LogPluginManager: Mounting plugin LinearTimecode
LogPluginManager: Mounting plugin MediaCompositing
LogPluginManager: Mounting plugin MediaPlayerEditor
LogPluginManager: Mounting plugin WmfMedia
LogPluginManager: Mounting plugin TcpMessaging
LogPluginManager: Mounting plugin UdpMessaging
LogPluginManager: Mounting plugin ActorSequence
LogPluginManager: Mounting plugin LevelSequenceEditor
LogPluginManager: Mounting plugin MatineeToLevelSequence
LogPluginManager: Mounting plugin NetcodeUnitTest
LogPluginManager: Mounting plugin NUTUnrealEngine4
LogPluginManager: Mounting plugin OnlineSubsystemGooglePlay
LogPluginManager: Mounting plugin OnlineSubsystemIOS
LogPluginManager: Mounting plugin OnlineSubsystem
LogPluginManager: Mounting plugin OnlineSubsystemNull
LogPluginManager: Mounting plugin OnlineSubsystemUtils
LogPluginManager: Mounting plugin LauncherChunkInstaller
LogPluginManager: Mounting plugin AndroidDeviceProfileSelector
LogPluginManager: Mounting plugin AndroidMoviePlayer
LogPluginManager: Mounting plugin AndroidPermission
LogPluginManager: Mounting plugin AppleMoviePlayer
LogPluginManager: Mounting plugin ArchVisCharacter
LogPluginManager: Mounting plugin AudioCapture
LogPluginManager: Mounting plugin CableComponent
LogPluginManager: Mounting plugin CustomMeshComponent
LogPluginManager: Mounting plugin EditableMesh
LogPluginManager: Mounting plugin ExampleDeviceProfileSelector
LogPluginManager: Mounting plugin GoogleCloudMessaging
LogPluginManager: Mounting plugin ImmediatePhysics
LogPluginManager: Mounting plugin IOSDeviceProfileSelector
LogPluginManager: Mounting plugin LinuxDeviceProfileSelector
LogPluginManager: Mounting plugin LocationServicesBPLibrary
LogPluginManager: Mounting plugin MobilePatchingUtils
LogPluginManager: Mounting plugin OculusVR
LogPluginManager: Plugin shader directory ../../../Engine/Plugins/Runtime/Oculus/OculusVR/Shaders found
LogPluginManager: Mapping shader source directory ../../../Engine/Plugins/Runtime/Oculus/OculusVR/Shaders to virtual directory /Plugin/OculusVR
LogPluginManager: Mounting plugin PhysXVehicles
LogPluginManager: Mounting plugin ProceduralMeshComponent
LogPluginManager: Mounting plugin RuntimePhysXCooking
LogPluginManager: Mounting plugin SteamVR
LogPluginManager: Mounting plugin WindowsMoviePlayer
LogStreaming: Display: Took  0.166s to configure plugins.
LogInit: Using libcurl 7.55.1-DEV
LogInit:  - built for x86_64-pc-win32
LogInit:  - supports SSL with OpenSSL/1.0.2h
LogInit:  - supports HTTP deflate (compression) using libz 1.2.8
LogInit:  - other features:
LogInit:      CURL_VERSION_SSL
LogInit:      CURL_VERSION_LIBZ
LogInit:      CURL_VERSION_IPV6
LogInit:      CURL_VERSION_ASYNCHDNS
LogInit:      CURL_VERSION_LARGEFILE
LogInit:      CURL_VERSION_IDN
LogInit:  CurlRequestOptions (configurable via config and command line):
LogInit:  - bVerifyPeer = false  - Libcurl will NOT verify peer certificate
LogInit:  - bUseHttpProxy = false  - Libcurl will NOT use HTTP proxy
LogInit:  - bDontReuseConnections = false  - Libcurl will reuse connections
LogInit:  - CertBundlePath = nullptr  - Libcurl will use whatever was configured at build time.
LogInit:  - MaxHostConnections = 16  - Libcurl will limit the number of connections to a host
LogInit:  - LocalHostAddr = Default
LogInit:  - BufferSize = 65536
LogInit: WinSock: version 1.1 (2.2), MaxSocks=32767, MaxUdp=65467
LogInit: Build: ++UE4+Release-4.20-CL-4369336
LogInit: Engine Version: 4.20.3-4369336+++UE4+Release-4.20
LogInit: Compatible Engine Version: 4.20.0-4212847+++UE4+Release-4.20
LogInit: Net CL: 4212847
LogInit: OS: Windows 10 (), CPU: Intel(R) Core(TM) i7-6700HQ CPU @ 2.60GHz, GPU: Intel(R) HD Graphics 530
LogInit: Compiled (64-bit): Sep 17 2018 12:26:19
LogInit: Compiled with Visual C++: 19.13.26129.00
LogInit: Build Configuration: Development
LogInit: Branch Name: ++UE4+Release-4.20
LogInit: Command Line:  /Game/Map/Map_GhostPlayGround -game -PIEVIACONSOLE -ResX=1280 -ResY=720  -Multiprocess -messaging -SessionName="Play in Standalone Game" -windowed 
LogInit: Base Directory: C:/Program Files (x86)/~Game/Epic Games/UE_4.20/Engine/Binaries/Win64/
LogInit: Installed Engine Build: 1
LogDevObjectVersion: Number of dev versions registered: 20
LogDevObjectVersion:   Dev-Blueprints (B0D832E4-1F89-4F0D-ACCF-7EB736FD4AA2): 10
LogDevObjectVersion:   Dev-Build (E1C64328-A22C-4D53-A36C-8E866417BD8C): 0
LogDevObjectVersion:   Dev-Core (375EC13C-06E4-48FB-B500-84F0262A717E): 2
LogDevObjectVersion:   Dev-Editor (E4B068ED-F494-42E9-A231-DA0B2E46BB41): 24
LogDevObjectVersion:   Dev-Framework (CFFC743F-43B0-4480-9391-14DF171D2073): 34
LogDevObjectVersion:   Dev-Mobile (B02B49B5-BB20-44E9-A304-32B752E40360): 2
LogDevObjectVersion:   Dev-Networking (A4E4105C-59A1-49B5-A7C5-40C4547EDFEE): 0
LogDevObjectVersion:   Dev-Online (39C831C9-5AE6-47DC-9A44-9C173E1C8E7C): 0
LogDevObjectVersion:   Dev-Physics (78F01B33-EBEA-4F98-B9B4-84EACCB95AA2): 0
LogDevObjectVersion:   Dev-Platform (6631380F-2D4D-43E0-8009-CF276956A95A): 0
LogDevObjectVersion:   Dev-Rendering (12F88B9F-8875-4AFC-A67C-D90C383ABD29): 26
LogDevObjectVersion:   Dev-Sequencer (7B5AE74C-D270-4C10-A958-57980B212A5A): 9
LogDevObjectVersion:   Dev-VR (D7296918-1DD6-4BDD-9DE2-64A83CC13884): 2
LogDevObjectVersion:   Dev-LoadTimes (C2A15278-BFE7-4AFE-6C17-90FF531DF755): 1
LogDevObjectVersion:   Private-Geometry (6EACA3D4-40EC-4CC1-B786-8BED09428FC5): 3
LogDevObjectVersion:   Dev-AnimPhys (29E575DD-E0A3-4627-9D10-D276232CDCEA): 17
LogDevObjectVersion:   Dev-ReflectionCapture (6B266CEC-1EC7-4B8F-A30B-E4D90942FC07): 1
LogDevObjectVersion:   Dev-Automation (0DF73D61-A23F-47EA-B727-89E90C41499A): 1
LogDevObjectVersion:   FortniteMain (601D1886-AC64-4F84-AA16-D3DE0DEAC7D6): 12
LogDevObjectVersion:   Dev-Enterprise (9DFFBCD6-494F-0158-E221-12823C92A888): 1
LogStreaming: Display: Took  0.020s to delete old logs.
LogInit: Presizing for max 8388607 objects, including 0 objects not considered by GC, pre-allocating 0 bytes for permanent pool.
LogInit: Object subsystem initialized
[2018.12.14-00.40.21:885][  0]LogInit: Selected Device Profile: [Windows]
[2018.12.14-00.40.21:885][  0]LogInit: Applying CVar settings loaded from the selected device profile: [Windows]
[2018.12.14-00.40.21:913][  0]LogHAL: Display: Platform has ~ 8 GB [8393322496 / 8589934592 / 8], which maps to Default [LargestMinGB=32, LargerMinGB=12, DefaultMinGB=8, SmallerMinGB=6, SmallestMinGB=0)
[2018.12.14-00.40.21:914][  0]LogInit: Setting Device Profile CVar: [[r.Vulkan.UseRealUBs:1]]
[2018.12.14-00.40.21:914][  0]LogInit: Going up to parent DeviceProfile []
[2018.12.14-00.40.21:931][  0]LogInit: Computer: DESKTOP-33J3PSK
[2018.12.14-00.40.21:931][  0]LogInit: User: Utsuho
[2018.12.14-00.40.21:931][  0]LogInit: CPU Page size=4096, Cores=4
[2018.12.14-00.40.21:931][  0]LogInit: High frequency timer resolution =2.531245 MHz
[2018.12.14-00.40.21:932][  0]LogMemory: Memory total: Physical=7.8GB (8GB approx)
[2018.12.14-00.40.21:932][  0]LogMemory: Platform Memory Stats for Windows
[2018.12.14-00.40.21:932][  0]LogMemory: Process Physical Memory: 101.05 MB used, 101.05 MB peak
[2018.12.14-00.40.21:932][  0]LogMemory: Process Virtual Memory: 89.32 MB used, 89.32 MB peak
[2018.12.14-00.40.21:932][  0]LogMemory: Physical Memory: 7493.64 MB used,  510.86 MB free, 8004.50 MB total
[2018.12.14-00.40.21:932][  0]LogMemory: Virtual Memory: 4643.79 MB used,  510.86 MB free, 134217728.00 MB total
[2018.12.14-00.40.22:211][  0]LogInit: Using OS detected language (ko-KR).
[2018.12.14-00.40.22:211][  0]LogInit: Using OS detected locale (ko-KR).
[2018.12.14-00.40.22:214][  0]LogTextLocalizationManager: No specific localization for 'ko-KR' exists, so the 'ko' localization will be used.
[2018.12.14-00.40.23:314][  0]LogStreaming: Display: Took  1.103s to InitEngineTextLocalization.
[2018.12.14-00.40.23:885][  0]LogSlate: New Slate User Created.  User Index 0, Is Virtual User: 0
[2018.12.14-00.40.23:885][  0]LogSlate: Slate User Registered.  User Index 0, Is Virtual User: 0
[2018.12.14-00.40.23:941][  0]LogHMD: Failed to initialize OpenVR with code 110
[2018.12.14-00.40.23:941][  0]LogD3D11RHI: D3D11 adapters:
[2018.12.14-00.40.23:982][  0]LogD3D11RHI:    0. 'Intel(R) HD Graphics 530' (Feature Level 11_0)
[2018.12.14-00.40.23:982][  0]LogD3D11RHI:       128/0/4002 MB DedicatedVideo/DedicatedSystem/SharedSystem, Outputs:1, VendorId:0x8086
[2018.12.14-00.40.24:086][  0]LogD3D11RHI:    1. 'NVIDIA GeForce GTX 960M' (Feature Level 11_0)
[2018.12.14-00.40.24:086][  0]LogD3D11RHI:       1993/0/4002 MB DedicatedVideo/DedicatedSystem/SharedSystem, Outputs:1, VendorId:0x10de
[2018.12.14-00.40.24:106][  0]LogD3D11RHI:    2. 'Microsoft Basic Render Driver' (Feature Level 11_0)
[2018.12.14-00.40.24:106][  0]LogD3D11RHI:       0/0/4002 MB DedicatedVideo/DedicatedSystem/SharedSystem, Outputs:0, VendorId:0x1414
[2018.12.14-00.40.24:106][  0]LogD3D11RHI: Chosen D3D11 Adapter: 1
[2018.12.14-00.40.24:161][  0]LogD3D11RHI: Creating new Direct3DDevice
[2018.12.14-00.40.24:161][  0]LogD3D11RHI:     GPU DeviceId: 0x139b (for the marketing name, search the web for "GPU Device Id")
[2018.12.14-00.40.24:161][  0]LogWindows: EnumDisplayDevices:
[2018.12.14-00.40.24:162][  0]LogWindows:    0. 'Intel(R) HD Graphics 530' (P:1 D:1)
[2018.12.14-00.40.24:165][  0]LogWindows:    1. 'Intel(R) HD Graphics 530' (P:0 D:0)
[2018.12.14-00.40.24:167][  0]LogWindows:    2. 'Intel(R) HD Graphics 530' (P:0 D:0)
[2018.12.14-00.40.24:169][  0]LogWindows:    3. 'NVIDIA GeForce GTX 960M' (P:0 D:1)
[2018.12.14-00.40.24:172][  0]LogWindows:    4. 'NVIDIA GeForce GTX 960M' (P:0 D:0)
[2018.12.14-00.40.24:175][  0]LogWindows:    5. 'NVIDIA GeForce GTX 960M' (P:0 D:0)
[2018.12.14-00.40.24:178][  0]LogWindows:    6. 'NVIDIA GeForce GTX 960M' (P:0 D:0)
[2018.12.14-00.40.24:180][  0]LogWindows:    7. 'Mirage Driver' (P:0 D:0)
[2018.12.14-00.40.24:181][  0]LogWindows: DebugString: PrimaryIsNotTheChoosenAdapter PrimaryIsNotTheChoosenAdapter PrimaryIsNotTheChoosenAdapter GetVideoDriverDetailsInvalid PrimaryIsNotTheChoosenAdapter FoundDriverCount:4 
[2018.12.14-00.40.24:183][  0]LogD3D11RHI:     Adapter Name: NVIDIA GeForce GTX 960M
[2018.12.14-00.40.24:183][  0]LogD3D11RHI:   Driver Version: 353.54 (internal:10.18.13.5354, unified:353.54)
[2018.12.14-00.40.24:183][  0]LogD3D11RHI:      Driver Date: 7-13-2015
[2018.12.14-00.40.24:183][  0]LogRHI: Texture pool is 1395 MB (70% of 1993 MB)
[2018.12.14-00.40.24:243][  0]LogD3D11RHI: NvAPI_D3D_GetCurrentSLIState failed: 0xfffffff7
[2018.12.14-00.40.24:243][  0]LogD3D11RHI: Async texture creation enabled
[2018.12.14-00.40.24:278][  0]LogD3D11RHI: GPU Timing Frequency: 1000.000000 (Debug: 2 1)
[2018.12.14-00.40.24:305][  0]LogShaderCompilers: Guid format shader working directory is -39 characters bigger than the processId version (../../../../../../../Users/Utsuho/Desktop/General/ProjectSpace/CuteGhost/NetCuteGhost/Intermediate/Shaders/WorkingDirectory/67124/).
[2018.12.14-00.40.24:306][  0]LogShaderCompilers: Cleaned the shader compiler working directory 'C:/Users/Utsuho/AppData/Local/Temp/UnrealShaderWorkingDir/1A19FE0D465C67197D6C1AA4B106F334/'.
[2018.12.14-00.40.26:354][  0]LogTemp: Display: Loaded TP WindowsClientTargetPlatform
[2018.12.14-00.40.26:391][  0]LogTemp: Display: Loaded TP WindowsNoEditorTargetPlatform
[2018.12.14-00.40.26:431][  0]LogTemp: Display: Loaded TP WindowsServerTargetPlatform
[2018.12.14-00.40.26:470][  0]LogTemp: Display: Loaded TP WindowsTargetPlatform
[2018.12.14-00.40.26:470][  0]LogTargetPlatformManager: Display: Building Assets For Windows
[2018.12.14-00.40.26:727][  0]LogXGEController: Cannot use XGE Controller as Incredibuild is not installed on this machine.
[2018.12.14-00.40.26:727][  0]LogShaderCompilers: Cannot use XGE Shader Compiler as Incredibuild is not installed on this machine.
[2018.12.14-00.40.26:727][  0]LogShaderCompilers: Display: Using Local Shader Compiler.
[2018.12.14-00.40.32:896][  0]LogDerivedDataCache: Display: Max Cache Size: 512 MB
[2018.12.14-00.40.33:193][  0]LogDerivedDataCache: Loaded boot cache 0.30s 71MB C:/Users/Utsuho/AppData/Local/UnrealEngine/4.20/DerivedDataCache/Boot.ddc.
[2018.12.14-00.40.33:194][  0]LogDerivedDataCache: Display: Loaded Boot cache: C:/Users/Utsuho/AppData/Local/UnrealEngine/4.20/DerivedDataCache/Boot.ddc
[2018.12.14-00.40.33:194][  0]LogDerivedDataCache: FDerivedDataBackendGraph:  Pak pak cache file ../../../../../../../Users/Utsuho/Desktop/General/ProjectSpace/CuteGhost/NetCuteGhost/DerivedDataCache/DDC.ddp not found, will not use a pak cache.
[2018.12.14-00.40.33:194][  0]LogDerivedDataCache: Unable to find inner node Pak for hierarchical cache Hierarchy.
[2018.12.14-00.40.33:195][  0]LogDerivedDataCache: FDerivedDataBackendGraph:  CompressedPak pak cache file ../../../../../../../Users/Utsuho/Desktop/General/ProjectSpace/CuteGhost/NetCuteGhost/DerivedDataCache/Compressed.ddp not found, will not use a pak cache.
[2018.12.14-00.40.33:195][  0]LogDerivedDataCache: Unable to find inner node CompressedPak for hierarchical cache Hierarchy.
[2018.12.14-00.40.33:229][  0]LogDerivedDataCache: Display: Pak cache opened for reading ../../../Engine/DerivedDataCache/Compressed.ddp.
[2018.12.14-00.40.33:243][  0]LogDerivedDataCache: Using Local data cache path C:/Users/Utsuho/AppData/Local/UnrealEngine/Common/DerivedDataCache: Writable
[2018.12.14-00.40.33:243][  0]LogDerivedDataCache: Shared data cache path not found in *engine.ini, will not use an Shared cache.
[2018.12.14-00.40.33:243][  0]LogDerivedDataCache: Unable to find inner node Shared for hierarchical cache Hierarchy.
[2018.12.14-00.40.33:288][  0]LogMaterial: Verifying Global Shaders for PCD3D_SM5
[2018.12.14-00.40.33:294][  0]LogSlate: Using FreeType 2.6.0
[2018.12.14-00.40.33:324][  0]LogSlate: SlateFontServices - WITH_FREETYPE: 1, WITH_HARFBUZZ: 1
[2018.12.14-00.40.33:850][  0]LogInit: Using OS detected language (ko-KR).
[2018.12.14-00.40.33:850][  0]LogInit: Using OS detected locale (ko-KR).
[2018.12.14-00.40.33:850][  0]LogTextLocalizationManager: No localization for 'ko-KR' exists, so 'en' will be used for the language.
[2018.12.14-00.40.33:850][  0]LogTextLocalizationManager: No localization for 'ko-KR' exists, so 'en' will be used for the locale.
[2018.12.14-00.40.34:758][  0]LogStreaming: Display: Took  0.908s to InitGameTextLocalization.
[2018.12.14-00.40.34:780][  0]LogAssetRegistry: FAssetRegistry took 0.0130 seconds to start up
[2018.12.14-00.40.35:480][  0]LogPackageLocalizationCache: Processed 11 localized package path(s) for 1 prioritized culture(s) in 0.035924 seconds
[2018.12.14-00.40.35:867][  0]LogInit: Selected Device Profile: [Windows]
[2018.12.14-00.40.36:340][  0]LogSimplygon: Simplygon DLL not present - disabling.
[2018.12.14-00.40.36:365][  0]LogMeshReduction: Using SimplygonSwarm for distributed automatic mesh merging
[2018.12.14-00.40.36:365][  0]LogMeshReduction: Using ProxyLODMeshReduction for automatic mesh merging
[2018.12.14-00.40.36:365][  0]LogMeshReduction: Using QuadricMeshReduction for automatic static mesh reduction
[2018.12.14-00.40.36:366][  0]LogMeshReduction: No automatic skeletal mesh reduction module available
[2018.12.14-00.40.36:421][  0]LogNetVersion: NetCuteGhost 1.0.0, NetCL: 4212847, EngineNetVer: 5, GameNetVer: 0 (Checksum: 3007799762)
[2018.12.14-00.40.38:133][  0]LogMoviePlayer: Initializing movie player
[2018.12.14-00.40.38:668][  0]LogTcpMessaging: Initializing TcpMessaging bridge
[2018.12.14-00.40.38:687][  0]LogUdpMessaging: Initializing bridge on interface 0.0.0.0:0 to multicast group 230.0.0.1:6666.
[2018.12.14-00.40.38:951][  0]SourceControl: Source control is disabled
[2018.12.14-00.40.38:951][  0]SourceControl: Source control is disabled
[2018.12.14-00.40.38:961][  0]SourceControl: Source control is disabled
[2018.12.14-00.40.39:281][  0]LogAndroidPermission: UAndroidPermissionCallbackProxy::GetInstance
[2018.12.14-00.40.39:858][  0]LogOcInput: OculusInput pre-init called
[2018.12.14-00.40.39:888][  0]LogUObjectArray: 42189 objects as part of root set at end of initial load.
[2018.12.14-00.40.39:888][  0]LogUObjectAllocator: 7441744 out of 0 bytes used by permanent object pool.
[2018.12.14-00.40.39:888][  0]LogUObjectArray: CloseDisregardForGC: 0/0 objects in disregard for GC pool
[2018.12.14-00.40.40:083][  0]LogEngine: Initializing Engine...
[2018.12.14-00.40.40:087][  0]LogHMD: Failed to initialize OpenVR with code 110
[2018.12.14-00.40.40:109][  0]LogStats: UGameplayTagsManager::ConstructGameplayTagTree: ImportINI prefixes -  0.000 s
[2018.12.14-00.40.40:109][  0]LogStats: UGameplayTagsManager::ConstructGameplayTagTree: Construct from data asset -  0.000 s
[2018.12.14-00.40.40:109][  0]LogStats: UGameplayTagsManager::ConstructGameplayTagTree: ImportINI -  0.000 s
[2018.12.14-00.40.40:110][  0]LogStats: UGameplayTagsManager::ConstructGameplayTagTree: GameplayTagTreeChangedEvent.Broadcast -  0.000 s
[2018.12.14-00.40.40:530][  0]LogInit: Initializing FReadOnlyCVARCache
[2018.12.14-00.40.40:722][  0]LogInit: XAudio2 using '스피커(Realtek High Definition Audio)' : 2 channels at 48 kHz using 32 bits per sample (channel mask 0x3)
[2018.12.14-00.40.40:916][  0]LogInit: FAudioDevice initialized.
[2018.12.14-00.40.40:932][  0]LogNetVersion: Set ProjectVersion to 1.0.0.0. Version Checksum will be recalculated on next use.
[2018.12.14-00.40.40:949][  0]LogInit: Texture streaming: Enabled
[2018.12.14-00.40.41:355][  0]LogUObjectGlobals: Warning: Failed to find object 'Class /Script/NetCuteGhost.NetCuteGhostGameInstance'
[2018.12.14-00.40.41:355][  0]LogEngine: Error: Unable to load GameInstance Class '/Script/NetCuteGhost.NetCuteGhostGameInstance'. Falling back to generic UGameInstance.
[2018.12.14-00.40.41:375][  0]LogSlate: Updating window title bar state: overlay mode, drag disabled, window buttons hidden, title bar hidden
[2018.12.14-00.40.41:375][  0]LogInit: Display: Game Engine Initialized.
[2018.12.14-00.40.41:376][  0]LogGameplayTags: Display: UGameplayTagsManager::DoneAddingNativeTags. DelegateIsBound: 0
[2018.12.14-00.40.41:377][  0]LogStats: UGameplayTagsManager::ConstructGameplayTagTree: ImportINI prefixes -  0.000 s
[2018.12.14-00.40.41:377][  0]LogStats: UGameplayTagsManager::ConstructGameplayTagTree: Construct from data asset -  0.000 s
[2018.12.14-00.40.41:377][  0]LogStats: UGameplayTagsManager::ConstructGameplayTagTree: ImportINI -  0.000 s
[2018.12.14-00.40.41:377][  0]LogStats: UGameplayTagsManager::ConstructGameplayTagTree: GameplayTagTreeChangedEvent.Broadcast -  0.000 s
[2018.12.14-00.40.41:450][  0]LogInit: Display: Starting Game.
[2018.12.14-00.40.41:450][  0]LogNet: Browse: /Game/Map/Map_GhostPlayGround?Name=Player
[2018.12.14-00.40.41:451][  0]LogLoad: LoadMap: /Game/Map/Map_GhostPlayGround?Name=Player
[2018.12.14-00.40.42:604][  0]LogAIModule: Creating AISystem for world Map_GhostPlayground
[2018.12.14-00.40.42:615][  0]LogLoad: Game class is 'BP_CuteGhost_Gamemode_C'
[2018.12.14-00.40.42:626][  0]LogWorld: Bringing World /Game/Map/Map_GhostPlayGround.Map_GhostPlayground up for play (max tick rate 0) at 2018.12.14-09.40.42
[2018.12.14-00.40.42:627][  0]LogWorld: Bringing up level for play took: 0.010258
[2018.12.14-00.40.42:653][  0]LogSpawn: Warning: SpawnActor failed because of collision at the spawn location [X=-752.400 Y=-715.200 Z=92.000] for [BP_CuteGhost_C]
[2018.12.14-00.40.42:653][  0]LogGameMode: Warning: SpawnDefaultPawnAtTransform: Couldn't spawn Pawn of type BP_CuteGhost_C at Rotation: Pitch 0.000000 Yaw 40.000767 Roll 0.000000
Translation: -782.399963 -715.199951 92.000000
Scale3D: 1.000000 1.000000 1.000000

[2018.12.14-00.40.42:654][  0]LogLoad: Took 1.203620 seconds to LoadMap(/Game/Map/Map_GhostPlayGround)
[2018.12.14-00.40.42:900][  0]LogRenderer: Reallocating scene render targets to support 1280x720 Format 10 NumSamples 1 (Frame:1).
[2018.12.14-00.40.42:901][  0]LogLoad: (Engine Initialization) Total time: 30.96 seconds
[2018.12.14-00.40.42:901][  0]LogLoad: (Engine Initialization) Total Blueprint compile time: 0.00 seconds
[2018.12.14-00.40.42:946][  0]LogContentStreaming: Texture pool size now 1000 MB
[2018.12.14-00.40.44:444][  5]LogSlate: Took 0.034594 seconds to synchronously load lazily loaded font '../../../Engine/Content/Slate/Fonts/Roboto-Regular.ttf' (155K)
[2018.12.14-00.41.17:395][658]LogSlate: FSceneViewport::OnFocusLost() reason 0
[2018.12.14-00.41.23:528][ 37]LogBlueprintUserMessages: [Widget_ServerUI_C_0] remove
[2018.12.14-00.42.26:960][864]LogSlate: Window 'NetCuteGhost (64-bit Development PCD3D_SM5) ' being destroyed
[2018.12.14-00.42.26:972][864]LogWindowsTextInputMethodSystem: Display: IME system now activated using TSF (Microsoft 입력기).
[2018.12.14-00.42.26:992][864]LogSlate: Updating window title bar state: overlay mode, drag disabled, window buttons hidden, title bar hidden
[2018.12.14-00.42.26:992][864]LogEngine: All Windows Closed
[2018.12.14-00.42.26:993][864]LogWindows: FPlatformMisc::RequestExit(0)
[2018.12.14-00.42.27:173][865]LogExit: Preparing to exit.
[2018.12.14-00.42.27:173][865]LogMoviePlayer: Shutting down movie player
[2018.12.14-00.42.27:838][865]LogSlate: Updating window title bar state: overlay mode, drag disabled, window buttons hidden, title bar hidden
[2018.12.14-00.42.27:862][865]LogExit: Game engine shut down
[2018.12.14-00.42.28:313][865]LogExit: Object subsystem successfully closed.
[2018.12.14-00.42.28:343][865]LogShaderCompilers: Display: Shaders left to compile 0
[2018.12.14-00.42.28:349][865]LogD3D11RHI: Shutdown
[2018.12.14-00.42.28:349][865]LogD3D11RHI: CleanupD3DDevice
[2018.12.14-00.42.28:352][865]LogD3D11RHI: ~FD3D11DynamicRHI
[2018.12.14-00.42.28:417][865]LogModuleManager: Shutting down and abandoning module SequenceRecorderSections (378)
[2018.12.14-00.42.28:417][865]LogModuleManager: Shutting down and abandoning module SequenceRecorder (376)
[2018.12.14-00.42.28:417][865]LogModuleManager: Shutting down and abandoning module AutomationController (374)
[2018.12.14-00.42.28:418][865]LogModuleManager: Shutting down and abandoning module AutomationWorker (372)
[2018.12.14-00.42.28:419][865]LogModuleManager: Shutting down and abandoning module Voice (370)
[2018.12.14-00.42.28:419][865]LogModuleManager: Shutting down and abandoning module AIModule (368)
[2018.12.14-00.42.28:420][865]LogModuleManager: Shutting down and abandoning module GameplayDebugger (367)
[2018.12.14-00.42.28:421][865]LogModuleManager: Shutting down and abandoning module AITestSuite (365)
[2018.12.14-00.42.28:421][865]LogModuleManager: Shutting down and abandoning module NavigationSystem (363)
[2018.12.14-00.42.28:421][865]LogModuleManager: Shutting down and abandoning module WmfMediaFactory (360)
[2018.12.14-00.42.28:421][865]LogModuleManager: Shutting down and abandoning module OpenExrWrapper (358)
[2018.12.14-00.42.28:421][865]LogModuleManager: Shutting down and abandoning module ImgMediaFactory (356)
[2018.12.14-00.42.28:421][865]LogModuleManager: Shutting down and abandoning module AvfMediaFactory (354)
[2018.12.14-00.42.28:421][865]LogModuleManager: Shutting down and abandoning module MagicLeapCameraPreviewFactory (352)
[2018.12.14-00.42.28:421][865]LogModuleManager: Shutting down and abandoning module MagicLeapMediaFactory (350)
[2018.12.14-00.42.28:421][865]LogModuleManager: Shutting down and abandoning module CharacterAI (348)
[2018.12.14-00.42.28:421][865]LogModuleManager: Shutting down and abandoning module SessionServices (346)
[2018.12.14-00.42.28:421][865]LogModuleManager: Shutting down and abandoning module MovieSceneCapture (344)
[2018.12.14-00.42.28:421][865]LogModuleManager: Shutting down and abandoning module MovieSceneTracks (342)
[2018.12.14-00.42.28:422][865]LogModuleManager: Shutting down and abandoning module MovieScene (340)
[2018.12.14-00.42.28:422][865]LogModuleManager: Shutting down and abandoning module StreamingPauseRendering (338)
[2018.12.14-00.42.28:422][865]LogModuleManager: Shutting down and abandoning module PortalServices (336)
[2018.12.14-00.42.28:422][865]LogModuleManager: Shutting down and abandoning module PortalRpc (334)
[2018.12.14-00.42.28:422][865]LogModuleManager: Shutting down and abandoning module MessagingRpc (332)
[2018.12.14-00.42.28:422][865]LogModuleManager: Shutting down and abandoning module ProfilerService (330)
[2018.12.14-00.42.28:445][865]LogModuleManager: Shutting down and abandoning module TaskGraph (328)
[2018.12.14-00.42.28:446][865]LogModuleManager: Shutting down and abandoning module SteamVRController (326)
[2018.12.14-00.42.28:446][865]LogModuleManager: Shutting down and abandoning module ProceduralMeshComponent (324)
[2018.12.14-00.42.28:447][865]LogModuleManager: Shutting down and abandoning module OculusInput (322)
[2018.12.14-00.42.28:447][865]LogModuleManager: Shutting down and abandoning module MobilePatchingUtils (320)
[2018.12.14-00.42.28:447][865]LogModuleManager: Shutting down and abandoning module EditableMesh (318)
[2018.12.14-00.42.28:447][865]LogModuleManager: Shutting down and abandoning module CustomMeshComponent (316)
[2018.12.14-00.42.28:447][865]LogModuleManager: Shutting down and abandoning module CableComponent (314)
[2018.12.14-00.42.28:447][865]LogModuleManager: Shutting down and abandoning module AudioCapture (312)
[2018.12.14-00.42.28:447][865]LogModuleManager: Shutting down and abandoning module ArchVisCharacter (310)
[2018.12.14-00.42.28:447][865]LogModuleManager: Shutting down and abandoning module AndroidPermission (308)
[2018.12.14-00.42.28:447][865]LogModuleManager: Shutting down and abandoning module NUTUnrealEngine4 (306)
[2018.12.14-00.42.28:447][865]LogModuleManager: Shutting down and abandoning module NetcodeUnitTest (304)
[2018.12.14-00.42.28:449][865]LogModuleManager: Shutting down and abandoning module MediaCompositing (302)
[2018.12.14-00.42.28:449][865]LogModuleManager: Shutting down and abandoning module LinearTimecode (300)
[2018.12.14-00.42.28:449][865]LogModuleManager: Shutting down and abandoning module ImgMedia (298)
[2018.12.14-00.42.28:454][865]LogModuleManager: Shutting down and abandoning module HTML5Networking (296)
[2018.12.14-00.42.28:454][865]LogModuleManager: Shutting down and abandoning module GeometryCacheTracks (294)
[2018.12.14-00.42.28:454][865]LogModuleManager: Shutting down and abandoning module GeometryCacheSequencer (293)
[2018.12.14-00.42.28:454][865]LogModuleManager: Shutting down and abandoning module GeometryCache (290)
[2018.12.14-00.42.28:454][865]LogModuleManager: Shutting down and abandoning module GeometryCacheEd (289)
[2018.12.14-00.42.28:454][865]LogModuleManager: Shutting down and abandoning module BackChannel (286)
[2018.12.14-00.42.28:455][865]LogModuleManager: Shutting down and abandoning module AppleVision (284)
[2018.12.14-00.42.28:455][865]LogModuleManager: Shutting down and abandoning module AppleImageUtils (282)
[2018.12.14-00.42.28:455][865]LogModuleManager: Shutting down and abandoning module DatasmithContent (280)
[2018.12.14-00.42.28:456][865]LogModuleManager: Shutting down and abandoning module CryptoKeysOpenSSL (278)
[2018.12.14-00.42.28:456][865]LogModuleManager: Shutting down and abandoning module CryptoKeys (276)
[2018.12.14-00.42.28:456][865]LogModuleManager: Shutting down and abandoning module VisualStudioSourceCodeAccess (274)
[2018.12.14-00.42.28:456][865]LogModuleManager: Shutting down and abandoning module HotReload (273)
[2018.12.14-00.42.28:458][865]LogModuleManager: Shutting down and abandoning module DirectoryWatcher (272)
[2018.12.14-00.42.28:458][865]LogModuleManager: Shutting down and abandoning module VisualStudioCodeSourceCodeAccess (268)
[2018.12.14-00.42.28:458][865]LogModuleManager: Shutting down and abandoning module UObjectPlugin (266)
[2018.12.14-00.42.28:458][865]LogModuleManager: Shutting down and abandoning module SubversionSourceControl (264)
[2018.12.14-00.42.28:459][865]LogModuleManager: Shutting down and abandoning module PerforceSourceControl (262)
[2018.12.14-00.42.28:460][865]LogModuleManager: Shutting down and abandoning module SourceControl (261)
[2018.12.14-00.42.28:460][865]LogModuleManager: Shutting down and abandoning module CLionSourceCodeAccess (258)
[2018.12.14-00.42.28:460][865]LogModuleManager: Shutting down and abandoning module NetCuteGhost (256)
[2018.12.14-00.42.28:460][865]LogModuleManager: Shutting down and abandoning module RuntimePhysXCooking (254)
[2018.12.14-00.42.28:460][865]LogModuleManager: Shutting down and abandoning module PhysXVehiclesEditor (252)
[2018.12.14-00.42.28:460][865]LogModuleManager: Shutting down and abandoning module PhysXVehicles (250)
[2018.12.14-00.42.28:460][865]LogModuleManager: Shutting down and abandoning module LocationServicesBPLibrary (248)
[2018.12.14-00.42.28:460][865]LogModuleManager: Shutting down and abandoning module ImmediatePhysicsEditor (246)
[2018.12.14-00.42.28:460][865]LogModuleManager: Shutting down and abandoning module ImmediatePhysics (244)
[2018.12.14-00.42.28:461][865]LogModuleManager: Shutting down and abandoning module ActorSequence (242)
[2018.12.14-00.42.28:461][865]LogModuleManager: Shutting down and abandoning module UdpMessaging (240)
[2018.12.14-00.42.28:562][865]LogModuleManager: Shutting down and abandoning module TcpMessaging (238)
[2018.12.14-00.42.28:732][865]LogModuleManager: Shutting down and abandoning module MagicLeapAudio (236)
[2018.12.14-00.42.28:732][865]LogModuleManager: Shutting down and abandoning module GameplayTagsEditor (234)
[2018.12.14-00.42.28:734][865]LogModuleManager: Shutting down and abandoning module FacialAnimation (232)
[2018.12.14-00.42.28:734][865]LogModuleManager: Shutting down and abandoning module DataValidation (230)
[2018.12.14-00.42.28:734][865]LogModuleManager: Shutting down and abandoning module AssetManagerEditor (228)
[2018.12.14-00.42.28:735][865]LogModuleManager: Shutting down and abandoning module TreeMap (227)
[2018.12.14-00.42.28:735][865]LogModuleManager: Shutting down and abandoning module LightPropagationVolumeRuntime (224)
[2018.12.14-00.42.28:735][865]LogModuleManager: Shutting down and abandoning module AISupportModule (222)
[2018.12.14-00.42.28:735][865]LogModuleManager: Shutting down and abandoning module Paper2D (220)
[2018.12.14-00.42.28:735][865]LogModuleManager: Shutting down and abandoning module PIEPreviewDeviceProfileSelector (218)
[2018.12.14-00.42.28:735][865]LogModuleManager: Shutting down and abandoning module WindowsMoviePlayer (216)
[2018.12.14-00.42.28:736][865]LogModuleManager: Shutting down and abandoning module WmfMedia (214)
[2018.12.14-00.42.28:738][865]LogModuleManager: Shutting down and abandoning module Media (213)
[2018.12.14-00.42.28:745][865]LogModuleManager: Shutting down and abandoning module PacketHandler (210)
[2018.12.14-00.42.28:745][865]LogModuleManager: Shutting down and abandoning module ClothingSystemEditor (208)
[2018.12.14-00.42.28:745][865]LogModuleManager: Shutting down and abandoning module ClothingSystemRuntime (206)
[2018.12.14-00.42.28:745][865]LogModuleManager: Shutting down and abandoning module MediaAssets (204)
[2018.12.14-00.42.28:745][865]LogModuleManager: Shutting down and abandoning module Overlay (202)
[2018.12.14-00.42.28:745][865]LogModuleManager: Shutting down and abandoning module OverlayEditor (201)
[2018.12.14-00.42.28:745][865]LogModuleManager: Shutting down and abandoning module VREditor (198)
[2018.12.14-00.42.28:746][865]LogModuleManager: Shutting down and abandoning module StringTableEditor (196)
[2018.12.14-00.42.28:746][865]LogModuleManager: Shutting down and abandoning module GameplayTasksEditor (194)
[2018.12.14-00.42.28:746][865]LogModuleManager: Shutting down and abandoning module BehaviorTreeEditor (192)
[2018.12.14-00.42.28:747][865]LogModuleManager: Shutting down and abandoning module FunctionalTesting (190)
[2018.12.14-00.42.28:748][865]LogModuleManager: Shutting down and abandoning module CollisionAnalyzer (188)
[2018.12.14-00.42.28:749][865]LogModuleManager: Shutting down and abandoning module WorkspaceMenuStructure (187)
[2018.12.14-00.42.28:749][865]LogModuleManager: Shutting down and abandoning module UMG (184)
[2018.12.14-00.42.28:749][865]LogModuleManager: Shutting down and abandoning module UMGEditor (183)
[2018.12.14-00.42.28:750][865]LogModuleManager: Shutting down and abandoning module Sequencer (182)
[2018.12.14-00.42.28:752][865]LogModuleManager: Shutting down and abandoning module MessageLog (179)
[2018.12.14-00.42.28:753][865]LogModuleManager: Shutting down and abandoning module SlateReflector (174)
[2018.12.14-00.42.28:754][865]LogModuleManager: Shutting down and abandoning module Slate (172)
[2018.12.14-00.42.28:754][865]LogModuleManager: Shutting down and abandoning module EditorStyle (170)
[2018.12.14-00.42.28:759][865]LogModuleManager: Shutting down and abandoning module MRMesh (168)
[2018.12.14-00.42.28:759][865]LogModuleManager: Shutting down and abandoning module Messaging (166)
[2018.12.14-00.42.28:759][865]LogModuleManager: Shutting down and abandoning module SourceCodeAccess (164)
[2018.12.14-00.42.28:759][865]LogModuleManager: Shutting down and abandoning module HeadMountedDisplay (162)
[2018.12.14-00.42.28:759][865]LogModuleManager: Shutting down and abandoning module XAudio2 (160)
[2018.12.14-00.42.28:759][865]LogModuleManager: Shutting down and abandoning module Networking (158)
[2018.12.14-00.42.28:759][865]LogModuleManager: Shutting down and abandoning module Core (156)
[2018.12.14-00.42.28:759][865]LogModuleManager: Shutting down and abandoning module LevelSequence (154)
[2018.12.14-00.42.28:759][865]LogModuleManager: Shutting down and abandoning module KismetCompiler (152)
[2018.12.14-00.42.28:759][865]LogModuleManager: Shutting down and abandoning module MeshUtilities (150)
[2018.12.14-00.42.28:760][865]LogModuleManager: Shutting down and abandoning module MeshMergeUtilities (149)
[2018.12.14-00.42.28:761][865]LogModuleManager: Shutting down and abandoning module MeshReductionInterface (148)
[2018.12.14-00.42.28:761][865]LogModuleManager: Shutting down and abandoning module SimplygonSwarm (147)
[2018.12.14-00.42.28:761][865]LogModuleManager: Shutting down and abandoning module ProxyLODMeshReduction (145)
[2018.12.14-00.42.28:762][865]LogModuleManager: Shutting down and abandoning module SimplygonMeshReduction (143)
[2018.12.14-00.42.28:762][865]LogModuleManager: Shutting down and abandoning module QuadricMeshReduction (141)
[2018.12.14-00.42.28:762][865]LogModuleManager: Shutting down and abandoning module MaterialBaking (137)
[2018.12.14-00.42.28:763][865]LogModuleManager: Shutting down and abandoning module DerivedDataCache (132)
