Log file open, 12/13/18 11:23:21
LogWindows: Failed to load 'aqProf.dll' (GetLastError=126)
LogWindows: File 'aqProf.dll' does not exist
LogWindows: Failed to load 'VSPerf140.dll' (GetLastError=126)
LogWindows: File 'VSPerf140.dll' does not exist
LogWindows: Failed to load 'VtuneApi.dll' (GetLastError=126)
LogWindows: File 'VtuneApi.dll' does not exist
LogWindows: Failed to load 'VtuneApi32e.dll' (GetLastError=126)
LogWindows: File 'VtuneApi32e.dll' does not exist
LogInit: Display: Running engine for game: NetCuteGhost
LogPlatformFile: Not using cached read wrapper
LogTaskGraph: Started task graph with 5 named threads and 23 total threads with 3 sets of task threads.
LogStats: Stats thread started at 0.361220
LogD3D11RHI: Loaded GFSDK_Aftermath_Lib.x64.dll
LogICUInternationalization: Display: ICU TimeZone Detection - Raw Offset: +9:00, Platform Override: ''
LogPluginManager: Mounting plugin Paper2D
LogPluginManager: Mounting plugin AISupport
LogPluginManager: Mounting plugin LightPropagationVolume
LogPluginManager: Mounting plugin CLionSourceCodeAccess
LogPluginManager: Mounting plugin CodeLiteSourceCodeAccess
LogPluginManager: Mounting plugin GitSourceControl
LogPluginManager: Mounting plugin KDevelopSourceCodeAccess
LogPluginManager: Mounting plugin NullSourceCodeAccess
LogPluginManager: Mounting plugin PerforceSourceControl
LogPluginManager: Mounting plugin SubversionSourceControl
LogPluginManager: Mounting plugin UObjectPlugin
LogPluginManager: Mounting plugin VisualStudioCodeSourceCodeAccess
LogPluginManager: Mounting plugin VisualStudioSourceCodeAccess
LogPluginManager: Mounting plugin XCodeSourceCodeAccess
LogPluginManager: Mounting plugin AssetManagerEditor
LogPluginManager: Mounting plugin CryptoKeys
LogPluginManager: Mounting plugin DataValidation
LogPluginManager: Mounting plugin FacialAnimation
LogPluginManager: Mounting plugin GameplayTagsEditor
LogPluginManager: Mounting plugin MacGraphicsSwitching
LogPluginManager: Mounting plugin MeshEditor
LogPluginManager: Mounting plugin MobileLauncherProfileWizard
LogPluginManager: Mounting plugin PluginBrowser
LogPluginManager: Mounting plugin SpeedTreeImporter
LogPluginManager: Mounting plugin DatasmithContent
LogPluginManager: Mounting plugin AlembicImporter
LogPluginManager: Mounting plugin AppleImageUtils
LogPluginManager: Mounting plugin AppleVision
LogPluginManager: Mounting plugin BackChannel
LogPluginManager: Mounting plugin CharacterAI
LogPluginManager: Mounting plugin GeometryCache
LogPluginManager: Mounting plugin HTML5Networking
LogPluginManager: Mounting plugin ProxyLODPlugin
LogPluginManager: Mounting plugin MagicLeap
LogPluginManager: Mounting plugin MagicLeapEmulator
LogPluginManager: Mounting plugin MagicLeapMedia
LogPluginManager: Mounting plugin AndroidMedia
LogPluginManager: Mounting plugin AvfMedia
LogPluginManager: Mounting plugin ImgMedia
LogPluginManager: Mounting plugin LinearTimecode
LogPluginManager: Mounting plugin MediaCompositing
LogPluginManager: Mounting plugin MediaPlayerEditor
LogPluginManager: Mounting plugin WmfMedia
LogPluginManager: Mounting plugin TcpMessaging
LogPluginManager: Mounting plugin UdpMessaging
LogPluginManager: Mounting plugin ActorSequence
LogPluginManager: Mounting plugin LevelSequenceEditor
LogPluginManager: Mounting plugin MatineeToLevelSequence
LogPluginManager: Mounting plugin NetcodeUnitTest
LogPluginManager: Mounting plugin NUTUnrealEngine4
LogPluginManager: Mounting plugin OnlineSubsystemGooglePlay
LogPluginManager: Mounting plugin OnlineSubsystemIOS
LogPluginManager: Mounting plugin OnlineSubsystem
LogPluginManager: Mounting plugin OnlineSubsystemNull
LogPluginManager: Mounting plugin OnlineSubsystemUtils
LogPluginManager: Mounting plugin LauncherChunkInstaller
LogPluginManager: Mounting plugin AndroidDeviceProfileSelector
LogPluginManager: Mounting plugin AndroidMoviePlayer
LogPluginManager: Mounting plugin AndroidPermission
LogPluginManager: Mounting plugin AppleMoviePlayer
LogPluginManager: Mounting plugin ArchVisCharacter
LogPluginManager: Mounting plugin AudioCapture
LogPluginManager: Mounting plugin CableComponent
LogPluginManager: Mounting plugin CustomMeshComponent
LogPluginManager: Mounting plugin EditableMesh
LogPluginManager: Mounting plugin ExampleDeviceProfileSelector
LogPluginManager: Mounting plugin GoogleCloudMessaging
LogPluginManager: Mounting plugin ImmediatePhysics
LogPluginManager: Mounting plugin IOSDeviceProfileSelector
LogPluginManager: Mounting plugin LinuxDeviceProfileSelector
LogPluginManager: Mounting plugin LocationServicesBPLibrary
LogPluginManager: Mounting plugin MobilePatchingUtils
LogPluginManager: Mounting plugin OculusVR
LogPluginManager: Plugin shader directory ../../../Engine/Plugins/Runtime/Oculus/OculusVR/Shaders found
LogPluginManager: Mapping shader source directory ../../../Engine/Plugins/Runtime/Oculus/OculusVR/Shaders to virtual directory /Plugin/OculusVR
LogPluginManager: Mounting plugin PhysXVehicles
LogPluginManager: Mounting plugin ProceduralMeshComponent
LogPluginManager: Mounting plugin RuntimePhysXCooking
LogPluginManager: Mounting plugin SteamVR
LogPluginManager: Mounting plugin WindowsMoviePlayer
LogStreaming: Display: Took  0.204s to configure plugins.
LogInit: Using libcurl 7.55.1-DEV
LogInit:  - built for x86_64-pc-win32
LogInit:  - supports SSL with OpenSSL/1.0.2h
LogInit:  - supports HTTP deflate (compression) using libz 1.2.8
LogInit:  - other features:
LogInit:      CURL_VERSION_SSL
LogInit:      CURL_VERSION_LIBZ
LogInit:      CURL_VERSION_IPV6
LogInit:      CURL_VERSION_ASYNCHDNS
LogInit:      CURL_VERSION_LARGEFILE
LogInit:      CURL_VERSION_IDN
LogInit:  CurlRequestOptions (configurable via config and command line):
LogInit:  - bVerifyPeer = false  - Libcurl will NOT verify peer certificate
LogInit:  - bUseHttpProxy = false  - Libcurl will NOT use HTTP proxy
LogInit:  - bDontReuseConnections = false  - Libcurl will reuse connections
LogInit:  - CertBundlePath = nullptr  - Libcurl will use whatever was configured at build time.
LogInit:  - MaxHostConnections = 16  - Libcurl will limit the number of connections to a host
LogInit:  - LocalHostAddr = Default
LogInit:  - BufferSize = 65536
LogInit: WinSock: version 1.1 (2.2), MaxSocks=32767, MaxUdp=65467
LogInit: Build: ++UE4+Release-4.20-CL-4369336
LogInit: Engine Version: 4.20.3-4369336+++UE4+Release-4.20
LogInit: Compatible Engine Version: 4.20.0-4212847+++UE4+Release-4.20
LogInit: Net CL: 4212847
LogInit: OS: Windows 10 (), CPU: Intel(R) Core(TM) i7-6700HQ CPU @ 2.60GHz, GPU: Intel(R) HD Graphics 530
LogInit: Compiled (64-bit): Sep 17 2018 12:26:19
LogInit: Compiled with Visual C++: 19.13.26129.00
LogInit: Build Configuration: Development
LogInit: Branch Name: ++UE4+Release-4.20
LogInit: Command Line: -EpicPortal  -epicusername="Minusi" -epicuserid=f20972f491e24565a030c6afa01aa409 -epiclocale=ko-KR
LogInit: Base Directory: C:/Program Files (x86)/~Game/Epic Games/UE_4.20/Engine/Binaries/Win64/
LogInit: Installed Engine Build: 1
LogDevObjectVersion: Number of dev versions registered: 20
LogDevObjectVersion:   Dev-Blueprints (B0D832E4-1F89-4F0D-ACCF-7EB736FD4AA2): 10
LogDevObjectVersion:   Dev-Build (E1C64328-A22C-4D53-A36C-8E866417BD8C): 0
LogDevObjectVersion:   Dev-Core (375EC13C-06E4-48FB-B500-84F0262A717E): 2
LogDevObjectVersion:   Dev-Editor (E4B068ED-F494-42E9-A231-DA0B2E46BB41): 24
LogDevObjectVersion:   Dev-Framework (CFFC743F-43B0-4480-9391-14DF171D2073): 34
LogDevObjectVersion:   Dev-Mobile (B02B49B5-BB20-44E9-A304-32B752E40360): 2
LogDevObjectVersion:   Dev-Networking (A4E4105C-59A1-49B5-A7C5-40C4547EDFEE): 0
LogDevObjectVersion:   Dev-Online (39C831C9-5AE6-47DC-9A44-9C173E1C8E7C): 0
LogDevObjectVersion:   Dev-Physics (78F01B33-EBEA-4F98-B9B4-84EACCB95AA2): 0
LogDevObjectVersion:   Dev-Platform (6631380F-2D4D-43E0-8009-CF276956A95A): 0
LogDevObjectVersion:   Dev-Rendering (12F88B9F-8875-4AFC-A67C-D90C383ABD29): 26
LogDevObjectVersion:   Dev-Sequencer (7B5AE74C-D270-4C10-A958-57980B212A5A): 9
LogDevObjectVersion:   Dev-VR (D7296918-1DD6-4BDD-9DE2-64A83CC13884): 2
LogDevObjectVersion:   Dev-LoadTimes (C2A15278-BFE7-4AFE-6C17-90FF531DF755): 1
LogDevObjectVersion:   Private-Geometry (6EACA3D4-40EC-4CC1-B786-8BED09428FC5): 3
LogDevObjectVersion:   Dev-AnimPhys (29E575DD-E0A3-4627-9D10-D276232CDCEA): 17
LogDevObjectVersion:   Dev-ReflectionCapture (6B266CEC-1EC7-4B8F-A30B-E4D90942FC07): 1
LogDevObjectVersion:   Dev-Automation (0DF73D61-A23F-47EA-B727-89E90C41499A): 1
LogDevObjectVersion:   FortniteMain (601D1886-AC64-4F84-AA16-D3DE0DEAC7D6): 12
LogDevObjectVersion:   Dev-Enterprise (9DFFBCD6-494F-0158-E221-12823C92A888): 1
LogStreaming: Display: Took  0.010s to delete old logs.
LogInit: Presizing for max 8388607 objects, including 0 objects not considered by GC, pre-allocating 0 bytes for permanent pool.
LogInit: Object subsystem initialized
[2018.12.13-02.23.22:043][  0]LogInit: Selected Device Profile: [Windows]
[2018.12.13-02.23.22:043][  0]LogInit: Applying CVar settings loaded from the selected device profile: [Windows]
[2018.12.13-02.23.22:070][  0]LogHAL: Display: Platform has ~ 8 GB [8393322496 / 8589934592 / 8], which maps to Default [LargestMinGB=32, LargerMinGB=12, DefaultMinGB=8, SmallerMinGB=6, SmallestMinGB=0)
[2018.12.13-02.23.22:070][  0]LogInit: Setting Device Profile CVar: [[r.Vulkan.UseRealUBs:1]]
[2018.12.13-02.23.22:070][  0]LogInit: Going up to parent DeviceProfile []
[2018.12.13-02.23.22:070][  0]LogInit: Computer: DESKTOP-33J3PSK
[2018.12.13-02.23.22:070][  0]LogInit: User: Utsuho
[2018.12.13-02.23.22:070][  0]LogInit: CPU Page size=4096, Cores=4
[2018.12.13-02.23.22:070][  0]LogInit: High frequency timer resolution =2.531245 MHz
[2018.12.13-02.23.22:071][  0]LogMemory: Memory total: Physical=7.8GB (8GB approx)
[2018.12.13-02.23.22:071][  0]LogMemory: Platform Memory Stats for Windows
[2018.12.13-02.23.22:071][  0]LogMemory: Process Physical Memory: 100.80 MB used, 100.80 MB peak
[2018.12.13-02.23.22:071][  0]LogMemory: Process Virtual Memory: 89.39 MB used, 89.39 MB peak
[2018.12.13-02.23.22:071][  0]LogMemory: Physical Memory: 6723.58 MB used,  1280.92 MB free, 8004.50 MB total
[2018.12.13-02.23.22:071][  0]LogMemory: Virtual Memory: 4643.79 MB used,  1280.92 MB free, 134217728.00 MB total
[2018.12.13-02.23.22:128][  0]LogInit: Using OS detected language (ko-KR).
[2018.12.13-02.23.22:128][  0]LogInit: Using OS detected locale (ko-KR).
[2018.12.13-02.23.22:129][  0]LogTextLocalizationManager: No specific localization for 'ko-KR' exists, so the 'ko' localization will be used.
[2018.12.13-02.23.22:643][  0]LogStreaming: Display: Took  0.514s to InitEngineTextLocalization.
[2018.12.13-02.23.22:643][  0]LogInit: Setting process to per monitor DPI aware
[2018.12.13-02.23.22:714][  0]LogSlate: New Slate User Created.  User Index 0, Is Virtual User: 0
[2018.12.13-02.23.22:714][  0]LogSlate: Slate User Registered.  User Index 0, Is Virtual User: 0
[2018.12.13-02.23.23:107][  0]LogHMD: Failed to initialize OpenVR with code 110
[2018.12.13-02.23.23:107][  0]LogD3D11RHI: D3D11 adapters:
[2018.12.13-02.23.23:125][  0]LogD3D11RHI:    0. 'Intel(R) HD Graphics 530' (Feature Level 11_0)
[2018.12.13-02.23.23:125][  0]LogD3D11RHI:       128/0/4002 MB DedicatedVideo/DedicatedSystem/SharedSystem, Outputs:1, VendorId:0x8086
[2018.12.13-02.23.23:160][  0]LogD3D11RHI:    1. 'NVIDIA GeForce GTX 960M' (Feature Level 11_0)
[2018.12.13-02.23.23:160][  0]LogD3D11RHI:       1993/0/4002 MB DedicatedVideo/DedicatedSystem/SharedSystem, Outputs:1, VendorId:0x10de
[2018.12.13-02.23.23:166][  0]LogD3D11RHI:    2. 'Microsoft Basic Render Driver' (Feature Level 11_0)
[2018.12.13-02.23.23:166][  0]LogD3D11RHI:       0/0/4002 MB DedicatedVideo/DedicatedSystem/SharedSystem, Outputs:0, VendorId:0x1414
[2018.12.13-02.23.23:166][  0]LogD3D11RHI: Chosen D3D11 Adapter: 1
[2018.12.13-02.23.23:175][  0]LogD3D11RHI: Creating new Direct3DDevice
[2018.12.13-02.23.23:175][  0]LogD3D11RHI:     GPU DeviceId: 0x139b (for the marketing name, search the web for "GPU Device Id")
[2018.12.13-02.23.23:175][  0]LogWindows: EnumDisplayDevices:
[2018.12.13-02.23.23:176][  0]LogWindows:    0. 'Intel(R) HD Graphics 530' (P:1 D:1)
[2018.12.13-02.23.23:177][  0]LogWindows:    1. 'Intel(R) HD Graphics 530' (P:0 D:0)
[2018.12.13-02.23.23:177][  0]LogWindows:    2. 'Intel(R) HD Graphics 530' (P:0 D:0)
[2018.12.13-02.23.23:178][  0]LogWindows:    3. 'NVIDIA GeForce GTX 960M' (P:0 D:1)
[2018.12.13-02.23.23:179][  0]LogWindows:    4. 'NVIDIA GeForce GTX 960M' (P:0 D:0)
[2018.12.13-02.23.23:179][  0]LogWindows:    5. 'NVIDIA GeForce GTX 960M' (P:0 D:0)
[2018.12.13-02.23.23:180][  0]LogWindows:    6. 'NVIDIA GeForce GTX 960M' (P:0 D:0)
[2018.12.13-02.23.23:180][  0]LogWindows:    7. 'Mirage Driver' (P:0 D:0)
[2018.12.13-02.23.23:181][  0]LogWindows: DebugString: PrimaryIsNotTheChoosenAdapter PrimaryIsNotTheChoosenAdapter PrimaryIsNotTheChoosenAdapter GetVideoDriverDetailsInvalid PrimaryIsNotTheChoosenAdapter FoundDriverCount:4 
[2018.12.13-02.23.23:181][  0]LogD3D11RHI:     Adapter Name: NVIDIA GeForce GTX 960M
[2018.12.13-02.23.23:181][  0]LogD3D11RHI:   Driver Version: 353.54 (internal:10.18.13.5354, unified:353.54)
[2018.12.13-02.23.23:181][  0]LogD3D11RHI:      Driver Date: 7-13-2015
[2018.12.13-02.23.23:181][  0]LogRHI: Texture pool is 1395 MB (70% of 1993 MB)
[2018.12.13-02.23.23:203][  0]LogD3D11RHI: NvAPI_D3D_GetCurrentSLIState failed: 0xfffffff7
[2018.12.13-02.23.23:203][  0]LogD3D11RHI: Async texture creation enabled
[2018.12.13-02.23.23:218][  0]LogD3D11RHI: GPU Timing Frequency: 1000.000000 (Debug: 2 1)
[2018.12.13-02.23.23:224][  0]LogShaderCompilers: Guid format shader working directory is -39 characters bigger than the processId version (../../../../../../../Users/Utsuho/Desktop/General/ProjectSpace/CuteGhost/NetCuteGhost/Intermediate/Shaders/WorkingDirectory/16572/).
[2018.12.13-02.23.23:224][  0]LogShaderCompilers: Cleaned the shader compiler working directory 'C:/Users/Utsuho/AppData/Local/Temp/UnrealShaderWorkingDir/460226FD4AF6A49EC42E808EC5F60E53/'.
[2018.12.13-02.23.23:795][  0]LogTemp: Display: Loaded TP AllDesktopTargetPlatform
[2018.12.13-02.23.23:813][  0]LogTemp: Display: Loaded TP MacClientTargetPlatform
[2018.12.13-02.23.23:839][  0]LogTemp: Display: Loaded TP MacNoEditorTargetPlatform
[2018.12.13-02.23.23:877][  0]LogTemp: Display: Loaded TP MacServerTargetPlatform
[2018.12.13-02.23.23:899][  0]LogTemp: Display: Loaded TP MacTargetPlatform
[2018.12.13-02.23.23:925][  0]LogTemp: Display: Loaded TP WindowsClientTargetPlatform
[2018.12.13-02.23.23:943][  0]LogTemp: Display: Loaded TP WindowsNoEditorTargetPlatform
[2018.12.13-02.23.23:966][  0]LogTemp: Display: Loaded TP WindowsServerTargetPlatform
[2018.12.13-02.23.23:979][  0]LogTemp: Display: Loaded TP WindowsTargetPlatform
[2018.12.13-02.23.24:101][  0]LogTemp: Display: Loaded TP AndroidTargetPlatform
[2018.12.13-02.23.24:101][  0]LogTemp: Display: Loaded TP AndroidTargetPlatform
[2018.12.13-02.23.24:101][  0]LogTemp: Display: Loaded TP AndroidTargetPlatform
[2018.12.13-02.23.24:101][  0]LogTemp: Display: Loaded TP AndroidTargetPlatform
[2018.12.13-02.23.24:101][  0]LogTemp: Display: Loaded TP AndroidTargetPlatform
[2018.12.13-02.23.24:101][  0]LogTemp: Display: Loaded TP AndroidTargetPlatform
[2018.12.13-02.23.24:101][  0]LogTemp: Display: Loaded TP AndroidTargetPlatform
[2018.12.13-02.23.24:101][  0]LogTemp: Display: Loaded TP AndroidTargetPlatform
[2018.12.13-02.23.24:101][  0]LogTemp: Display: Loaded TP AndroidTargetPlatform
[2018.12.13-02.23.24:101][  0]LogTemp: Display: Loaded TP AndroidTargetPlatform
[2018.12.13-02.23.24:101][  0]LogTemp: Display: Loaded TP AndroidTargetPlatform
[2018.12.13-02.23.24:101][  0]LogTemp: Display: Loaded TP AndroidTargetPlatform
[2018.12.13-02.23.24:101][  0]LogTemp: Display: Loaded TP AndroidTargetPlatform
[2018.12.13-02.23.24:101][  0]LogTemp: Display: Loaded TP AndroidTargetPlatform
[2018.12.13-02.23.24:101][  0]LogTemp: Display: Loaded TP AndroidTargetPlatform
[2018.12.13-02.23.24:101][  0]LogTemp: Display: Loaded TP AndroidTargetPlatform
[2018.12.13-02.23.24:101][  0]LogTemp: Display: Loaded TP AndroidTargetPlatform
[2018.12.13-02.23.24:101][  0]LogTemp: Display: Loaded TP AndroidTargetPlatform
[2018.12.13-02.23.24:106][  0]LogTemp: Display: Loaded TP HTML5TargetPlatform
[2018.12.13-02.23.24:194][  0]LogTemp: Display: Loaded TP IOSTargetPlatform
[2018.12.13-02.23.24:194][  0]LogTemp: Display: Loaded TP IOSTargetPlatform
[2018.12.13-02.23.24:238][  0]LogTemp: Display: Loaded TP TVOSTargetPlatform
[2018.12.13-02.23.24:238][  0]LogTemp: Display: Loaded TP TVOSTargetPlatform
[2018.12.13-02.23.24:257][  0]LogTemp: Display: Loaded TP LinuxClientTargetPlatform
[2018.12.13-02.23.24:286][  0]LogTemp: Display: Loaded TP LinuxNoEditorTargetPlatform
[2018.12.13-02.23.24:314][  0]LogTemp: Display: Loaded TP LinuxServerTargetPlatform
[2018.12.13-02.23.24:333][  0]LogTemp: Display: Loaded TP LinuxTargetPlatform
[2018.12.13-02.23.24:347][  0]LogTemp: Display: Loaded TP LuminTargetPlatform
[2018.12.13-02.23.24:347][  0]LogTargetPlatformManager: Display: Building Assets For Windows
[2018.12.13-02.23.24:473][  0]LogXGEController: Cannot use XGE Controller as Incredibuild is not installed on this machine.
[2018.12.13-02.23.24:473][  0]LogShaderCompilers: Cannot use XGE Shader Compiler as Incredibuild is not installed on this machine.
[2018.12.13-02.23.24:473][  0]LogShaderCompilers: Display: Using Local Shader Compiler.
[2018.12.13-02.23.25:809][  0]LogDerivedDataCache: Display: Max Cache Size: 512 MB
[2018.12.13-02.23.25:930][  0]LogDerivedDataCache: Loaded boot cache 0.09s 71MB C:/Users/Utsuho/AppData/Local/UnrealEngine/4.20/DerivedDataCache/Boot.ddc.
[2018.12.13-02.23.25:977][  0]LogDerivedDataCache: Display: Loaded Boot cache: C:/Users/Utsuho/AppData/Local/UnrealEngine/4.20/DerivedDataCache/Boot.ddc
[2018.12.13-02.23.25:977][  0]LogDerivedDataCache: FDerivedDataBackendGraph:  Pak pak cache file ../../../../../../../Users/Utsuho/Desktop/General/ProjectSpace/CuteGhost/NetCuteGhost/DerivedDataCache/DDC.ddp not found, will not use a pak cache.
[2018.12.13-02.23.25:977][  0]LogDerivedDataCache: Unable to find inner node Pak for hierarchical cache Hierarchy.
[2018.12.13-02.23.25:977][  0]LogDerivedDataCache: FDerivedDataBackendGraph:  CompressedPak pak cache file ../../../../../../../Users/Utsuho/Desktop/General/ProjectSpace/CuteGhost/NetCuteGhost/DerivedDataCache/Compressed.ddp not found, will not use a pak cache.
[2018.12.13-02.23.25:978][  0]LogDerivedDataCache: Unable to find inner node CompressedPak for hierarchical cache Hierarchy.
[2018.12.13-02.23.25:996][  0]LogDerivedDataCache: Display: Pak cache opened for reading ../../../Engine/DerivedDataCache/Compressed.ddp.
[2018.12.13-02.23.26:010][  0]LogDerivedDataCache: Using Local data cache path C:/Users/Utsuho/AppData/Local/UnrealEngine/Common/DerivedDataCache: Writable
[2018.12.13-02.23.26:010][  0]LogDerivedDataCache: Shared data cache path not found in *engine.ini, will not use an Shared cache.
[2018.12.13-02.23.26:010][  0]LogDerivedDataCache: Unable to find inner node Shared for hierarchical cache Hierarchy.
[2018.12.13-02.23.26:041][  0]LogMaterial: Verifying Global Shaders for PCD3D_SM5
[2018.12.13-02.23.26:044][  0]LogSlate: Using FreeType 2.6.0
[2018.12.13-02.23.26:045][  0]LogSlate: SlateFontServices - WITH_FREETYPE: 1, WITH_HARFBUZZ: 1
[2018.12.13-02.23.26:166][  0]LogAssetRegistry: FAssetRegistry took 0.0325 seconds to start up
[2018.12.13-02.23.26:806][  0]LogInit: Selected Device Profile: [Windows]
[2018.12.13-02.23.27:105][  0]LogSimplygon: Simplygon DLL not present - disabling.
[2018.12.13-02.23.27:115][  0]LogMeshReduction: Using SimplygonSwarm for distributed automatic mesh merging
[2018.12.13-02.23.27:115][  0]LogMeshReduction: Using ProxyLODMeshReduction for automatic mesh merging
[2018.12.13-02.23.27:115][  0]LogMeshReduction: Using QuadricMeshReduction for automatic static mesh reduction
[2018.12.13-02.23.27:115][  0]LogMeshReduction: No automatic skeletal mesh reduction module available
[2018.12.13-02.23.27:144][  0]LogNetVersion: NetCuteGhost 1.0.0, NetCL: 4212847, EngineNetVer: 5, GameNetVer: 0 (Checksum: 3007799762)
[2018.12.13-02.23.28:095][  0]LogPackageLocalizationCache: Processed 11 localized package path(s) for 2 prioritized culture(s) in 0.237697 seconds
[2018.12.13-02.23.28:105][  0]LogUObjectArray: 38425 objects as part of root set at end of initial load.
[2018.12.13-02.23.28:105][  0]LogUObjectAllocator: 6690872 out of 0 bytes used by permanent object pool.
[2018.12.13-02.23.28:105][  0]LogUObjectArray: CloseDisregardForGC: 0/0 objects in disregard for GC pool
[2018.12.13-02.23.29:860][  0]LogTcpMessaging: Initializing TcpMessaging bridge
[2018.12.13-02.23.29:877][  0]LogUdpMessaging: Initializing bridge on interface 0.0.0.0:0 to multicast group 230.0.0.1:6666.
[2018.12.13-02.23.30:169][  0]SourceControl: 소스 컨트롤이 꺼졌습니다.
[2018.12.13-02.23.30:169][  0]SourceControl: 소스 컨트롤이 꺼졌습니다.
[2018.12.13-02.23.30:173][  0]SourceControl: 소스 컨트롤이 꺼졌습니다.
[2018.12.13-02.23.30:176][  0]SourceControl: 소스 컨트롤이 꺼졌습니다.
[2018.12.13-02.23.30:464][  0]LogAndroidPermission: UAndroidPermissionCallbackProxy::GetInstance
[2018.12.13-02.23.30:808][  0]LogOcInput: OculusInput pre-init called
[2018.12.13-02.23.30:901][  0]LogEngine: Initializing Engine...
[2018.12.13-02.23.30:902][  0]LogHMD: Failed to initialize OpenVR with code 110
[2018.12.13-02.23.30:906][  0]LogStats: UGameplayTagsManager::ConstructGameplayTagTree: ImportINI prefixes -  0.000 s
[2018.12.13-02.23.30:906][  0]LogStats: UGameplayTagsManager::ConstructGameplayTagTree: Construct from data asset -  0.000 s
[2018.12.13-02.23.30:906][  0]LogStats: UGameplayTagsManager::ConstructGameplayTagTree: ImportINI -  0.000 s
[2018.12.13-02.23.30:906][  0]LogStats: UGameplayTagsManager::ConstructGameplayTagTree: GameplayTagTreeChangedEvent.Broadcast -  0.000 s
[2018.12.13-02.23.31:211][  0]LogInit: Initializing FReadOnlyCVARCache
[2018.12.13-02.23.31:235][  0]LogAIModule: Creating AISystem for world Untitled
[2018.12.13-02.23.31:363][  0]LogInit: XAudio2 using '스피커(Realtek High Definition Audio)' : 2 channels at 48 kHz using 32 bits per sample (channel mask 0x3)
[2018.12.13-02.23.31:539][  0]LogInit: FAudioDevice initialized.
[2018.12.13-02.23.31:540][  0]LogNetVersion: Set ProjectVersion to 1.0.0.0. Version Checksum will be recalculated on next use.
[2018.12.13-02.23.31:628][  0]LogDerivedDataCache: Saved boot cache 0.09s 71MB C:/Users/Utsuho/AppData/Local/UnrealEngine/4.20/DerivedDataCache/Boot.ddc.
[2018.12.13-02.23.31:645][  0]LogInit: Texture streaming: Enabled
[2018.12.13-02.23.31:687][  0]LogEngineSessionManager: EngineSessionManager initialized
[2018.12.13-02.23.31:710][  0]LogInit: Transaction tracking system initialized
[2018.12.13-02.23.31:765][  0]BlueprintLog: New page: 에디터 로드
[2018.12.13-02.23.31:937][  0]LocalizationService: 현지화 서비스가 비활성화되었습니다.
[2018.12.13-02.23.32:357][  0]LogCook: Display: Max memory allowance for cook 16384mb min free memory 0mb
[2018.12.13-02.23.32:358][  0]LogCook: Display: Mobile HDR setting 1
[2018.12.13-02.23.32:358][  0]LogGameplayTags: Display: UGameplayTagsManager::DoneAddingNativeTags. DelegateIsBound: 0
[2018.12.13-02.23.32:358][  0]LogStats: UGameplayTagsManager::ConstructGameplayTagTree: ImportINI prefixes -  0.000 s
[2018.12.13-02.23.32:358][  0]LogStats: UGameplayTagsManager::ConstructGameplayTagTree: Construct from data asset -  0.000 s
[2018.12.13-02.23.32:358][  0]LogStats: UGameplayTagsManager::ConstructGameplayTagTree: ImportINI -  0.000 s
[2018.12.13-02.23.32:358][  0]LogStats: UGameplayTagsManager::ConstructGameplayTagTree: GameplayTagTreeChangedEvent.Broadcast -  0.000 s
[2018.12.13-02.23.32:585][  0]LogFileCache: Scanning file cache for directory 'C:/Users/Utsuho/Desktop/General/ProjectSpace/CuteGhost/NetCuteGhost/Content/' took 0.02s
[2018.12.13-02.23.32:585][  0]SourceControl: 소스 컨트롤이 꺼졌습니다.
[2018.12.13-02.23.32:585][  0]Cmd: MAP LOAD FILE="../../../../../../../Users/Utsuho/Desktop/General/ProjectSpace/CuteGhost/NetCuteGhost/Content/Map/Map_GhostPlayGround.umap" TEMPLATE=0 SHOWPROGRESS=1 FEATURELEVEL=3
[2018.12.13-02.23.32:586][  0]LightingResults: New page: 라이팅 빌드
[2018.12.13-02.23.32:592][  0]MapCheck: New page: 맵 체크
[2018.12.13-02.23.32:592][  0]LightingResults: New page: 라이팅 빌드
[2018.12.13-02.23.33:369][  0]LogAIModule: Creating AISystem for world Map_GhostPlayground
[2018.12.13-02.23.33:383][  0]LogEditorServer: Finished looking for orphan Actors (0.000 secs)
[2018.12.13-02.23.33:411][  0]Cmd: MAP CHECKDEP NOCLEARLOG
[2018.12.13-02.23.33:534][  0]MapCheck: 맵 체크 완료: 오류 0 회, 경고 0 회, 소요 시간 122.205ms.
[2018.12.13-02.23.33:534][  0]LogFileHelpers: Loading map 'Map_GhostPlayGround' took 0.949
[2018.12.13-02.23.34:106][  0]LogCollectionManager: Loaded 0 collections in 0.003786 seconds
[2018.12.13-02.23.34:172][  0]LogFileCache: Scanning file cache for directory 'C:/Users/Utsuho/Desktop/General/ProjectSpace/CuteGhost/NetCuteGhost/Saved/Collections/' took 0.01s
[2018.12.13-02.23.34:172][  0]LogFileCache: Scanning file cache for directory 'C:/Users/Utsuho/Desktop/General/ProjectSpace/CuteGhost/NetCuteGhost/Content/Developers/Utsuho/Collections/' took 0.01s
[2018.12.13-02.23.34:172][  0]LogFileCache: Scanning file cache for directory 'C:/Users/Utsuho/Desktop/General/ProjectSpace/CuteGhost/NetCuteGhost/Content/Collections/' took 0.01s
[2018.12.13-02.23.34:172][  0]LogCollectionManager: Rebuilt the GUID cache for 0 collections in 0.000000 seconds
[2018.12.13-02.23.34:187][  0]LogContentBrowser: Native class hierarchy populated in 0.0137 seconds. Added 2577 classes and 606 folders.
[2018.12.13-02.23.34:230][  0]LogContentBrowser: Native class hierarchy updated for 'WidgetCarousel' in 0.0004 seconds. Added 0 classes and 0 folders.
[2018.12.13-02.23.34:806][  0]LogContentBrowser: Native class hierarchy updated for 'AddContentDialog' in 0.0010 seconds. Added 0 classes and 0 folders.
[2018.12.13-02.23.34:853][  0]LogSlate: Updating window title bar state: overlay mode, drag disabled, window buttons hidden, title bar hidden
[2018.12.13-02.23.34:866][  0]LogSlate: Updating window title bar state: overlay mode, drag disabled, window buttons hidden, title bar hidden
[2018.12.13-02.23.34:883][  0]LogSlate: Updating window title bar state: overlay mode, drag disabled, window buttons hidden, title bar hidden
[2018.12.13-02.23.34:894][  0]LogSlate: Updating window title bar state: overlay mode, drag disabled, window buttons hidden, title bar hidden
[2018.12.13-02.23.34:910][  0]LogContentBrowser: Native class hierarchy updated for 'SceneOutliner' in 0.0005 seconds. Added 1 classes and 2 folders.
[2018.12.13-02.23.34:940][  0]LogContentBrowser: Native class hierarchy updated for 'WorldBrowser' in 0.0005 seconds. Added 2 classes and 3 folders.
[2018.12.13-02.23.35:124][  0]LogSlate: Took 0.000298 seconds to synchronously load lazily loaded font '../../../Engine/Content/Slate/Fonts/Roboto-Regular.ttf' (155K)
[2018.12.13-02.23.35:130][  0]LogSlate: Took 0.003920 seconds to synchronously load lazily loaded font '../../../Engine/Content/Editor/Slate/Fonts/NanumGothic.ttf' (4243K)
[2018.12.13-02.23.35:145][  0]LogSlate: Took 0.010175 seconds to synchronously load lazily loaded font '../../../Engine/Content/Editor/Slate/Fonts/FontAwesome.ttf' (139K)
[2018.12.13-02.23.35:150][  0]LogSlate: Took 0.003363 seconds to synchronously load lazily loaded font '../../../Engine/Content/Editor/Slate/Fonts/NanumGothicBold.ttf' (4188K)
[2018.12.13-02.23.35:150][  0]LogSlate: Took 0.000258 seconds to synchronously load lazily loaded font '../../../Engine/Content/Slate/Fonts/Roboto-Bold.ttf' (160K)
[2018.12.13-02.23.35:313][  0]LogRenderer: Reallocating scene render targets to support 892x904 Format 10 NumSamples 1 (Frame:1).
[2018.12.13-02.23.35:541][  0]LogContentBrowser: Native class hierarchy updated for 'HierarchicalLODOutliner' in 0.0006 seconds. Added 0 classes and 0 folders.
[2018.12.13-02.23.35:541][  0]LogLoad: (Engine Initialization) Total time: 16.58 seconds
[2018.12.13-02.23.35:541][  0]LogLoad: (Engine Initialization) Total Blueprint compile time: 0.00 seconds
[2018.12.13-02.23.35:563][  0]LogWindowsTextInputMethodSystem: Display: IME system now activated using TSF (Microsoft 입력기).
[2018.12.13-02.23.35:594][  0]LogContentStreaming: Texture pool size now 1000 MB
[2018.12.13-02.23.35:674][  0]LogSlate: Took 0.007355 seconds to synchronously load lazily loaded font '../../../Engine/Content/Slate/Fonts/Roboto-Light.ttf' (167K)
[2018.12.13-02.23.35:751][  2]LogAssetRegistry: Asset discovery search completed in 9.6080 seconds
[2018.12.13-02.23.35:754][  2]LogCollectionManager: Rebuilt the object cache for 0 collections in 0.000000 seconds (found 0 objects)
[2018.12.13-02.23.35:754][  2]LogCollectionManager: Fixed up redirectors for 0 collections in 0.000096 seconds (updated 0 objects)
[2018.12.13-02.23.36:618][ 49]LogSlate: Took 0.000362 seconds to synchronously load lazily loaded font '../../../Engine/Content/Slate/Fonts/Roboto-Light.ttf' (167K)
[2018.12.13-02.24.06:436][834]LogSlate: FSceneViewport::OnFocusLost() reason 0
[2018.12.13-02.24.12:114][925]LogEditorViewport: Clicking on Actor (LMB): BP_Sky_Sphere_C (BP_Sky_Sphere)
[2018.12.13-02.24.13:210][981]LogSlate: FSceneViewport::OnFocusLost() reason 0
[2018.12.13-02.24.13:392][992]LogTemp: Repeating last play command: 선택된 뷰포트
[2018.12.13-02.24.13:422][992]LogBlueprintUserMessages: Early PlayInEditor Detection: Level '/Game/Map/Map_GhostPlayGround.Map_GhostPlayground:PersistentLevel' has LevelScriptBlueprint '/Game/Map/Map_GhostPlayGround.Map_GhostPlayground:PersistentLevel.Map_GhostPlayGround' with GeneratedClass '/Game/Map/Map_GhostPlayGround.Map_GhostPlayGround_C' with ClassGeneratedBy '/Game/Map/Map_GhostPlayGround.Map_GhostPlayground:PersistentLevel.Map_GhostPlayGround'
[2018.12.13-02.24.13:423][992]LogPlayLevel: PlayLevel: No blueprints needed recompiling
[2018.12.13-02.24.13:446][992]PIE: New page: PIE 세션: Map_GhostPlayGround (2018. 12. 13. 오후 8:24:13)
[2018.12.13-02.24.13:446][992]LogUObjectGlobals: Warning: 'Class /Script/NetCuteGhost.NetCuteGhostGameInstance' 오브젝트를 찾는 데 실패했습니다.
[2018.12.13-02.24.13:447][992]LogPlayLevel: Creating play world package: /Game/Map/UEDPIE_0_Map_GhostPlayGround
[2018.12.13-02.24.13:456][992]LogPlayLevel: PIE: StaticDuplicateObject took: (0.009207s)
[2018.12.13-02.24.13:457][992]LogAIModule: Creating AISystem for world Map_GhostPlayground
[2018.12.13-02.24.13:458][992]LogPlayLevel: PIE: World Init took: (0.001389s)
[2018.12.13-02.24.13:458][992]LogPlayLevel: PIE: Created PIE world by copying editor world from /Game/Map/Map_GhostPlayGround.Map_GhostPlayground to /Game/Map/UEDPIE_0_Map_GhostPlayGround.Map_GhostPlayground (0.011076s)
[2018.12.13-02.24.13:590][992]LogInit: XAudio2 using '스피커(Realtek High Definition Audio)' : 2 channels at 48 kHz using 32 bits per sample (channel mask 0x3)
[2018.12.13-02.24.13:663][992]LogInit: FAudioDevice initialized.
[2018.12.13-02.24.13:733][992]LogLoad: Game class is 'BP_CuteGhost_Gamemode_C'
[2018.12.13-02.24.13:740][992]LogWorld: Bringing World /Game/Map/UEDPIE_0_Map_GhostPlayGround.Map_GhostPlayground up for play (max tick rate 60) at 2018.12.13-11.24.13
[2018.12.13-02.24.13:742][992]LogWorld: Bringing up level for play took: 0.002149
[2018.12.13-02.24.13:770][992]LogContentBrowser: Native class hierarchy updated for 'MovieSceneCapture' in 0.0007 seconds. Added 10 classes and 0 folders.
[2018.12.13-02.24.13:776][992]NetCuteGhost: AGhostTCPServer::InitNetwork(57) : Start Initiate Network System, 192.168.43.170, 12357
[2018.12.13-02.24.13:777][992]NetCuteGhost: AGhostTCPServer::InitListenerSocket(72)
[2018.12.13-02.24.13:777][992]NetCuteGhost: AGhostTCPServer::CreateListenerSocket(95)
[2018.12.13-02.24.13:777][992]NetCuteGhost: AGhostTCPServer::CreateListenerSocket(98) : ReceivedBufferSize is 64
[2018.12.13-02.24.13:777][992]NetCuteGhost: AGhostTCPServer::CreateListenerSocket(113) : 192.168.43.170:12357
[2018.12.13-02.24.13:777][992]NetCuteGhost: AGhostTCPServer::CreateListenerSocket(132) : ReceivedBufferSize is 64, and NewSize is 64
[2018.12.13-02.24.13:777][992]NetCuteGhost: AGhostTCPServer::InitNetwork(67) : Network System successfully init! 
[2018.12.13-02.24.13:779][992]LogSlate: New Slate User Created.  User Index 1, Is Virtual User: 0
[2018.12.13-02.24.13:779][992]LogSlate: Slate User Registered.  User Index 1, Is Virtual User: 0
[2018.12.13-02.24.13:785][992]LogSlate: New Slate User Created.  User Index 2, Is Virtual User: 0
[2018.12.13-02.24.13:785][992]LogSlate: Slate User Registered.  User Index 2, Is Virtual User: 0
[2018.12.13-02.24.13:787][992]LogSlate: New Slate User Created.  User Index 3, Is Virtual User: 0
[2018.12.13-02.24.13:787][992]LogSlate: Slate User Registered.  User Index 3, Is Virtual User: 0
[2018.12.13-02.24.13:789][992]PIE: /Game/Map/UEDPIE_0_Map_GhostPlayGround 에 대한 에디터에서 플레이 시작 시간: -0.219
[2018.12.13-02.24.13:789][992]LogBlueprintUserMessages: Late PlayInEditor Detection: Level '/Game/Map/Map_GhostPlayGround.Map_GhostPlayground:PersistentLevel' has LevelScriptBlueprint '/Game/Map/Map_GhostPlayGround.Map_GhostPlayground:PersistentLevel.Map_GhostPlayGround' with GeneratedClass '/Game/Map/Map_GhostPlayGround.Map_GhostPlayGround_C' with ClassGeneratedBy '/Game/Map/Map_GhostPlayGround.Map_GhostPlayground:PersistentLevel.Map_GhostPlayGround'
[2018.12.13-02.24.15:952][118]LogSlate: Took 0.009786 seconds to synchronously load lazily loaded font '../../../Engine/Content/Slate/Fonts/DroidSansMono.ttf' (77K)
[2018.12.13-02.24.15:995][118]LogSlate: Took 0.017837 seconds to synchronously load lazily loaded font '../../../Engine/Content/Editor/Slate/Fonts/NanumGothicExtraBold.ttf' (4074K)
[2018.12.13-02.24.21:361][439]LogBlueprintUserMessages: Early EndPlayMap Detection: Level '/Game/Map/Map_GhostPlayGround.Map_GhostPlayground:PersistentLevel' has LevelScriptBlueprint '/Game/Map/Map_GhostPlayGround.Map_GhostPlayground:PersistentLevel.Map_GhostPlayGround' with GeneratedClass '/Game/Map/Map_GhostPlayGround.Map_GhostPlayGround_C' with ClassGeneratedBy '/Game/Map/Map_GhostPlayGround.Map_GhostPlayground:PersistentLevel.Map_GhostPlayGround'
[2018.12.13-02.24.21:364][439]LogSlate: Updating window title bar state: overlay mode, drag disabled, window buttons hidden, title bar hidden
[2018.12.13-02.24.21:370][439]NetCuteGhost: AGhostTCPServer::EndPlay(38)
[2018.12.13-02.24.21:405][439]LogPlayLevel: Display: Shutting down PIE online subsystems
[2018.12.13-02.24.21:405][439]LogBlueprintUserMessages: Late EndPlayMap Detection: Level '/Game/Map/Map_GhostPlayGround.Map_GhostPlayground:PersistentLevel' has LevelScriptBlueprint '/Game/Map/Map_GhostPlayGround.Map_GhostPlayground:PersistentLevel.Map_GhostPlayGround' with GeneratedClass '/Game/Map/Map_GhostPlayGround.Map_GhostPlayGround_C' with ClassGeneratedBy '/Game/Map/Map_GhostPlayGround.Map_GhostPlayground:PersistentLevel.Map_GhostPlayGround'
[2018.12.13-02.24.21:434][439]LogSlate: Updating window title bar state: overlay mode, drag disabled, window buttons hidden, title bar hidden
[2018.12.13-02.24.21:466][440]LogPlayLevel: Display: Destroying online subsystem :Context_2
[2018.12.13-02.24.26:985][767]LogTemp: Repeating last play command: 선택된 뷰포트
[2018.12.13-02.24.27:017][767]LogBlueprintUserMessages: Early PlayInEditor Detection: Level '/Game/Map/Map_GhostPlayGround.Map_GhostPlayground:PersistentLevel' has LevelScriptBlueprint '/Game/Map/Map_GhostPlayGround.Map_GhostPlayground:PersistentLevel.Map_GhostPlayGround' with GeneratedClass '/Game/Map/Map_GhostPlayGround.Map_GhostPlayGround_C' with ClassGeneratedBy '/Game/Map/Map_GhostPlayGround.Map_GhostPlayground:PersistentLevel.Map_GhostPlayGround'
[2018.12.13-02.24.27:017][767]LogPlayLevel: PlayLevel: No blueprints needed recompiling
[2018.12.13-02.24.27:018][767]PIE: New page: PIE 세션: Map_GhostPlayGround (2018. 12. 13. 오후 8:24:27)
[2018.12.13-02.24.27:018][767]LogPlayLevel: Creating play world package: /Game/Map/UEDPIE_0_Map_GhostPlayGround
[2018.12.13-02.24.27:024][767]LogPlayLevel: PIE: StaticDuplicateObject took: (0.006917s)
[2018.12.13-02.24.27:025][767]LogAIModule: Creating AISystem for world Map_GhostPlayground
[2018.12.13-02.24.27:025][767]LogPlayLevel: PIE: World Init took: (0.001124s)
[2018.12.13-02.24.27:025][767]LogPlayLevel: PIE: Created PIE world by copying editor world from /Game/Map/Map_GhostPlayGround.Map_GhostPlayground to /Game/Map/UEDPIE_0_Map_GhostPlayGround.Map_GhostPlayground (0.008319s)
[2018.12.13-02.24.27:154][767]LogInit: XAudio2 using '스피커(Realtek High Definition Audio)' : 2 channels at 48 kHz using 32 bits per sample (channel mask 0x3)
[2018.12.13-02.24.27:221][767]LogInit: FAudioDevice initialized.
[2018.12.13-02.24.27:256][767]LogLoad: Game class is 'BP_CuteGhost_Gamemode_C'
[2018.12.13-02.24.27:258][767]LogWorld: Bringing World /Game/Map/UEDPIE_0_Map_GhostPlayGround.Map_GhostPlayground up for play (max tick rate 60) at 2018.12.13-11.24.27
[2018.12.13-02.24.27:258][767]LogWorld: Bringing up level for play took: 0.001236
[2018.12.13-02.24.27:270][767]NetCuteGhost: AGhostTCPServer::InitNetwork(57) : Start Initiate Network System, 192.168.43.170, 12357
[2018.12.13-02.24.27:270][767]NetCuteGhost: AGhostTCPServer::InitListenerSocket(72)
[2018.12.13-02.24.27:270][767]NetCuteGhost: AGhostTCPServer::CreateListenerSocket(95)
[2018.12.13-02.24.27:270][767]NetCuteGhost: AGhostTCPServer::CreateListenerSocket(98) : ReceivedBufferSize is 64
[2018.12.13-02.24.27:270][767]NetCuteGhost: AGhostTCPServer::CreateListenerSocket(113) : 192.168.43.170:12357
[2018.12.13-02.24.27:270][767]NetCuteGhost: AGhostTCPServer::CreateListenerSocket(132) : ReceivedBufferSize is 64, and NewSize is 64
[2018.12.13-02.24.27:270][767]NetCuteGhost: AGhostTCPServer::InitNetwork(67) : Network System successfully init! 
[2018.12.13-02.24.27:277][767]LogSpawn: Warning: SpawnActor failed because of collision at the spawn location [X=2.400 Y=-873.600 Z=92.000] for [BP_CuteGhost_C]
[2018.12.13-02.24.27:277][767]LogGameMode: Warning: SpawnDefaultPawnAtTransform: Couldn't spawn Pawn of type BP_CuteGhost_C at Rotation: Pitch 0.000000 Yaw 90.000114 Roll 0.000000
Translation: 2.400000 -873.599976 92.000000
Scale3D: 1.000000 1.000000 1.000000

[2018.12.13-02.24.27:280][767]PIE: /Game/Map/UEDPIE_0_Map_GhostPlayGround 에 대한 에디터에서 플레이 시작 시간: -0.728
[2018.12.13-02.24.27:280][767]LogBlueprintUserMessages: Late PlayInEditor Detection: Level '/Game/Map/Map_GhostPlayGround.Map_GhostPlayground:PersistentLevel' has LevelScriptBlueprint '/Game/Map/Map_GhostPlayGround.Map_GhostPlayground:PersistentLevel.Map_GhostPlayGround' with GeneratedClass '/Game/Map/Map_GhostPlayGround.Map_GhostPlayGround_C' with ClassGeneratedBy '/Game/Map/Map_GhostPlayGround.Map_GhostPlayground:PersistentLevel.Map_GhostPlayGround'
[2018.12.13-02.25.07:598][168]LogBlueprintUserMessages: Early EndPlayMap Detection: Level '/Game/Map/Map_GhostPlayGround.Map_GhostPlayground:PersistentLevel' has LevelScriptBlueprint '/Game/Map/Map_GhostPlayGround.Map_GhostPlayground:PersistentLevel.Map_GhostPlayGround' with GeneratedClass '/Game/Map/Map_GhostPlayGround.Map_GhostPlayGround_C' with ClassGeneratedBy '/Game/Map/Map_GhostPlayGround.Map_GhostPlayground:PersistentLevel.Map_GhostPlayGround'
[2018.12.13-02.25.07:601][168]LogSlate: Updating window title bar state: overlay mode, drag disabled, window buttons hidden, title bar hidden
[2018.12.13-02.25.07:604][168]NetCuteGhost: AGhostTCPServer::EndPlay(38)
[2018.12.13-02.25.07:634][168]LogPlayLevel: Display: Shutting down PIE online subsystems
[2018.12.13-02.25.07:634][168]LogBlueprintUserMessages: Late EndPlayMap Detection: Level '/Game/Map/Map_GhostPlayGround.Map_GhostPlayground:PersistentLevel' has LevelScriptBlueprint '/Game/Map/Map_GhostPlayGround.Map_GhostPlayground:PersistentLevel.Map_GhostPlayGround' with GeneratedClass '/Game/Map/Map_GhostPlayGround.Map_GhostPlayGround_C' with ClassGeneratedBy '/Game/Map/Map_GhostPlayGround.Map_GhostPlayground:PersistentLevel.Map_GhostPlayGround'
[2018.12.13-02.25.07:660][168]LogSlate: Updating window title bar state: overlay mode, drag disabled, window buttons hidden, title bar hidden
[2018.12.13-02.25.07:714][171]LogPlayLevel: Display: Destroying online subsystem :Context_3
[2018.12.13-02.25.38:111][916]LogTemp: Repeating last play command: 선택된 뷰포트
[2018.12.13-02.25.38:142][916]LogBlueprintUserMessages: Early PlayInEditor Detection: Level '/Game/Map/Map_GhostPlayGround.Map_GhostPlayground:PersistentLevel' has LevelScriptBlueprint '/Game/Map/Map_GhostPlayGround.Map_GhostPlayground:PersistentLevel.Map_GhostPlayGround' with GeneratedClass '/Game/Map/Map_GhostPlayGround.Map_GhostPlayGround_C' with ClassGeneratedBy '/Game/Map/Map_GhostPlayGround.Map_GhostPlayground:PersistentLevel.Map_GhostPlayGround'
[2018.12.13-02.25.38:143][916]LogPlayLevel: PlayLevel: No blueprints needed recompiling
[2018.12.13-02.25.38:143][916]PIE: New page: PIE 세션: Map_GhostPlayGround (2018. 12. 13. 오후 8:25:38)
[2018.12.13-02.25.38:143][916]LogPlayLevel: Creating play world package: /Game/Map/UEDPIE_0_Map_GhostPlayGround
[2018.12.13-02.25.38:150][916]LogPlayLevel: PIE: StaticDuplicateObject took: (0.006269s)
[2018.12.13-02.25.38:151][916]LogAIModule: Creating AISystem for world Map_GhostPlayground
[2018.12.13-02.25.38:151][916]LogPlayLevel: PIE: World Init took: (0.001210s)
[2018.12.13-02.25.38:151][916]LogPlayLevel: PIE: Created PIE world by copying editor world from /Game/Map/Map_GhostPlayGround.Map_GhostPlayground to /Game/Map/UEDPIE_0_Map_GhostPlayGround.Map_GhostPlayground (0.007778s)
[2018.12.13-02.25.38:278][916]LogInit: XAudio2 using '스피커(Realtek High Definition Audio)' : 2 channels at 48 kHz using 32 bits per sample (channel mask 0x3)
[2018.12.13-02.25.38:331][916]LogInit: FAudioDevice initialized.
[2018.12.13-02.25.38:365][916]LogLoad: Game class is 'BP_CuteGhost_Gamemode_C'
[2018.12.13-02.25.38:367][916]LogWorld: Bringing World /Game/Map/UEDPIE_0_Map_GhostPlayGround.Map_GhostPlayground up for play (max tick rate 60) at 2018.12.13-11.25.38
[2018.12.13-02.25.38:367][916]LogWorld: Bringing up level for play took: 0.001344
[2018.12.13-02.25.38:380][916]NetCuteGhost: AGhostTCPServer::InitNetwork(57) : Start Initiate Network System, 192.168.43.170, 12357
[2018.12.13-02.25.38:380][916]NetCuteGhost: AGhostTCPServer::InitListenerSocket(72)
[2018.12.13-02.25.38:380][916]NetCuteGhost: AGhostTCPServer::CreateListenerSocket(95)
[2018.12.13-02.25.38:380][916]NetCuteGhost: AGhostTCPServer::CreateListenerSocket(98) : ReceivedBufferSize is 64
[2018.12.13-02.25.38:380][916]NetCuteGhost: AGhostTCPServer::CreateListenerSocket(113) : 192.168.43.170:12357
[2018.12.13-02.25.38:381][916]NetCuteGhost: AGhostTCPServer::CreateListenerSocket(132) : ReceivedBufferSize is 64, and NewSize is 64
[2018.12.13-02.25.38:381][916]NetCuteGhost: AGhostTCPServer::InitNetwork(67) : Network System successfully init! 
[2018.12.13-02.25.38:386][916]PIE: /Game/Map/UEDPIE_0_Map_GhostPlayGround 에 대한 에디터에서 플레이 시작 시간: 0.378
[2018.12.13-02.25.38:386][916]LogBlueprintUserMessages: Late PlayInEditor Detection: Level '/Game/Map/Map_GhostPlayGround.Map_GhostPlayground:PersistentLevel' has LevelScriptBlueprint '/Game/Map/Map_GhostPlayGround.Map_GhostPlayground:PersistentLevel.Map_GhostPlayGround' with GeneratedClass '/Game/Map/Map_GhostPlayGround.Map_GhostPlayGround_C' with ClassGeneratedBy '/Game/Map/Map_GhostPlayGround.Map_GhostPlayground:PersistentLevel.Map_GhostPlayGround'
[2018.12.13-02.26.00:153][274]NetCuteGhost: AGhostTCPServer::ActivateListenerSocket(153) : HasPendingConnection is true
[2018.12.13-02.26.00:153][274]NetCuteGhost: Warning: AGhostTCPServer::ActivateListenerSocket(171) : Accept Success
[2018.12.13-02.26.36:624][382]LogBlueprintUserMessages: Early EndPlayMap Detection: Level '/Game/Map/Map_GhostPlayGround.Map_GhostPlayground:PersistentLevel' has LevelScriptBlueprint '/Game/Map/Map_GhostPlayGround.Map_GhostPlayground:PersistentLevel.Map_GhostPlayGround' with GeneratedClass '/Game/Map/Map_GhostPlayGround.Map_GhostPlayGround_C' with ClassGeneratedBy '/Game/Map/Map_GhostPlayGround.Map_GhostPlayground:PersistentLevel.Map_GhostPlayGround'
[2018.12.13-02.26.36:624][382]LogSlate: Updating window title bar state: overlay mode, drag disabled, window buttons hidden, title bar hidden
[2018.12.13-02.26.36:629][382]NetCuteGhost: AGhostTCPServer::EndPlay(38)
[2018.12.13-02.26.36:659][382]LogPlayLevel: Display: Shutting down PIE online subsystems
[2018.12.13-02.26.36:659][382]LogBlueprintUserMessages: Late EndPlayMap Detection: Level '/Game/Map/Map_GhostPlayGround.Map_GhostPlayground:PersistentLevel' has LevelScriptBlueprint '/Game/Map/Map_GhostPlayGround.Map_GhostPlayground:PersistentLevel.Map_GhostPlayGround' with GeneratedClass '/Game/Map/Map_GhostPlayGround.Map_GhostPlayGround_C' with ClassGeneratedBy '/Game/Map/Map_GhostPlayGround.Map_GhostPlayground:PersistentLevel.Map_GhostPlayGround'
[2018.12.13-02.26.36:688][382]LogSlate: Updating window title bar state: overlay mode, drag disabled, window buttons hidden, title bar hidden
[2018.12.13-02.26.36:723][384]LogPlayLevel: Display: Destroying online subsystem :Context_4
[2018.12.13-02.28.09:195][834]LogHotReload: New module detected: UE4Editor-NetCuteGhost-4594.dll
[2018.12.13-02.28.10:556][839]LogHotReload: Starting Hot-Reload from IDE
[2018.12.13-02.28.10:665][839]LogContentBrowser: Native class hierarchy updated for 'NetCuteGhost' in 0.0006 seconds. Added 5 classes and 3 folders.
[2018.12.13-02.28.10:667][839]Display: HotReload successful (0 functions remapped  0 scriptstructs remapped)
[2018.12.13-02.28.10:820][839]LogContentBrowser: Native class hierarchy populated in 0.0153 seconds. Added 2580 classes and 611 folders.
[2018.12.13-02.28.10:851][839]Display: HotReload took  0.3s.
[2018.12.13-02.28.35:743][959]LogTemp: Repeating last play command: 선택된 뷰포트
[2018.12.13-02.28.35:768][959]LogBlueprintUserMessages: Early PlayInEditor Detection: Level '/Game/Map/Map_GhostPlayGround.Map_GhostPlayground:PersistentLevel' has LevelScriptBlueprint '/Game/Map/Map_GhostPlayGround.Map_GhostPlayground:PersistentLevel.Map_GhostPlayGround' with GeneratedClass '/Game/Map/Map_GhostPlayGround.Map_GhostPlayGround_C' with ClassGeneratedBy '/Game/Map/Map_GhostPlayGround.Map_GhostPlayground:PersistentLevel.Map_GhostPlayGround'
[2018.12.13-02.28.35:769][959]LogPlayLevel: PlayLevel: No blueprints needed recompiling
[2018.12.13-02.28.35:769][959]PIE: New page: PIE 세션: Map_GhostPlayGround (2018. 12. 13. 오후 8:28:35)
[2018.12.13-02.28.35:770][959]LogPlayLevel: Creating play world package: /Game/Map/UEDPIE_0_Map_GhostPlayGround
[2018.12.13-02.28.35:777][959]LogPlayLevel: PIE: StaticDuplicateObject took: (0.007268s)
[2018.12.13-02.28.35:778][959]LogAIModule: Creating AISystem for world Map_GhostPlayground
[2018.12.13-02.28.35:779][959]LogPlayLevel: PIE: World Init took: (0.001173s)
[2018.12.13-02.28.35:779][959]LogPlayLevel: PIE: Created PIE world by copying editor world from /Game/Map/Map_GhostPlayGround.Map_GhostPlayground to /Game/Map/UEDPIE_0_Map_GhostPlayGround.Map_GhostPlayground (0.009139s)
[2018.12.13-02.28.35:902][959]LogInit: XAudio2 using '스피커(Realtek High Definition Audio)' : 2 channels at 48 kHz using 32 bits per sample (channel mask 0x3)
[2018.12.13-02.28.35:975][959]LogInit: FAudioDevice initialized.
[2018.12.13-02.28.36:010][959]LogLoad: Game class is 'BP_CuteGhost_Gamemode_C'
[2018.12.13-02.28.36:013][959]LogWorld: Bringing World /Game/Map/UEDPIE_0_Map_GhostPlayGround.Map_GhostPlayground up for play (max tick rate 60) at 2018.12.13-11.28.36
[2018.12.13-02.28.36:013][959]LogWorld: Bringing up level for play took: 0.001369
[2018.12.13-02.28.36:026][959]NetCuteGhost: AGhostTCPServer::InitNetwork(57) : Start Initiate Network System, 192.168.43.170, 12357
[2018.12.13-02.28.36:026][959]NetCuteGhost: AGhostTCPServer::InitListenerSocket(72)
[2018.12.13-02.28.36:026][959]NetCuteGhost: AGhostTCPServer::CreateListenerSocket(95)
[2018.12.13-02.28.36:026][959]NetCuteGhost: AGhostTCPServer::CreateListenerSocket(98) : ReceivedBufferSize is 64
[2018.12.13-02.28.36:027][959]NetCuteGhost: AGhostTCPServer::CreateListenerSocket(113) : 192.168.43.170:12357
[2018.12.13-02.28.36:027][959]NetCuteGhost: AGhostTCPServer::CreateListenerSocket(132) : ReceivedBufferSize is 64, and NewSize is 64
[2018.12.13-02.28.36:027][959]NetCuteGhost: AGhostTCPServer::InitNetwork(67) : Network System successfully init! 
[2018.12.13-02.28.36:033][959]PIE: /Game/Map/UEDPIE_0_Map_GhostPlayGround 에 대한 에디터에서 플레이 시작 시간: 0.025
[2018.12.13-02.28.36:033][959]LogBlueprintUserMessages: Late PlayInEditor Detection: Level '/Game/Map/Map_GhostPlayGround.Map_GhostPlayground:PersistentLevel' has LevelScriptBlueprint '/Game/Map/Map_GhostPlayGround.Map_GhostPlayground:PersistentLevel.Map_GhostPlayGround' with GeneratedClass '/Game/Map/Map_GhostPlayGround.Map_GhostPlayGround_C' with ClassGeneratedBy '/Game/Map/Map_GhostPlayGround.Map_GhostPlayground:PersistentLevel.Map_GhostPlayGround'
[2018.12.13-02.28.52:798][111]NetCuteGhost: AGhostTCPServer::ActivateListenerSocket(153) : HasPendingConnection is true
[2018.12.13-02.28.52:798][111]NetCuteGhost: Warning: AGhostTCPServer::ActivateListenerSocket(171) : Accept Success
[2018.12.13-02.29.15:944][188]LogBlueprintUserMessages: Early EndPlayMap Detection: Level '/Game/Map/Map_GhostPlayGround.Map_GhostPlayground:PersistentLevel' has LevelScriptBlueprint '/Game/Map/Map_GhostPlayGround.Map_GhostPlayground:PersistentLevel.Map_GhostPlayGround' with GeneratedClass '/Game/Map/Map_GhostPlayGround.Map_GhostPlayGround_C' with ClassGeneratedBy '/Game/Map/Map_GhostPlayGround.Map_GhostPlayground:PersistentLevel.Map_GhostPlayGround'
[2018.12.13-02.29.15:945][188]LogSlate: Updating window title bar state: overlay mode, drag disabled, window buttons hidden, title bar hidden
[2018.12.13-02.29.15:950][188]NetCuteGhost: AGhostTCPServer::EndPlay(38)
[2018.12.13-02.29.15:983][188]LogPlayLevel: Display: Shutting down PIE online subsystems
[2018.12.13-02.29.15:983][188]LogBlueprintUserMessages: Late EndPlayMap Detection: Level '/Game/Map/Map_GhostPlayGround.Map_GhostPlayground:PersistentLevel' has LevelScriptBlueprint '/Game/Map/Map_GhostPlayGround.Map_GhostPlayground:PersistentLevel.Map_GhostPlayGround' with GeneratedClass '/Game/Map/Map_GhostPlayGround.Map_GhostPlayGround_C' with ClassGeneratedBy '/Game/Map/Map_GhostPlayGround.Map_GhostPlayground:PersistentLevel.Map_GhostPlayGround'
[2018.12.13-02.29.16:011][188]LogSlate: Updating window title bar state: overlay mode, drag disabled, window buttons hidden, title bar hidden
[2018.12.13-02.29.16:048][190]LogPlayLevel: Display: Destroying online subsystem :Context_5
[2018.12.13-02.30.21:786][403]LogHotReload: New module detected: UE4Editor-NetCuteGhost-3865.dll
[2018.12.13-02.30.22:811][407]LogHotReload: Starting Hot-Reload from IDE
[2018.12.13-02.30.22:917][407]LogContentBrowser: Native class hierarchy updated for 'NetCuteGhost' in 0.0007 seconds. Added 5 classes and 3 folders.
[2018.12.13-02.30.22:921][407]Display: HotReload successful (0 functions remapped  0 scriptstructs remapped)
[2018.12.13-02.30.22:989][407]LogContentBrowser: Native class hierarchy populated in 0.0111 seconds. Added 2580 classes and 611 folders.
[2018.12.13-02.30.22:999][407]Display: HotReload took  0.2s.
[2018.12.13-02.30.33:440][557]LogTemp: Repeating last play command: 선택된 뷰포트
[2018.12.13-02.30.33:465][557]LogBlueprintUserMessages: Early PlayInEditor Detection: Level '/Game/Map/Map_GhostPlayGround.Map_GhostPlayground:PersistentLevel' has LevelScriptBlueprint '/Game/Map/Map_GhostPlayGround.Map_GhostPlayground:PersistentLevel.Map_GhostPlayGround' with GeneratedClass '/Game/Map/Map_GhostPlayGround.Map_GhostPlayGround_C' with ClassGeneratedBy '/Game/Map/Map_GhostPlayGround.Map_GhostPlayground:PersistentLevel.Map_GhostPlayGround'
[2018.12.13-02.30.33:465][557]LogPlayLevel: PlayLevel: No blueprints needed recompiling
[2018.12.13-02.30.33:465][557]PIE: New page: PIE 세션: Map_GhostPlayGround (2018. 12. 13. 오후 8:30:33)
[2018.12.13-02.30.33:465][557]LogPlayLevel: Creating play world package: /Game/Map/UEDPIE_0_Map_GhostPlayGround
[2018.12.13-02.30.33:472][557]LogPlayLevel: PIE: StaticDuplicateObject took: (0.006575s)
[2018.12.13-02.30.33:473][557]LogAIModule: Creating AISystem for world Map_GhostPlayground
[2018.12.13-02.30.33:473][557]LogPlayLevel: PIE: World Init took: (0.001081s)
[2018.12.13-02.30.33:473][557]LogPlayLevel: PIE: Created PIE world by copying editor world from /Game/Map/Map_GhostPlayGround.Map_GhostPlayground to /Game/Map/UEDPIE_0_Map_GhostPlayGround.Map_GhostPlayground (0.007869s)
[2018.12.13-02.30.33:601][557]LogInit: XAudio2 using '스피커(Realtek High Definition Audio)' : 2 channels at 48 kHz using 32 bits per sample (channel mask 0x3)
[2018.12.13-02.30.33:663][557]LogInit: FAudioDevice initialized.
[2018.12.13-02.30.33:697][557]LogLoad: Game class is 'BP_CuteGhost_Gamemode_C'
[2018.12.13-02.30.33:699][557]LogWorld: Bringing World /Game/Map/UEDPIE_0_Map_GhostPlayGround.Map_GhostPlayground up for play (max tick rate 60) at 2018.12.13-11.30.33
[2018.12.13-02.30.33:699][557]LogWorld: Bringing up level for play took: 0.001515
[2018.12.13-02.30.33:713][557]NetCuteGhost: AGhostTCPServer::InitNetwork(57) : Start Initiate Network System, 192.168.43.170, 12357
[2018.12.13-02.30.33:713][557]NetCuteGhost: AGhostTCPServer::InitListenerSocket(72)
[2018.12.13-02.30.33:713][557]NetCuteGhost: AGhostTCPServer::CreateListenerSocket(95)
[2018.12.13-02.30.33:713][557]NetCuteGhost: AGhostTCPServer::CreateListenerSocket(98) : ReceivedBufferSize is 64
[2018.12.13-02.30.33:713][557]NetCuteGhost: AGhostTCPServer::CreateListenerSocket(113) : 192.168.43.170:12357
[2018.12.13-02.30.33:713][557]NetCuteGhost: AGhostTCPServer::CreateListenerSocket(132) : ReceivedBufferSize is 64, and NewSize is 64
[2018.12.13-02.30.33:713][557]NetCuteGhost: AGhostTCPServer::InitNetwork(67) : Network System successfully init! 
[2018.12.13-02.30.33:722][557]LogSpawn: Warning: SpawnActor failed because of collision at the spawn location [X=2.400 Y=-873.600 Z=92.000] for [BP_CuteGhost_C]
[2018.12.13-02.30.33:722][557]LogGameMode: Warning: SpawnDefaultPawnAtTransform: Couldn't spawn Pawn of type BP_CuteGhost_C at Rotation: Pitch 0.000000 Yaw 90.000114 Roll 0.000000
Translation: 2.400000 -873.599976 92.000000
Scale3D: 1.000000 1.000000 1.000000

[2018.12.13-02.30.33:723][557]PIE: /Game/Map/UEDPIE_0_Map_GhostPlayGround 에 대한 에디터에서 플레이 시작 시간: -0.285
[2018.12.13-02.30.33:723][557]LogBlueprintUserMessages: Late PlayInEditor Detection: Level '/Game/Map/Map_GhostPlayGround.Map_GhostPlayground:PersistentLevel' has LevelScriptBlueprint '/Game/Map/Map_GhostPlayGround.Map_GhostPlayground:PersistentLevel.Map_GhostPlayGround' with GeneratedClass '/Game/Map/Map_GhostPlayGround.Map_GhostPlayGround_C' with ClassGeneratedBy '/Game/Map/Map_GhostPlayGround.Map_GhostPlayground:PersistentLevel.Map_GhostPlayGround'
[2018.12.13-02.32.37:286][955]NetCuteGhost: AGhostTCPServer::ActivateListenerSocket(153) : HasPendingConnection is true
[2018.12.13-02.32.37:286][955]NetCuteGhost: Warning: AGhostTCPServer::ActivateListenerSocket(171) : Accept Success
[2018.12.13-02.33.44:500][768]LogSlate: FSceneViewport::OnFocusLost() reason 0
[2018.12.13-02.33.44:724][768]LogBlueprintUserMessages: Early EndPlayMap Detection: Level '/Game/Map/Map_GhostPlayGround.Map_GhostPlayground:PersistentLevel' has LevelScriptBlueprint '/Game/Map/Map_GhostPlayGround.Map_GhostPlayground:PersistentLevel.Map_GhostPlayGround' with GeneratedClass '/Game/Map/Map_GhostPlayGround.Map_GhostPlayGround_C' with ClassGeneratedBy '/Game/Map/Map_GhostPlayGround.Map_GhostPlayground:PersistentLevel.Map_GhostPlayGround'
[2018.12.13-02.33.44:724][768]LogSlate: Updating window title bar state: overlay mode, drag disabled, window buttons hidden, title bar hidden
[2018.12.13-02.33.44:728][768]NetCuteGhost: AGhostTCPServer::EndPlay(38)
[2018.12.13-02.33.44:758][768]LogPlayLevel: Display: Shutting down PIE online subsystems
[2018.12.13-02.33.44:758][768]LogBlueprintUserMessages: Late EndPlayMap Detection: Level '/Game/Map/Map_GhostPlayGround.Map_GhostPlayground:PersistentLevel' has LevelScriptBlueprint '/Game/Map/Map_GhostPlayGround.Map_GhostPlayground:PersistentLevel.Map_GhostPlayGround' with GeneratedClass '/Game/Map/Map_GhostPlayGround.Map_GhostPlayGround_C' with ClassGeneratedBy '/Game/Map/Map_GhostPlayGround.Map_GhostPlayground:PersistentLevel.Map_GhostPlayGround'
[2018.12.13-02.33.44:790][768]LogSlate: Updating window title bar state: overlay mode, drag disabled, window buttons hidden, title bar hidden
[2018.12.13-02.33.44:831][770]LogPlayLevel: Display: Destroying online subsystem :Context_6
[2018.12.13-02.33.50:199][ 85]LogTemp: Repeating last play command: 독립형 게임
[2018.12.13-02.38.27:669][325]LogHotReload: New module detected: UE4Editor-NetCuteGhost-8137.dll
[2018.12.13-02.38.29:389][331]LogHotReload: Starting Hot-Reload from IDE
[2018.12.13-02.38.29:620][331]LogContentBrowser: Native class hierarchy updated for 'NetCuteGhost' in 0.0065 seconds. Added 5 classes and 3 folders.
[2018.12.13-02.38.29:626][331]Display: HotReload successful (0 functions remapped  0 scriptstructs remapped)
[2018.12.13-02.38.29:847][331]LogContentBrowser: Native class hierarchy populated in 0.0399 seconds. Added 2580 classes and 611 folders.
[2018.12.13-02.38.29:858][331]Display: HotReload took  0.5s.
[2018.12.13-02.38.37:435][456]LogTemp: Repeating last play command: 독립형 게임
[2018.12.13-02.39.51:974][895]LogEditorViewport: Clicking on Actor (LMB): StaticMeshActor (GhostGround)
[2018.12.13-02.39.56:592][966]LogEditorViewport: Clicking on Actor (LMB): StaticMeshActor (GhostGround)
[2018.12.13-02.40.03:796][ 34]LogSlate: FSceneViewport::OnFocusLost() reason 0
[2018.12.13-02.40.04:125][ 39]LogSlate: Window 'NetCuteGhost - 언리얼 에디터' being destroyed
[2018.12.13-02.40.04:135][ 39]LogWindowsTextInputMethodSystem: Display: IME system now activated using TSF (Microsoft 입력기).
[2018.12.13-02.40.04:542][ 40]Cmd: QUIT_EDITOR
[2018.12.13-02.40.05:615][ 40]LogExit: Preparing to exit.
[2018.12.13-02.40.06:746][ 40]LogExit: Editor shut down
[2018.12.13-02.40.06:747][ 40]LogExit: Transaction tracking system shut down
[2018.12.13-02.40.07:339][ 40]LogExit: Object subsystem successfully closed.
[2018.12.13-02.40.07:382][ 40]LogShaderCompilers: Display: Shaders left to compile 0
[2018.12.13-02.40.07:388][ 40]LogD3D11RHI: Shutdown
[2018.12.13-02.40.07:389][ 40]LogD3D11RHI: CleanupD3DDevice
[2018.12.13-02.40.07:396][ 40]LogD3D11RHI: ~FD3D11DynamicRHI
[2018.12.13-02.40.07:468][ 40]LogModuleManager: Shutting down and abandoning module NetCuteGhost (621)
[2018.12.13-02.40.07:468][ 40]LogModuleManager: Shutting down and abandoning module MovieSceneCapture (618)
[2018.12.13-02.40.07:468][ 40]LogModuleManager: Shutting down and abandoning module Voice (616)
[2018.12.13-02.40.07:468][ 40]LogModuleManager: Shutting down and abandoning module HierarchicalLODOutliner (614)
[2018.12.13-02.40.07:468][ 40]LogModuleManager: Shutting down and abandoning module WorldBrowser (612)
[2018.12.13-02.40.07:469][ 40]LogModuleManager: Shutting down and abandoning module SceneOutliner (610)
[2018.12.13-02.40.07:469][ 40]LogModuleManager: Shutting down and abandoning module AddContentDialog (608)
[2018.12.13-02.40.07:479][ 40]LogModuleManager: Shutting down and abandoning module WidgetCarousel (607)
[2018.12.13-02.40.07:479][ 40]LogModuleManager: Shutting down and abandoning module EditorWidgets (604)
[2018.12.13-02.40.07:479][ 40]LogModuleManager: Shutting down and abandoning module CollectionManager (602)
[2018.12.13-02.40.07:480][ 40]LogModuleManager: Shutting down and abandoning module StatsViewer (600)
[2018.12.13-02.40.07:482][ 40]LogModuleManager: Shutting down and abandoning module FoliageEdit (598)
[2018.12.13-02.40.07:483][ 40]LogModuleManager: Shutting down and abandoning module LandscapeEditor (596)
[2018.12.13-02.40.07:485][ 40]LogModuleManager: Shutting down and abandoning module MeshPaintMode (594)
[2018.12.13-02.40.07:486][ 40]LogModuleManager: Shutting down and abandoning module SceneDepthPickerMode (592)
[2018.12.13-02.40.07:486][ 40]LogModuleManager: Shutting down and abandoning module ActorPickerMode (590)
[2018.12.13-02.40.07:486][ 40]LogModuleManager: Shutting down and abandoning module GeometryMode (588)
[2018.12.13-02.40.07:486][ 40]LogModuleManager: Shutting down and abandoning module TextureAlignMode (586)
[2018.12.13-02.40.07:486][ 40]LogModuleManager: Shutting down and abandoning module BspMode (584)
[2018.12.13-02.40.07:486][ 40]LogModuleManager: Shutting down and abandoning module PIEPreviewDeviceProfileSelector (582)
[2018.12.13-02.40.07:487][ 40]LogModuleManager: Shutting down and abandoning module SequenceRecorderSections (580)
[2018.12.13-02.40.07:487][ 40]LogModuleManager: Shutting down and abandoning module AutomationWorker (578)
[2018.12.13-02.40.07:487][ 40]LogModuleManager: Shutting down and abandoning module AudioCaptureEditor (576)
[2018.12.13-02.40.07:488][ 40]LogModuleManager: Shutting down and abandoning module SequenceRecorder (575)
[2018.12.13-02.40.07:488][ 40]LogModuleManager: Shutting down and abandoning module MatineeToLevelSequence (572)
[2018.12.13-02.40.07:489][ 40]LogModuleManager: Shutting down and abandoning module LevelSequenceEditor (570)
[2018.12.13-02.40.07:492][ 40]LogModuleManager: Shutting down and abandoning module PlacementMode (569)
[2018.12.13-02.40.07:492][ 40]LogModuleManager: Shutting down and abandoning module MaterialEditor (568)
[2018.12.13-02.40.07:494][ 40]LogModuleManager: Shutting down and abandoning module WmfMediaFactory (564)
[2018.12.13-02.40.07:494][ 40]LogModuleManager: Shutting down and abandoning module WmfMediaEditor (562)
[2018.12.13-02.40.07:494][ 40]LogModuleManager: Shutting down and abandoning module MediaPlayerEditor (560)
[2018.12.13-02.40.07:494][ 40]LogModuleManager: Shutting down and abandoning module OpenExrWrapper (558)
[2018.12.13-02.40.07:494][ 40]LogModuleManager: Shutting down and abandoning module ImgMediaFactory (556)
[2018.12.13-02.40.07:494][ 40]LogModuleManager: Shutting down and abandoning module ImgMediaEditor (554)
[2018.12.13-02.40.07:494][ 40]LogModuleManager: Shutting down and abandoning module AvfMediaFactory (552)
[2018.12.13-02.40.07:494][ 40]LogModuleManager: Shutting down and abandoning module AvfMediaEditor (550)
[2018.12.13-02.40.07:495][ 40]LogModuleManager: Shutting down and abandoning module AndroidMediaFactory (548)
[2018.12.13-02.40.07:495][ 40]LogModuleManager: Shutting down and abandoning module AndroidMediaEditor (546)
[2018.12.13-02.40.07:495][ 40]LogModuleManager: Shutting down and abandoning module MagicLeapCameraPreviewFactory (544)
[2018.12.13-02.40.07:495][ 40]LogModuleManager: Shutting down and abandoning module MagicLeapMediaFactory (542)
[2018.12.13-02.40.07:495][ 40]LogModuleManager: Shutting down and abandoning module MagicLeapMediaEditor (540)
[2018.12.13-02.40.07:495][ 40]LogModuleManager: Shutting down and abandoning module CharacterAI (538)
[2018.12.13-02.40.07:495][ 40]LogModuleManager: Shutting down and abandoning module SmartSnapping (536)
[2018.12.13-02.40.07:495][ 40]LogModuleManager: Shutting down and abandoning module SessionServices (534)
[2018.12.13-02.40.07:495][ 40]LogModuleManager: Shutting down and abandoning module ViewportSnapping (532)
[2018.12.13-02.40.07:495][ 40]LogModuleManager: Shutting down and abandoning module ViewportInteraction (530)
[2018.12.13-02.40.07:495][ 40]LogModuleManager: Shutting down and abandoning module ClothPainter (528)
[2018.12.13-02.40.07:496][ 40]LogModuleManager: Shutting down and abandoning module SkeletalMeshEditor (527)
[2018.12.13-02.40.07:497][ 40]LogModuleManager: Shutting down and abandoning module LogVisualizer (524)
[2018.12.13-02.40.07:499][ 40]LogModuleManager: Shutting down and abandoning module IntroTutorials (522)
[2018.12.13-02.40.07:500][ 40]LogModuleManager: Shutting down and abandoning module GameProjectGeneration (521)
[2018.12.13-02.40.07:501][ 40]LogModuleManager: Shutting down and abandoning module LuminPlatformEditor (518)
[2018.12.13-02.40.07:501][ 40]LogModuleManager: Shutting down and abandoning module IOSPlatformEditor (516)
[2018.12.13-02.40.07:502][ 40]LogModuleManager: Shutting down and abandoning module HTML5PlatformEditor (514)
[2018.12.13-02.40.07:502][ 40]LogModuleManager: Shutting down and abandoning module AndroidPlatformEditor (512)
[2018.12.13-02.40.07:502][ 40]LogModuleManager: Shutting down and abandoning module AndroidDeviceDetection (511)
[2018.12.13-02.40.07:585][ 40]LogModuleManager: Shutting down and abandoning module WindowsPlatformEditor (508)
[2018.12.13-02.40.07:585][ 40]LogModuleManager: Shutting down and abandoning module LuminRuntimeSettings (506)
[2018.12.13-02.40.07:585][ 40]LogModuleManager: Shutting down and abandoning module IOSRuntimeSettings (504)
[2018.12.13-02.40.07:585][ 40]LogModuleManager: Shutting down and abandoning module AndroidRuntimeSettings (502)
[2018.12.13-02.40.07:585][ 40]LogModuleManager: Shutting down and abandoning module InputBindingEditor (500)
[2018.12.13-02.40.07:586][ 40]LogModuleManager: Shutting down and abandoning module MergeActors (498)
[2018.12.13-02.40.07:586][ 40]LogModuleManager: Shutting down and abandoning module LocalizationDashboard (496)
[2018.12.13-02.40.07:587][ 40]LogModuleManager: Shutting down and abandoning module LocalizationService (495)
[2018.12.13-02.40.07:587][ 40]LogModuleManager: Shutting down and abandoning module HardwareTargeting (492)
[2018.12.13-02.40.07:587][ 40]LogModuleManager: Shutting down and abandoning module DeviceProfileEditor (490)
[2018.12.13-02.40.07:588][ 40]LogModuleManager: Shutting down and abandoning module UndoHistory (488)
[2018.12.13-02.40.07:588][ 40]LogModuleManager: Shutting down and abandoning module XmlParser (486)
[2018.12.13-02.40.07:588][ 40]LogModuleManager: Shutting down and abandoning module Blutility (484)
[2018.12.13-02.40.07:588][ 40]LogModuleManager: Shutting down and abandoning module ProjectSettingsViewer (482)
[2018.12.13-02.40.07:589][ 40]LogModuleManager: Shutting down and abandoning module ProjectTargetPlatformEditor (481)
[2018.12.13-02.40.07:589][ 40]LogModuleManager: Shutting down and abandoning module EditorSettingsViewer (478)
[2018.12.13-02.40.07:590][ 40]LogModuleManager: Shutting down and abandoning module SettingsEditor (476)
[2018.12.13-02.40.07:591][ 40]LogModuleManager: Shutting down and abandoning module ProjectLauncher (474)
[2018.12.13-02.40.07:592][ 40]LogModuleManager: Shutting down and abandoning module SessionFrontend (472)
[2018.12.13-02.40.07:592][ 40]LogModuleManager: Shutting down and abandoning module ProfilerClient (470)
[2018.12.13-02.40.07:592][ 40]LogModuleManager: Shutting down and abandoning module DeviceManager (468)
[2018.12.13-02.40.07:593][ 40]LogModuleManager: Shutting down and abandoning module TargetDeviceServices (467)
[2018.12.13-02.40.07:647][ 40]LogModuleManager: Shutting down and abandoning module AutomationController (464)
[2018.12.13-02.40.07:647][ 40]LogModuleManager: Shutting down and abandoning module AutomationWindow (462)
[2018.12.13-02.40.07:648][ 40]LogModuleManager: Shutting down and abandoning module Layers (460)
[2018.12.13-02.40.07:650][ 40]LogModuleManager: Shutting down and abandoning module ComponentVisualizers (458)
[2018.12.13-02.40.07:650][ 40]LogModuleManager: Shutting down and abandoning module DetailCustomizations (456)
[2018.12.13-02.40.07:651][ 40]LogModuleManager: Shutting down and abandoning module PackagesDialog (454)
[2018.12.13-02.40.07:651][ 40]LogModuleManager: Shutting down and abandoning module Persona (452)
[2018.12.13-02.40.07:653][ 40]LogModuleManager: Shutting down and abandoning module AdvancedPreviewScene (451)
[2018.12.13-02.40.07:653][ 40]LogModuleManager: Shutting down and abandoning module AnimGraph (449)
[2018.12.13-02.40.07:653][ 40]LogModuleManager: Shutting down and abandoning module Kismet (446)
[2018.12.13-02.40.07:656][ 40]LogModuleManager: Shutting down and abandoning module GraphEditor (444)
[2018.12.13-02.40.07:657][ 40]LogModuleManager: Shutting down and abandoning module ClassViewer (442)
[2018.12.13-02.40.07:658][ 40]LogModuleManager: Shutting down and abandoning module Toolbox (440)
[2018.12.13-02.40.07:658][ 40]LogModuleManager: Shutting down and abandoning module DesktopPlatform (439)
[2018.12.13-02.40.07:658][ 40]LogModuleManager: Shutting down and abandoning module ModuleUI (436)
[2018.12.13-02.40.07:658][ 40]LogModuleManager: Shutting down and abandoning module MovieSceneTools (434)
[2018.12.13-02.40.07:660][ 40]LogModuleManager: Shutting down and abandoning module OutputLog (432)
[2018.12.13-02.40.07:660][ 40]LogModuleManager: Shutting down and abandoning module GammaUI (430)
[2018.12.13-02.40.07:660][ 40]LogModuleManager: Shutting down and abandoning module Documentation (428)
[2018.12.13-02.40.07:660][ 40]LogModuleManager: Shutting down and abandoning module MovieSceneTracks (426)
[2018.12.13-02.40.07:660][ 40]LogModuleManager: Shutting down and abandoning module MovieScene (424)
[2018.12.13-02.40.07:660][ 40]LogModuleManager: Shutting down and abandoning module StreamingPauseRendering (422)
[2018.12.13-02.40.07:660][ 40]LogModuleManager: Shutting down and abandoning module LauncherPlatform (420)
[2018.12.13-02.40.07:660][ 40]LogModuleManager: Shutting down and abandoning module AnalyticsET (418)
[2018.12.13-02.40.07:660][ 40]LogModuleManager: Shutting down and abandoning module PortalServices (416)
[2018.12.13-02.40.07:660][ 40]LogModuleManager: Shutting down and abandoning module PortalRpc (414)
[2018.12.13-02.40.07:660][ 40]LogModuleManager: Shutting down and abandoning module MessagingRpc (412)
[2018.12.13-02.40.07:660][ 40]LogModuleManager: Shutting down and abandoning module AIModule (410)
[2018.12.13-02.40.07:661][ 40]LogModuleManager: Shutting down and abandoning module GameplayDebugger (409)
[2018.12.13-02.40.07:661][ 40]LogModuleManager: Shutting down and abandoning module AITestSuite (407)
[2018.12.13-02.40.07:661][ 40]LogModuleManager: Shutting down and abandoning module NavigationSystem (405)
[2018.12.13-02.40.07:661][ 40]LogModuleManager: Shutting down and abandoning module ProfilerService (402)
[2018.12.13-02.40.07:900][ 40]LogModuleManager: Shutting down and abandoning module TaskGraph (400)
[2018.12.13-02.40.07:901][ 40]LogModuleManager: Shutting down and abandoning module SteamVRController (398)
[2018.12.13-02.40.07:901][ 40]LogModuleManager: Shutting down and abandoning module ProceduralMeshComponentEditor (396)
[2018.12.13-02.40.07:901][ 40]LogModuleManager: Shutting down and abandoning module ProceduralMeshComponent (394)
[2018.12.13-02.40.07:901][ 40]LogModuleManager: Shutting down and abandoning module OculusInput (392)
[2018.12.13-02.40.07:901][ 40]LogModuleManager: Shutting down and abandoning module MobilePatchingUtils (390)
[2018.12.13-02.40.07:901][ 40]LogModuleManager: Shutting down and abandoning module EditableMesh (388)
[2018.12.13-02.40.07:901][ 40]LogModuleManager: Shutting down and abandoning module CustomMeshComponent (386)
[2018.12.13-02.40.07:901][ 40]LogModuleManager: Shutting down and abandoning module CableComponent (384)
[2018.12.13-02.40.07:901][ 40]LogModuleManager: Shutting down and abandoning module AudioCapture (382)
[2018.12.13-02.40.07:901][ 40]LogModuleManager: Shutting down and abandoning module ArchVisCharacter (380)
[2018.12.13-02.40.07:901][ 40]LogModuleManager: Shutting down and abandoning module AndroidPermission (378)
[2018.12.13-02.40.07:901][ 40]LogModuleManager: Shutting down and abandoning module NUTUnrealEngine4 (376)
[2018.12.13-02.40.07:901][ 40]LogModuleManager: Shutting down and abandoning module NetcodeUnitTest (374)
[2018.12.13-02.40.07:902][ 40]LogModuleManager: Shutting down and abandoning module MediaCompositingEditor (372)
[2018.12.13-02.40.07:904][ 40]LogModuleManager: Shutting down and abandoning module MediaCompositing (370)
[2018.12.13-02.40.07:904][ 40]LogModuleManager: Shutting down and abandoning module LinearTimecode (368)
[2018.12.13-02.40.07:904][ 40]LogModuleManager: Shutting down and abandoning module ImgMedia (366)
[2018.12.13-02.40.07:909][ 40]LogModuleManager: Shutting down and abandoning module HTML5Networking (364)
[2018.12.13-02.40.07:909][ 40]LogModuleManager: Shutting down and abandoning module GeometryCacheTracks (362)
[2018.12.13-02.40.07:909][ 40]LogModuleManager: Shutting down and abandoning module GeometryCacheSequencer (360)
[2018.12.13-02.40.07:909][ 40]LogModuleManager: Shutting down and abandoning module BackChannel (358)
[2018.12.13-02.40.07:909][ 40]LogModuleManager: Shutting down and abandoning module AppleVision (356)
[2018.12.13-02.40.07:909][ 40]LogModuleManager: Shutting down and abandoning module AppleImageUtils (354)
[2018.12.13-02.40.07:909][ 40]LogModuleManager: Shutting down and abandoning module AlembicImporter (352)
[2018.12.13-02.40.07:909][ 40]LogModuleManager: Shutting down and abandoning module AlembicLibrary (351)
[2018.12.13-02.40.07:909][ 40]LogModuleManager: Shutting down and abandoning module GeometryCache (350)
[2018.12.13-02.40.07:909][ 40]LogModuleManager: Shutting down and abandoning module GeometryCacheEd (349)
[2018.12.13-02.40.07:909][ 40]LogModuleManager: Shutting down and abandoning module DatasmithContentEditor (344)
[2018.12.13-02.40.07:910][ 40]LogModuleManager: Shutting down and abandoning module DatasmithContent (342)
[2018.12.13-02.40.07:911][ 40]LogModuleManager: Shutting down and abandoning module SpeedTreeImporter (340)
[2018.12.13-02.40.07:911][ 40]LogModuleManager: Shutting down and abandoning module PluginBrowser (338)
[2018.12.13-02.40.07:917][ 40]LogModuleManager: Shutting down and abandoning module MobileLauncherProfileWizard (336)
[2018.12.13-02.40.07:918][ 40]LogModuleManager: Shutting down and abandoning module PolygonModeling (334)
[2018.12.13-02.40.07:918][ 40]LogModuleManager: Shutting down and abandoning module MeshEditor (332)
[2018.12.13-02.40.07:918][ 40]LogModuleManager: Shutting down and abandoning module CryptoKeysOpenSSL (330)
[2018.12.13-02.40.07:918][ 40]LogModuleManager: Shutting down and abandoning module CryptoKeys (328)
[2018.12.13-02.40.07:918][ 40]LogModuleManager: Shutting down and abandoning module VisualStudioSourceCodeAccess (326)
[2018.12.13-02.40.07:918][ 40]LogModuleManager: Shutting down and abandoning module VisualStudioCodeSourceCodeAccess (324)
[2018.12.13-02.40.07:918][ 40]LogModuleManager: Shutting down and abandoning module UObjectPlugin (322)
[2018.12.13-02.40.07:918][ 40]LogModuleManager: Shutting down and abandoning module SubversionSourceControl (320)
[2018.12.13-02.40.07:918][ 40]LogModuleManager: Shutting down and abandoning module PerforceSourceControl (318)
[2018.12.13-02.40.07:918][ 40]LogModuleManager: Shutting down and abandoning module GitSourceControl (316)
[2018.12.13-02.40.07:922][ 40]LogModuleManager: Shutting down and abandoning module SourceControl (315)
[2018.12.13-02.40.07:922][ 40]LogModuleManager: Shutting down and abandoning module CLionSourceCodeAccess (312)
[2018.12.13-02.40.07:922][ 40]LogModuleManager: Shutting down and abandoning module LightPropagationVolumeEditor (310)
[2018.12.13-02.40.07:923][ 40]LogModuleManager: Shutting down and abandoning module PaperTiledImporter (308)
[2018.12.13-02.40.07:923][ 40]LogModuleManager: Shutting down and abandoning module PaperSpriteSheetImporter (306)
[2018.12.13-02.40.07:923][ 40]LogModuleManager: Shutting down and abandoning module Paper2DEditor (304)
[2018.12.13-02.40.07:926][ 40]LogModuleManager: Shutting down and abandoning module MeshPaint (303)
[2018.12.13-02.40.07:926][ 40]LogModuleManager: Shutting down and abandoning module RuntimePhysXCooking (298)
[2018.12.13-02.40.07:926][ 40]LogModuleManager: Shutting down and abandoning module PhysXVehiclesEditor (296)
[2018.12.13-02.40.07:926][ 40]LogModuleManager: Shutting down and abandoning module PhysXVehicles (294)
[2018.12.13-02.40.07:926][ 40]LogModuleManager: Shutting down and abandoning module OculusEditor (292)
[2018.12.13-02.40.07:927][ 40]LogModuleManager: Shutting down and abandoning module LocationServicesBPLibrary (290)
[2018.12.13-02.40.07:927][ 40]LogModuleManager: Shutting down and abandoning module ImmediatePhysicsEditor (288)
[2018.12.13-02.40.07:927][ 40]LogModuleManager: Shutting down and abandoning module ImmediatePhysics (286)
[2018.12.13-02.40.07:927][ 40]LogModuleManager: Shutting down and abandoning module ActorSequence (284)
[2018.12.13-02.40.07:927][ 40]LogModuleManager: Shutting down and abandoning module UdpMessaging (282)
[2018.12.13-02.40.08:028][ 40]LogModuleManager: Shutting down and abandoning module TcpMessaging (280)
[2018.12.13-02.40.08:129][ 40]LogModuleManager: Shutting down and abandoning module MagicLeapAudio (278)
[2018.12.13-02.40.08:129][ 40]LogModuleManager: Shutting down and abandoning module GameplayTagsEditor (276)
[2018.12.13-02.40.08:129][ 40]LogModuleManager: Shutting down and abandoning module FacialAnimationEditor (274)
[2018.12.13-02.40.08:129][ 40]LogModuleManager: Shutting down and abandoning module FacialAnimation (272)
[2018.12.13-02.40.08:130][ 40]LogModuleManager: Shutting down and abandoning module DataValidation (270)
[2018.12.13-02.40.08:130][ 40]LogModuleManager: Shutting down and abandoning module AssetManagerEditor (268)
[2018.12.13-02.40.08:130][ 40]LogModuleManager: Shutting down and abandoning module LevelEditor (267)
[2018.12.13-02.40.08:137][ 40]LogModuleManager: Shutting down and abandoning module PixelInspectorModule (266)
[2018.12.13-02.40.08:138][ 40]LogModuleManager: Shutting down and abandoning module CommonMenuExtensions (264)
[2018.12.13-02.40.08:139][ 40]LogModuleManager: Shutting down and abandoning module MainFrame (262)
[2018.12.13-02.40.08:139][ 40]LogModuleManager: Shutting down and abandoning module HotReload (261)
[2018.12.13-02.40.08:141][ 40]LogModuleManager: Shutting down and abandoning module ContentBrowser (257)
[2018.12.13-02.40.08:143][ 40]LogModuleManager: Shutting down and abandoning module TreeMap (255)
[2018.12.13-02.40.08:143][ 40]LogModuleManager: Shutting down and abandoning module LightPropagationVolumeRuntime (252)
[2018.12.13-02.40.08:143][ 40]LogModuleManager: Shutting down and abandoning module AISupportModule (250)
[2018.12.13-02.40.08:143][ 40]LogModuleManager: Shutting down and abandoning module Paper2D (248)
[2018.12.13-02.40.08:143][ 40]LogModuleManager: Shutting down and abandoning module WindowsMoviePlayer (246)
[2018.12.13-02.40.08:143][ 40]LogModuleManager: Shutting down and abandoning module WmfMedia (244)
[2018.12.13-02.40.08:145][ 40]LogModuleManager: Shutting down and abandoning module Media (243)
[2018.12.13-02.40.08:153][ 40]LogModuleManager: Shutting down and abandoning module PacketHandler (240)
[2018.12.13-02.40.08:153][ 40]LogModuleManager: Shutting down and abandoning module ClothingSystemEditor (238)
[2018.12.13-02.40.08:153][ 40]LogModuleManager: Shutting down and abandoning module ClothingSystemRuntime (236)
[2018.12.13-02.40.08:153][ 40]LogModuleManager: Shutting down and abandoning module MediaAssets (234)
[2018.12.13-02.40.08:153][ 40]LogModuleManager: Shutting down and abandoning module Overlay (232)
[2018.12.13-02.40.08:153][ 40]LogModuleManager: Shutting down and abandoning module OverlayEditor (231)
[2018.12.13-02.40.08:153][ 40]LogModuleManager: Shutting down and abandoning module VREditor (228)
[2018.12.13-02.40.08:153][ 40]LogModuleManager: Shutting down and abandoning module StringTableEditor (226)
[2018.12.13-02.40.08:153][ 40]LogModuleManager: Shutting down and abandoning module GameplayTasksEditor (224)
[2018.12.13-02.40.08:153][ 40]LogModuleManager: Shutting down and abandoning module BehaviorTreeEditor (222)
[2018.12.13-02.40.08:153][ 40]LogModuleManager: Shutting down and abandoning module FunctionalTesting (220)
[2018.12.13-02.40.08:153][ 40]LogModuleManager: Shutting down and abandoning module CollisionAnalyzer (218)
[2018.12.13-02.40.08:153][ 40]LogModuleManager: Shutting down and abandoning module WorkspaceMenuStructure (217)
[2018.12.13-02.40.08:154][ 40]LogModuleManager: Shutting down and abandoning module UMG (214)
[2018.12.13-02.40.08:155][ 40]LogModuleManager: Shutting down and abandoning module UMGEditor (213)
[2018.12.13-02.40.08:155][ 40]LogModuleManager: Shutting down and abandoning module Sequencer (212)
[2018.12.13-02.40.08:156][ 40]LogModuleManager: Shutting down and abandoning module MessageLog (209)
[2018.12.13-02.40.08:156][ 40]LogModuleManager: Shutting down and abandoning module SlateReflector (204)
[2018.12.13-02.40.08:156][ 40]LogModuleManager: Shutting down and abandoning module Slate (202)
[2018.12.13-02.40.08:156][ 40]LogModuleManager: Shutting down and abandoning module EditorStyle (200)
[2018.12.13-02.40.08:160][ 40]LogModuleManager: Shutting down and abandoning module MRMesh (198)
[2018.12.13-02.40.08:160][ 40]LogModuleManager: Shutting down and abandoning module SourceCodeAccess (196)
[2018.12.13-02.40.08:161][ 40]LogModuleManager: Shutting down and abandoning module HeadMountedDisplay (194)
[2018.12.13-02.40.08:161][ 40]LogModuleManager: Shutting down and abandoning module XAudio2 (192)
[2018.12.13-02.40.08:161][ 40]LogModuleManager: Shutting down and abandoning module Networking (190)
[2018.12.13-02.40.08:161][ 40]LogModuleManager: Shutting down and abandoning module Core (188)
[2018.12.13-02.40.08:161][ 40]LogModuleManager: Shutting down and abandoning module LevelSequence (186)
[2018.12.13-02.40.08:161][ 40]LogModuleManager: Shutting down and abandoning module KismetCompiler (184)
[2018.12.13-02.40.08:161][ 40]LogModuleManager: Shutting down and abandoning module MeshUtilities (182)
[2018.12.13-02.40.08:161][ 40]LogModuleManager: Shutting down and abandoning module MeshMergeUtilities (181)
[2018.12.13-02.40.08:161][ 40]LogModuleManager: Shutting down and abandoning module MeshReductionInterface (180)
[2018.12.13-02.40.08:161][ 40]LogModuleManager: Shutting down and abandoning module SimplygonSwarm (179)
[2018.12.13-02.40.08:161][ 40]LogModuleManager: Shutting down and abandoning module ProxyLODMeshReduction (177)
[2018.12.13-02.40.08:161][ 40]LogModuleManager: Shutting down and abandoning module SimplygonMeshReduction (175)
[2018.12.13-02.40.08:161][ 40]LogModuleManager: Shutting down and abandoning module QuadricMeshReduction (173)
[2018.12.13-02.40.08:161][ 40]LogModuleManager: Shutting down and abandoning module MaterialBaking (169)
[2018.12.13-02.40.08:161][ 40]LogModuleManager: Shutting down and abandoning module DirectoryWatcher (165)
[2018.12.13-02.40.08:163][ 40]LogModuleManager: Shutting down and abandoning module DerivedDataCache (162)
[2018.12.13-02.40.08:183][ 40]LogDerivedDataCache: Shutdown
[2018.12.13-02.40.08:184][ 40]LogModuleManager: Shutting down and abandoning module XGEController (160)
[2018.12.13-02.40.08:184][ 40]LogModuleManager: Shutting down and abandoning module TargetPlatform (158)
[2018.12.13-02.40.08:184][ 40]LogModuleManager: Shutting down and abandoning module VulkanShaderFormat (157)
[2018.12.13-02.40.08:184][ 40]LogModuleManager: Shutting down and abandoning module ShaderFormatVectorVM (155)
[2018.12.13-02.40.08:184][ 40]LogModuleManager: Shutting down and abandoning module ShaderFormatOpenGL (153)
[2018.12.13-02.40.08:184][ 40]LogModuleManager: Shutting down and abandoning module ShaderFormatD3D (151)
[2018.12.13-02.40.08:184][ 40]LogModuleManager: Shutting down and abandoning module MetalShaderFormat (149)
[2018.12.13-02.40.08:184][ 40]LogModuleManager: Shutting down and abandoning module TextureFormatUncompressed (147)
[2018.12.13-02.40.08:184][ 40]LogModuleManager: Shutting down and abandoning module TextureFormatPVR (145)
[2018.12.13-02.40.08:184][ 40]LogModuleManager: Shutting down and abandoning module TextureFormatDXT (143)
[2018.12.13-02.40.08:185][ 40]LogModuleManager: Shutting down and abandoning module TextureFormatIntelISPCTexComp (141)
[2018.12.13-02.40.08:185][ 40]LogModuleManager: Shutting down and abandoning module TextureFormatASTC (139)
[2018.12.13-02.40.08:185][ 40]LogModuleManager: Shutting down and abandoning module ImageWrapper (138)
[2018.12.13-02.40.08:185][ 40]LogModuleManager: Shutting down and abandoning module TextureFormatAndroid (135)
[2018.12.13-02.40.08:185][ 40]LogModuleManager: Shutting down and abandoning module AudioFormatOpus (133)
[2018.12.13-02.40.08:185][ 40]LogModuleManager: Shutting down and abandoning module AudioFormatOgg (131)
[2018.12.13-02.40.08:185][ 40]LogModuleManager: Shutting down and abandoning module AudioFormatADPCM (129)
[2018.12.13-02.40.08:185][ 40]LogModuleManager: Shutting down and abandoning module LuminTargetPlatform (127)
[2018.12.13-02.40.08:185][ 40]LogModuleManager: Shutting down and abandoning module LinuxTargetPlatform (125)
[2018.12.13-02.40.08:186][ 40]LogModuleManager: Shutting down and abandoning module LinuxServerTargetPlatform (123)
[2018.12.13-02.40.08:186][ 40]LogModuleManager: Shutting down and abandoning module LinuxNoEditorTargetPlatform (121)
[2018.12.13-02.40.08:187][ 40]LogModuleManager: Shutting down and abandoning module LinuxClientTargetPlatform (119)
[2018.12.13-02.40.08:187][ 40]LogModuleManager: Shutting down and abandoning module TVOSTargetPlatform (117)
[2018.12.13-02.40.08:206][ 40]LogModuleManager: Shutting down and abandoning module Messaging (115)
[2018.12.13-02.40.08:206][ 40]LogModuleManager: Shutting down and abandoning module IOSTargetPlatform (113)
[2018.12.13-02.40.08:215][ 40]LogModuleManager: Shutting down and abandoning module HTML5TargetPlatform (111)
[2018.12.13-02.40.08:215][ 40]LogModuleManager: Shutting down and abandoning module AndroidTargetPlatform (109)
[2018.12.13-02.40.08:272][ 40]LogModuleManager: Shutting down and abandoning module WindowsTargetPlatform (107)
[2018.12.13-02.40.08:272][ 40]LogModuleManager: Shutting down and abandoning module WindowsServerTargetPlatform (105)
[2018.12.13-02.40.08:272][ 40]LogModuleManager: Shutting down and abandoning module WindowsNoEditorTargetPlatform (103)
[2018.12.13-02.40.08:272][ 40]LogModuleManager: Shutting down and abandoning module WindowsClientTargetPlatform (101)
[2018.12.13-02.40.08:272][ 40]LogModuleManager: Shutting down and abandoning module MacTargetPlatform (99)
[2018.12.13-02.40.08:272][ 40]LogModuleManager: Shutting down and abandoning module MacServerTargetPlatform (97)
[2018.12.13-02.40.08:272][ 40]LogModuleManager: Shutting down and abandoning module MacNoEditorTargetPlatform (95)
[2018.12.13-02.40.08:273][ 40]LogModuleManager: Shutting down and abandoning module MacClientTargetPlatform (93)
[2018.12.13-02.40.08:273][ 40]LogModuleManager: Shutting down and abandoning module AllDesktopTargetPlatform (91)
[2018.12.13-02.40.08:273][ 40]LogModuleManager: Shutting down and abandoning module InputCore (88)
[2018.12.13-02.40.08:273][ 40]LogModuleManager: Shutting down and abandoning module Settings (86)
[2018.12.13-02.40.08:273][ 40]LogModuleManager: Shutting down and abandoning module PhysXCooking (84)
[2018.12.13-02.40.08:273][ 40]LogModuleManager: Shutting down and abandoning module SteamVR (82)
[2018.12.13-02.40.08:273][ 40]LogModuleManager: Shutting down and abandoning module OculusHMD (80)
[2018.12.13-02.40.08:273][ 40]LogModuleManager: Shutting down and abandoning module ExampleDeviceProfileSelector (78)
[2018.12.13-02.40.08:273][ 40]LogModuleManager: Shutting down and abandoning module LauncherChunkInstaller (76)
[2018.12.13-02.40.08:273][ 40]LogModuleManager: Shutting down and abandoning module OnlineBlueprintSupport (74)
[2018.12.13-02.40.08:273][ 40]LogModuleManager: Shutting down and abandoning module OnlineSubsystem (70)
[2018.12.13-02.40.08:274][ 40]LogModuleManager: Shutting down and abandoning module XMPP (65)
[2018.12.13-02.40.08:274][ 40]LogModuleManager: Shutting down and abandoning module WebSockets (64)
[2018.12.13-02.40.08:284][ 40]LogModuleManager: Shutting down and abandoning module HTTP (61)
[2018.12.13-02.40.08:284][ 40]LogHttp: Display: Http module shutting down, but needs to wait on 1 outstanding Http requests:
[2018.12.13-02.40.08:284][ 40]LogHttp: Display: 	verb=[POST] url=[https://datarouter.ol.epicgames.com/datarouter/api/v1/public/data?SessionID=%7B10DB4F06-4824-595C-6041-B783C58C8FDA%7D&AppID=UEEditor.Rocket.Release&AppVersion=4.20.3-4369336%2B%2B%2BUE4%2BRelease-4.20&UserID=1e51e6584cfdab19cc033a923e4d2e37%7Cf20972f491e24565a030c6afa01aa409%7C36b8a828-7a73-4478-a859-aadf467041c6&AppEnvironment=datacollector-binary&UploadType=eteventstream] status=Processing
[2018.12.13-02.40.08:305][ 40]LogModuleManager: Shutting down and abandoning module SSL (60)
[2018.12.13-02.40.08:307][ 40]LogModuleManager: Shutting down and abandoning module MagicLeapEmulator (56)
[2018.12.13-02.40.08:307][ 40]LogModuleManager: Shutting down and abandoning module MagicLeapPrivileges (54)
[2018.12.13-02.40.08:307][ 40]LogModuleManager: Shutting down and abandoning module MagicLeapIdentity (52)
[2018.12.13-02.40.08:307][ 40]LogModuleManager: Shutting down and abandoning module MagicLeapHelperVulkan (50)
[2018.12.13-02.40.08:307][ 40]LogModuleManager: Shutting down and abandoning module MagicLeapHelperOpenGL (48)
[2018.12.13-02.40.08:307][ 40]LogModuleManager: Shutting down and abandoning module MagicLeapSecureStorage (46)
[2018.12.13-02.40.08:307][ 40]LogModuleManager: Shutting down and abandoning module MagicLeapGestures (44)
[2018.12.13-02.40.08:307][ 40]LogModuleManager: Shutting down and abandoning module MagicLeapEyeTracker (42)
[2018.12.13-02.40.08:307][ 40]LogModuleManager: Shutting down and abandoning module MagicLeapController (40)
[2018.12.13-02.40.08:308][ 40]LogSlate: Slate User Destroyed.  User Index 0, Is Virtual User: 0
[2018.12.13-02.40.08:308][ 40]LogSlate: Slate User Destroyed.  User Index 1, Is Virtual User: 0
[2018.12.13-02.40.08:309][ 40]LogSlate: Slate User Destroyed.  User Index 2, Is Virtual User: 0
[2018.12.13-02.40.08:309][ 40]LogSlate: Slate User Destroyed.  User Index 3, Is Virtual User: 0
[2018.12.13-02.40.08:309][ 40]LogModuleManager: Shutting down and abandoning module MagicLeap (38)
[2018.12.13-02.40.08:309][ 40]LogModuleManager: Shutting down and abandoning module AnimationModifiers (36)
[2018.12.13-02.40.08:309][ 40]LogModuleManager: Shutting down and abandoning module PropertyEditor (35)
[2018.12.13-02.40.08:310][ 40]LogModuleManager: Shutting down and abandoning module AudioEditor (32)
[2018.12.13-02.40.08:310][ 40]LogModuleManager: Shutting down and abandoning module TextureCompressor (30)
[2018.12.13-02.40.08:310][ 40]LogModuleManager: Shutting down and abandoning module ShaderCore (28)
[2018.12.13-02.40.08:310][ 40]LogModuleManager: Shutting down and abandoning module Landscape (26)
[2018.12.13-02.40.08:311][ 40]LogModuleManager: Shutting down and abandoning module SlateRHIRenderer (24)
[2018.12.13-02.40.08:315][ 40]LogModuleManager: Shutting down and abandoning module OpenGLDrv (22)
[2018.12.13-02.40.08:315][ 40]LogModuleManager: Shutting down and abandoning module D3D11RHI (20)
[2018.12.13-02.40.08:315][ 40]LogModuleManager: Shutting down and abandoning module AnimGraphRuntime (18)
[2018.12.13-02.40.08:316][ 40]LogModuleManager: Shutting down and abandoning module Renderer (16)
[2018.12.13-02.40.08:316][ 40]LogModuleManager: Shutting down and abandoning module Engine (14)
[2018.12.13-02.40.08:316][ 40]LogModuleManager: Shutting down and abandoning module CoreUObject (12)
[2018.12.13-02.40.08:316][ 40]LogModuleManager: Shutting down and abandoning module NetworkFile (10)
[2018.12.13-02.40.08:316][ 40]LogModuleManager: Shutting down and abandoning module CookedIterativeFile (8)
[2018.12.13-02.40.08:316][ 40]LogModuleManager: Shutting down and abandoning module StreamingFile (6)
[2018.12.13-02.40.08:316][ 40]LogModuleManager: Shutting down and abandoning module SandboxFile (4)
[2018.12.13-02.40.08:316][ 40]LogModuleManager: Shutting down and abandoning module PakFile (2)
[2018.12.13-02.40.08:325][ 40]LogExit: Exiting.
[2018.12.13-02.40.08:370][ 40]Log file closed, 12/13/18 11:40:08
