Log file open, 12/09/18 22:09:56
LogWindows: Failed to load 'aqProf.dll' (GetLastError=126)
LogWindows: File 'aqProf.dll' does not exist
LogWindows: Failed to load 'VSPerf140.dll' (GetLastError=126)
LogWindows: File 'VSPerf140.dll' does not exist
LogWindows: Failed to load 'VtuneApi.dll' (GetLastError=126)
LogWindows: File 'VtuneApi.dll' does not exist
LogWindows: Failed to load 'VtuneApi32e.dll' (GetLastError=126)
LogWindows: File 'VtuneApi32e.dll' does not exist
LogInit: Display: Running engine for game: NetCuteGhost
LogPlatformFile: Not using cached read wrapper
LogTaskGraph: Started task graph with 5 named threads and 23 total threads with 3 sets of task threads.
LogStats: Stats thread started at 1.064710
LogD3D11RHI: Loaded GFSDK_Aftermath_Lib.x64.dll
LogICUInternationalization: Display: ICU TimeZone Detection - Raw Offset: +9:00, Platform Override: ''
LogPluginManager: Mounting plugin Paper2D
LogPluginManager: Mounting plugin AISupport
LogPluginManager: Mounting plugin LightPropagationVolume
LogPluginManager: Mounting plugin CLionSourceCodeAccess
LogPluginManager: Mounting plugin CodeLiteSourceCodeAccess
LogPluginManager: Mounting plugin GitSourceControl
LogPluginManager: Mounting plugin KDevelopSourceCodeAccess
LogPluginManager: Mounting plugin NullSourceCodeAccess
LogPluginManager: Mounting plugin PerforceSourceControl
LogPluginManager: Mounting plugin SubversionSourceControl
LogPluginManager: Mounting plugin UObjectPlugin
LogPluginManager: Mounting plugin VisualStudioCodeSourceCodeAccess
LogPluginManager: Mounting plugin VisualStudioSourceCodeAccess
LogPluginManager: Mounting plugin XCodeSourceCodeAccess
LogPluginManager: Mounting plugin AssetManagerEditor
LogPluginManager: Mounting plugin CryptoKeys
LogPluginManager: Mounting plugin DataValidation
LogPluginManager: Mounting plugin FacialAnimation
LogPluginManager: Mounting plugin GameplayTagsEditor
LogPluginManager: Mounting plugin MacGraphicsSwitching
LogPluginManager: Mounting plugin MeshEditor
LogPluginManager: Mounting plugin MobileLauncherProfileWizard
LogPluginManager: Mounting plugin PluginBrowser
LogPluginManager: Mounting plugin SpeedTreeImporter
LogPluginManager: Mounting plugin DatasmithContent
LogPluginManager: Mounting plugin AlembicImporter
LogPluginManager: Mounting plugin AppleImageUtils
LogPluginManager: Mounting plugin AppleVision
LogPluginManager: Mounting plugin BackChannel
LogPluginManager: Mounting plugin CharacterAI
LogPluginManager: Mounting plugin GeometryCache
LogPluginManager: Mounting plugin HTML5Networking
LogPluginManager: Mounting plugin ProxyLODPlugin
LogPluginManager: Mounting plugin MagicLeap
LogPluginManager: Mounting plugin MagicLeapEmulator
LogPluginManager: Mounting plugin MagicLeapMedia
LogPluginManager: Mounting plugin AndroidMedia
LogPluginManager: Mounting plugin AvfMedia
LogPluginManager: Mounting plugin ImgMedia
LogPluginManager: Mounting plugin LinearTimecode
LogPluginManager: Mounting plugin MediaCompositing
LogPluginManager: Mounting plugin MediaPlayerEditor
LogPluginManager: Mounting plugin WmfMedia
LogPluginManager: Mounting plugin TcpMessaging
LogPluginManager: Mounting plugin UdpMessaging
LogPluginManager: Mounting plugin ActorSequence
LogPluginManager: Mounting plugin LevelSequenceEditor
LogPluginManager: Mounting plugin MatineeToLevelSequence
LogPluginManager: Mounting plugin NetcodeUnitTest
LogPluginManager: Mounting plugin NUTUnrealEngine4
LogPluginManager: Mounting plugin OnlineSubsystemGooglePlay
LogPluginManager: Mounting plugin OnlineSubsystemIOS
LogPluginManager: Mounting plugin OnlineSubsystem
LogPluginManager: Mounting plugin OnlineSubsystemNull
LogPluginManager: Mounting plugin OnlineSubsystemUtils
LogPluginManager: Mounting plugin LauncherChunkInstaller
LogPluginManager: Mounting plugin AndroidDeviceProfileSelector
LogPluginManager: Mounting plugin AndroidMoviePlayer
LogPluginManager: Mounting plugin AndroidPermission
LogPluginManager: Mounting plugin AppleMoviePlayer
LogPluginManager: Mounting plugin ArchVisCharacter
LogPluginManager: Mounting plugin AudioCapture
LogPluginManager: Mounting plugin CableComponent
LogPluginManager: Mounting plugin CustomMeshComponent
LogPluginManager: Mounting plugin EditableMesh
LogPluginManager: Mounting plugin ExampleDeviceProfileSelector
LogPluginManager: Mounting plugin GoogleCloudMessaging
LogPluginManager: Mounting plugin ImmediatePhysics
LogPluginManager: Mounting plugin IOSDeviceProfileSelector
LogPluginManager: Mounting plugin LinuxDeviceProfileSelector
LogPluginManager: Mounting plugin LocationServicesBPLibrary
LogPluginManager: Mounting plugin MobilePatchingUtils
LogPluginManager: Mounting plugin OculusVR
LogPluginManager: Plugin shader directory ../../../Engine/Plugins/Runtime/Oculus/OculusVR/Shaders found
LogPluginManager: Mapping shader source directory ../../../Engine/Plugins/Runtime/Oculus/OculusVR/Shaders to virtual directory /Plugin/OculusVR
LogPluginManager: Mounting plugin PhysXVehicles
LogPluginManager: Mounting plugin ProceduralMeshComponent
LogPluginManager: Mounting plugin RuntimePhysXCooking
LogPluginManager: Mounting plugin SteamVR
LogPluginManager: Mounting plugin WindowsMoviePlayer
LogStreaming: Display: Took  0.418s to configure plugins.
LogInit: Using libcurl 7.55.1-DEV
LogInit:  - built for x86_64-pc-win32
LogInit:  - supports SSL with OpenSSL/1.0.2h
LogInit:  - supports HTTP deflate (compression) using libz 1.2.8
LogInit:  - other features:
LogInit:      CURL_VERSION_SSL
LogInit:      CURL_VERSION_LIBZ
LogInit:      CURL_VERSION_IPV6
LogInit:      CURL_VERSION_ASYNCHDNS
LogInit:      CURL_VERSION_LARGEFILE
LogInit:      CURL_VERSION_IDN
LogInit:  CurlRequestOptions (configurable via config and command line):
LogInit:  - bVerifyPeer = false  - Libcurl will NOT verify peer certificate
LogInit:  - bUseHttpProxy = false  - Libcurl will NOT use HTTP proxy
LogInit:  - bDontReuseConnections = false  - Libcurl will reuse connections
LogInit:  - CertBundlePath = nullptr  - Libcurl will use whatever was configured at build time.
LogInit:  - MaxHostConnections = 16  - Libcurl will limit the number of connections to a host
LogInit:  - LocalHostAddr = Default
LogInit:  - BufferSize = 65536
LogInit: WinSock: version 1.1 (2.2), MaxSocks=32767, MaxUdp=65467
LogInit: Build: ++UE4+Release-4.20-CL-4369336
LogInit: Engine Version: 4.20.3-4369336+++UE4+Release-4.20
LogInit: Compatible Engine Version: 4.20.0-4212847+++UE4+Release-4.20
LogInit: Net CL: 4212847
LogInit: OS: Windows 10 (), CPU: Intel(R) Core(TM) i7-6700HQ CPU @ 2.60GHz, GPU: Intel(R) HD Graphics 530
LogInit: Compiled (64-bit): Sep 17 2018 12:26:19
LogInit: Compiled with Visual C++: 19.13.26129.00
LogInit: Build Configuration: Development
LogInit: Branch Name: ++UE4+Release-4.20
LogInit: Command Line:  
LogInit: Base Directory: C:/Program Files (x86)/~Game/Epic Games/UE_4.20/Engine/Binaries/Win64/
LogInit: Installed Engine Build: 1
LogDevObjectVersion: Number of dev versions registered: 20
LogDevObjectVersion:   Dev-Blueprints (B0D832E4-1F89-4F0D-ACCF-7EB736FD4AA2): 10
LogDevObjectVersion:   Dev-Build (E1C64328-A22C-4D53-A36C-8E866417BD8C): 0
LogDevObjectVersion:   Dev-Core (375EC13C-06E4-48FB-B500-84F0262A717E): 2
LogDevObjectVersion:   Dev-Editor (E4B068ED-F494-42E9-A231-DA0B2E46BB41): 24
LogDevObjectVersion:   Dev-Framework (CFFC743F-43B0-4480-9391-14DF171D2073): 34
LogDevObjectVersion:   Dev-Mobile (B02B49B5-BB20-44E9-A304-32B752E40360): 2
LogDevObjectVersion:   Dev-Networking (A4E4105C-59A1-49B5-A7C5-40C4547EDFEE): 0
LogDevObjectVersion:   Dev-Online (39C831C9-5AE6-47DC-9A44-9C173E1C8E7C): 0
LogDevObjectVersion:   Dev-Physics (78F01B33-EBEA-4F98-B9B4-84EACCB95AA2): 0
LogDevObjectVersion:   Dev-Platform (6631380F-2D4D-43E0-8009-CF276956A95A): 0
LogDevObjectVersion:   Dev-Rendering (12F88B9F-8875-4AFC-A67C-D90C383ABD29): 26
LogDevObjectVersion:   Dev-Sequencer (7B5AE74C-D270-4C10-A958-57980B212A5A): 9
LogDevObjectVersion:   Dev-VR (D7296918-1DD6-4BDD-9DE2-64A83CC13884): 2
LogDevObjectVersion:   Dev-LoadTimes (C2A15278-BFE7-4AFE-6C17-90FF531DF755): 1
LogDevObjectVersion:   Private-Geometry (6EACA3D4-40EC-4CC1-B786-8BED09428FC5): 3
LogDevObjectVersion:   Dev-AnimPhys (29E575DD-E0A3-4627-9D10-D276232CDCEA): 17
LogDevObjectVersion:   Dev-ReflectionCapture (6B266CEC-1EC7-4B8F-A30B-E4D90942FC07): 1
LogDevObjectVersion:   Dev-Automation (0DF73D61-A23F-47EA-B727-89E90C41499A): 1
LogDevObjectVersion:   FortniteMain (601D1886-AC64-4F84-AA16-D3DE0DEAC7D6): 12
LogDevObjectVersion:   Dev-Enterprise (9DFFBCD6-494F-0158-E221-12823C92A888): 1
LogStreaming: Display: Took  0.002s to delete old logs.
LogInit: Presizing for max 8388607 objects, including 0 objects not considered by GC, pre-allocating 0 bytes for permanent pool.
LogInit: Object subsystem initialized
[2018.12.09-13.09.58:328][  0]LogInit: Selected Device Profile: [Windows]
[2018.12.09-13.09.58:328][  0]LogInit: Applying CVar settings loaded from the selected device profile: [Windows]
[2018.12.09-13.09.58:406][  0]LogHAL: Display: Platform has ~ 8 GB [8393322496 / 8589934592 / 8], which maps to Default [LargestMinGB=32, LargerMinGB=12, DefaultMinGB=8, SmallerMinGB=6, SmallestMinGB=0)
[2018.12.09-13.09.58:407][  0]LogInit: Setting Device Profile CVar: [[r.Vulkan.UseRealUBs:1]]
[2018.12.09-13.09.58:408][  0]LogInit: Going up to parent DeviceProfile []
[2018.12.09-13.09.58:428][  0]LogInit: Computer: DESKTOP-33J3PSK
[2018.12.09-13.09.58:428][  0]LogInit: User: Utsuho
[2018.12.09-13.09.58:428][  0]LogInit: CPU Page size=4096, Cores=4
[2018.12.09-13.09.58:428][  0]LogInit: High frequency timer resolution =2.531249 MHz
[2018.12.09-13.09.58:429][  0]LogMemory: Memory total: Physical=7.8GB (8GB approx)
[2018.12.09-13.09.58:429][  0]LogMemory: Platform Memory Stats for Windows
[2018.12.09-13.09.58:429][  0]LogMemory: Process Physical Memory: 99.31 MB used, 99.31 MB peak
[2018.12.09-13.09.58:429][  0]LogMemory: Process Virtual Memory: 91.01 MB used, 91.01 MB peak
[2018.12.09-13.09.58:429][  0]LogMemory: Physical Memory: 7351.68 MB used,  652.82 MB free, 8004.50 MB total
[2018.12.09-13.09.58:429][  0]LogMemory: Virtual Memory: 4645.04 MB used,  652.82 MB free, 134217728.00 MB total
[2018.12.09-13.09.59:116][  0]LogInit: Using OS detected language (ko-KR).
[2018.12.09-13.09.59:116][  0]LogInit: Using OS detected locale (ko-KR).
[2018.12.09-13.09.59:126][  0]LogTextLocalizationManager: No specific localization for 'ko-KR' exists, so the 'ko' localization will be used.
[2018.12.09-13.10.00:204][  0]LogStreaming: Display: Took  1.089s to InitEngineTextLocalization.
[2018.12.09-13.10.00:205][  0]LogInit: Setting process to per monitor DPI aware
[2018.12.09-13.10.00:535][  0]LogSlate: New Slate User Created.  User Index 0, Is Virtual User: 0
[2018.12.09-13.10.00:535][  0]LogSlate: Slate User Registered.  User Index 0, Is Virtual User: 0
[2018.12.09-13.10.08:375][  0]LogHMD: Failed to initialize OpenVR with code 110
[2018.12.09-13.10.08:375][  0]LogD3D11RHI: D3D11 adapters:
[2018.12.09-13.10.08:415][  0]LogD3D11RHI:    0. 'Intel(R) HD Graphics 530' (Feature Level 11_0)
[2018.12.09-13.10.08:415][  0]LogD3D11RHI:       128/0/4002 MB DedicatedVideo/DedicatedSystem/SharedSystem, Outputs:1, VendorId:0x8086
[2018.12.09-13.10.08:539][  0]LogD3D11RHI:    1. 'NVIDIA GeForce GTX 960M' (Feature Level 11_0)
[2018.12.09-13.10.08:539][  0]LogD3D11RHI:       1993/0/4002 MB DedicatedVideo/DedicatedSystem/SharedSystem, Outputs:1, VendorId:0x10de
[2018.12.09-13.10.08:547][  0]LogD3D11RHI:    2. 'Microsoft Basic Render Driver' (Feature Level 11_0)
[2018.12.09-13.10.08:547][  0]LogD3D11RHI:       0/0/4002 MB DedicatedVideo/DedicatedSystem/SharedSystem, Outputs:0, VendorId:0x1414
[2018.12.09-13.10.08:547][  0]LogD3D11RHI: Chosen D3D11 Adapter: 1
[2018.12.09-13.10.08:579][  0]LogD3D11RHI: Creating new Direct3DDevice
[2018.12.09-13.10.08:579][  0]LogD3D11RHI:     GPU DeviceId: 0x139b (for the marketing name, search the web for "GPU Device Id")
[2018.12.09-13.10.08:579][  0]LogWindows: EnumDisplayDevices:
[2018.12.09-13.10.08:580][  0]LogWindows:    0. 'Intel(R) HD Graphics 530' (P:1 D:1)
[2018.12.09-13.10.08:581][  0]LogWindows:    1. 'Intel(R) HD Graphics 530' (P:0 D:0)
[2018.12.09-13.10.08:585][  0]LogWindows:    2. 'Intel(R) HD Graphics 530' (P:0 D:0)
[2018.12.09-13.10.08:588][  0]LogWindows:    3. 'NVIDIA GeForce GTX 960M' (P:0 D:1)
[2018.12.09-13.10.08:590][  0]LogWindows:    4. 'NVIDIA GeForce GTX 960M' (P:0 D:0)
[2018.12.09-13.10.08:591][  0]LogWindows:    5. 'NVIDIA GeForce GTX 960M' (P:0 D:0)
[2018.12.09-13.10.08:592][  0]LogWindows:    6. 'NVIDIA GeForce GTX 960M' (P:0 D:0)
[2018.12.09-13.10.08:593][  0]LogWindows:    7. 'Mirage Driver' (P:0 D:0)
[2018.12.09-13.10.08:594][  0]LogWindows: DebugString: PrimaryIsNotTheChoosenAdapter PrimaryIsNotTheChoosenAdapter PrimaryIsNotTheChoosenAdapter GetVideoDriverDetailsInvalid PrimaryIsNotTheChoosenAdapter FoundDriverCount:4 
[2018.12.09-13.10.08:594][  0]LogD3D11RHI:     Adapter Name: NVIDIA GeForce GTX 960M
[2018.12.09-13.10.08:594][  0]LogD3D11RHI:   Driver Version: 353.54 (internal:10.18.13.5354, unified:353.54)
[2018.12.09-13.10.08:594][  0]LogD3D11RHI:      Driver Date: 7-13-2015
[2018.12.09-13.10.08:594][  0]LogRHI: Texture pool is 1395 MB (70% of 1993 MB)
[2018.12.09-13.10.08:643][  0]LogD3D11RHI: NvAPI_D3D_GetCurrentSLIState failed: 0xfffffff7
[2018.12.09-13.10.08:643][  0]LogD3D11RHI: Async texture creation enabled
[2018.12.09-13.10.08:685][  0]LogD3D11RHI: GPU Timing Frequency: 1000.000000 (Debug: 2 1)
[2018.12.09-13.10.08:703][  0]LogShaderCompilers: Guid format shader working directory is -39 characters bigger than the processId version (../../../../../../../Users/Utsuho/Desktop/General/ProjectSpace/CuteGhost/NetCuteGhost/Intermediate/Shaders/WorkingDirectory/30280/).
[2018.12.09-13.10.08:703][  0]LogShaderCompilers: Cleaned the shader compiler working directory 'C:/Users/Utsuho/AppData/Local/Temp/UnrealShaderWorkingDir/5DA963C74864BD74F2FD069CF5ADAFAB/'.
[2018.12.09-13.10.10:432][  0]LogTemp: Display: Loaded TP AllDesktopTargetPlatform
[2018.12.09-13.10.10:463][  0]LogTemp: Display: Loaded TP MacClientTargetPlatform
[2018.12.09-13.10.10:496][  0]LogTemp: Display: Loaded TP MacNoEditorTargetPlatform
[2018.12.09-13.10.10:531][  0]LogTemp: Display: Loaded TP MacServerTargetPlatform
[2018.12.09-13.10.10:577][  0]LogTemp: Display: Loaded TP MacTargetPlatform
[2018.12.09-13.10.10:613][  0]LogTemp: Display: Loaded TP WindowsClientTargetPlatform
[2018.12.09-13.10.10:646][  0]LogTemp: Display: Loaded TP WindowsNoEditorTargetPlatform
[2018.12.09-13.10.10:680][  0]LogTemp: Display: Loaded TP WindowsServerTargetPlatform
[2018.12.09-13.10.10:702][  0]LogTemp: Display: Loaded TP WindowsTargetPlatform
[2018.12.09-13.10.10:909][  0]LogTemp: Display: Loaded TP AndroidTargetPlatform
[2018.12.09-13.10.10:909][  0]LogTemp: Display: Loaded TP AndroidTargetPlatform
[2018.12.09-13.10.10:909][  0]LogTemp: Display: Loaded TP AndroidTargetPlatform
[2018.12.09-13.10.10:909][  0]LogTemp: Display: Loaded TP AndroidTargetPlatform
[2018.12.09-13.10.10:909][  0]LogTemp: Display: Loaded TP AndroidTargetPlatform
[2018.12.09-13.10.10:909][  0]LogTemp: Display: Loaded TP AndroidTargetPlatform
[2018.12.09-13.10.10:909][  0]LogTemp: Display: Loaded TP AndroidTargetPlatform
[2018.12.09-13.10.10:909][  0]LogTemp: Display: Loaded TP AndroidTargetPlatform
[2018.12.09-13.10.10:909][  0]LogTemp: Display: Loaded TP AndroidTargetPlatform
[2018.12.09-13.10.10:909][  0]LogTemp: Display: Loaded TP AndroidTargetPlatform
[2018.12.09-13.10.10:909][  0]LogTemp: Display: Loaded TP AndroidTargetPlatform
[2018.12.09-13.10.10:909][  0]LogTemp: Display: Loaded TP AndroidTargetPlatform
[2018.12.09-13.10.10:909][  0]LogTemp: Display: Loaded TP AndroidTargetPlatform
[2018.12.09-13.10.10:909][  0]LogTemp: Display: Loaded TP AndroidTargetPlatform
[2018.12.09-13.10.10:909][  0]LogTemp: Display: Loaded TP AndroidTargetPlatform
[2018.12.09-13.10.10:909][  0]LogTemp: Display: Loaded TP AndroidTargetPlatform
[2018.12.09-13.10.10:909][  0]LogTemp: Display: Loaded TP AndroidTargetPlatform
[2018.12.09-13.10.10:909][  0]LogTemp: Display: Loaded TP AndroidTargetPlatform
[2018.12.09-13.10.10:918][  0]LogTemp: Display: Loaded TP HTML5TargetPlatform
[2018.12.09-13.10.11:054][  0]LogTemp: Display: Loaded TP IOSTargetPlatform
[2018.12.09-13.10.11:054][  0]LogTemp: Display: Loaded TP IOSTargetPlatform
[2018.12.09-13.10.11:110][  0]LogTemp: Display: Loaded TP TVOSTargetPlatform
[2018.12.09-13.10.11:110][  0]LogTemp: Display: Loaded TP TVOSTargetPlatform
[2018.12.09-13.10.11:145][  0]LogTemp: Display: Loaded TP LinuxClientTargetPlatform
[2018.12.09-13.10.11:178][  0]LogTemp: Display: Loaded TP LinuxNoEditorTargetPlatform
[2018.12.09-13.10.11:212][  0]LogTemp: Display: Loaded TP LinuxServerTargetPlatform
[2018.12.09-13.10.11:274][  0]LogTemp: Display: Loaded TP LinuxTargetPlatform
[2018.12.09-13.10.11:295][  0]LogTemp: Display: Loaded TP LuminTargetPlatform
[2018.12.09-13.10.11:295][  0]LogTargetPlatformManager: Display: Building Assets For Windows
[2018.12.09-13.10.11:689][  0]LogXGEController: Cleaning working directory: C:/Users/Utsuho/AppData/Local/Temp/UnrealXGEWorkingDir/
[2018.12.09-13.10.11:690][  0]LogXGEController: Cannot use XGE Controller as Incredibuild is not installed on this machine.
[2018.12.09-13.10.11:690][  0]LogShaderCompilers: Cannot use XGE Shader Compiler as Incredibuild is not installed on this machine.
[2018.12.09-13.10.11:691][  0]LogShaderCompilers: Display: Using Local Shader Compiler.
[2018.12.09-13.10.17:275][  0]LogDerivedDataCache: Display: Max Cache Size: 512 MB
[2018.12.09-13.10.17:862][  0]LogDerivedDataCache: Loaded boot cache 0.59s 71MB C:/Users/Utsuho/AppData/Local/UnrealEngine/4.20/DerivedDataCache/Boot.ddc.
[2018.12.09-13.10.17:863][  0]LogDerivedDataCache: Display: Loaded Boot cache: C:/Users/Utsuho/AppData/Local/UnrealEngine/4.20/DerivedDataCache/Boot.ddc
[2018.12.09-13.10.17:863][  0]LogDerivedDataCache: FDerivedDataBackendGraph:  Pak pak cache file ../../../../../../../Users/Utsuho/Desktop/General/ProjectSpace/CuteGhost/NetCuteGhost/DerivedDataCache/DDC.ddp not found, will not use a pak cache.
[2018.12.09-13.10.17:863][  0]LogDerivedDataCache: Unable to find inner node Pak for hierarchical cache Hierarchy.
[2018.12.09-13.10.17:863][  0]LogDerivedDataCache: FDerivedDataBackendGraph:  CompressedPak pak cache file ../../../../../../../Users/Utsuho/Desktop/General/ProjectSpace/CuteGhost/NetCuteGhost/DerivedDataCache/Compressed.ddp not found, will not use a pak cache.
[2018.12.09-13.10.17:863][  0]LogDerivedDataCache: Unable to find inner node CompressedPak for hierarchical cache Hierarchy.
[2018.12.09-13.10.17:929][  0]LogDerivedDataCache: Display: Pak cache opened for reading ../../../Engine/DerivedDataCache/Compressed.ddp.
[2018.12.09-13.10.17:951][  0]LogDerivedDataCache: Using Local data cache path C:/Users/Utsuho/AppData/Local/UnrealEngine/Common/DerivedDataCache: Writable
[2018.12.09-13.10.17:951][  0]LogDerivedDataCache: Shared data cache path not found in *engine.ini, will not use an Shared cache.
[2018.12.09-13.10.17:952][  0]LogDerivedDataCache: Unable to find inner node Shared for hierarchical cache Hierarchy.
[2018.12.09-13.10.18:023][  0]LogMaterial: Verifying Global Shaders for PCD3D_SM5
[2018.12.09-13.10.18:037][  0]LogSlate: Using FreeType 2.6.0
[2018.12.09-13.10.18:076][  0]LogSlate: SlateFontServices - WITH_FREETYPE: 1, WITH_HARFBUZZ: 1
[2018.12.09-13.10.18:910][  0]LogAssetRegistry: FAssetRegistry took 0.0400 seconds to start up
[2018.12.09-13.10.19:943][  0]LogInit: Selected Device Profile: [Windows]
[2018.12.09-13.10.20:819][  0]LogSimplygon: Simplygon DLL not present - disabling.
[2018.12.09-13.10.20:851][  0]LogMeshReduction: Using SimplygonSwarm for distributed automatic mesh merging
[2018.12.09-13.10.20:852][  0]LogMeshReduction: Using ProxyLODMeshReduction for automatic mesh merging
[2018.12.09-13.10.20:852][  0]LogMeshReduction: Using QuadricMeshReduction for automatic static mesh reduction
[2018.12.09-13.10.20:852][  0]LogMeshReduction: No automatic skeletal mesh reduction module available
[2018.12.09-13.10.20:972][  0]LogNetVersion: NetCuteGhost 1.0.0, NetCL: 4212847, EngineNetVer: 5, GameNetVer: 0 (Checksum: 3007799762)
[2018.12.09-13.10.24:346][  0]LogPackageLocalizationCache: Processed 11 localized package path(s) for 2 prioritized culture(s) in 0.428469 seconds
[2018.12.09-13.10.24:370][  0]LogUObjectArray: 38425 objects as part of root set at end of initial load.
[2018.12.09-13.10.24:370][  0]LogUObjectAllocator: 6690864 out of 0 bytes used by permanent object pool.
[2018.12.09-13.10.24:370][  0]LogUObjectArray: CloseDisregardForGC: 0/0 objects in disregard for GC pool
[2018.12.09-13.10.33:601][  0]LogTcpMessaging: Initializing TcpMessaging bridge
[2018.12.09-13.10.33:625][  0]LogUdpMessaging: Initializing bridge on interface 0.0.0.0:0 to multicast group 230.0.0.1:6666.
[2018.12.09-13.10.34:377][  0]SourceControl: 소스 컨트롤이 꺼졌습니다.
[2018.12.09-13.10.34:378][  0]SourceControl: 소스 컨트롤이 꺼졌습니다.
[2018.12.09-13.10.34:395][  0]SourceControl: 소스 컨트롤이 꺼졌습니다.
[2018.12.09-13.10.34:406][  0]SourceControl: 소스 컨트롤이 꺼졌습니다.
[2018.12.09-13.10.35:069][  0]LogAndroidPermission: UAndroidPermissionCallbackProxy::GetInstance
[2018.12.09-13.10.35:604][  0]LogOcInput: OculusInput pre-init called
[2018.12.09-13.10.35:890][  0]LogEngine: Initializing Engine...
[2018.12.09-13.10.35:897][  0]LogHMD: Failed to initialize OpenVR with code 110
[2018.12.09-13.10.35:922][  0]LogStats: UGameplayTagsManager::ConstructGameplayTagTree: ImportINI prefixes -  0.000 s
[2018.12.09-13.10.35:922][  0]LogStats: UGameplayTagsManager::ConstructGameplayTagTree: Construct from data asset -  0.000 s
[2018.12.09-13.10.35:923][  0]LogStats: UGameplayTagsManager::ConstructGameplayTagTree: ImportINI -  0.000 s
[2018.12.09-13.10.35:923][  0]LogStats: UGameplayTagsManager::ConstructGameplayTagTree: GameplayTagTreeChangedEvent.Broadcast -  0.000 s
[2018.12.09-13.10.37:197][  0]LogInit: Initializing FReadOnlyCVARCache
[2018.12.09-13.10.37:307][  0]LogAIModule: Creating AISystem for world Untitled
[2018.12.09-13.10.37:559][  0]LogInit: XAudio2 using '스피커(Realtek High Definition Audio)' : 2 channels at 48 kHz using 32 bits per sample (channel mask 0x3)
[2018.12.09-13.10.37:917][  0]LogInit: FAudioDevice initialized.
[2018.12.09-13.10.37:925][  0]LogNetVersion: Set ProjectVersion to 1.0.0.0. Version Checksum will be recalculated on next use.
[2018.12.09-13.10.38:103][  0]LogDerivedDataCache: Saved boot cache 0.18s 71MB C:/Users/Utsuho/AppData/Local/UnrealEngine/4.20/DerivedDataCache/Boot.ddc.
[2018.12.09-13.10.38:115][  0]LogInit: Texture streaming: Enabled
[2018.12.09-13.10.38:242][  0]LogEngineSessionManager: EngineSessionManager initialized
[2018.12.09-13.10.38:243][  0]LogEngineSessionManager: EngineSessionManager sent abnormal shutdown report. Type=Crashed, SessionId={AB6765D0-4A37-4F49-04DC-27AAA889AF32}
[2018.12.09-13.10.38:344][  0]LogInit: Transaction tracking system initialized
[2018.12.09-13.10.38:529][  0]BlueprintLog: New page: 에디터 로드
[2018.12.09-13.10.39:005][  0]LocalizationService: 현지화 서비스가 비활성화되었습니다.
[2018.12.09-13.10.40:569][  0]LogCook: Display: Max memory allowance for cook 16384mb min free memory 0mb
[2018.12.09-13.10.40:570][  0]LogCook: Display: Mobile HDR setting 1
[2018.12.09-13.10.40:571][  0]LogGameplayTags: Display: UGameplayTagsManager::DoneAddingNativeTags. DelegateIsBound: 0
[2018.12.09-13.10.40:572][  0]LogStats: UGameplayTagsManager::ConstructGameplayTagTree: ImportINI prefixes -  0.000 s
[2018.12.09-13.10.40:572][  0]LogStats: UGameplayTagsManager::ConstructGameplayTagTree: Construct from data asset -  0.000 s
[2018.12.09-13.10.40:572][  0]LogStats: UGameplayTagsManager::ConstructGameplayTagTree: ImportINI -  0.000 s
[2018.12.09-13.10.40:572][  0]LogStats: UGameplayTagsManager::ConstructGameplayTagTree: GameplayTagTreeChangedEvent.Broadcast -  0.000 s
[2018.12.09-13.10.40:583][  0]LogFileCache: Scanning file cache for directory 'C:/Users/Utsuho/Desktop/General/ProjectSpace/CuteGhost/NetCuteGhost/Content/' took 0.02s
[2018.12.09-13.10.41:386][  0]SourceControl: 소스 컨트롤이 꺼졌습니다.
[2018.12.09-13.10.41:389][  0]Cmd: MAP LOAD FILE="../../../../../../../Users/Utsuho/Desktop/General/ProjectSpace/CuteGhost/NetCuteGhost/Content/Map/Map_GhostPlayGround.umap" TEMPLATE=0 SHOWPROGRESS=1 FEATURELEVEL=3
[2018.12.09-13.10.41:404][  0]LightingResults: New page: 라이팅 빌드
[2018.12.09-13.10.41:425][  0]MapCheck: New page: 맵 체크
[2018.12.09-13.10.41:425][  0]LightingResults: New page: 라이팅 빌드
[2018.12.09-13.10.42:490][  0]LogAIModule: Creating AISystem for world Map_GhostPlayground
[2018.12.09-13.10.42:549][  0]LogEditorServer: Finished looking for orphan Actors (0.000 secs)
[2018.12.09-13.10.42:620][  0]Cmd: MAP CHECKDEP NOCLEARLOG
[2018.12.09-13.10.42:872][  0]MapCheck: 맵 체크 완료: 오류 0 회, 경고 0 회, 소요 시간 251.2ms.
[2018.12.09-13.10.42:873][  0]LogFileHelpers: Loading map 'Map_GhostPlayGround' took 1.485
[2018.12.09-13.10.43:224][  0]LogCollectionManager: Loaded 0 collections in 0.002734 seconds
[2018.12.09-13.10.43:324][  0]LogFileCache: Scanning file cache for directory 'C:/Users/Utsuho/Desktop/General/ProjectSpace/CuteGhost/NetCuteGhost/Saved/Collections/' took 0.01s
[2018.12.09-13.10.43:324][  0]LogFileCache: Scanning file cache for directory 'C:/Users/Utsuho/Desktop/General/ProjectSpace/CuteGhost/NetCuteGhost/Content/Developers/Utsuho/Collections/' took 0.01s
[2018.12.09-13.10.43:324][  0]LogFileCache: Scanning file cache for directory 'C:/Users/Utsuho/Desktop/General/ProjectSpace/CuteGhost/NetCuteGhost/Content/Collections/' took 0.01s
[2018.12.09-13.10.43:324][  0]LogCollectionManager: Rebuilt the GUID cache for 0 collections in 0.000000 seconds
[2018.12.09-13.10.43:348][  0]LogContentBrowser: Native class hierarchy populated in 0.0216 seconds. Added 2574 classes and 606 folders.
[2018.12.09-13.10.43:373][  0]LogContentBrowser: Native class hierarchy updated for 'WidgetCarousel' in 0.0005 seconds. Added 0 classes and 0 folders.
[2018.12.09-13.10.44:018][  0]LogContentBrowser: Native class hierarchy updated for 'AddContentDialog' in 0.0005 seconds. Added 0 classes and 0 folders.
[2018.12.09-13.10.44:076][  0]LogSlate: Updating window title bar state: overlay mode, drag disabled, window buttons hidden, title bar hidden
[2018.12.09-13.10.44:087][  0]LogSlate: Updating window title bar state: overlay mode, drag disabled, window buttons hidden, title bar hidden
[2018.12.09-13.10.44:098][  0]LogSlate: Updating window title bar state: overlay mode, drag disabled, window buttons hidden, title bar hidden
[2018.12.09-13.10.44:111][  0]LogSlate: Updating window title bar state: overlay mode, drag disabled, window buttons hidden, title bar hidden
[2018.12.09-13.10.44:127][  0]LogContentBrowser: Native class hierarchy updated for 'SceneOutliner' in 0.0004 seconds. Added 1 classes and 2 folders.
[2018.12.09-13.10.44:157][  0]LogContentBrowser: Native class hierarchy updated for 'WorldBrowser' in 0.0008 seconds. Added 2 classes and 3 folders.
[2018.12.09-13.10.44:500][  0]LogSlate: Updating window title bar state: overlay mode, drag disabled, window buttons hidden, title bar hidden
[2018.12.09-13.10.44:516][  0]LogSlate: Updating window title bar state: overlay mode, drag disabled, window buttons hidden, title bar hidden
[2018.12.09-13.10.44:528][  0]LogSlate: Updating window title bar state: overlay mode, drag disabled, window buttons hidden, title bar hidden
[2018.12.09-13.10.44:541][  0]LogSlate: Updating window title bar state: overlay mode, drag disabled, window buttons hidden, title bar hidden
[2018.12.09-13.10.44:585][  0]LogSlate: Took 0.009630 seconds to synchronously load lazily loaded font '../../../Engine/Content/Slate/Fonts/Roboto-Regular.ttf' (155K)
[2018.12.09-13.10.44:604][  0]LogSlate: Took 0.015341 seconds to synchronously load lazily loaded font '../../../Engine/Content/Editor/Slate/Fonts/NanumGothic.ttf' (4243K)
[2018.12.09-13.10.44:619][  0]LogSlate: Took 0.010501 seconds to synchronously load lazily loaded font '../../../Engine/Content/Editor/Slate/Fonts/FontAwesome.ttf' (139K)
[2018.12.09-13.10.44:635][  0]LogSlate: Took 0.015002 seconds to synchronously load lazily loaded font '../../../Engine/Content/Editor/Slate/Fonts/NanumGothicBold.ttf' (4188K)
[2018.12.09-13.10.44:644][  0]LogSlate: Took 0.008426 seconds to synchronously load lazily loaded font '../../../Engine/Content/Slate/Fonts/Roboto-Bold.ttf' (160K)
[2018.12.09-13.10.44:845][  0]LogRenderer: Reallocating scene render targets to support 1028x904 Format 10 NumSamples 1 (Frame:1).
[2018.12.09-13.10.45:271][  0]LogRenderer: Reallocating scene render targets to support 1632x1016 Format 10 NumSamples 1 (Frame:2).
[2018.12.09-13.10.45:421][  0]LogContentBrowser: Native class hierarchy updated for 'HierarchicalLODOutliner' in 0.0011 seconds. Added 0 classes and 0 folders.
[2018.12.09-13.10.45:421][  0]LogLoad: (Engine Initialization) Total time: 58.32 seconds
[2018.12.09-13.10.45:421][  0]LogLoad: (Engine Initialization) Total Blueprint compile time: 0.00 seconds
[2018.12.09-13.10.45:501][  0]LogContentStreaming: Texture pool size now 1000 MB
[2018.12.09-13.10.45:603][  0]LogSlate: Took 0.016493 seconds to synchronously load lazily loaded font '../../../Engine/Content/Slate/Fonts/Roboto-Light.ttf' (167K)
[2018.12.09-13.10.45:831][  3]LogAssetRegistry: Asset discovery search completed in 26.9516 seconds
[2018.12.09-13.10.45:842][  3]LogCollectionManager: Rebuilt the object cache for 0 collections in 0.000001 seconds (found 0 objects)
[2018.12.09-13.10.45:842][  3]LogCollectionManager: Fixed up redirectors for 0 collections in 0.000562 seconds (updated 0 objects)
[2018.12.09-13.10.46:938][  7]LogSlate: FSceneViewport::OnFocusLost() reason 2
[2018.12.09-13.10.47:167][  7]LogEditorViewport: Clicking on Actor (context menu): BP_Sky_Sphere_C (BP_Sky_Sphere)
[2018.12.09-13.10.47:263][  7]LogSlate: FSceneViewport::OnFocusLost() reason 2
[2018.12.09-13.10.50:657][115]LogSlate: FSceneViewport::OnFocusLost() reason 0
[2018.12.09-13.10.50:673][115]LogSlate: Took 0.013082 seconds to synchronously load lazily loaded font '../../../Engine/Content/Slate/Fonts/DroidSansMono.ttf' (77K)
[2018.12.09-13.10.50:733][115]LogSlate: Took 0.026432 seconds to synchronously load lazily loaded font '../../../Engine/Content/Editor/Slate/Fonts/NanumGothicExtraBold.ttf' (4074K)
[2018.12.09-13.10.59:464][425]LogEditor: Attempting to add actor of class 'GhostTCPServer' to level at -4290.00,1170.00,0.00
[2018.12.09-13.10.59:738][436]LogEditor: Attempting to add actor of class 'GhostTCPServer' to level at -2090.00,340.00,0.00
[2018.12.09-13.11.01:930][508]LogSlate: FSceneViewport::OnFocusLost() reason 0
[2018.12.09-13.11.02:208][523]LogTemp: Repeating last play command: 선택된 뷰포트
[2018.12.09-13.11.02:231][523]LogPlayLevel: PlayLevel: No blueprints needed recompiling
[2018.12.09-13.11.02:258][523]PIE: New page: PIE 세션: Map_GhostPlayGround (2018. 12. 10. 오전 7:11:02)
[2018.12.09-13.11.02:258][523]LogUObjectGlobals: Warning: 'Class /Script/NetCuteGhost.NetCuteGhostGameInstance' 오브젝트를 찾는 데 실패했습니다.
[2018.12.09-13.11.02:259][523]LogPlayLevel: Creating play world package: /Game/Map/UEDPIE_0_Map_GhostPlayGround
[2018.12.09-13.11.02:262][523]LogPlayLevel: PIE: StaticDuplicateObject took: (0.002879s)
[2018.12.09-13.11.02:264][523]LogAIModule: Creating AISystem for world Map_GhostPlayground
[2018.12.09-13.11.02:264][523]LogPlayLevel: PIE: World Init took: (0.001821s)
[2018.12.09-13.11.02:265][523]LogPlayLevel: PIE: Created PIE world by copying editor world from /Game/Map/Map_GhostPlayGround.Map_GhostPlayground to /Game/Map/UEDPIE_0_Map_GhostPlayGround.Map_GhostPlayground (0.005822s)
[2018.12.09-13.11.02:385][523]LogInit: XAudio2 using '스피커(Realtek High Definition Audio)' : 2 channels at 48 kHz using 32 bits per sample (channel mask 0x3)
[2018.12.09-13.11.02:457][523]LogInit: FAudioDevice initialized.
[2018.12.09-13.11.02:505][523]LogLoad: Game class is 'NetCuteGhostGameModeBase'
[2018.12.09-13.11.02:514][523]LogWorld: Bringing World /Game/Map/UEDPIE_0_Map_GhostPlayGround.Map_GhostPlayground up for play (max tick rate 60) at 2018.12.09-22.11.02
[2018.12.09-13.11.02:515][523]LogWorld: Bringing up level for play took: 0.001355
[2018.12.09-13.11.02:546][523]LogContentBrowser: Native class hierarchy updated for 'MovieSceneCapture' in 0.0005 seconds. Added 10 classes and 0 folders.
[2018.12.09-13.11.02:554][523]PIE: /Game/Map/UEDPIE_0_Map_GhostPlayGround 에 대한 에디터에서 플레이 시작 시간: 0.542
[2018.12.09-13.11.08:809][890]LogSlate: Updating window title bar state: overlay mode, drag disabled, window buttons hidden, title bar hidden
[2018.12.09-13.11.08:813][890]NetCuteGhost: AGhostTCPServer::EndPlay(35)
[2018.12.09-13.11.08:847][890]LogPlayLevel: Display: Shutting down PIE online subsystems
[2018.12.09-13.11.08:877][890]LogSlate: Updating window title bar state: overlay mode, drag disabled, window buttons hidden, title bar hidden
[2018.12.09-13.11.08:910][892]LogPlayLevel: Display: Destroying online subsystem :Context_1
[2018.12.09-13.20.43:107][108]LogSlate: Took 0.021408 seconds to synchronously load lazily loaded font '../../../Engine/Content/Slate/Fonts/Roboto-Light.ttf' (167K)
[2018.12.09-13.20.52:468][135]LogSavePackage: Moving '../../../../../../../Users/Utsuho/Desktop/General/ProjectSpace/CuteGhost/NetCuteGhost/Saved/Map_GhostPlayGround_Auto17C329DE74439931D70AF7F8D82EDE75B.tmp' to '../../../../../../../Users/Utsuho/Desktop/General/ProjectSpace/CuteGhost/NetCuteGhost/Saved/Autosaves/Game/Map/Map_GhostPlayGround_Auto1.umap'
[2018.12.09-13.20.52:506][135]LogFileHelpers: Editor autosave (incl. sublevels) for '/Game/Map/Map_GhostPlayGround' took 0.267
[2018.12.09-13.20.52:507][135]LogFileHelpers: Editor autosave (incl. sublevels) for all levels took 0.267
[2018.12.09-13.21.35:534][264]LogHotReload: New module detected: UE4Editor-NetCuteGhost-8761.dll
[2018.12.09-13.21.38:365][273]LogHotReload: Starting Hot-Reload from IDE
[2018.12.09-13.21.38:619][273]LogContentBrowser: Native class hierarchy updated for 'NetCuteGhost' in 0.0021 seconds. Added 2 classes and 3 folders.
[2018.12.09-13.21.38:633][273]Display: HotReload successful (0 functions remapped  0 scriptstructs remapped)
[2018.12.09-13.21.39:025][273]LogContentBrowser: Native class hierarchy populated in 0.0549 seconds. Added 2577 classes and 611 folders.
[2018.12.09-13.21.39:064][273]Display: HotReload took  0.7s.
[2018.12.09-13.21.47:332][328]LogSlate: FSceneViewport::OnFocusLost() reason 0
[2018.12.09-13.21.49:591][395]LogEditorActor: Deleted Actor: GhostTCPServer
[2018.12.09-13.21.49:628][395]LogEditorActor: Deleted 1 Actors (0.051 secs)
[2018.12.09-13.21.51:563][461]LogEditor: Attempting to add actor of class 'GhostTCPServer' to level at -2170.00,360.00,320.00
[2018.12.09-13.21.51:999][480]LogEditor: Attempting to add actor of class 'GhostTCPServer' to level at -1760.00,90.00,0.00
[2018.12.09-13.21.52:855][509]LogSlate: FSceneViewport::OnFocusLost() reason 0
[2018.12.09-13.21.52:962][514]LogTemp: Repeating last play command: 선택된 뷰포트
[2018.12.09-13.21.52:998][514]LogPlayLevel: PlayLevel: No blueprints needed recompiling
[2018.12.09-13.21.53:002][514]PIE: New page: PIE 세션: Map_GhostPlayGround (2018. 12. 10. 오전 7:21:52)
[2018.12.09-13.21.53:004][514]LogPlayLevel: Creating play world package: /Game/Map/UEDPIE_0_Map_GhostPlayGround
[2018.12.09-13.21.53:008][514]LogPlayLevel: PIE: StaticDuplicateObject took: (0.003286s)
[2018.12.09-13.21.53:012][514]LogAIModule: Creating AISystem for world Map_GhostPlayground
[2018.12.09-13.21.53:016][514]LogPlayLevel: PIE: World Init took: (0.007310s)
[2018.12.09-13.21.53:016][514]LogPlayLevel: PIE: Created PIE world by copying editor world from /Game/Map/Map_GhostPlayGround.Map_GhostPlayground to /Game/Map/UEDPIE_0_Map_GhostPlayGround.Map_GhostPlayground (0.012746s)
[2018.12.09-13.21.53:168][514]LogInit: XAudio2 using '스피커(Realtek High Definition Audio)' : 2 channels at 48 kHz using 32 bits per sample (channel mask 0x3)
[2018.12.09-13.21.53:255][514]LogInit: FAudioDevice initialized.
[2018.12.09-13.21.53:301][514]LogLoad: Game class is 'NetCuteGhostGameModeBase'
[2018.12.09-13.21.53:307][514]LogWorld: Bringing World /Game/Map/UEDPIE_0_Map_GhostPlayGround.Map_GhostPlayground up for play (max tick rate 60) at 2018.12.09-22.21.53
[2018.12.09-13.21.53:308][514]LogWorld: Bringing up level for play took: 0.003771
[2018.12.09-13.21.53:325][514]NetCuteGhost: AGhostTCPServer::InitNetwork(54) : Start Initiate Network System
[2018.12.09-13.21.53:325][514]NetCuteGhost: AGhostTCPServer::InitListenerSocket(69)
[2018.12.09-13.21.53:325][514]NetCuteGhost: AGhostTCPServer::CreateListenerSocket(92)
[2018.12.09-13.21.53:326][514]FTcpSocketBuilder: Failed to create the socket GhostListener as configured
[2018.12.09-13.21.56:868][514]LogWindows: Error: === Critical error: ===
[2018.12.09-13.21.56:868][514]LogWindows: Error: 
[2018.12.09-13.21.56:868][514]LogWindows: Error: Fatal error!
[2018.12.09-13.21.56:868][514]LogWindows: Error: 
[2018.12.09-13.21.56:868][514]LogWindows: Error: Unhandled Exception: EXCEPTION_ACCESS_VIOLATION reading address 0x00000000
[2018.12.09-13.21.56:869][514]LogWindows: Error: 
[2018.12.09-13.21.56:869][514]LogWindows: Error: [Callstack] 0x00007ffd22ca541a UE4Editor-NetCuteGhost-8761.dll!AGhostTCPServer::CreateListenerSocket() [c:\users\utsuho\desktop\general\projectspace\cuteghost\netcuteghost\source\netcuteghost\private\ghosttcpserver.cpp:112]
[2018.12.09-13.21.56:869][514]LogWindows: Error: [Callstack] 0x00007ffd22ca610f UE4Editor-NetCuteGhost-8761.dll!AGhostTCPServer::InitListenerSocket() [c:\users\utsuho\desktop\general\projectspace\cuteghost\netcuteghost\source\netcuteghost\private\ghosttcpserver.cpp:72]
[2018.12.09-13.21.56:869][514]LogWindows: Error: [Callstack] 0x00007ffd22ca66eb UE4Editor-NetCuteGhost-8761.dll!AGhostTCPServer::InitNetwork() [c:\users\utsuho\desktop\general\projectspace\cuteghost\netcuteghost\source\netcuteghost\private\ghosttcpserver.cpp:57]
[2018.12.09-13.21.56:869][514]LogWindows: Error: [Callstack] 0x00007ffce0a9a752 UE4Editor-Engine.dll!UnknownFunction []
[2018.12.09-13.21.56:869][514]LogWindows: Error: [Callstack] 0x00007ffce1df5119 UE4Editor-Engine.dll!UnknownFunction []
[2018.12.09-13.21.56:869][514]LogWindows: Error: [Callstack] 0x00007ffce11b3d51 UE4Editor-Engine.dll!UnknownFunction []
[2018.12.09-13.21.56:870][514]LogWindows: Error: [Callstack] 0x00007ffce1dd93be UE4Editor-Engine.dll!UnknownFunction []
[2018.12.09-13.21.56:870][514]LogWindows: Error: [Callstack] 0x00007ffce11d1fed UE4Editor-Engine.dll!UnknownFunction []
[2018.12.09-13.21.56:870][514]LogWindows: Error: [Callstack] 0x00007ffcde92f989 UE4Editor-UnrealEd.dll!UnknownFunction []
[2018.12.09-13.21.56:871][514]LogWindows: Error: [Callstack] 0x00007ffcde9501ac UE4Editor-UnrealEd.dll!UnknownFunction []
[2018.12.09-13.21.56:871][514]LogWindows: Error: [Callstack] 0x00007ffcde96e536 UE4Editor-UnrealEd.dll!UnknownFunction []
[2018.12.09-13.21.56:871][514]LogWindows: Error: [Callstack] 0x00007ffcde386b41 UE4Editor-UnrealEd.dll!UnknownFunction []
[2018.12.09-13.21.56:871][514]LogWindows: Error: [Callstack] 0x00007ffcdec7f666 UE4Editor-UnrealEd.dll!UnknownFunction []
[2018.12.09-13.21.56:871][514]LogWindows: Error: [Callstack] 0x00007ff7f2495cbd UE4Editor.exe!UnknownFunction []
[2018.12.09-13.21.56:871][514]LogWindows: Error: [Callstack] 0x00007ff7f24a5b3c UE4Editor.exe!UnknownFunction []
[2018.12.09-13.21.56:871][514]LogWindows: Error: [Callstack] 0x00007ff7f24a5bba UE4Editor.exe!UnknownFunction []
[2018.12.09-13.21.56:871][514]LogWindows: Error: [Callstack] 0x00007ff7f24b3dac UE4Editor.exe!UnknownFunction []
[2018.12.09-13.21.56:871][514]LogWindows: Error: [Callstack] 0x00007ff7f24b5aaa UE4Editor.exe!UnknownFunction []
[2018.12.09-13.21.56:871][514]LogWindows: Error: [Callstack] 0x00007ffd36fb3034 KERNEL32.DLL!UnknownFunction []
[2018.12.09-13.21.56:871][514]LogWindows: Error: [Callstack] 0x00007ffd37a11471 ntdll.dll!UnknownFunction []
[2018.12.09-13.21.56:871][514]LogWindows: Error: 
[2018.12.09-13.21.56:908][514]LogExit: Executing StaticShutdownAfterError
[2018.12.09-13.21.57:015][514]LogWindows: FPlatformMisc::RequestExit(1)
[2018.12.09-13.21.57:021][514]Log file closed, 12/09/18 22:21:57
