Log file open, 12/14/18 09:22:18
LogWindows: Failed to load 'aqProf.dll' (GetLastError=126)
LogWindows: File 'aqProf.dll' does not exist
LogWindows: Failed to load 'VSPerf140.dll' (GetLastError=126)
LogWindows: File 'VSPerf140.dll' does not exist
LogWindows: Failed to load 'VtuneApi.dll' (GetLastError=126)
LogWindows: File 'VtuneApi.dll' does not exist
LogWindows: Failed to load 'VtuneApi32e.dll' (GetLastError=126)
LogWindows: File 'VtuneApi32e.dll' does not exist
LogInit: Display: Running engine for game: NetCuteGhost
LogPlatformFile: Not using cached read wrapper
LogTaskGraph: Started task graph with 5 named threads and 23 total threads with 3 sets of task threads.
LogStats: Stats thread started at 0.778816
LogD3D11RHI: Loaded GFSDK_Aftermath_Lib.x64.dll
LogICUInternationalization: Display: ICU TimeZone Detection - Raw Offset: +9:00, Platform Override: ''
LogPluginManager: Mounting plugin Paper2D
LogPluginManager: Mounting plugin AISupport
LogPluginManager: Mounting plugin LightPropagationVolume
LogPluginManager: Mounting plugin CLionSourceCodeAccess
LogPluginManager: Mounting plugin CodeLiteSourceCodeAccess
LogPluginManager: Mounting plugin GitSourceControl
LogPluginManager: Mounting plugin KDevelopSourceCodeAccess
LogPluginManager: Mounting plugin NullSourceCodeAccess
LogPluginManager: Mounting plugin PerforceSourceControl
LogPluginManager: Mounting plugin SubversionSourceControl
LogPluginManager: Mounting plugin UObjectPlugin
LogPluginManager: Mounting plugin VisualStudioCodeSourceCodeAccess
LogPluginManager: Mounting plugin VisualStudioSourceCodeAccess
LogPluginManager: Mounting plugin XCodeSourceCodeAccess
LogPluginManager: Mounting plugin AssetManagerEditor
LogPluginManager: Mounting plugin CryptoKeys
LogPluginManager: Mounting plugin DataValidation
LogPluginManager: Mounting plugin FacialAnimation
LogPluginManager: Mounting plugin GameplayTagsEditor
LogPluginManager: Mounting plugin MacGraphicsSwitching
LogPluginManager: Mounting plugin MeshEditor
LogPluginManager: Mounting plugin MobileLauncherProfileWizard
LogPluginManager: Mounting plugin PluginBrowser
LogPluginManager: Mounting plugin SpeedTreeImporter
LogPluginManager: Mounting plugin DatasmithContent
LogPluginManager: Mounting plugin AlembicImporter
LogPluginManager: Mounting plugin AppleImageUtils
LogPluginManager: Mounting plugin AppleVision
LogPluginManager: Mounting plugin BackChannel
LogPluginManager: Mounting plugin CharacterAI
LogPluginManager: Mounting plugin GeometryCache
LogPluginManager: Mounting plugin HTML5Networking
LogPluginManager: Mounting plugin ProxyLODPlugin
LogPluginManager: Mounting plugin MagicLeap
LogPluginManager: Mounting plugin MagicLeapEmulator
LogPluginManager: Mounting plugin MagicLeapMedia
LogPluginManager: Mounting plugin AndroidMedia
LogPluginManager: Mounting plugin AvfMedia
LogPluginManager: Mounting plugin ImgMedia
LogPluginManager: Mounting plugin LinearTimecode
LogPluginManager: Mounting plugin MediaCompositing
LogPluginManager: Mounting plugin MediaPlayerEditor
LogPluginManager: Mounting plugin WmfMedia
LogPluginManager: Mounting plugin TcpMessaging
LogPluginManager: Mounting plugin UdpMessaging
LogPluginManager: Mounting plugin ActorSequence
LogPluginManager: Mounting plugin LevelSequenceEditor
LogPluginManager: Mounting plugin MatineeToLevelSequence
LogPluginManager: Mounting plugin NetcodeUnitTest
LogPluginManager: Mounting plugin NUTUnrealEngine4
LogPluginManager: Mounting plugin OnlineSubsystemGooglePlay
LogPluginManager: Mounting plugin OnlineSubsystemIOS
LogPluginManager: Mounting plugin OnlineSubsystem
LogPluginManager: Mounting plugin OnlineSubsystemNull
LogPluginManager: Mounting plugin OnlineSubsystemUtils
LogPluginManager: Mounting plugin LauncherChunkInstaller
LogPluginManager: Mounting plugin AndroidDeviceProfileSelector
LogPluginManager: Mounting plugin AndroidMoviePlayer
LogPluginManager: Mounting plugin AndroidPermission
LogPluginManager: Mounting plugin AppleMoviePlayer
LogPluginManager: Mounting plugin ArchVisCharacter
LogPluginManager: Mounting plugin AudioCapture
LogPluginManager: Mounting plugin CableComponent
LogPluginManager: Mounting plugin CustomMeshComponent
LogPluginManager: Mounting plugin EditableMesh
LogPluginManager: Mounting plugin ExampleDeviceProfileSelector
LogPluginManager: Mounting plugin GoogleCloudMessaging
LogPluginManager: Mounting plugin ImmediatePhysics
LogPluginManager: Mounting plugin IOSDeviceProfileSelector
LogPluginManager: Mounting plugin LinuxDeviceProfileSelector
LogPluginManager: Mounting plugin LocationServicesBPLibrary
LogPluginManager: Mounting plugin MobilePatchingUtils
LogPluginManager: Mounting plugin OculusVR
LogPluginManager: Plugin shader directory ../../../Engine/Plugins/Runtime/Oculus/OculusVR/Shaders found
LogPluginManager: Mapping shader source directory ../../../Engine/Plugins/Runtime/Oculus/OculusVR/Shaders to virtual directory /Plugin/OculusVR
LogPluginManager: Mounting plugin PhysXVehicles
LogPluginManager: Mounting plugin ProceduralMeshComponent
LogPluginManager: Mounting plugin RuntimePhysXCooking
LogPluginManager: Mounting plugin SteamVR
LogPluginManager: Mounting plugin WindowsMoviePlayer
LogStreaming: Display: Took  0.477s to configure plugins.
LogInit: Using libcurl 7.55.1-DEV
LogInit:  - built for x86_64-pc-win32
LogInit:  - supports SSL with OpenSSL/1.0.2h
LogInit:  - supports HTTP deflate (compression) using libz 1.2.8
LogInit:  - other features:
LogInit:      CURL_VERSION_SSL
LogInit:      CURL_VERSION_LIBZ
LogInit:      CURL_VERSION_IPV6
LogInit:      CURL_VERSION_ASYNCHDNS
LogInit:      CURL_VERSION_LARGEFILE
LogInit:      CURL_VERSION_IDN
LogInit:  CurlRequestOptions (configurable via config and command line):
LogInit:  - bVerifyPeer = false  - Libcurl will NOT verify peer certificate
LogInit:  - bUseHttpProxy = false  - Libcurl will NOT use HTTP proxy
LogInit:  - bDontReuseConnections = false  - Libcurl will reuse connections
LogInit:  - CertBundlePath = nullptr  - Libcurl will use whatever was configured at build time.
LogInit:  - MaxHostConnections = 16  - Libcurl will limit the number of connections to a host
LogInit:  - LocalHostAddr = Default
LogInit:  - BufferSize = 65536
LogInit: WinSock: version 1.1 (2.2), MaxSocks=32767, MaxUdp=65467
LogInit: Build: ++UE4+Release-4.20-CL-4369336
LogInit: Engine Version: 4.20.3-4369336+++UE4+Release-4.20
LogInit: Compatible Engine Version: 4.20.0-4212847+++UE4+Release-4.20
LogInit: Net CL: 4212847
LogInit: OS: Windows 10 (), CPU: Intel(R) Core(TM) i7-6700HQ CPU @ 2.60GHz, GPU: Intel(R) HD Graphics 530
LogInit: Compiled (64-bit): Sep 17 2018 12:26:19
LogInit: Compiled with Visual C++: 19.13.26129.00
LogInit: Build Configuration: Development
LogInit: Branch Name: ++UE4+Release-4.20
LogInit: Command Line:  
LogInit: Base Directory: C:/Program Files (x86)/~Game/Epic Games/UE_4.20/Engine/Binaries/Win64/
LogInit: Installed Engine Build: 1
LogDevObjectVersion: Number of dev versions registered: 20
LogDevObjectVersion:   Dev-Blueprints (B0D832E4-1F89-4F0D-ACCF-7EB736FD4AA2): 10
LogDevObjectVersion:   Dev-Build (E1C64328-A22C-4D53-A36C-8E866417BD8C): 0
LogDevObjectVersion:   Dev-Core (375EC13C-06E4-48FB-B500-84F0262A717E): 2
LogDevObjectVersion:   Dev-Editor (E4B068ED-F494-42E9-A231-DA0B2E46BB41): 24
LogDevObjectVersion:   Dev-Framework (CFFC743F-43B0-4480-9391-14DF171D2073): 34
LogDevObjectVersion:   Dev-Mobile (B02B49B5-BB20-44E9-A304-32B752E40360): 2
LogDevObjectVersion:   Dev-Networking (A4E4105C-59A1-49B5-A7C5-40C4547EDFEE): 0
LogDevObjectVersion:   Dev-Online (39C831C9-5AE6-47DC-9A44-9C173E1C8E7C): 0
LogDevObjectVersion:   Dev-Physics (78F01B33-EBEA-4F98-B9B4-84EACCB95AA2): 0
LogDevObjectVersion:   Dev-Platform (6631380F-2D4D-43E0-8009-CF276956A95A): 0
LogDevObjectVersion:   Dev-Rendering (12F88B9F-8875-4AFC-A67C-D90C383ABD29): 26
LogDevObjectVersion:   Dev-Sequencer (7B5AE74C-D270-4C10-A958-57980B212A5A): 9
LogDevObjectVersion:   Dev-VR (D7296918-1DD6-4BDD-9DE2-64A83CC13884): 2
LogDevObjectVersion:   Dev-LoadTimes (C2A15278-BFE7-4AFE-6C17-90FF531DF755): 1
LogDevObjectVersion:   Private-Geometry (6EACA3D4-40EC-4CC1-B786-8BED09428FC5): 3
LogDevObjectVersion:   Dev-AnimPhys (29E575DD-E0A3-4627-9D10-D276232CDCEA): 17
LogDevObjectVersion:   Dev-ReflectionCapture (6B266CEC-1EC7-4B8F-A30B-E4D90942FC07): 1
LogDevObjectVersion:   Dev-Automation (0DF73D61-A23F-47EA-B727-89E90C41499A): 1
LogDevObjectVersion:   FortniteMain (601D1886-AC64-4F84-AA16-D3DE0DEAC7D6): 12
LogDevObjectVersion:   Dev-Enterprise (9DFFBCD6-494F-0158-E221-12823C92A888): 1
LogStreaming: Display: Took  0.034s to delete old logs.
LogInit: Presizing for max 8388607 objects, including 0 objects not considered by GC, pre-allocating 0 bytes for permanent pool.
LogInit: Object subsystem initialized
[2018.12.14-00.22.20:583][  0]LogInit: Selected Device Profile: [Windows]
[2018.12.14-00.22.20:584][  0]LogInit: Applying CVar settings loaded from the selected device profile: [Windows]
[2018.12.14-00.22.20:672][  0]LogHAL: Display: Platform has ~ 8 GB [8393322496 / 8589934592 / 8], which maps to Default [LargestMinGB=32, LargerMinGB=12, DefaultMinGB=8, SmallerMinGB=6, SmallestMinGB=0)
[2018.12.14-00.22.20:674][  0]LogInit: Setting Device Profile CVar: [[r.Vulkan.UseRealUBs:1]]
[2018.12.14-00.22.20:674][  0]LogInit: Going up to parent DeviceProfile []
[2018.12.14-00.22.20:691][  0]LogInit: Computer: DESKTOP-33J3PSK
[2018.12.14-00.22.20:691][  0]LogInit: User: Utsuho
[2018.12.14-00.22.20:691][  0]LogInit: CPU Page size=4096, Cores=4
[2018.12.14-00.22.20:691][  0]LogInit: High frequency timer resolution =2.531245 MHz
[2018.12.14-00.22.20:692][  0]LogMemory: Memory total: Physical=7.8GB (8GB approx)
[2018.12.14-00.22.20:692][  0]LogMemory: Platform Memory Stats for Windows
[2018.12.14-00.22.20:692][  0]LogMemory: Process Physical Memory: 102.13 MB used, 102.13 MB peak
[2018.12.14-00.22.20:692][  0]LogMemory: Process Virtual Memory: 85.91 MB used, 85.91 MB peak
[2018.12.14-00.22.20:692][  0]LogMemory: Physical Memory: 6990.35 MB used,  1014.14 MB free, 8004.50 MB total
[2018.12.14-00.22.20:692][  0]LogMemory: Virtual Memory: 4640.42 MB used,  1014.14 MB free, 134217728.00 MB total
[2018.12.14-00.22.21:479][  0]LogInit: Using OS detected language (ko-KR).
[2018.12.14-00.22.21:479][  0]LogInit: Using OS detected locale (ko-KR).
[2018.12.14-00.22.21:490][  0]LogTextLocalizationManager: No specific localization for 'ko-KR' exists, so the 'ko' localization will be used.
[2018.12.14-00.22.23:170][  0]LogStreaming: Display: Took  1.678s to InitEngineTextLocalization.
[2018.12.14-00.22.23:192][  0]LogInit: Setting process to per monitor DPI aware
[2018.12.14-00.22.23:718][  0]LogSlate: New Slate User Created.  User Index 0, Is Virtual User: 0
[2018.12.14-00.22.23:719][  0]LogSlate: Slate User Registered.  User Index 0, Is Virtual User: 0
[2018.12.14-00.22.31:309][  0]LogHMD: Failed to initialize OpenVR with code 110
[2018.12.14-00.22.31:310][  0]LogD3D11RHI: D3D11 adapters:
[2018.12.14-00.22.31:342][  0]LogD3D11RHI:    0. 'Intel(R) HD Graphics 530' (Feature Level 11_0)
[2018.12.14-00.22.31:342][  0]LogD3D11RHI:       128/0/4002 MB DedicatedVideo/DedicatedSystem/SharedSystem, Outputs:1, VendorId:0x8086
[2018.12.14-00.22.31:412][  0]LogD3D11RHI:    1. 'NVIDIA GeForce GTX 960M' (Feature Level 11_0)
[2018.12.14-00.22.31:412][  0]LogD3D11RHI:       1993/0/4002 MB DedicatedVideo/DedicatedSystem/SharedSystem, Outputs:1, VendorId:0x10de
[2018.12.14-00.22.31:421][  0]LogD3D11RHI:    2. 'Microsoft Basic Render Driver' (Feature Level 11_0)
[2018.12.14-00.22.31:421][  0]LogD3D11RHI:       0/0/4002 MB DedicatedVideo/DedicatedSystem/SharedSystem, Outputs:0, VendorId:0x1414
[2018.12.14-00.22.31:421][  0]LogD3D11RHI: Chosen D3D11 Adapter: 1
[2018.12.14-00.22.31:456][  0]LogD3D11RHI: Creating new Direct3DDevice
[2018.12.14-00.22.31:456][  0]LogD3D11RHI:     GPU DeviceId: 0x139b (for the marketing name, search the web for "GPU Device Id")
[2018.12.14-00.22.31:456][  0]LogWindows: EnumDisplayDevices:
[2018.12.14-00.22.31:457][  0]LogWindows:    0. 'Intel(R) HD Graphics 530' (P:1 D:1)
[2018.12.14-00.22.31:460][  0]LogWindows:    1. 'Intel(R) HD Graphics 530' (P:0 D:0)
[2018.12.14-00.22.31:462][  0]LogWindows:    2. 'Intel(R) HD Graphics 530' (P:0 D:0)
[2018.12.14-00.22.31:464][  0]LogWindows:    3. 'NVIDIA GeForce GTX 960M' (P:0 D:1)
[2018.12.14-00.22.31:466][  0]LogWindows:    4. 'NVIDIA GeForce GTX 960M' (P:0 D:0)
[2018.12.14-00.22.31:468][  0]LogWindows:    5. 'NVIDIA GeForce GTX 960M' (P:0 D:0)
[2018.12.14-00.22.31:471][  0]LogWindows:    6. 'NVIDIA GeForce GTX 960M' (P:0 D:0)
[2018.12.14-00.22.31:473][  0]LogWindows:    7. 'Mirage Driver' (P:0 D:0)
[2018.12.14-00.22.31:474][  0]LogWindows: DebugString: PrimaryIsNotTheChoosenAdapter PrimaryIsNotTheChoosenAdapter PrimaryIsNotTheChoosenAdapter GetVideoDriverDetailsInvalid PrimaryIsNotTheChoosenAdapter FoundDriverCount:4 
[2018.12.14-00.22.31:474][  0]LogD3D11RHI:     Adapter Name: NVIDIA GeForce GTX 960M
[2018.12.14-00.22.31:474][  0]LogD3D11RHI:   Driver Version: 353.54 (internal:10.18.13.5354, unified:353.54)
[2018.12.14-00.22.31:474][  0]LogD3D11RHI:      Driver Date: 7-13-2015
[2018.12.14-00.22.31:474][  0]LogRHI: Texture pool is 1395 MB (70% of 1993 MB)
[2018.12.14-00.22.31:532][  0]LogD3D11RHI: NvAPI_D3D_GetCurrentSLIState failed: 0xfffffff7
[2018.12.14-00.22.31:532][  0]LogD3D11RHI: Async texture creation enabled
[2018.12.14-00.22.31:571][  0]LogD3D11RHI: GPU Timing Frequency: 1000.000000 (Debug: 2 1)
[2018.12.14-00.22.31:592][  0]LogShaderCompilers: Guid format shader working directory is -39 characters bigger than the processId version (../../../../../../../Users/Utsuho/Desktop/General/ProjectSpace/CuteGhost/NetCuteGhost/Intermediate/Shaders/WorkingDirectory/56964/).
[2018.12.14-00.22.31:593][  0]LogShaderCompilers: Cleaned the shader compiler working directory 'C:/Users/Utsuho/AppData/Local/Temp/UnrealShaderWorkingDir/2A12A16F438B5ED385C014B1579B689D/'.
[2018.12.14-00.22.33:348][  0]LogTemp: Display: Loaded TP AllDesktopTargetPlatform
[2018.12.14-00.22.33:394][  0]LogTemp: Display: Loaded TP MacClientTargetPlatform
[2018.12.14-00.22.33:441][  0]LogTemp: Display: Loaded TP MacNoEditorTargetPlatform
[2018.12.14-00.22.33:490][  0]LogTemp: Display: Loaded TP MacServerTargetPlatform
[2018.12.14-00.22.33:547][  0]LogTemp: Display: Loaded TP MacTargetPlatform
[2018.12.14-00.22.33:594][  0]LogTemp: Display: Loaded TP WindowsClientTargetPlatform
[2018.12.14-00.22.33:640][  0]LogTemp: Display: Loaded TP WindowsNoEditorTargetPlatform
[2018.12.14-00.22.33:689][  0]LogTemp: Display: Loaded TP WindowsServerTargetPlatform
[2018.12.14-00.22.33:713][  0]LogTemp: Display: Loaded TP WindowsTargetPlatform
[2018.12.14-00.22.34:029][  0]LogTemp: Display: Loaded TP AndroidTargetPlatform
[2018.12.14-00.22.34:029][  0]LogTemp: Display: Loaded TP AndroidTargetPlatform
[2018.12.14-00.22.34:029][  0]LogTemp: Display: Loaded TP AndroidTargetPlatform
[2018.12.14-00.22.34:030][  0]LogTemp: Display: Loaded TP AndroidTargetPlatform
[2018.12.14-00.22.34:030][  0]LogTemp: Display: Loaded TP AndroidTargetPlatform
[2018.12.14-00.22.34:030][  0]LogTemp: Display: Loaded TP AndroidTargetPlatform
[2018.12.14-00.22.34:030][  0]LogTemp: Display: Loaded TP AndroidTargetPlatform
[2018.12.14-00.22.34:030][  0]LogTemp: Display: Loaded TP AndroidTargetPlatform
[2018.12.14-00.22.34:030][  0]LogTemp: Display: Loaded TP AndroidTargetPlatform
[2018.12.14-00.22.34:030][  0]LogTemp: Display: Loaded TP AndroidTargetPlatform
[2018.12.14-00.22.34:030][  0]LogTemp: Display: Loaded TP AndroidTargetPlatform
[2018.12.14-00.22.34:030][  0]LogTemp: Display: Loaded TP AndroidTargetPlatform
[2018.12.14-00.22.34:030][  0]LogTemp: Display: Loaded TP AndroidTargetPlatform
[2018.12.14-00.22.34:030][  0]LogTemp: Display: Loaded TP AndroidTargetPlatform
[2018.12.14-00.22.34:030][  0]LogTemp: Display: Loaded TP AndroidTargetPlatform
[2018.12.14-00.22.34:030][  0]LogTemp: Display: Loaded TP AndroidTargetPlatform
[2018.12.14-00.22.34:030][  0]LogTemp: Display: Loaded TP AndroidTargetPlatform
[2018.12.14-00.22.34:030][  0]LogTemp: Display: Loaded TP AndroidTargetPlatform
[2018.12.14-00.22.34:043][  0]LogTemp: Display: Loaded TP HTML5TargetPlatform
[2018.12.14-00.22.34:211][  0]LogTemp: Display: Loaded TP IOSTargetPlatform
[2018.12.14-00.22.34:211][  0]LogTemp: Display: Loaded TP IOSTargetPlatform
[2018.12.14-00.22.34:312][  0]LogTemp: Display: Loaded TP TVOSTargetPlatform
[2018.12.14-00.22.34:312][  0]LogTemp: Display: Loaded TP TVOSTargetPlatform
[2018.12.14-00.22.34:366][  0]LogTemp: Display: Loaded TP LinuxClientTargetPlatform
[2018.12.14-00.22.34:417][  0]LogTemp: Display: Loaded TP LinuxNoEditorTargetPlatform
[2018.12.14-00.22.34:467][  0]LogTemp: Display: Loaded TP LinuxServerTargetPlatform
[2018.12.14-00.22.34:555][  0]LogTemp: Display: Loaded TP LinuxTargetPlatform
[2018.12.14-00.22.34:599][  0]LogTemp: Display: Loaded TP LuminTargetPlatform
[2018.12.14-00.22.34:600][  0]LogTargetPlatformManager: Display: Building Assets For Windows
[2018.12.14-00.22.35:085][  0]LogXGEController: Cleaning working directory: C:/Users/Utsuho/AppData/Local/Temp/UnrealXGEWorkingDir/
[2018.12.14-00.22.35:086][  0]LogXGEController: Cannot use XGE Controller as Incredibuild is not installed on this machine.
[2018.12.14-00.22.35:087][  0]LogShaderCompilers: Cannot use XGE Shader Compiler as Incredibuild is not installed on this machine.
[2018.12.14-00.22.35:087][  0]LogShaderCompilers: Display: Using Local Shader Compiler.
[2018.12.14-00.22.41:440][  0]LogDerivedDataCache: Display: Max Cache Size: 512 MB
[2018.12.14-00.22.41:470][  0]LogDerivedDataCache: Loaded boot cache 0.03s 3MB C:/Users/Utsuho/AppData/Local/UnrealEngine/4.20/DerivedDataCache/Boot.ddc.
[2018.12.14-00.22.41:471][  0]LogDerivedDataCache: Display: Loaded Boot cache: C:/Users/Utsuho/AppData/Local/UnrealEngine/4.20/DerivedDataCache/Boot.ddc
[2018.12.14-00.22.41:471][  0]LogDerivedDataCache: FDerivedDataBackendGraph:  Pak pak cache file ../../../../../../../Users/Utsuho/Desktop/General/ProjectSpace/CuteGhost/NetCuteGhost/DerivedDataCache/DDC.ddp not found, will not use a pak cache.
[2018.12.14-00.22.41:471][  0]LogDerivedDataCache: Unable to find inner node Pak for hierarchical cache Hierarchy.
[2018.12.14-00.22.41:471][  0]LogDerivedDataCache: FDerivedDataBackendGraph:  CompressedPak pak cache file ../../../../../../../Users/Utsuho/Desktop/General/ProjectSpace/CuteGhost/NetCuteGhost/DerivedDataCache/Compressed.ddp not found, will not use a pak cache.
[2018.12.14-00.22.41:471][  0]LogDerivedDataCache: Unable to find inner node CompressedPak for hierarchical cache Hierarchy.
[2018.12.14-00.22.41:517][  0]LogDerivedDataCache: Display: Pak cache opened for reading ../../../Engine/DerivedDataCache/Compressed.ddp.
[2018.12.14-00.22.41:531][  0]LogDerivedDataCache: Using Local data cache path C:/Users/Utsuho/AppData/Local/UnrealEngine/Common/DerivedDataCache: Writable
[2018.12.14-00.22.41:531][  0]LogDerivedDataCache: Shared data cache path not found in *engine.ini, will not use an Shared cache.
[2018.12.14-00.22.41:531][  0]LogDerivedDataCache: Unable to find inner node Shared for hierarchical cache Hierarchy.
[2018.12.14-00.22.41:626][  0]LogMaterial: Verifying Global Shaders for PCD3D_SM5
[2018.12.14-00.22.41:634][  0]LogSlate: Using FreeType 2.6.0
[2018.12.14-00.22.41:665][  0]LogSlate: SlateFontServices - WITH_FREETYPE: 1, WITH_HARFBUZZ: 1
[2018.12.14-00.22.42:253][  0]LogAssetRegistry: FAssetRegistry took 0.0410 seconds to start up
[2018.12.14-00.22.43:309][  0]LogInit: Selected Device Profile: [Windows]
[2018.12.14-00.22.44:200][  0]LogSimplygon: Simplygon DLL not present - disabling.
[2018.12.14-00.22.44:231][  0]LogMeshReduction: Using SimplygonSwarm for distributed automatic mesh merging
[2018.12.14-00.22.44:231][  0]LogMeshReduction: Using ProxyLODMeshReduction for automatic mesh merging
[2018.12.14-00.22.44:232][  0]LogMeshReduction: Using QuadricMeshReduction for automatic static mesh reduction
[2018.12.14-00.22.44:232][  0]LogMeshReduction: No automatic skeletal mesh reduction module available
[2018.12.14-00.22.44:374][  0]LogNetVersion: NetCuteGhost 1.0.0, NetCL: 4212847, EngineNetVer: 5, GameNetVer: 0 (Checksum: 3007799762)
[2018.12.14-00.22.48:133][  0]LogPackageLocalizationCache: Processed 11 localized package path(s) for 2 prioritized culture(s) in 0.300038 seconds
[2018.12.14-00.22.48:151][  0]LogUObjectArray: 38425 objects as part of root set at end of initial load.
[2018.12.14-00.22.48:151][  0]LogUObjectAllocator: 6690872 out of 0 bytes used by permanent object pool.
[2018.12.14-00.22.48:151][  0]LogUObjectArray: CloseDisregardForGC: 0/0 objects in disregard for GC pool
[2018.12.14-00.22.59:114][  0]LogTcpMessaging: Initializing TcpMessaging bridge
[2018.12.14-00.22.59:187][  0]LogUdpMessaging: Initializing bridge on interface 0.0.0.0:0 to multicast group 230.0.0.1:6666.
[2018.12.14-00.23.00:170][  0]SourceControl: 소스 컨트롤이 꺼졌습니다.
[2018.12.14-00.23.00:170][  0]SourceControl: 소스 컨트롤이 꺼졌습니다.
[2018.12.14-00.23.00:193][  0]SourceControl: 소스 컨트롤이 꺼졌습니다.
[2018.12.14-00.23.00:209][  0]SourceControl: 소스 컨트롤이 꺼졌습니다.
[2018.12.14-00.23.00:936][  0]LogAndroidPermission: UAndroidPermissionCallbackProxy::GetInstance
[2018.12.14-00.23.01:536][  0]LogOcInput: OculusInput pre-init called
[2018.12.14-00.23.01:965][  0]LogEngine: Initializing Engine...
[2018.12.14-00.23.01:972][  0]LogHMD: Failed to initialize OpenVR with code 110
[2018.12.14-00.23.01:999][  0]LogStats: UGameplayTagsManager::ConstructGameplayTagTree: ImportINI prefixes -  0.000 s
[2018.12.14-00.23.01:999][  0]LogStats: UGameplayTagsManager::ConstructGameplayTagTree: Construct from data asset -  0.000 s
[2018.12.14-00.23.02:000][  0]LogStats: UGameplayTagsManager::ConstructGameplayTagTree: ImportINI -  0.001 s
[2018.12.14-00.23.02:000][  0]LogStats: UGameplayTagsManager::ConstructGameplayTagTree: GameplayTagTreeChangedEvent.Broadcast -  0.000 s
[2018.12.14-00.23.03:915][  0]LogInit: Initializing FReadOnlyCVARCache
[2018.12.14-00.23.03:998][  0]LogAIModule: Creating AISystem for world Untitled
[2018.12.14-00.23.04:180][  0]LogInit: XAudio2 using '스피커(Realtek High Definition Audio)' : 2 channels at 48 kHz using 32 bits per sample (channel mask 0x3)
[2018.12.14-00.23.04:382][  0]LogInit: FAudioDevice initialized.
[2018.12.14-00.23.04:383][  0]LogNetVersion: Set ProjectVersion to 1.0.0.0. Version Checksum will be recalculated on next use.
[2018.12.14-00.23.04:480][  0]LogDerivedDataCache: Saved boot cache 0.10s 71MB C:/Users/Utsuho/AppData/Local/UnrealEngine/4.20/DerivedDataCache/Boot.ddc.
[2018.12.14-00.23.04:490][  0]LogInit: Texture streaming: Enabled
[2018.12.14-00.23.04:585][  0]LogEngineSessionManager: EngineSessionManager initialized
[2018.12.14-00.23.04:670][  0]LogInit: Transaction tracking system initialized
[2018.12.14-00.23.04:815][  0]BlueprintLog: New page: 에디터 로드
[2018.12.14-00.23.05:258][  0]LocalizationService: 현지화 서비스가 비활성화되었습니다.
[2018.12.14-00.23.07:161][  0]LogCook: Display: Max memory allowance for cook 16384mb min free memory 0mb
[2018.12.14-00.23.07:163][  0]LogCook: Display: Mobile HDR setting 1
[2018.12.14-00.23.07:163][  0]LogGameplayTags: Display: UGameplayTagsManager::DoneAddingNativeTags. DelegateIsBound: 0
[2018.12.14-00.23.07:163][  0]LogStats: UGameplayTagsManager::ConstructGameplayTagTree: ImportINI prefixes -  0.000 s
[2018.12.14-00.23.07:163][  0]LogStats: UGameplayTagsManager::ConstructGameplayTagTree: Construct from data asset -  0.000 s
[2018.12.14-00.23.07:164][  0]LogStats: UGameplayTagsManager::ConstructGameplayTagTree: ImportINI -  0.000 s
[2018.12.14-00.23.07:164][  0]LogStats: UGameplayTagsManager::ConstructGameplayTagTree: GameplayTagTreeChangedEvent.Broadcast -  0.000 s
[2018.12.14-00.23.08:014][  0]LogFileCache: Scanning file cache for directory 'C:/Users/Utsuho/Desktop/General/ProjectSpace/CuteGhost/NetCuteGhost/Content/' took 0.04s
[2018.12.14-00.23.08:070][  0]SourceControl: 소스 컨트롤이 꺼졌습니다.
[2018.12.14-00.23.08:071][  0]Cmd: MAP LOAD FILE="../../../../../../../Users/Utsuho/Desktop/General/ProjectSpace/CuteGhost/NetCuteGhost/Content/Map/Map_GhostPlayGround.umap" TEMPLATE=0 SHOWPROGRESS=1 FEATURELEVEL=3
[2018.12.14-00.23.08:088][  0]LightingResults: New page: 라이팅 빌드
[2018.12.14-00.23.08:108][  0]MapCheck: New page: 맵 체크
[2018.12.14-00.23.08:108][  0]LightingResults: New page: 라이팅 빌드
[2018.12.14-00.23.10:022][  0]LogAIModule: Creating AISystem for world Map_GhostPlayground
[2018.12.14-00.23.10:065][  0]LogEditorServer: Finished looking for orphan Actors (0.000 secs)
[2018.12.14-00.23.10:143][  0]Cmd: MAP CHECKDEP NOCLEARLOG
[2018.12.14-00.23.10:398][  0]MapCheck: 맵 체크 완료: 오류 0 회, 경고 0 회, 소요 시간 254.888ms.
[2018.12.14-00.23.10:399][  0]LogFileHelpers: Loading map 'Map_GhostPlayGround' took 2.329
[2018.12.14-00.23.10:717][  0]LogCollectionManager: Loaded 0 collections in 0.006773 seconds
[2018.12.14-00.23.10:803][  0]LogFileCache: Scanning file cache for directory 'C:/Users/Utsuho/Desktop/General/ProjectSpace/CuteGhost/NetCuteGhost/Saved/Collections/' took 0.01s
[2018.12.14-00.23.10:803][  0]LogFileCache: Scanning file cache for directory 'C:/Users/Utsuho/Desktop/General/ProjectSpace/CuteGhost/NetCuteGhost/Content/Developers/Utsuho/Collections/' took 0.01s
[2018.12.14-00.23.10:803][  0]LogFileCache: Scanning file cache for directory 'C:/Users/Utsuho/Desktop/General/ProjectSpace/CuteGhost/NetCuteGhost/Content/Collections/' took 0.01s
[2018.12.14-00.23.10:803][  0]LogCollectionManager: Rebuilt the GUID cache for 0 collections in 0.000001 seconds
[2018.12.14-00.23.10:837][  0]LogContentBrowser: Native class hierarchy populated in 0.0312 seconds. Added 2577 classes and 606 folders.
[2018.12.14-00.23.10:871][  0]LogContentBrowser: Native class hierarchy updated for 'WidgetCarousel' in 0.0012 seconds. Added 0 classes and 0 folders.
[2018.12.14-00.23.11:933][  0]LogContentBrowser: Native class hierarchy updated for 'AddContentDialog' in 0.0011 seconds. Added 0 classes and 0 folders.
[2018.12.14-00.23.12:004][  0]LogSlate: Updating window title bar state: overlay mode, drag disabled, window buttons hidden, title bar hidden
[2018.12.14-00.23.12:021][  0]LogSlate: Updating window title bar state: overlay mode, drag disabled, window buttons hidden, title bar hidden
[2018.12.14-00.23.12:038][  0]LogSlate: Updating window title bar state: overlay mode, drag disabled, window buttons hidden, title bar hidden
[2018.12.14-00.23.12:055][  0]LogSlate: Updating window title bar state: overlay mode, drag disabled, window buttons hidden, title bar hidden
[2018.12.14-00.23.12:075][  0]LogContentBrowser: Native class hierarchy updated for 'SceneOutliner' in 0.0009 seconds. Added 1 classes and 2 folders.
[2018.12.14-00.23.12:120][  0]LogContentBrowser: Native class hierarchy updated for 'WorldBrowser' in 0.0009 seconds. Added 2 classes and 3 folders.
[2018.12.14-00.23.12:583][  0]LogSlate: Updating window title bar state: overlay mode, drag disabled, window buttons hidden, title bar hidden
[2018.12.14-00.23.12:599][  0]LogSlate: Updating window title bar state: overlay mode, drag disabled, window buttons hidden, title bar hidden
[2018.12.14-00.23.12:618][  0]LogSlate: Updating window title bar state: overlay mode, drag disabled, window buttons hidden, title bar hidden
[2018.12.14-00.23.12:636][  0]LogSlate: Updating window title bar state: overlay mode, drag disabled, window buttons hidden, title bar hidden
[2018.12.14-00.23.12:681][  0]LogSlate: Took 0.015798 seconds to synchronously load lazily loaded font '../../../Engine/Content/Slate/Fonts/Roboto-Regular.ttf' (155K)
[2018.12.14-00.23.12:723][  0]LogSlate: Took 0.036810 seconds to synchronously load lazily loaded font '../../../Engine/Content/Editor/Slate/Fonts/NanumGothic.ttf' (4243K)
[2018.12.14-00.23.12:748][  0]LogSlate: Took 0.016243 seconds to synchronously load lazily loaded font '../../../Engine/Content/Editor/Slate/Fonts/FontAwesome.ttf' (139K)
[2018.12.14-00.23.12:784][  0]LogSlate: Took 0.034857 seconds to synchronously load lazily loaded font '../../../Engine/Content/Editor/Slate/Fonts/NanumGothicBold.ttf' (4188K)
[2018.12.14-00.23.12:795][  0]LogSlate: Took 0.011978 seconds to synchronously load lazily loaded font '../../../Engine/Content/Slate/Fonts/Roboto-Bold.ttf' (160K)
[2018.12.14-00.23.13:017][  0]LogRenderer: Reallocating scene render targets to support 104x904 Format 10 NumSamples 1 (Frame:1).
[2018.12.14-00.23.13:499][  0]LogRenderer: Reallocating scene render targets to support 1632x1016 Format 10 NumSamples 1 (Frame:2).
[2018.12.14-00.23.13:667][  0]LogContentBrowser: Native class hierarchy updated for 'HierarchicalLODOutliner' in 0.0011 seconds. Added 0 classes and 0 folders.
[2018.12.14-00.23.13:667][  0]LogLoad: (Engine Initialization) Total time: 64.48 seconds
[2018.12.14-00.23.13:668][  0]LogLoad: (Engine Initialization) Total Blueprint compile time: 0.00 seconds
[2018.12.14-00.23.13:753][  0]LogContentStreaming: Texture pool size now 1000 MB
[2018.12.14-00.23.13:894][  0]LogSlate: Took 0.013132 seconds to synchronously load lazily loaded font '../../../Engine/Content/Slate/Fonts/Roboto-Light.ttf' (167K)
[2018.12.14-00.23.14:308][  4]LogAssetRegistry: Asset discovery search completed in 32.0793 seconds
[2018.12.14-00.23.14:313][  4]LogCollectionManager: Rebuilt the object cache for 0 collections in 0.000000 seconds (found 0 objects)
[2018.12.14-00.23.14:313][  4]LogCollectionManager: Fixed up redirectors for 0 collections in 0.000197 seconds (updated 0 objects)
[2018.12.14-00.23.17:984][ 70]LogSlate: FSceneViewport::OnFocusLost() reason 0
[2018.12.14-00.28.33:087][390]LogSlate: FSceneViewport::OnFocusLost() reason 2
[2018.12.14-00.28.49:099][991]LogRenderer: Reallocating scene render targets to support 1632x1056 Format 10 NumSamples 1 (Frame:1846).
[2018.12.14-00.28.51:136][ 28]LogSlate: FSceneViewport::OnFocusLost() reason 2
[2018.12.14-00.28.55:051][164]LogSlate: Window '모드' being destroyed
[2018.12.14-00.29.36:503][588]LogSlate: FSceneViewport::OnFocusLost() reason 0
[2018.12.14-00.38.52:958][280]LogSlate: FSceneViewport::OnFocusLost() reason 0
[2018.12.14-00.38.54:031][286]Candidate modules for hot reload:
[2018.12.14-00.38.54:031][286]  NetCuteGhost
[2018.12.14-00.38.54:033][286]Launching UnrealBuildTool... [C:/Program Files (x86)/~Game/Epic Games/UE_4.20/Engine/Binaries/DotNET/UnrealBuildTool.exe  -ModuleWithSuffix=NetCuteGhost,3916 Win64 Development -TargetType=Editor -Project="../../../../../../../Users/Utsuho/Desktop/General/ProjectSpace/CuteGhost/NetCuteGhost/NetCuteGhost.uproject" -canskiplink "C:/Users/Utsuho/Desktop/General/ProjectSpace/CuteGhost/NetCuteGhost/NetCuteGhost.uproject" ]
[2018.12.14-00.38.54:047][286]Warning: Starting HotReload took  0.9s.
[2018.12.14-00.38.55:929][419]CompilerResultsLog: New page: 컴파일 - 2018. 12. 14. 오후 6:38:55
[2018.12.14-00.38.55:932][419]LogMainFrame: MainFrame: Module compiling took 1.993 seconds
[2018.12.14-00.38.55:934][419]Warning: HotReload failed, recompile failed
[2018.12.14-00.38.57:081][524]LogTemp: Repeating last play command: 선택된 뷰포트
[2018.12.14-00.38.57:213][524]LogBlueprintUserMessages: Early PlayInEditor Detection: Level '/Game/Map/Map_GhostPlayGround.Map_GhostPlayground:PersistentLevel' has LevelScriptBlueprint '/Game/Map/Map_GhostPlayGround.Map_GhostPlayground:PersistentLevel.Map_GhostPlayGround' with GeneratedClass '/Game/Map/Map_GhostPlayGround.Map_GhostPlayGround_C' with ClassGeneratedBy '/Game/Map/Map_GhostPlayGround.Map_GhostPlayground:PersistentLevel.Map_GhostPlayGround'
[2018.12.14-00.38.57:220][524]LogPlayLevel: PlayLevel: No blueprints needed recompiling
[2018.12.14-00.38.57:261][524]PIE: New page: PIE 세션: Map_GhostPlayGround (2018. 12. 14. 오후 6:38:57)
[2018.12.14-00.38.57:266][524]LogUObjectGlobals: Warning: 'Class /Script/NetCuteGhost.NetCuteGhostGameInstance' 오브젝트를 찾는 데 실패했습니다.
[2018.12.14-00.38.57:273][524]LogPlayLevel: Creating play world package: /Game/Map/UEDPIE_0_Map_GhostPlayGround
[2018.12.14-00.38.57:544][524]LogPlayLevel: PIE: StaticDuplicateObject took: (0.268343s)
[2018.12.14-00.38.57:588][524]LogAIModule: Creating AISystem for world Map_GhostPlayground
[2018.12.14-00.38.57:620][524]LogPlayLevel: PIE: World Init took: (0.075255s)
[2018.12.14-00.38.57:621][524]LogPlayLevel: PIE: Created PIE world by copying editor world from /Game/Map/Map_GhostPlayGround.Map_GhostPlayground to /Game/Map/UEDPIE_0_Map_GhostPlayGround.Map_GhostPlayground (0.348349s)
[2018.12.14-00.38.58:010][524]LogInit: XAudio2 using '스피커(Realtek High Definition Audio)' : 2 channels at 48 kHz using 32 bits per sample (channel mask 0x3)
[2018.12.14-00.38.58:163][524]LogInit: FAudioDevice initialized.
[2018.12.14-00.38.58:471][524]LogLoad: Game class is 'BP_CuteGhost_Gamemode_C'
[2018.12.14-00.38.58:556][524]LogWorld: Bringing World /Game/Map/UEDPIE_0_Map_GhostPlayGround.Map_GhostPlayground up for play (max tick rate 0) at 2018.12.14-09.38.58
[2018.12.14-00.38.58:563][524]LogWorld: Bringing up level for play took: 0.033309
[2018.12.14-00.39.00:608][524]LogContentBrowser: Native class hierarchy updated for 'MovieSceneCapture' in 0.0304 seconds. Added 10 classes and 0 folders.
[2018.12.14-00.39.00:666][524]LogSlate: New Slate User Created.  User Index 1, Is Virtual User: 0
[2018.12.14-00.39.00:667][524]LogSlate: Slate User Registered.  User Index 1, Is Virtual User: 0
[2018.12.14-00.39.00:948][524]LogSpawn: Warning: SpawnActor failed because of collision at the spawn location [X=32.400 Y=-873.600 Z=92.000] for [BP_CuteGhost_C]
[2018.12.14-00.39.01:017][524]LogGameMode: Warning: SpawnDefaultPawnAtTransform: Couldn't spawn Pawn of type BP_CuteGhost_C at Rotation: Pitch 0.000000 Yaw 90.000114 Roll 0.000000
Translation: 2.400000 -873.599976 92.000000
Scale3D: 1.000000 1.000000 1.000000

[2018.12.14-00.39.01:084][524]LogSlate: New Slate User Created.  User Index 2, Is Virtual User: 0
[2018.12.14-00.39.01:084][524]LogSlate: Slate User Registered.  User Index 2, Is Virtual User: 0
[2018.12.14-00.39.01:146][524]LogSlate: New Slate User Created.  User Index 3, Is Virtual User: 0
[2018.12.14-00.39.01:146][524]LogSlate: Slate User Registered.  User Index 3, Is Virtual User: 0
[2018.12.14-00.39.01:150][524]LogSpawn: Warning: SpawnActor failed because of collision at the spawn location [X=32.400 Y=-873.600 Z=92.000] for [BP_CuteGhost_C]
[2018.12.14-00.39.01:150][524]LogGameMode: Warning: SpawnDefaultPawnAtTransform: Couldn't spawn Pawn of type BP_CuteGhost_C at Rotation: Pitch 0.000000 Yaw 90.000114 Roll 0.000000
Translation: 2.400000 -873.599976 92.000000
Scale3D: 1.000000 1.000000 1.000000

[2018.12.14-00.39.01:274][524]PIE: /Game/Map/UEDPIE_0_Map_GhostPlayGround 에 대한 에디터에서 플레이 시작 시간: 3.273
[2018.12.14-00.39.01:378][524]LogBlueprintUserMessages: Late PlayInEditor Detection: Level '/Game/Map/Map_GhostPlayGround.Map_GhostPlayground:PersistentLevel' has LevelScriptBlueprint '/Game/Map/Map_GhostPlayGround.Map_GhostPlayground:PersistentLevel.Map_GhostPlayGround' with GeneratedClass '/Game/Map/Map_GhostPlayGround.Map_GhostPlayGround_C' with ClassGeneratedBy '/Game/Map/Map_GhostPlayGround.Map_GhostPlayground:PersistentLevel.Map_GhostPlayGround'
[2018.12.14-00.39.42:867][885]LogSlate: FSceneViewport::OnFocusLost() reason 0
[2018.12.14-00.39.43:103][885]LogSlate: Took 0.016252 seconds to synchronously load lazily loaded font '../../../Engine/Content/Slate/Fonts/DroidSansMono.ttf' (77K)
[2018.12.14-00.39.43:195][885]LogSlate: Took 0.026936 seconds to synchronously load lazily loaded font '../../../Engine/Content/Editor/Slate/Fonts/NanumGothicExtraBold.ttf' (4074K)
[2018.12.14-00.39.57:510][540]LogSlate: FSceneViewport::OnFocusLost() reason 0
[2018.12.14-00.39.57:604][549]LogBlueprintUserMessages: Early EndPlayMap Detection: Level '/Game/Map/Map_GhostPlayGround.Map_GhostPlayground:PersistentLevel' has LevelScriptBlueprint '/Game/Map/Map_GhostPlayGround.Map_GhostPlayground:PersistentLevel.Map_GhostPlayGround' with GeneratedClass '/Game/Map/Map_GhostPlayGround.Map_GhostPlayGround_C' with ClassGeneratedBy '/Game/Map/Map_GhostPlayGround.Map_GhostPlayground:PersistentLevel.Map_GhostPlayGround'
[2018.12.14-00.39.57:611][549]LogSlate: Updating window title bar state: overlay mode, drag disabled, window buttons hidden, title bar hidden
[2018.12.14-00.39.57:674][549]LogPlayLevel: Display: Shutting down PIE online subsystems
[2018.12.14-00.39.57:675][549]LogBlueprintUserMessages: Late EndPlayMap Detection: Level '/Game/Map/Map_GhostPlayGround.Map_GhostPlayground:PersistentLevel' has LevelScriptBlueprint '/Game/Map/Map_GhostPlayGround.Map_GhostPlayground:PersistentLevel.Map_GhostPlayGround' with GeneratedClass '/Game/Map/Map_GhostPlayGround.Map_GhostPlayGround_C' with ClassGeneratedBy '/Game/Map/Map_GhostPlayGround.Map_GhostPlayground:PersistentLevel.Map_GhostPlayGround'
[2018.12.14-00.39.57:739][549]LogSlate: Updating window title bar state: overlay mode, drag disabled, window buttons hidden, title bar hidden
[2018.12.14-00.39.57:826][550]LogPlayLevel: Display: Destroying online subsystem :Context_3
[2018.12.14-00.40.08:933][379]LogTemp: Repeating last play command: 독립형 게임
[2018.12.14-00.42.28:817][973]LogTemp: Repeating last play command: 독립형 게임
[2018.12.14-00.42.32:794][209]LogBlueprintUserMessages: Early PlayInEditor Detection: Level '/Game/Map/Map_GhostPlayGround.Map_GhostPlayground:PersistentLevel' has LevelScriptBlueprint '/Game/Map/Map_GhostPlayGround.Map_GhostPlayground:PersistentLevel.Map_GhostPlayGround' with GeneratedClass '/Game/Map/Map_GhostPlayGround.Map_GhostPlayGround_C' with ClassGeneratedBy '/Game/Map/Map_GhostPlayGround.Map_GhostPlayground:PersistentLevel.Map_GhostPlayGround'
[2018.12.14-00.42.32:796][209]LogPlayLevel: PlayLevel: No blueprints needed recompiling
[2018.12.14-00.42.32:801][209]PIE: New page: PIE 세션: Map_GhostPlayGround (2018. 12. 14. 오후 6:42:32)
[2018.12.14-00.42.32:803][209]LogPlayLevel: Creating play world package: /Game/Map/UEDPIE_0_Map_GhostPlayGround
[2018.12.14-00.42.32:850][209]LogPlayLevel: PIE: StaticDuplicateObject took: (0.045951s)
[2018.12.14-00.42.32:855][209]LogAIModule: Creating AISystem for world Map_GhostPlayground
[2018.12.14-00.42.32:857][209]LogPlayLevel: PIE: World Init took: (0.006496s)
[2018.12.14-00.42.32:858][209]LogPlayLevel: PIE: Created PIE world by copying editor world from /Game/Map/Map_GhostPlayGround.Map_GhostPlayground to /Game/Map/UEDPIE_0_Map_GhostPlayGround.Map_GhostPlayground (0.054410s)
[2018.12.14-00.42.33:047][209]LogInit: XAudio2 using '스피커(Realtek High Definition Audio)' : 2 channels at 48 kHz using 32 bits per sample (channel mask 0x3)
[2018.12.14-00.42.33:175][209]LogInit: FAudioDevice initialized.
[2018.12.14-00.42.33:234][209]LogLoad: Game class is 'BP_CuteGhost_Gamemode_C'
[2018.12.14-00.42.33:240][209]LogWorld: Bringing World /Game/Map/UEDPIE_0_Map_GhostPlayGround.Map_GhostPlayground up for play (max tick rate 0) at 2018.12.14-09.42.33
[2018.12.14-00.42.33:241][209]LogWorld: Bringing up level for play took: 0.005860
[2018.12.14-00.42.33:273][209]PIE: /Game/Map/UEDPIE_0_Map_GhostPlayGround 에 대한 에디터에서 플레이 시작 시간: 1.274
[2018.12.14-00.42.33:274][209]LogBlueprintUserMessages: Late PlayInEditor Detection: Level '/Game/Map/Map_GhostPlayGround.Map_GhostPlayground:PersistentLevel' has LevelScriptBlueprint '/Game/Map/Map_GhostPlayGround.Map_GhostPlayground:PersistentLevel.Map_GhostPlayGround' with GeneratedClass '/Game/Map/Map_GhostPlayGround.Map_GhostPlayGround_C' with ClassGeneratedBy '/Game/Map/Map_GhostPlayGround.Map_GhostPlayground:PersistentLevel.Map_GhostPlayGround'
[2018.12.14-00.44.05:706][594]LogBlueprintUserMessages: [Widget_ServerUI_C_0] remove
[2018.12.14-00.44.16:666][761]LogBlueprintUserMessages: Early EndPlayMap Detection: Level '/Game/Map/Map_GhostPlayGround.Map_GhostPlayground:PersistentLevel' has LevelScriptBlueprint '/Game/Map/Map_GhostPlayGround.Map_GhostPlayground:PersistentLevel.Map_GhostPlayGround' with GeneratedClass '/Game/Map/Map_GhostPlayGround.Map_GhostPlayGround_C' with ClassGeneratedBy '/Game/Map/Map_GhostPlayGround.Map_GhostPlayground:PersistentLevel.Map_GhostPlayGround'
[2018.12.14-00.44.16:670][761]LogSlate: Updating window title bar state: overlay mode, drag disabled, window buttons hidden, title bar hidden
[2018.12.14-00.44.16:719][761]LogPlayLevel: Display: Shutting down PIE online subsystems
[2018.12.14-00.44.16:720][761]LogBlueprintUserMessages: Late EndPlayMap Detection: Level '/Game/Map/Map_GhostPlayGround.Map_GhostPlayground:PersistentLevel' has LevelScriptBlueprint '/Game/Map/Map_GhostPlayGround.Map_GhostPlayground:PersistentLevel.Map_GhostPlayGround' with GeneratedClass '/Game/Map/Map_GhostPlayGround.Map_GhostPlayGround_C' with ClassGeneratedBy '/Game/Map/Map_GhostPlayGround.Map_GhostPlayground:PersistentLevel.Map_GhostPlayGround'
[2018.12.14-00.44.16:777][761]LogSlate: Updating window title bar state: overlay mode, drag disabled, window buttons hidden, title bar hidden
[2018.12.14-00.44.16:824][762]LogPlayLevel: Display: Destroying online subsystem :Context_4
[2018.12.14-00.44.17:991][818]LogSlate: Window 'NetCuteGhost - 언리얼 에디터' being destroyed
[2018.12.14-00.44.18:000][818]LogWindowsTextInputMethodSystem: Display: IME system now activated using TSF (Microsoft 입력기).
[2018.12.14-00.44.18:640][819]Cmd: QUIT_EDITOR
[2018.12.14-00.44.19:184][819]LogExit: Preparing to exit.
[2018.12.14-00.44.20:424][819]LogExit: Editor shut down
[2018.12.14-00.44.20:428][819]LogExit: Transaction tracking system shut down
[2018.12.14-00.44.21:588][819]LogExit: Object subsystem successfully closed.
[2018.12.14-00.44.21:636][819]LogShaderCompilers: Display: Shaders left to compile 0
[2018.12.14-00.44.21:647][819]LogD3D11RHI: Shutdown
[2018.12.14-00.44.21:647][819]LogD3D11RHI: CleanupD3DDevice
[2018.12.14-00.44.21:667][819]LogD3D11RHI: ~FD3D11DynamicRHI
[2018.12.14-00.44.21:782][819]LogModuleManager: Shutting down and abandoning module MovieSceneCapture (618)
[2018.12.14-00.44.21:782][819]LogModuleManager: Shutting down and abandoning module Voice (616)
[2018.12.14-00.44.21:782][819]LogModuleManager: Shutting down and abandoning module HierarchicalLODOutliner (614)
[2018.12.14-00.44.21:782][819]LogModuleManager: Shutting down and abandoning module WorldBrowser (612)
[2018.12.14-00.44.21:783][819]LogModuleManager: Shutting down and abandoning module SceneOutliner (610)
[2018.12.14-00.44.21:783][819]LogModuleManager: Shutting down and abandoning module AddContentDialog (608)
[2018.12.14-00.44.21:804][819]LogModuleManager: Shutting down and abandoning module WidgetCarousel (607)
[2018.12.14-00.44.21:804][819]LogModuleManager: Shutting down and abandoning module EditorWidgets (604)
[2018.12.14-00.44.21:804][819]LogModuleManager: Shutting down and abandoning module CollectionManager (602)
[2018.12.14-00.44.21:806][819]LogModuleManager: Shutting down and abandoning module StatsViewer (600)
[2018.12.14-00.44.21:807][819]LogModuleManager: Shutting down and abandoning module FoliageEdit (598)
[2018.12.14-00.44.21:807][819]LogModuleManager: Shutting down and abandoning module LandscapeEditor (596)
[2018.12.14-00.44.21:810][819]LogModuleManager: Shutting down and abandoning module MeshPaintMode (594)
[2018.12.14-00.44.21:811][819]LogModuleManager: Shutting down and abandoning module SceneDepthPickerMode (592)
[2018.12.14-00.44.21:811][819]LogModuleManager: Shutting down and abandoning module ActorPickerMode (590)
[2018.12.14-00.44.21:811][819]LogModuleManager: Shutting down and abandoning module GeometryMode (588)
[2018.12.14-00.44.21:811][819]LogModuleManager: Shutting down and abandoning module TextureAlignMode (586)
[2018.12.14-00.44.21:811][819]LogModuleManager: Shutting down and abandoning module BspMode (584)
[2018.12.14-00.44.21:811][819]LogModuleManager: Shutting down and abandoning module PIEPreviewDeviceProfileSelector (582)
[2018.12.14-00.44.21:811][819]LogModuleManager: Shutting down and abandoning module SequenceRecorderSections (580)
[2018.12.14-00.44.21:812][819]LogModuleManager: Shutting down and abandoning module AutomationWorker (578)
[2018.12.14-00.44.21:812][819]LogModuleManager: Shutting down and abandoning module AudioCaptureEditor (576)
[2018.12.14-00.44.21:812][819]LogModuleManager: Shutting down and abandoning module SequenceRecorder (575)
[2018.12.14-00.44.21:812][819]LogModuleManager: Shutting down and abandoning module MatineeToLevelSequence (572)
[2018.12.14-00.44.21:813][819]LogModuleManager: Shutting down and abandoning module LevelSequenceEditor (570)
[2018.12.14-00.44.21:817][819]LogModuleManager: Shutting down and abandoning module PlacementMode (569)
[2018.12.14-00.44.21:818][819]LogModuleManager: Shutting down and abandoning module MaterialEditor (568)
[2018.12.14-00.44.21:820][819]LogModuleManager: Shutting down and abandoning module WmfMediaFactory (564)
[2018.12.14-00.44.21:820][819]LogModuleManager: Shutting down and abandoning module WmfMediaEditor (562)
[2018.12.14-00.44.21:820][819]LogModuleManager: Shutting down and abandoning module MediaPlayerEditor (560)
[2018.12.14-00.44.21:821][819]LogModuleManager: Shutting down and abandoning module OpenExrWrapper (558)
[2018.12.14-00.44.21:821][819]LogModuleManager: Shutting down and abandoning module ImgMediaFactory (556)
[2018.12.14-00.44.21:821][819]LogModuleManager: Shutting down and abandoning module ImgMediaEditor (554)
[2018.12.14-00.44.21:821][819]LogModuleManager: Shutting down and abandoning module AvfMediaFactory (552)
[2018.12.14-00.44.21:821][819]LogModuleManager: Shutting down and abandoning module AvfMediaEditor (550)
[2018.12.14-00.44.21:821][819]LogModuleManager: Shutting down and abandoning module AndroidMediaFactory (548)
[2018.12.14-00.44.21:821][819]LogModuleManager: Shutting down and abandoning module AndroidMediaEditor (546)
[2018.12.14-00.44.21:821][819]LogModuleManager: Shutting down and abandoning module MagicLeapCameraPreviewFactory (544)
[2018.12.14-00.44.21:822][819]LogModuleManager: Shutting down and abandoning module MagicLeapMediaFactory (542)
[2018.12.14-00.44.21:822][819]LogModuleManager: Shutting down and abandoning module MagicLeapMediaEditor (540)
[2018.12.14-00.44.21:822][819]LogModuleManager: Shutting down and abandoning module CharacterAI (538)
[2018.12.14-00.44.21:822][819]LogModuleManager: Shutting down and abandoning module SmartSnapping (536)
[2018.12.14-00.44.21:822][819]LogModuleManager: Shutting down and abandoning module SessionServices (534)
[2018.12.14-00.44.21:822][819]LogModuleManager: Shutting down and abandoning module ViewportSnapping (532)
[2018.12.14-00.44.21:822][819]LogModuleManager: Shutting down and abandoning module ViewportInteraction (530)
[2018.12.14-00.44.21:822][819]LogModuleManager: Shutting down and abandoning module ClothPainter (528)
[2018.12.14-00.44.21:824][819]LogModuleManager: Shutting down and abandoning module SkeletalMeshEditor (527)
[2018.12.14-00.44.21:825][819]LogModuleManager: Shutting down and abandoning module LogVisualizer (524)
[2018.12.14-00.44.21:827][819]LogModuleManager: Shutting down and abandoning module IntroTutorials (522)
[2018.12.14-00.44.21:829][819]LogModuleManager: Shutting down and abandoning module GameProjectGeneration (521)
[2018.12.14-00.44.21:830][819]LogModuleManager: Shutting down and abandoning module LuminPlatformEditor (518)
[2018.12.14-00.44.21:830][819]LogModuleManager: Shutting down and abandoning module IOSPlatformEditor (516)
[2018.12.14-00.44.21:831][819]LogModuleManager: Shutting down and abandoning module HTML5PlatformEditor (514)
[2018.12.14-00.44.21:831][819]LogModuleManager: Shutting down and abandoning module AndroidPlatformEditor (512)
[2018.12.14-00.44.21:831][819]LogModuleManager: Shutting down and abandoning module AndroidDeviceDetection (511)
[2018.12.14-00.44.22:214][819]LogModuleManager: Shutting down and abandoning module WindowsPlatformEditor (508)
[2018.12.14-00.44.22:214][819]LogModuleManager: Shutting down and abandoning module LuminRuntimeSettings (506)
[2018.12.14-00.44.22:214][819]LogModuleManager: Shutting down and abandoning module IOSRuntimeSettings (504)
[2018.12.14-00.44.22:214][819]LogModuleManager: Shutting down and abandoning module AndroidRuntimeSettings (502)
[2018.12.14-00.44.22:214][819]LogModuleManager: Shutting down and abandoning module InputBindingEditor (500)
[2018.12.14-00.44.22:215][819]LogModuleManager: Shutting down and abandoning module MergeActors (498)
[2018.12.14-00.44.22:215][819]LogModuleManager: Shutting down and abandoning module LocalizationDashboard (496)
[2018.12.14-00.44.22:216][819]LogModuleManager: Shutting down and abandoning module LocalizationService (495)
[2018.12.14-00.44.22:217][819]LogModuleManager: Shutting down and abandoning module HardwareTargeting (492)
[2018.12.14-00.44.22:217][819]LogModuleManager: Shutting down and abandoning module DeviceProfileEditor (490)
[2018.12.14-00.44.22:217][819]LogModuleManager: Shutting down and abandoning module UndoHistory (488)
[2018.12.14-00.44.22:218][819]LogModuleManager: Shutting down and abandoning module XmlParser (486)
[2018.12.14-00.44.22:218][819]LogModuleManager: Shutting down and abandoning module Blutility (484)
[2018.12.14-00.44.22:218][819]LogModuleManager: Shutting down and abandoning module ProjectSettingsViewer (482)
[2018.12.14-00.44.22:219][819]LogModuleManager: Shutting down and abandoning module ProjectTargetPlatformEditor (481)
[2018.12.14-00.44.22:219][819]LogModuleManager: Shutting down and abandoning module EditorSettingsViewer (478)
[2018.12.14-00.44.22:219][819]LogModuleManager: Shutting down and abandoning module SettingsEditor (476)
[2018.12.14-00.44.22:220][819]LogModuleManager: Shutting down and abandoning module ProjectLauncher (474)
[2018.12.14-00.44.22:221][819]LogModuleManager: Shutting down and abandoning module SessionFrontend (472)
[2018.12.14-00.44.22:222][819]LogModuleManager: Shutting down and abandoning module ProfilerClient (470)
[2018.12.14-00.44.22:222][819]LogModuleManager: Shutting down and abandoning module DeviceManager (468)
[2018.12.14-00.44.22:223][819]LogModuleManager: Shutting down and abandoning module TargetDeviceServices (467)
[2018.12.14-00.44.22:279][819]LogModuleManager: Shutting down and abandoning module AutomationController (464)
[2018.12.14-00.44.22:279][819]LogModuleManager: Shutting down and abandoning module AutomationWindow (462)
[2018.12.14-00.44.22:280][819]LogModuleManager: Shutting down and abandoning module Layers (460)
[2018.12.14-00.44.22:282][819]LogModuleManager: Shutting down and abandoning module ComponentVisualizers (458)
[2018.12.14-00.44.22:282][819]LogModuleManager: Shutting down and abandoning module DetailCustomizations (456)
[2018.12.14-00.44.22:283][819]LogModuleManager: Shutting down and abandoning module PackagesDialog (454)
[2018.12.14-00.44.22:284][819]LogModuleManager: Shutting down and abandoning module Persona (452)
[2018.12.14-00.44.22:285][819]LogModuleManager: Shutting down and abandoning module AdvancedPreviewScene (451)
[2018.12.14-00.44.22:285][819]LogModuleManager: Shutting down and abandoning module AnimGraph (449)
[2018.12.14-00.44.22:286][819]LogModuleManager: Shutting down and abandoning module Kismet (446)
[2018.12.14-00.44.22:289][819]LogModuleManager: Shutting down and abandoning module GraphEditor (444)
[2018.12.14-00.44.22:290][819]LogModuleManager: Shutting down and abandoning module ClassViewer (442)
[2018.12.14-00.44.22:291][819]LogModuleManager: Shutting down and abandoning module Toolbox (440)
[2018.12.14-00.44.22:291][819]LogModuleManager: Shutting down and abandoning module DesktopPlatform (439)
[2018.12.14-00.44.22:292][819]LogModuleManager: Shutting down and abandoning module ModuleUI (436)
[2018.12.14-00.44.22:292][819]LogModuleManager: Shutting down and abandoning module MovieSceneTools (434)
[2018.12.14-00.44.22:293][819]LogModuleManager: Shutting down and abandoning module OutputLog (432)
[2018.12.14-00.44.22:293][819]LogModuleManager: Shutting down and abandoning module GammaUI (430)
[2018.12.14-00.44.22:293][819]LogModuleManager: Shutting down and abandoning module Documentation (428)
[2018.12.14-00.44.22:293][819]LogModuleManager: Shutting down and abandoning module MovieSceneTracks (426)
[2018.12.14-00.44.22:293][819]LogModuleManager: Shutting down and abandoning module MovieScene (424)
[2018.12.14-00.44.22:293][819]LogModuleManager: Shutting down and abandoning module StreamingPauseRendering (422)
[2018.12.14-00.44.22:294][819]LogModuleManager: Shutting down and abandoning module LauncherPlatform (420)
[2018.12.14-00.44.22:294][819]LogModuleManager: Shutting down and abandoning module AnalyticsET (418)
[2018.12.14-00.44.22:294][819]LogModuleManager: Shutting down and abandoning module PortalServices (416)
[2018.12.14-00.44.22:294][819]LogModuleManager: Shutting down and abandoning module PortalRpc (414)
[2018.12.14-00.44.22:294][819]LogModuleManager: Shutting down and abandoning module MessagingRpc (412)
[2018.12.14-00.44.22:294][819]LogModuleManager: Shutting down and abandoning module AIModule (410)
[2018.12.14-00.44.22:294][819]LogModuleManager: Shutting down and abandoning module GameplayDebugger (409)
[2018.12.14-00.44.22:294][819]LogModuleManager: Shutting down and abandoning module AITestSuite (407)
[2018.12.14-00.44.22:294][819]LogModuleManager: Shutting down and abandoning module NavigationSystem (405)
[2018.12.14-00.44.22:294][819]LogModuleManager: Shutting down and abandoning module ProfilerService (402)
[2018.12.14-00.44.22:518][819]LogModuleManager: Shutting down and abandoning module TaskGraph (400)
[2018.12.14-00.44.22:518][819]LogModuleManager: Shutting down and abandoning module SteamVRController (398)
[2018.12.14-00.44.22:518][819]LogModuleManager: Shutting down and abandoning module ProceduralMeshComponentEditor (396)
[2018.12.14-00.44.22:518][819]LogModuleManager: Shutting down and abandoning module ProceduralMeshComponent (394)
[2018.12.14-00.44.22:518][819]LogModuleManager: Shutting down and abandoning module OculusInput (392)
[2018.12.14-00.44.22:518][819]LogModuleManager: Shutting down and abandoning module MobilePatchingUtils (390)
[2018.12.14-00.44.22:519][819]LogModuleManager: Shutting down and abandoning module EditableMesh (388)
[2018.12.14-00.44.22:519][819]LogModuleManager: Shutting down and abandoning module CustomMeshComponent (386)
[2018.12.14-00.44.22:519][819]LogModuleManager: Shutting down and abandoning module CableComponent (384)
[2018.12.14-00.44.22:519][819]LogModuleManager: Shutting down and abandoning module AudioCapture (382)
[2018.12.14-00.44.22:519][819]LogModuleManager: Shutting down and abandoning module ArchVisCharacter (380)
[2018.12.14-00.44.22:519][819]LogModuleManager: Shutting down and abandoning module AndroidPermission (378)
[2018.12.14-00.44.22:519][819]LogModuleManager: Shutting down and abandoning module NUTUnrealEngine4 (376)
[2018.12.14-00.44.22:519][819]LogModuleManager: Shutting down and abandoning module NetcodeUnitTest (374)
[2018.12.14-00.44.22:519][819]LogModuleManager: Shutting down and abandoning module MediaCompositingEditor (372)
[2018.12.14-00.44.22:520][819]LogModuleManager: Shutting down and abandoning module MediaCompositing (370)
[2018.12.14-00.44.22:520][819]LogModuleManager: Shutting down and abandoning module LinearTimecode (368)
[2018.12.14-00.44.22:520][819]LogModuleManager: Shutting down and abandoning module ImgMedia (366)
[2018.12.14-00.44.22:531][819]LogModuleManager: Shutting down and abandoning module HTML5Networking (364)
[2018.12.14-00.44.22:531][819]LogModuleManager: Shutting down and abandoning module GeometryCacheTracks (362)
[2018.12.14-00.44.22:531][819]LogModuleManager: Shutting down and abandoning module GeometryCacheSequencer (360)
[2018.12.14-00.44.22:531][819]LogModuleManager: Shutting down and abandoning module BackChannel (358)
[2018.12.14-00.44.22:531][819]LogModuleManager: Shutting down and abandoning module AppleVision (356)
[2018.12.14-00.44.22:531][819]LogModuleManager: Shutting down and abandoning module AppleImageUtils (354)
[2018.12.14-00.44.22:531][819]LogModuleManager: Shutting down and abandoning module AlembicImporter (352)
[2018.12.14-00.44.22:531][819]LogModuleManager: Shutting down and abandoning module AlembicLibrary (351)
[2018.12.14-00.44.22:532][819]LogModuleManager: Shutting down and abandoning module GeometryCache (350)
[2018.12.14-00.44.22:532][819]LogModuleManager: Shutting down and abandoning module GeometryCacheEd (349)
[2018.12.14-00.44.22:532][819]LogModuleManager: Shutting down and abandoning module DatasmithContentEditor (344)
[2018.12.14-00.44.22:532][819]LogModuleManager: Shutting down and abandoning module DatasmithContent (342)
[2018.12.14-00.44.22:532][819]LogModuleManager: Shutting down and abandoning module SpeedTreeImporter (340)
[2018.12.14-00.44.22:532][819]LogModuleManager: Shutting down and abandoning module PluginBrowser (338)
[2018.12.14-00.44.22:533][819]LogModuleManager: Shutting down and abandoning module MobileLauncherProfileWizard (336)
[2018.12.14-00.44.22:534][819]LogModuleManager: Shutting down and abandoning module PolygonModeling (334)
[2018.12.14-00.44.22:534][819]LogModuleManager: Shutting down and abandoning module MeshEditor (332)
[2018.12.14-00.44.22:535][819]LogModuleManager: Shutting down and abandoning module CryptoKeysOpenSSL (330)
[2018.12.14-00.44.22:535][819]LogModuleManager: Shutting down and abandoning module CryptoKeys (328)
[2018.12.14-00.44.22:535][819]LogModuleManager: Shutting down and abandoning module VisualStudioSourceCodeAccess (326)
[2018.12.14-00.44.22:535][819]LogModuleManager: Shutting down and abandoning module VisualStudioCodeSourceCodeAccess (324)
[2018.12.14-00.44.22:535][819]LogModuleManager: Shutting down and abandoning module UObjectPlugin (322)
[2018.12.14-00.44.22:535][819]LogModuleManager: Shutting down and abandoning module SubversionSourceControl (320)
[2018.12.14-00.44.22:535][819]LogModuleManager: Shutting down and abandoning module PerforceSourceControl (318)
[2018.12.14-00.44.22:536][819]LogModuleManager: Shutting down and abandoning module GitSourceControl (316)
[2018.12.14-00.44.22:537][819]LogModuleManager: Shutting down and abandoning module SourceControl (315)
[2018.12.14-00.44.22:537][819]LogModuleManager: Shutting down and abandoning module CLionSourceCodeAccess (312)
[2018.12.14-00.44.22:537][819]LogModuleManager: Shutting down and abandoning module LightPropagationVolumeEditor (310)
[2018.12.14-00.44.22:537][819]LogModuleManager: Shutting down and abandoning module PaperTiledImporter (308)
[2018.12.14-00.44.22:537][819]LogModuleManager: Shutting down and abandoning module PaperSpriteSheetImporter (306)
[2018.12.14-00.44.22:537][819]LogModuleManager: Shutting down and abandoning module Paper2DEditor (304)
[2018.12.14-00.44.22:539][819]LogModuleManager: Shutting down and abandoning module MeshPaint (303)
[2018.12.14-00.44.22:539][819]LogModuleManager: Shutting down and abandoning module NetCuteGhost (300)
[2018.12.14-00.44.22:539][819]LogModuleManager: Shutting down and abandoning module RuntimePhysXCooking (298)
[2018.12.14-00.44.22:539][819]LogModuleManager: Shutting down and abandoning module PhysXVehiclesEditor (296)
[2018.12.14-00.44.22:539][819]LogModuleManager: Shutting down and abandoning module PhysXVehicles (294)
[2018.12.14-00.44.22:539][819]LogModuleManager: Shutting down and abandoning module OculusEditor (292)
[2018.12.14-00.44.22:540][819]LogModuleManager: Shutting down and abandoning module LocationServicesBPLibrary (290)
[2018.12.14-00.44.22:540][819]LogModuleManager: Shutting down and abandoning module ImmediatePhysicsEditor (288)
[2018.12.14-00.44.22:540][819]LogModuleManager: Shutting down and abandoning module ImmediatePhysics (286)
[2018.12.14-00.44.22:540][819]LogModuleManager: Shutting down and abandoning module ActorSequence (284)
[2018.12.14-00.44.22:540][819]LogModuleManager: Shutting down and abandoning module UdpMessaging (282)
[2018.12.14-00.44.22:641][819]LogModuleManager: Shutting down and abandoning module TcpMessaging (280)
[2018.12.14-00.44.22:741][819]LogModuleManager: Shutting down and abandoning module MagicLeapAudio (278)
[2018.12.14-00.44.22:741][819]LogModuleManager: Shutting down and abandoning module GameplayTagsEditor (276)
[2018.12.14-00.44.22:741][819]LogModuleManager: Shutting down and abandoning module FacialAnimationEditor (274)
[2018.12.14-00.44.22:741][819]LogModuleManager: Shutting down and abandoning module FacialAnimation (272)
[2018.12.14-00.44.22:741][819]LogModuleManager: Shutting down and abandoning module DataValidation (270)
[2018.12.14-00.44.22:742][819]LogModuleManager: Shutting down and abandoning module AssetManagerEditor (268)
[2018.12.14-00.44.22:742][819]LogModuleManager: Shutting down and abandoning module LevelEditor (267)
[2018.12.14-00.44.22:748][819]LogModuleManager: Shutting down and abandoning module PixelInspectorModule (266)
[2018.12.14-00.44.22:748][819]LogModuleManager: Shutting down and abandoning module CommonMenuExtensions (264)
[2018.12.14-00.44.22:749][819]LogModuleManager: Shutting down and abandoning module MainFrame (262)
[2018.12.14-00.44.22:749][819]LogModuleManager: Shutting down and abandoning module HotReload (261)
[2018.12.14-00.44.22:751][819]LogModuleManager: Shutting down and abandoning module ContentBrowser (257)
[2018.12.14-00.44.22:756][819]LogModuleManager: Shutting down and abandoning module TreeMap (255)
[2018.12.14-00.44.22:757][819]LogModuleManager: Shutting down and abandoning module LightPropagationVolumeRuntime (252)
[2018.12.14-00.44.22:757][819]LogModuleManager: Shutting down and abandoning module AISupportModule (250)
[2018.12.14-00.44.22:757][819]LogModuleManager: Shutting down and abandoning module Paper2D (248)
[2018.12.14-00.44.22:757][819]LogModuleManager: Shutting down and abandoning module WindowsMoviePlayer (246)
[2018.12.14-00.44.22:757][819]LogModuleManager: Shutting down and abandoning module WmfMedia (244)
[2018.12.14-00.44.22:761][819]LogModuleManager: Shutting down and abandoning module Media (243)
[2018.12.14-00.44.22:769][819]LogModuleManager: Shutting down and abandoning module PacketHandler (240)
[2018.12.14-00.44.22:769][819]LogModuleManager: Shutting down and abandoning module ClothingSystemEditor (238)
[2018.12.14-00.44.22:769][819]LogModuleManager: Shutting down and abandoning module ClothingSystemRuntime (236)
[2018.12.14-00.44.22:769][819]LogModuleManager: Shutting down and abandoning module MediaAssets (234)
[2018.12.14-00.44.22:769][819]LogModuleManager: Shutting down and abandoning module Overlay (232)
[2018.12.14-00.44.22:769][819]LogModuleManager: Shutting down and abandoning module OverlayEditor (231)
[2018.12.14-00.44.22:769][819]LogModuleManager: Shutting down and abandoning module VREditor (228)
[2018.12.14-00.44.22:769][819]LogModuleManager: Shutting down and abandoning module StringTableEditor (226)
[2018.12.14-00.44.22:769][819]LogModuleManager: Shutting down and abandoning module GameplayTasksEditor (224)
[2018.12.14-00.44.22:769][819]LogModuleManager: Shutting down and abandoning module BehaviorTreeEditor (222)
[2018.12.14-00.44.22:769][819]LogModuleManager: Shutting down and abandoning module FunctionalTesting (220)
[2018.12.14-00.44.22:769][819]LogModuleManager: Shutting down and abandoning module CollisionAnalyzer (218)
[2018.12.14-00.44.22:770][819]LogModuleManager: Shutting down and abandoning module WorkspaceMenuStructure (217)
[2018.12.14-00.44.22:771][819]LogModuleManager: Shutting down and abandoning module UMG (214)
[2018.12.14-00.44.22:771][819]LogModuleManager: Shutting down and abandoning module UMGEditor (213)
[2018.12.14-00.44.22:771][819]LogModuleManager: Shutting down and abandoning module Sequencer (212)
[2018.12.14-00.44.22:772][819]LogModuleManager: Shutting down and abandoning module MessageLog (209)
[2018.12.14-00.44.22:772][819]LogModuleManager: Shutting down and abandoning module SlateReflector (204)
[2018.12.14-00.44.22:773][819]LogModuleManager: Shutting down and abandoning module Slate (202)
[2018.12.14-00.44.22:773][819]LogModuleManager: Shutting down and abandoning module EditorStyle (200)
[2018.12.14-00.44.22:778][819]LogModuleManager: Shutting down and abandoning module MRMesh (198)
[2018.12.14-00.44.22:778][819]LogModuleManager: Shutting down and abandoning module SourceCodeAccess (196)
[2018.12.14-00.44.22:778][819]LogModuleManager: Shutting down and abandoning module HeadMountedDisplay (194)
[2018.12.14-00.44.22:779][819]LogModuleManager: Shutting down and abandoning module XAudio2 (192)
[2018.12.14-00.44.22:779][819]LogModuleManager: Shutting down and abandoning module Networking (190)
[2018.12.14-00.44.22:779][819]LogModuleManager: Shutting down and abandoning module Core (188)
[2018.12.14-00.44.22:779][819]LogModuleManager: Shutting down and abandoning module LevelSequence (186)
[2018.12.14-00.44.22:779][819]LogModuleManager: Shutting down and abandoning module KismetCompiler (184)
[2018.12.14-00.44.22:779][819]LogModuleManager: Shutting down and abandoning module MeshUtilities (182)
[2018.12.14-00.44.22:779][819]LogModuleManager: Shutting down and abandoning module MeshMergeUtilities (181)
[2018.12.14-00.44.22:779][819]LogModuleManager: Shutting down and abandoning module MeshReductionInterface (180)
[2018.12.14-00.44.22:779][819]LogModuleManager: Shutting down and abandoning module SimplygonSwarm (179)
[2018.12.14-00.44.22:779][819]LogModuleManager: Shutting down and abandoning module ProxyLODMeshReduction (177)
[2018.12.14-00.44.22:780][819]LogModuleManager: Shutting down and abandoning module SimplygonMeshReduction (175)
[2018.12.14-00.44.22:780][819]LogModuleManager: Shutting down and abandoning module QuadricMeshReduction (173)
[2018.12.14-00.44.22:780][819]LogModuleManager: Shutting down and abandoning module MaterialBaking (169)
[2018.12.14-00.44.22:780][819]LogModuleManager: Shutting down and abandoning module DirectoryWatcher (165)
[2018.12.14-00.44.22:783][819]LogModuleManager: Shutting down and abandoning module DerivedDataCache (162)
[2018.12.14-00.44.22:853][819]LogDerivedDataCache: Shutdown
[2018.12.14-00.44.22:853][819]LogModuleManager: Shutting down and abandoning module XGEController (160)
[2018.12.14-00.44.22:853][819]LogXGEController: Cleaning working directory: C:/Users/Utsuho/AppData/Local/Temp/UnrealXGEWorkingDir/
[2018.12.14-00.44.22:854][819]LogModuleManager: Shutting down and abandoning module TargetPlatform (158)
[2018.12.14-00.44.22:854][819]LogModuleManager: Shutting down and abandoning module VulkanShaderFormat (157)
[2018.12.14-00.44.22:855][819]LogModuleManager: Shutting down and abandoning module ShaderFormatVectorVM (155)
[2018.12.14-00.44.22:856][819]LogModuleManager: Shutting down and abandoning module ShaderFormatOpenGL (153)
[2018.12.14-00.44.22:856][819]LogModuleManager: Shutting down and abandoning module ShaderFormatD3D (151)
[2018.12.14-00.44.22:856][819]LogModuleManager: Shutting down and abandoning module MetalShaderFormat (149)
[2018.12.14-00.44.22:857][819]LogModuleManager: Shutting down and abandoning module TextureFormatUncompressed (147)
[2018.12.14-00.44.22:857][819]LogModuleManager: Shutting down and abandoning module TextureFormatPVR (145)
[2018.12.14-00.44.22:857][819]LogModuleManager: Shutting down and abandoning module TextureFormatDXT (143)
[2018.12.14-00.44.22:857][819]LogModuleManager: Shutting down and abandoning module TextureFormatIntelISPCTexComp (141)
[2018.12.14-00.44.22:858][819]LogModuleManager: Shutting down and abandoning module TextureFormatASTC (139)
[2018.12.14-00.44.22:858][819]LogModuleManager: Shutting down and abandoning module ImageWrapper (138)
[2018.12.14-00.44.22:858][819]LogModuleManager: Shutting down and abandoning module TextureFormatAndroid (135)
[2018.12.14-00.44.22:858][819]LogModuleManager: Shutting down and abandoning module AudioFormatOpus (133)
[2018.12.14-00.44.22:858][819]LogModuleManager: Shutting down and abandoning module AudioFormatOgg (131)
[2018.12.14-00.44.22:858][819]LogModuleManager: Shutting down and abandoning module AudioFormatADPCM (129)
[2018.12.14-00.44.22:858][819]LogModuleManager: Shutting down and abandoning module LuminTargetPlatform (127)
[2018.12.14-00.44.22:858][819]LogModuleManager: Shutting down and abandoning module LinuxTargetPlatform (125)
[2018.12.14-00.44.22:859][819]LogModuleManager: Shutting down and abandoning module LinuxServerTargetPlatform (123)
[2018.12.14-00.44.22:859][819]LogModuleManager: Shutting down and abandoning module LinuxNoEditorTargetPlatform (121)
[2018.12.14-00.44.22:859][819]LogModuleManager: Shutting down and abandoning module LinuxClientTargetPlatform (119)
[2018.12.14-00.44.22:860][819]LogModuleManager: Shutting down and abandoning module TVOSTargetPlatform (117)
[2018.12.14-00.44.22:892][819]LogModuleManager: Shutting down and abandoning module Messaging (115)
[2018.12.14-00.44.22:892][819]LogModuleManager: Shutting down and abandoning module IOSTargetPlatform (113)
[2018.12.14-00.44.22:910][819]LogModuleManager: Shutting down and abandoning module HTML5TargetPlatform (111)
[2018.12.14-00.44.22:910][819]LogModuleManager: Shutting down and abandoning module AndroidTargetPlatform (109)
[2018.12.14-00.44.23:023][819]LogModuleManager: Shutting down and abandoning module WindowsTargetPlatform (107)
[2018.12.14-00.44.23:023][819]LogModuleManager: Shutting down and abandoning module WindowsServerTargetPlatform (105)
[2018.12.14-00.44.23:023][819]LogModuleManager: Shutting down and abandoning module WindowsNoEditorTargetPlatform (103)
[2018.12.14-00.44.23:023][819]LogModuleManager: Shutting down and abandoning module WindowsClientTargetPlatform (101)
[2018.12.14-00.44.23:024][819]LogModuleManager: Shutting down and abandoning module MacTargetPlatform (99)
[2018.12.14-00.44.23:026][819]LogModuleManager: Shutting down and abandoning module MacServerTargetPlatform (97)
[2018.12.14-00.44.23:026][819]LogModuleManager: Shutting down and abandoning module MacNoEditorTargetPlatform (95)
[2018.12.14-00.44.23:027][819]LogModuleManager: Shutting down and abandoning module MacClientTargetPlatform (93)
[2018.12.14-00.44.23:027][819]LogModuleManager: Shutting down and abandoning module AllDesktopTargetPlatform (91)
[2018.12.14-00.44.23:027][819]LogModuleManager: Shutting down and abandoning module InputCore (88)
[2018.12.14-00.44.23:027][819]LogModuleManager: Shutting down and abandoning module Settings (86)
[2018.12.14-00.44.23:028][819]LogModuleManager: Shutting down and abandoning module PhysXCooking (84)
[2018.12.14-00.44.23:028][819]LogModuleManager: Shutting down and abandoning module SteamVR (82)
[2018.12.14-00.44.23:029][819]LogModuleManager: Shutting down and abandoning module OculusHMD (80)
[2018.12.14-00.44.23:029][819]LogModuleManager: Shutting down and abandoning module ExampleDeviceProfileSelector (78)
[2018.12.14-00.44.23:029][819]LogModuleManager: Shutting down and abandoning module LauncherChunkInstaller (76)
[2018.12.14-00.44.23:029][819]LogModuleManager: Shutting down and abandoning module OnlineBlueprintSupport (74)
[2018.12.14-00.44.23:029][819]LogModuleManager: Shutting down and abandoning module OnlineSubsystem (70)
[2018.12.14-00.44.23:031][819]LogModuleManager: Shutting down and abandoning module XMPP (65)
[2018.12.14-00.44.23:032][819]LogModuleManager: Shutting down and abandoning module WebSockets (64)
[2018.12.14-00.44.23:054][819]LogModuleManager: Shutting down and abandoning module HTTP (61)
[2018.12.14-00.44.23:054][819]LogHttp: Display: Http module shutting down, but needs to wait on 1 outstanding Http requests:
[2018.12.14-00.44.23:054][819]LogHttp: Display: 	verb=[POST] url=[https://datarouter.ol.epicgames.com/datarouter/api/v1/public/data?SessionID=%7BE06378DB-48E6-0852-F101-8484D5A70266%7D&AppID=UEEditor.Rocket.Release&AppVersion=4.20.3-4369336%2B%2B%2BUE4%2BRelease-4.20&UserID=1e51e6584cfdab19cc033a923e4d2e37%7Cf20972f491e24565a030c6afa01aa409%7C36b8a828-7a73-4478-a859-aadf467041c6&AppEnvironment=datacollector-binary&UploadType=eteventstream] status=Processing
[2018.12.14-00.44.23:081][819]LogModuleManager: Shutting down and abandoning module SSL (60)
[2018.12.14-00.44.23:086][819]LogModuleManager: Shutting down and abandoning module MagicLeapEmulator (56)
[2018.12.14-00.44.23:086][819]LogModuleManager: Shutting down and abandoning module MagicLeapPrivileges (54)
[2018.12.14-00.44.23:086][819]LogModuleManager: Shutting down and abandoning module MagicLeapIdentity (52)
[2018.12.14-00.44.23:086][819]LogModuleManager: Shutting down and abandoning module MagicLeapHelperVulkan (50)
[2018.12.14-00.44.23:087][819]LogModuleManager: Shutting down and abandoning module MagicLeapHelperOpenGL (48)
[2018.12.14-00.44.23:087][819]LogModuleManager: Shutting down and abandoning module MagicLeapSecureStorage (46)
[2018.12.14-00.44.23:087][819]LogModuleManager: Shutting down and abandoning module MagicLeapGestures (44)
[2018.12.14-00.44.23:087][819]LogModuleManager: Shutting down and abandoning module MagicLeapEyeTracker (42)
[2018.12.14-00.44.23:087][819]LogModuleManager: Shutting down and abandoning module MagicLeapController (40)
[2018.12.14-00.44.23:090][819]LogSlate: Slate User Destroyed.  User Index 0, Is Virtual User: 0
[2018.12.14-00.44.23:090][819]LogSlate: Slate User Destroyed.  User Index 1, Is Virtual User: 0
[2018.12.14-00.44.23:090][819]LogSlate: Slate User Destroyed.  User Index 2, Is Virtual User: 0
[2018.12.14-00.44.23:090][819]LogSlate: Slate User Destroyed.  User Index 3, Is Virtual User: 0
[2018.12.14-00.44.23:090][819]LogModuleManager: Shutting down and abandoning module MagicLeap (38)
[2018.12.14-00.44.23:090][819]LogModuleManager: Shutting down and abandoning module AnimationModifiers (36)
[2018.12.14-00.44.23:091][819]LogModuleManager: Shutting down and abandoning module PropertyEditor (35)
[2018.12.14-00.44.23:092][819]LogModuleManager: Shutting down and abandoning module AudioEditor (32)
[2018.12.14-00.44.23:093][819]LogModuleManager: Shutting down and abandoning module TextureCompressor (30)
[2018.12.14-00.44.23:095][819]LogModuleManager: Shutting down and abandoning module ShaderCore (28)
[2018.12.14-00.44.23:095][819]LogModuleManager: Shutting down and abandoning module Landscape (26)
[2018.12.14-00.44.23:095][819]LogModuleManager: Shutting down and abandoning module SlateRHIRenderer (24)
[2018.12.14-00.44.23:101][819]LogModuleManager: Shutting down and abandoning module OpenGLDrv (22)
[2018.12.14-00.44.23:101][819]LogModuleManager: Shutting down and abandoning module D3D11RHI (20)
[2018.12.14-00.44.23:101][819]LogModuleManager: Shutting down and abandoning module AnimGraphRuntime (18)
[2018.12.14-00.44.23:101][819]LogModuleManager: Shutting down and abandoning module Renderer (16)
[2018.12.14-00.44.23:101][819]LogModuleManager: Shutting down and abandoning module Engine (14)
[2018.12.14-00.44.23:101][819]LogModuleManager: Shutting down and abandoning module CoreUObject (12)
[2018.12.14-00.44.23:102][819]LogModuleManager: Shutting down and abandoning module NetworkFile (10)
[2018.12.14-00.44.23:102][819]LogModuleManager: Shutting down and abandoning module CookedIterativeFile (8)
[2018.12.14-00.44.23:102][819]LogModuleManager: Shutting down and abandoning module StreamingFile (6)
[2018.12.14-00.44.23:102][819]LogModuleManager: Shutting down and abandoning module SandboxFile (4)
[2018.12.14-00.44.23:102][819]LogModuleManager: Shutting down and abandoning module PakFile (2)
[2018.12.14-00.44.23:115][819]LogExit: Exiting.
[2018.12.14-00.44.23:149][819]Log file closed, 12/14/18 09:44:23
