"../../../Engine/Content/BasicShapes/BasicShapeMaterial.uasset" 0
"../../../Engine/Content/MapTemplates/TilingNoise05.uasset" 1
"../../../../../../../Users/Utsuho/Desktop/General/ProjectSpace/CuteGhost/NetCuteGhost/Content/StarterContent/Textures/T_Ground_Grass_N.uasset" 2
"../../../../../../../Users/Utsuho/Desktop/General/ProjectSpace/CuteGhost/NetCuteGhost/Content/Characters/Mat_GhostEmissive_master.uasset" 3
"../../../../../../../Users/Utsuho/Desktop/General/ProjectSpace/CuteGhost/NetCuteGhost/Content/Characters/MI_GhostEmissive_inst.uasset" 4
"../../../Engine/Content/Functions/Engine_MaterialFunctions01/Opacity/CameraDepthFade.uasset" 5
"../../../Engine/Content/EngineMaterials/T_Default_Material_Grid_M.uasset" 6
"../../../Engine/Content/EngineMaterials/T_Default_Material_Grid_N.uasset" 7
"../../../Engine/Content/EngineMaterials/DefaultMaterial.uasset" 8
"../../../Engine/Content/BasicShapes/Sphere.uasset" 9
"../../../../../../../Users/Utsuho/Desktop/General/ProjectSpace/CuteGhost/NetCuteGhost/Content/Characters/BP_CuteGhost.uasset" 10
"../../../../../../../Users/Utsuho/Desktop/General/ProjectSpace/CuteGhost/NetCuteGhost/Content/Blueprints/System/Widget_ServerUI.uasset" 11
"../../../../../../../Users/Utsuho/Desktop/General/ProjectSpace/CuteGhost/NetCuteGhost/Content/Blueprints/System/BP_CuteGhostController.uasset" 12
"../../../../../../../Users/Utsuho/Desktop/General/ProjectSpace/CuteGhost/NetCuteGhost/Content/Blueprints/System/BP_CuteGhost_Gamemode.uasset" 13
"../../../../../../../Users/Utsuho/Desktop/General/ProjectSpace/CuteGhost/NetCuteGhost/Content/StarterContent/Materials/M_Basic_Wall.uasset" 14
"../../../../../../../Users/Utsuho/Desktop/General/ProjectSpace/CuteGhost/NetCuteGhost/Content/StarterContent/Architecture/Pillar_50x500.uasset" 15
"../../../../../../../Users/Utsuho/Desktop/General/ProjectSpace/CuteGhost/NetCuteGhost/Content/StarterContent/Architecture/Wall_400x300.uasset" 16
"../../../../../../../Users/Utsuho/Desktop/General/ProjectSpace/CuteGhost/NetCuteGhost/Content/StarterContent/Architecture/Wall_400x400.uasset" 17
"../../../../../../../Users/Utsuho/Desktop/General/ProjectSpace/CuteGhost/NetCuteGhost/Content/StarterContent/Architecture/Wall_500x500.uasset" 18
"../../../../../../../Users/Utsuho/Desktop/General/ProjectSpace/CuteGhost/NetCuteGhost/Content/StarterContent/Architecture/Wall_Door_400x400.uasset" 19
"../../../../../../../Users/Utsuho/Desktop/General/ProjectSpace/CuteGhost/NetCuteGhost/Content/StarterContent/Architecture/Wall_Window_400x400.uasset" 20
"../../../../../../../Users/Utsuho/Desktop/General/ProjectSpace/CuteGhost/NetCuteGhost/Content/StarterContent/Audio/Collapse01.uasset" 21
"../../../../../../../Users/Utsuho/Desktop/General/ProjectSpace/CuteGhost/NetCuteGhost/Content/StarterContent/Audio/Collapse02.uasset" 22
"../../../../../../../Users/Utsuho/Desktop/General/ProjectSpace/CuteGhost/NetCuteGhost/Content/StarterContent/Audio/Explosion01.uasset" 23
"../../../../../../../Users/Utsuho/Desktop/General/ProjectSpace/CuteGhost/NetCuteGhost/Content/StarterContent/Audio/Explosion02.uasset" 24
"../../../../../../../Users/Utsuho/Desktop/General/ProjectSpace/CuteGhost/NetCuteGhost/Content/StarterContent/Audio/Fire01.uasset" 25
"../../../../../../../Users/Utsuho/Desktop/General/ProjectSpace/CuteGhost/NetCuteGhost/Content/StarterContent/Audio/Fire_Sparks01.uasset" 26
"../../../../../../../Users/Utsuho/Desktop/General/ProjectSpace/CuteGhost/NetCuteGhost/Content/StarterContent/Audio/Light01.uasset" 27
"../../../../../../../Users/Utsuho/Desktop/General/ProjectSpace/CuteGhost/NetCuteGhost/Content/StarterContent/Audio/Light01_Cue.uasset" 28
"../../../../../../../Users/Utsuho/Desktop/General/ProjectSpace/CuteGhost/NetCuteGhost/Content/StarterContent/Audio/Light02.uasset" 29
"../../../../../../../Users/Utsuho/Desktop/General/ProjectSpace/CuteGhost/NetCuteGhost/Content/StarterContent/Audio/Light02_Cue.uasset" 30
"../../../../../../../Users/Utsuho/Desktop/General/ProjectSpace/CuteGhost/NetCuteGhost/Content/StarterContent/Audio/Smoke01.uasset" 31
"../../../../../../../Users/Utsuho/Desktop/General/ProjectSpace/CuteGhost/NetCuteGhost/Content/StarterContent/Audio/Starter_Birds01.uasset" 32
"../../../../../../../Users/Utsuho/Desktop/General/ProjectSpace/CuteGhost/NetCuteGhost/Content/StarterContent/Audio/Starter_Music01.uasset" 33
"../../../../../../../Users/Utsuho/Desktop/General/ProjectSpace/CuteGhost/NetCuteGhost/Content/StarterContent/Audio/Starter_Wind05.uasset" 34
"../../../../../../../Users/Utsuho/Desktop/General/ProjectSpace/CuteGhost/NetCuteGhost/Content/StarterContent/Audio/Starter_Wind06.uasset" 35
"../../../../../../../Users/Utsuho/Desktop/General/ProjectSpace/CuteGhost/NetCuteGhost/Content/StarterContent/Audio/Steam01.uasset" 36
"../../../../../../../Users/Utsuho/Desktop/General/ProjectSpace/CuteGhost/NetCuteGhost/Content/StarterContent/Audio/Explosion_Cue.uasset" 37
"../../../../../../../Users/Utsuho/Desktop/General/ProjectSpace/CuteGhost/NetCuteGhost/Content/StarterContent/Textures/T_Burst_M.uasset" 38
"../../../../../../../Users/Utsuho/Desktop/General/ProjectSpace/CuteGhost/NetCuteGhost/Content/StarterContent/Particles/Materials/M_Burst.uasset" 39
"../../../../../../../Users/Utsuho/Desktop/General/ProjectSpace/CuteGhost/NetCuteGhost/Content/StarterContent/Textures/T_Explosion_SubUV.uasset" 40
"../../../../../../../Users/Utsuho/Desktop/General/ProjectSpace/CuteGhost/NetCuteGhost/Content/StarterContent/Particles/Materials/M_explosion_subUV.uasset" 41
"../../../../../../../Users/Utsuho/Desktop/General/ProjectSpace/CuteGhost/NetCuteGhost/Content/StarterContent/Particles/Materials/m_flare_01.uasset" 42
"../../../Engine/Content/Functions/Engine_MaterialFunctions01/Gradient/RadialGradient.uasset" 43
"../../../../../../../Users/Utsuho/Desktop/General/ProjectSpace/CuteGhost/NetCuteGhost/Content/StarterContent/Particles/Materials/M_radial_ramp.uasset" 44
"../../../../../../../Users/Utsuho/Desktop/General/ProjectSpace/CuteGhost/NetCuteGhost/Content/StarterContent/Textures/T_Smoke_SubUV.uasset" 45
"../../../../../../../Users/Utsuho/Desktop/General/ProjectSpace/CuteGhost/NetCuteGhost/Content/StarterContent/Textures/T_Smoke_Tiled_D.uasset" 46
"../../../../../../../Users/Utsuho/Desktop/General/ProjectSpace/CuteGhost/NetCuteGhost/Content/StarterContent/Particles/Materials/M_smoke_subUV.uasset" 47
"../../../../../../../Users/Utsuho/Desktop/General/ProjectSpace/CuteGhost/NetCuteGhost/Content/StarterContent/Particles/P_Explosion.uasset" 48
"../../../../../../../Users/Utsuho/Desktop/General/ProjectSpace/CuteGhost/NetCuteGhost/Content/StarterContent/Blueprints/Blueprint_Effect_Explosion.uasset" 49
"../../../Engine/Content/EditorMeshes/ColorCalibrator/T_ColorGrid.uasset" 50
"../../../../../../../Users/Utsuho/Desktop/General/ProjectSpace/CuteGhost/NetCuteGhost/Content/StarterContent/Materials/M_ColorGrid_LowSpec.uasset" 51
"../../../../../../../Users/Utsuho/Desktop/General/ProjectSpace/CuteGhost/NetCuteGhost/Content/StarterContent/Textures/T_Chair_M.uasset" 52
"../../../../../../../Users/Utsuho/Desktop/General/ProjectSpace/CuteGhost/NetCuteGhost/Content/StarterContent/Textures/T_Chair_N.uasset" 53
"../../../../../../../Users/Utsuho/Desktop/General/ProjectSpace/CuteGhost/NetCuteGhost/Content/StarterContent/Props/Materials/M_Chair.uasset" 54
"../../../../../../../Users/Utsuho/Desktop/General/ProjectSpace/CuteGhost/NetCuteGhost/Content/StarterContent/Props/SM_Couch.uasset" 55
"../../../../../../../Users/Utsuho/Desktop/General/ProjectSpace/CuteGhost/NetCuteGhost/Content/StarterContent/Materials/M_Glass.uasset" 56
"../../../../../../../Users/Utsuho/Desktop/General/ProjectSpace/CuteGhost/NetCuteGhost/Content/StarterContent/Textures/T_Door_M.uasset" 57
"../../../../../../../Users/Utsuho/Desktop/General/ProjectSpace/CuteGhost/NetCuteGhost/Content/StarterContent/Textures/T_Door_N.uasset" 58
"../../../../../../../Users/Utsuho/Desktop/General/ProjectSpace/CuteGhost/NetCuteGhost/Content/StarterContent/Props/Materials/M_Door.uasset" 59
"../../../../../../../Users/Utsuho/Desktop/General/ProjectSpace/CuteGhost/NetCuteGhost/Content/StarterContent/Props/SM_Door.uasset" 60
"../../../../../../../Users/Utsuho/Desktop/General/ProjectSpace/CuteGhost/NetCuteGhost/Content/StarterContent/Props/Materials/M_MaterialSphere.uasset" 61
"../../../../../../../Users/Utsuho/Desktop/General/ProjectSpace/CuteGhost/NetCuteGhost/Content/StarterContent/Props/Materials/M_MaterialSphere_Plain.uasset" 62
"../../../../../../../Users/Utsuho/Desktop/General/ProjectSpace/CuteGhost/NetCuteGhost/Content/StarterContent/Props/SM_MatPreviewMesh_02.uasset" 63
"../../../Engine/Content/Functions/Engine_MaterialFunctions02/Utility/BlendAngleCorrectedNormals.uasset" 64
"../../../../../../../Users/Utsuho/Desktop/General/ProjectSpace/CuteGhost/NetCuteGhost/Content/StarterContent/Textures/T_Detail_Rocky_N.uasset" 65
"../../../../../../../Users/Utsuho/Desktop/General/ProjectSpace/CuteGhost/NetCuteGhost/Content/StarterContent/Textures/T_Rock_Basalt_D.uasset" 66
"../../../../../../../Users/Utsuho/Desktop/General/ProjectSpace/CuteGhost/NetCuteGhost/Content/StarterContent/Textures/T_RockMesh_M.uasset" 67
"../../../../../../../Users/Utsuho/Desktop/General/ProjectSpace/CuteGhost/NetCuteGhost/Content/StarterContent/Textures/T_RockMesh_N.uasset" 68
"../../../../../../../Users/Utsuho/Desktop/General/ProjectSpace/CuteGhost/NetCuteGhost/Content/StarterContent/Props/Materials/M_Rock.uasset" 69
"../../../../../../../Users/Utsuho/Desktop/General/ProjectSpace/CuteGhost/NetCuteGhost/Content/StarterContent/Props/SM_Rock.uasset" 70
"../../../../../../../Users/Utsuho/Desktop/General/ProjectSpace/CuteGhost/NetCuteGhost/Content/StarterContent/Textures/T_Shelf_M.uasset" 71
"../../../../../../../Users/Utsuho/Desktop/General/ProjectSpace/CuteGhost/NetCuteGhost/Content/StarterContent/Textures/T_Shelf_N.uasset" 72
"../../../../../../../Users/Utsuho/Desktop/General/ProjectSpace/CuteGhost/NetCuteGhost/Content/StarterContent/Props/Materials/M_Shelf.uasset" 73
"../../../../../../../Users/Utsuho/Desktop/General/ProjectSpace/CuteGhost/NetCuteGhost/Content/StarterContent/Props/SM_Shelf.uasset" 74
"../../../../../../../Users/Utsuho/Desktop/General/ProjectSpace/CuteGhost/NetCuteGhost/Content/StarterContent/Materials/M_Basic_Floor.uasset" 75
"../../../../../../../Users/Utsuho/Desktop/General/ProjectSpace/CuteGhost/NetCuteGhost/Content/StarterContent/Props/SM_Stairs.uasset" 76
"../../../../../../../Users/Utsuho/Desktop/General/ProjectSpace/CuteGhost/NetCuteGhost/Content/StarterContent/Shapes/Shape_Cone.uasset" 77
"../../../../../../../Users/Utsuho/Desktop/General/ProjectSpace/CuteGhost/NetCuteGhost/Content/StarterContent/Shapes/Shape_Cylinder.uasset" 78
"../../../../../../../Users/Utsuho/Desktop/General/ProjectSpace/CuteGhost/NetCuteGhost/Content/StarterContent/Shapes/Shape_NarrowCapsule.uasset" 79
"../../../../../../../Users/Utsuho/Desktop/General/ProjectSpace/CuteGhost/NetCuteGhost/Content/StarterContent/Shapes/Shape_Pipe.uasset" 80
"../../../../../../../Users/Utsuho/Desktop/General/ProjectSpace/CuteGhost/NetCuteGhost/Content/StarterContent/Shapes/Shape_Pipe_180.uasset" 81
"../../../../../../../Users/Utsuho/Desktop/General/ProjectSpace/CuteGhost/NetCuteGhost/Content/StarterContent/Shapes/Shape_Pipe_90.uasset" 82
"../../../../../../../Users/Utsuho/Desktop/General/ProjectSpace/CuteGhost/NetCuteGhost/Content/StarterContent/Shapes/Shape_Plane.uasset" 83
"../../../../../../../Users/Utsuho/Desktop/General/ProjectSpace/CuteGhost/NetCuteGhost/Content/StarterContent/Shapes/Shape_Torus.uasset" 84
"../../../../../../../Users/Utsuho/Desktop/General/ProjectSpace/CuteGhost/NetCuteGhost/Content/StarterContent/Shapes/Shape_Trim.uasset" 85
"../../../../../../../Users/Utsuho/Desktop/General/ProjectSpace/CuteGhost/NetCuteGhost/Content/StarterContent/Shapes/Shape_Trim_90_In.uasset" 86
"../../../../../../../Users/Utsuho/Desktop/General/ProjectSpace/CuteGhost/NetCuteGhost/Content/StarterContent/Shapes/Shape_Trim_90_Out.uasset" 87
"../../../../../../../Users/Utsuho/Desktop/General/ProjectSpace/CuteGhost/NetCuteGhost/Content/StarterContent/Shapes/Shape_TriPyramid.uasset" 88
"../../../../../../../Users/Utsuho/Desktop/General/ProjectSpace/CuteGhost/NetCuteGhost/Content/StarterContent/Shapes/Shape_Tube.uasset" 89
"../../../../../../../Users/Utsuho/Desktop/General/ProjectSpace/CuteGhost/NetCuteGhost/Content/StarterContent/Shapes/Shape_Wedge_A.uasset" 90
"../../../../../../../Users/Utsuho/Desktop/General/ProjectSpace/CuteGhost/NetCuteGhost/Content/StarterContent/Shapes/Shape_Wedge_B.uasset" 91
"../../../../../../../Users/Utsuho/Desktop/General/ProjectSpace/CuteGhost/NetCuteGhost/Content/StarterContent/Shapes/Shape_WideCapsule.uasset" 92
"../../../../../../../Users/Utsuho/Desktop/General/ProjectSpace/CuteGhost/NetCuteGhost/Content/StaticMeshes/GhostWall.uasset" 93
"../../../Engine/Content/EngineMaterials/WorldGridMaterial.uasset" 94
"../../../Engine/Content/ArtTools/RenderToTexture/Meshes/S_1_Unit_Plane.uasset" 95
"../../../Engine/Content/BasicShapes/Cone.uasset" 96
"../../../Engine/Content/BasicShapes/Cylinder.uasset" 97
"../../../Engine/Content/BasicShapes/Plane.uasset" 98
"../../../Engine/Content/EditorLandscapeResources/DataLayer.uasset" 99
"../../../Engine/Content/EditorMaterials/GizmoMaterial.uasset" 100
"../../../Engine/Content/EditorMaterials/MAT_Groups_Toggle.uasset" 101
"../../../Engine/Content/EditorMaterials/MAT_Groups_Visibility.uasset" 102
"../../../Engine/Content/EditorMaterials/PreviewShadowIndicator.uasset" 103
"../../../Engine/Content/EditorMaterials/PreviewShadowIndicatorMaterial.uasset" 104
"../../../Engine/Content/EditorMaterials/MatineeGroups/MAT_ColorTrack.uasset" 105
"../../../Engine/Content/EditorMaterials/MatineeGroups/MAT_Groups_Anim.uasset" 106
"../../../Engine/Content/EditorMaterials/MatineeGroups/MAT_Groups_AudioMaster.uasset" 107
"../../../Engine/Content/EditorMaterials/MatineeGroups/MAT_Groups_Director.uasset" 108
"../../../Engine/Content/EditorMaterials/MatineeGroups/MAT_Groups_Event.uasset" 109
"../../../Engine/Content/EditorMaterials/MatineeGroups/MAT_Groups_Fade.uasset" 110
"../../../Engine/Content/EditorMaterials/MatineeGroups/MAT_Groups_Float.uasset" 111
"../../../Engine/Content/EditorMaterials/MatineeGroups/MAT_Groups_Move.uasset" 112
"../../../Engine/Content/EditorMaterials/MatineeGroups/MAT_Groups_Slomo.uasset" 113
"../../../Engine/Content/EditorMaterials/MatineeGroups/MAT_Groups_Sound.uasset" 114
"../../../Engine/Content/EditorMaterials/MatineeGroups/MAT_Groups_Vector.uasset" 115
"../../../Engine/Content/EditorMaterials/ParticleSystems/PSysThumbnail_NoImage.uasset" 116
"../../../Engine/Content/EditorMaterials/ParticleSystems/PSysThumbnail_OOD.uasset" 117
"../../../Engine/Content/EditorMaterials/Camera/CineMat.uasset" 118
"../../../Engine/Content/EditorMaterials/Camera/MI_CineMat_Rig.uasset" 119
"../../../Engine/Content/EditorMeshes/Camera/SM_CraneRig_Arm.uasset" 120
"../../../Engine/Content/EditorMeshes/Camera/SM_CraneRig_Base.uasset" 121
"../../../Engine/Content/EditorMeshes/Camera/SM_CraneRig_Body.uasset" 122
"../../../Engine/Content/EditorMeshes/Camera/SM_CraneRig_Mount.uasset" 123
"../../../Engine/Content/EditorMeshes/Camera/SM_RailRig_Mount.uasset" 124
"../../../Engine/Content/EditorMeshes/Camera/SM_RailRig_Track.uasset" 125
"../../../Engine/Content/EditorResources/BSPVertex.uasset" 126
"../../../Engine/Content/EditorResources/EmptyActor.uasset" 127
"../../../Engine/Content/EditorResources/S_Actor.uasset" 128
"../../../Engine/Content/EditorResources/S_Trigger.uasset" 129
"../../../Engine/Content/EditorResources/AudioIcons/S_AudioComponent.uasset" 130
"../../../Engine/Content/EditorResources/AudioIcons/S_AudioComponent_AutoActivate.uasset" 131
"../../../Engine/Content/EditorResources/LightIcons/S_LightError.uasset" 132
"../../../Engine/Content/EditorResources/SequenceRecorder/Countdown.uasset" 133
"../../../Engine/Content/EditorResources/SequenceRecorder/RecordingIndicator.uasset" 134
"../../../Engine/Content/EditorSounds/Notifications/CompileFailed.uasset" 135
"../../../Engine/Content/EditorSounds/Notifications/CompileFailed_Cue.uasset" 136
"../../../Engine/Content/EditorSounds/Notifications/CompileSuccess.uasset" 137
"../../../Engine/Content/EditorSounds/Notifications/CompileStart_Cue.uasset" 138
"../../../Engine/Content/EditorSounds/Notifications/CompileSuccess_Cue.uasset" 139
"../../../Engine/Content/EngineDamageTypes/DmgTypeBP_Environmental.uasset" 140
"../../../Engine/Content/EngineDebugMaterials/HeatmapGradient.uasset" 141
"../../../Engine/Content/EngineDebugMaterials/BoneWeightMaterial.uasset" 142
"../../../Engine/Content/EngineDebugMaterials/ClothMaterial.uasset" 143
"../../../Engine/Content/EngineDebugMaterials/ClothMaterial_WF.uasset" 144
"../../../Engine/Content/EngineDebugMaterials/DebugEditorMaterial.uasset" 145
"../../../Engine/Content/EngineDebugMaterials/DebugMeshMaterial.uasset" 146
"../../../Engine/Content/EngineDebugMaterials/GeomMaterial.uasset" 147
"../../../Engine/Content/EngineDebugMaterials/M_SimpleTranslucent.uasset" 148
"../../../Engine/Content/EngineFonts/Faces/RobotoBold.uasset" 149
"../../../Engine/Content/EngineFonts/Faces/RobotoBoldItalic.uasset" 150
"../../../Engine/Content/EngineFonts/Faces/RobotoItalic.uasset" 151
"../../../Engine/Content/EngineFonts/Faces/RobotoLight.uasset" 152
"../../../Engine/Content/EngineFonts/Faces/RobotoRegular.uasset" 153
"../../../Engine/Content/EngineFonts/Roboto.uasset" 154
"../../../Engine/Content/EngineFonts/Faces/RobotoTiny.uasset" 155
"../../../Engine/Content/EngineFonts/RobotoTiny.uasset" 156
"../../../Engine/Content/EngineMaterials/BaseFlattenDiffuseMap.uasset" 157
"../../../Engine/Content/EngineMaterials/BaseFlattenEmissiveMap.uasset" 158
"../../../Engine/Content/EngineMaterials/BaseFlattenGrayscaleMap.uasset" 159
"../../../Engine/Content/EngineMaterials/BaseFlattenNormalMap.uasset" 160
"../../../Engine/Content/EngineMaterials/BaseFlattenMaterial.uasset" 161
"../../../Engine/Content/EngineMaterials/DefaultBloomKernel.uasset" 162
"../../../Engine/Content/EngineMaterials/DefaultBokeh.uasset" 163
"../../../Engine/Content/EngineMaterials/DefaultDiffuse.uasset" 164
"../../../Engine/Content/EngineMaterials/DefaultDeferredDecalMaterial.uasset" 165
"../../../Engine/Content/EngineMaterials/DefaultLightFunctionMaterial.uasset" 166
"../../../Engine/Content/EngineMaterials/DefaultPhysicalMaterial.uasset" 167
"../../../Engine/Content/Functions/Engine_MaterialFunctions02/Utility/BreakOutFloat2Components.uasset" 168
"../../../Engine/Content/EngineMaterials/DefaultPostProcessMaterial.uasset" 169
"../../../Engine/Content/EngineFonts/RobotoDistanceField.uasset" 170
"../../../Engine/Content/EngineMaterials/DefaultTextMaterialOpaque.uasset" 171
"../../../Engine/Content/EngineMaterials/DefaultWhiteGrid.uasset" 172
"../../../Engine/Content/EngineMaterials/EditorBrushMaterial.uasset" 173
"../../../Engine/Content/EngineMaterials/Good64x64TilingNoiseHighFreq.uasset" 174
"../../../Engine/Content/EngineMaterials/MiniFont.uasset" 175
"../../../Engine/Content/EngineMaterials/InvalidLightmapSettings.uasset" 176
"../../../Engine/Content/EngineMaterials/M_InvalidLightmapSettings.uasset" 177
"../../../Engine/Content/Functions/Engine_MaterialFunctions02/WorldPositionOffset/CameraOffset.uasset" 178
"../../../Engine/Content/EngineMaterials/PhAT_JointLimitMaterial.uasset" 179
"../../../Engine/Content/EngineMaterials/PreintegratedSkinBRDF.uasset" 180
"../../../Engine/Content/EngineMaterials/RemoveSurfaceMaterial.uasset" 181
"../../../Engine/Content/EngineMaterials/WeightMapPlaceholderTexture.uasset" 182
"../../../Engine/Content/EngineResources/WhiteSquareTexture.uasset" 183
"../../../Engine/Content/EngineMaterials/Widget3DPassThrough.uasset" 184
"../../../Engine/Content/EngineMaterials/Widget3DPassThrough_Masked.uasset" 185
"../../../Engine/Content/EngineMaterials/Widget3DPassThrough_Opaque.uasset" 186
"../../../Engine/Content/EngineMaterials/Widget3DPassThrough_Masked_OneSided.uasset" 187
"../../../Engine/Content/EngineMaterials/Widget3DPassThrough_Opaque_OneSided.uasset" 188
"../../../Engine/Content/EngineMaterials/Widget3DPassThrough_Translucent.uasset" 189
"../../../Engine/Content/EngineMaterials/Widget3DPassThrough_Translucent_OneSided.uasset" 190
"../../../Engine/Content/EngineMeshes/Cylinder.uasset" 191
"../../../Engine/Content/EngineMeshes/Sphere.uasset" 192
"../../../Engine/Content/EngineResources/Black.uasset" 193
"../../../Engine/Content/EngineResources/DefaultTexture.uasset" 194
"../../../Engine/Content/EngineResources/DefaultTextureCube.uasset" 195
"../../../Engine/Content/EngineResources/DefaultVolumeTexture2D.uasset" 196
"../../../Engine/Content/EngineResources/DefaultVolumeTexture.uasset" 197
"../../../Engine/Content/EngineResources/GradientTexture0.uasset" 198
"../../../Engine/Content/EngineSounds/Master.uasset" 199
"../../../Engine/Content/Functions/Engine_MaterialFunctions01/Shading/ConvertFromDiffSpec.uasset" 200
"../../../Engine/Content/Functions/Engine_MaterialFunctions01/Shading/PowerToRoughness.uasset" 201
"../../../Engine/Content/Maps/Templates/Thumbnails/Default.uasset" 202
"../../../Engine/Content/Maps/Templates/Thumbnails/VR-Basic.uasset" 203
"../../../Engine/Content/MobileResources/T_MobileControls_texture.uasset" 204
"../../../Engine/Content/MobileResources/T_MobileMenu2.uasset" 205
"../../../Engine/Content/MobileResources/HUD/AnalogHat.uasset" 206
"../../../Engine/Content/MobileResources/HUD/VirtualJoystick_Background.uasset" 207
"../../../Engine/Content/MobileResources/HUD/VirtualJoystick_Thumb.uasset" 208
"../../../Engine/Content/MobileResources/HUD/DefaultVirtualJoysticks.uasset" 209
"../../../Engine/Content/MobileResources/HUD/LeftVirtualJoystickOnly.uasset" 210
"../../../Engine/Content/MobileResources/HUD/MobileHUDButton1_off.uasset" 211
"../../../Engine/Content/MobileResources/HUD/MobileHUDButton1_on.uasset" 212
"../../../Engine/Content/MobileResources/HUD/MobileHUDButton2_off.uasset" 213
"../../../Engine/Content/MobileResources/HUD/MobileHUDButton2_on.uasset" 214
"../../../Engine/Content/MobileResources/HUD/MobileHUDButton3.uasset" 215
"../../../Engine/Content/MobileResources/HUD/MobileHUDButtonFire.uasset" 216
"../../../Engine/Content/MobileResources/HUD/MobileHUDDirectionPad.uasset" 217
"../../../Engine/Content/MobileResources/HUD/MobileHUDDirectionPad2.uasset" 218
"../../../Engine/Content/MobileResources/HUD/MobileHUDDirectionPad3.uasset" 219
"../../../Engine/Content/MobileResources/HUD/MobileHUDDirectionStick.uasset" 220
"../../../Engine/Content/MobileResources/HUD/T_Castle_ThumbstickInner.uasset" 221
"../../../Engine/Content/MobileResources/HUD/T_Castle_ThumbstickOutter.uasset" 222
"../../../Engine/Content/Tutorial/ContentIntroCurve.uasset" 223
"../../../Engine/Content/VREditor/LaserPointer/VR_LaserPower_01.uasset" 224
"../../../Engine/Content/VREditor/TransformGizmo/TransformGizmoMaterial.uasset" 225
"../../../Engine/Content/VREditor/TransformGizmo/TranslucentTransformGizmoMaterial.uasset" 226
"../../../Engine/Content/VREditor/TransformGizmo/BoundingBoxCorner.uasset" 227
"../../../Engine/Content/VREditor/TransformGizmo/BoundingBoxEdge.uasset" 228
"../../../Engine/Content/VREditor/TransformGizmo/PlaneTranslationHandle.uasset" 229
"../../../Engine/Content/VREditor/TransformGizmo/Main.uasset" 230
"../../../Engine/Content/VREditor/TransformGizmo/Xray.uasset" 231
"../../../Engine/Content/VREditor/TransformGizmo/SM_Sequencer_Key.uasset" 232
"../../../Engine/Content/VREditor/TransformGizmo/SM_Sequencer_Node.uasset" 233
"../../Plugins/2D/Paper2D/Content/PlaceholderTextures/DummySpriteTexture.uasset" 234
"../../Plugins/2D/Paper2D/Content/DummySprite.uasset" 235
"../../Plugins/2D/Paper2D/Content/DefaultPaperTerrainMaterial.uasset" 236
"../../Plugins/2D/Paper2D/Content/DefaultSpriteMaterial.uasset" 237
"../../Plugins/2D/Paper2D/Content/MaskedUnlitSpriteMaterial.uasset" 238
"../../Plugins/2D/Paper2D/Content/OpaqueUnlitSpriteMaterial.uasset" 239
"../../Plugins/Runtime/Oculus/OculusVR/Content/Materials/PokeAHoleMaterial.uasset" 240
"../../Plugins/Runtime/Oculus/OculusVR/Content/Textures/GearVRController_AO.uasset" 241
"../../Plugins/Runtime/Oculus/OculusVR/Content/Textures/GearVRController_Color.uasset" 242
"../../Plugins/Runtime/Oculus/OculusVR/Content/Textures/GearVRController_Normal.uasset" 243
"../../Plugins/Runtime/Oculus/OculusVR/Content/Materials/GearVRControllerMaterial.uasset" 244
"../../Plugins/Runtime/Oculus/OculusVR/Content/Meshes/GearVrController.uasset" 245
"../../Plugins/Runtime/Oculus/OculusVR/Content/Textures/touchController_albedo.uasset" 246
"../../Plugins/Runtime/Oculus/OculusVR/Content/Textures/touchController_controlmap.uasset" 247
"../../Plugins/Runtime/Oculus/OculusVR/Content/Materials/touchController_mat.uasset" 248
"../../Plugins/Runtime/Oculus/OculusVR/Content/Meshes/LeftTouchController.uasset" 249
"../../Plugins/Runtime/Oculus/OculusVR/Content/Meshes/RiftHMD.uasset" 250
"../../Plugins/Runtime/Oculus/OculusVR/Content/Meshes/RightTouchController.uasset" 251
"../../../Engine/Content/EditorBlueprintResources/StandardMacros.uasset" 252
"../../../../../../../Users/Utsuho/Desktop/General/ProjectSpace/CuteGhost/NetCuteGhost/Content/Blueprints/System/BP_GhostTCPServer.uasset" 253
"../../../../../../../Users/Utsuho/Desktop/General/ProjectSpace/CuteGhost/NetCuteGhost/Content/Blueprints/System/BP_NetMessage.uasset" 254
"../../../../../../../Users/Utsuho/Desktop/General/ProjectSpace/CuteGhost/NetCuteGhost/Content/Map/Map_GhostPlayGround_BuiltData.uasset" 255
"../../../../../../../Users/Utsuho/Desktop/General/ProjectSpace/CuteGhost/NetCuteGhost/Content/StarterContent/Textures/T_ground_Moss_D.uasset" 256
"../../../../../../../Users/Utsuho/Desktop/General/ProjectSpace/CuteGhost/NetCuteGhost/Content/StarterContent/Textures/T_Ground_Moss_N.uasset" 257
"../../../../../../../Users/Utsuho/Desktop/General/ProjectSpace/CuteGhost/NetCuteGhost/Content/StarterContent/Textures/T_MacroVariation.uasset" 258
"../../../../../../../Users/Utsuho/Desktop/General/ProjectSpace/CuteGhost/NetCuteGhost/Content/StarterContent/Textures/T_Perlin_Noise_M.uasset" 259
"../../../../../../../Users/Utsuho/Desktop/General/ProjectSpace/CuteGhost/NetCuteGhost/Content/Materials/M_Ground_Moss_Custom.uasset" 260
"../../../../../../../Users/Utsuho/Desktop/General/ProjectSpace/CuteGhost/NetCuteGhost/Content/Materials/MI_Ground_Moss_Custom.uasset" 261
"../../../../../../../Users/Utsuho/Desktop/General/ProjectSpace/CuteGhost/NetCuteGhost/Content/Materials/MI_Ground_Moss_Wall.uasset" 262
"../../../Engine/Content/BasicShapes/Cube.uasset" 263
"../../../../../../../Users/Utsuho/Desktop/General/ProjectSpace/CuteGhost/NetCuteGhost/Content/StarterContent/Architecture/Wall_400x200.uasset" 264
"../../../../../../../Users/Utsuho/Desktop/General/ProjectSpace/CuteGhost/NetCuteGhost/Content/StarterContent/Textures/T_Bush_D.uasset" 265
"../../../../../../../Users/Utsuho/Desktop/General/ProjectSpace/CuteGhost/NetCuteGhost/Content/StarterContent/Textures/T_Bush_N.uasset" 266
"../../../../../../../Users/Utsuho/Desktop/General/ProjectSpace/CuteGhost/NetCuteGhost/Content/StarterContent/Props/Materials/M_Bush.uasset" 267
"../../../../../../../Users/Utsuho/Desktop/General/ProjectSpace/CuteGhost/NetCuteGhost/Content/StarterContent/Props/SM_Bush.uasset" 268
"../../../../../../../Users/Utsuho/Desktop/General/ProjectSpace/CuteGhost/NetCuteGhost/Content/StarterContent/Textures/T_Lamp_M.uasset" 269
"../../../../../../../Users/Utsuho/Desktop/General/ProjectSpace/CuteGhost/NetCuteGhost/Content/StarterContent/Textures/T_Lamp_N.uasset" 270
"../../../../../../../Users/Utsuho/Desktop/General/ProjectSpace/CuteGhost/NetCuteGhost/Content/StarterContent/Props/Materials/M_Lamp.uasset" 271
"../../../../../../../Users/Utsuho/Desktop/General/ProjectSpace/CuteGhost/NetCuteGhost/Content/StarterContent/Props/SM_Lamp_Wall.uasset" 272
"../../../../../../../Users/Utsuho/Desktop/General/ProjectSpace/CuteGhost/NetCuteGhost/Content/Map/Map_GhostPlayGround.umap" 273
"../../../../../../../Users/Utsuho/Desktop/General/ProjectSpace/CuteGhost/NetCuteGhost/Content/StarterContent/Blueprints/Assets/FogBrightnessLUT.uasset" 274
"../../../../../../../Users/Utsuho/Desktop/General/ProjectSpace/CuteGhost/NetCuteGhost/Content/StarterContent/Blueprints/Assets/SunlightColorLUT.uasset" 275
"../../../../../../../Users/Utsuho/Desktop/General/ProjectSpace/CuteGhost/NetCuteGhost/Content/StarterContent/Blueprints/Assets/M_LightStage_Arrows.uasset" 276
"../../../Engine/Content/MapTemplates/Sky/DaylightAmbientCubemap.uasset" 277
"../../../../../../../Users/Utsuho/Desktop/General/ProjectSpace/CuteGhost/NetCuteGhost/Content/StarterContent/Blueprints/Assets/M_LightStage_Skybox_Master.uasset" 278
"../../../../../../../Users/Utsuho/Desktop/General/ProjectSpace/CuteGhost/NetCuteGhost/Content/StarterContent/Blueprints/Assets/M_LightStage_Skybox_Black.uasset" 279
"../../../../../../../Users/Utsuho/Desktop/General/ProjectSpace/CuteGhost/NetCuteGhost/Content/StarterContent/Blueprints/Assets/M_LightStage_Skybox_HDRI.uasset" 280
"../../../Engine/Content/EditorMaterials/Thumbnails/SkySphereMaterial.uasset" 281
"../../../../../../../Users/Utsuho/Desktop/General/ProjectSpace/CuteGhost/NetCuteGhost/Content/StarterContent/Blueprints/Assets/Skybox.uasset" 282
"../../../../../../../Users/Utsuho/Desktop/General/ProjectSpace/CuteGhost/NetCuteGhost/Content/StarterContent/Blueprints/Assets/SM_Arrows.uasset" 283
"../../../../../../../Users/Utsuho/Desktop/General/ProjectSpace/CuteGhost/NetCuteGhost/Content/StarterContent/HDRI/HDRI_Epic_Courtyard_Daylight.uasset" 284
"../../../../../../../Users/Utsuho/Desktop/General/ProjectSpace/CuteGhost/NetCuteGhost/Content/StarterContent/Blueprints/BP_LightStudio.uasset" 285
"../../../../../../../Users/Utsuho/Desktop/General/ProjectSpace/CuteGhost/NetCuteGhost/Content/StarterContent/Maps/Advanced_Lighting_BuiltData.uasset" 286
"../../../../../../../Users/Utsuho/Desktop/General/ProjectSpace/CuteGhost/NetCuteGhost/Content/StarterContent/Materials/M_AssetPlatform.uasset" 287
"../../../Engine/Content/EditorMeshes/ColorCalibrator/M_ChromeBall.uasset" 288
"../../../Engine/Content/EditorMeshes/ColorCalibrator/M_ClearCoat.uasset" 289
"../../../Engine/Content/EditorMeshes/ColorCalibrator/M_ClearCoatBlack.uasset" 290
"../../../Engine/Content/EditorMeshes/ColorCalibrator/Color_checker.uasset" 291
"../../../Engine/Content/EditorMeshes/ColorCalibrator/M_ColorGrid.uasset" 292
"../../../Engine/Content/EditorMeshes/ColorCalibrator/M_GreyBall.uasset" 293
"../../../Engine/Content/EditorMeshes/ColorCalibrator/SM_ColorCalibrator.uasset" 294
"../../../../../../../Users/Utsuho/Desktop/General/ProjectSpace/CuteGhost/NetCuteGhost/Content/StarterContent/Architecture/SM_AssetPlatform.uasset" 295
"../../../../../../../Users/Utsuho/Desktop/General/ProjectSpace/CuteGhost/NetCuteGhost/Content/StarterContent/Maps/Advanced_Lighting.umap" 296
"../../../Engine/Content/EngineSky/C_Sky_Cloud_Color.uasset" 297
"../../../Engine/Content/EngineSky/C_Sky_Horizon_Color.uasset" 298
"../../../Engine/Content/EngineSky/C_Sky_Zenith_Color.uasset" 299
"../../../Engine/Content/EngineSky/T_Sky_Blue.uasset" 300
"../../../Engine/Content/EngineSky/T_Sky_Clouds_M.uasset" 301
"../../../Engine/Content/EngineSky/T_Sky_Stars.uasset" 302
"../../../Engine/Content/EngineSky/M_Sky_Panning_Clouds2.uasset" 303
"../../../Engine/Content/EngineSky/SM_SkySphere.uasset" 304
"../../../Engine/Content/EngineSky/BP_Sky_Sphere.uasset" 305
"../../../../../../../Users/Utsuho/Desktop/General/ProjectSpace/CuteGhost/NetCuteGhost/Content/StarterContent/Maps/Minimal_Default_BuiltData.uasset" 306
"../../../../../../../Users/Utsuho/Desktop/General/ProjectSpace/CuteGhost/NetCuteGhost/Content/StarterContent/Materials/M_Metal_Brushed_Nickel.uasset" 307
"../../../../../../../Users/Utsuho/Desktop/General/ProjectSpace/CuteGhost/NetCuteGhost/Content/StarterContent/Textures/T_Metal_Aluminum_D.uasset" 308
"../../../../../../../Users/Utsuho/Desktop/General/ProjectSpace/CuteGhost/NetCuteGhost/Content/StarterContent/Textures/T_Metal_Gold_N.uasset" 309
"../../../../../../../Users/Utsuho/Desktop/General/ProjectSpace/CuteGhost/NetCuteGhost/Content/StarterContent/Materials/M_Metal_Burnished_Steel.uasset" 310
"../../../../../../../Users/Utsuho/Desktop/General/ProjectSpace/CuteGhost/NetCuteGhost/Content/StarterContent/Textures/T_Metal_Copper_D.uasset" 311
"../../../../../../../Users/Utsuho/Desktop/General/ProjectSpace/CuteGhost/NetCuteGhost/Content/StarterContent/Materials/M_Metal_Copper.uasset" 312
"../../../../../../../Users/Utsuho/Desktop/General/ProjectSpace/CuteGhost/NetCuteGhost/Content/StarterContent/Textures/T_Statue_M.uasset" 313
"../../../../../../../Users/Utsuho/Desktop/General/ProjectSpace/CuteGhost/NetCuteGhost/Content/StarterContent/Textures/T_Statue_N.uasset" 314
"../../../../../../../Users/Utsuho/Desktop/General/ProjectSpace/CuteGhost/NetCuteGhost/Content/StarterContent/Props/Materials/M_StatueGlass.uasset" 315
"../../../../../../../Users/Utsuho/Desktop/General/ProjectSpace/CuteGhost/NetCuteGhost/Content/StarterContent/Architecture/Floor_400x400.uasset" 316
"../../../../../../../Users/Utsuho/Desktop/General/ProjectSpace/CuteGhost/NetCuteGhost/Content/StarterContent/Audio/Starter_Background_Cue.uasset" 317
"../../../../../../../Users/Utsuho/Desktop/General/ProjectSpace/CuteGhost/NetCuteGhost/Content/StarterContent/Props/SM_Chair.uasset" 318
"../../../../../../../Users/Utsuho/Desktop/General/ProjectSpace/CuteGhost/NetCuteGhost/Content/StarterContent/Props/Materials/M_Statue.uasset" 319
"../../../../../../../Users/Utsuho/Desktop/General/ProjectSpace/CuteGhost/NetCuteGhost/Content/StarterContent/Props/SM_Statue.uasset" 320
"../../../../../../../Users/Utsuho/Desktop/General/ProjectSpace/CuteGhost/NetCuteGhost/Content/StarterContent/Textures/T_TableRound_M.uasset" 321
"../../../../../../../Users/Utsuho/Desktop/General/ProjectSpace/CuteGhost/NetCuteGhost/Content/StarterContent/Textures/T_TableRound_N.uasset" 322
"../../../../../../../Users/Utsuho/Desktop/General/ProjectSpace/CuteGhost/NetCuteGhost/Content/StarterContent/Props/Materials/M_TableRound.uasset" 323
"../../../../../../../Users/Utsuho/Desktop/General/ProjectSpace/CuteGhost/NetCuteGhost/Content/StarterContent/Props/SM_TableRound.uasset" 324
"../../../../../../../Users/Utsuho/Desktop/General/ProjectSpace/CuteGhost/NetCuteGhost/Content/StarterContent/Maps/Minimal_Default.umap" 325
"../../../../../../../Users/Utsuho/Desktop/General/ProjectSpace/CuteGhost/NetCuteGhost/Content/StarterContent/Audio/Fire01_Cue.uasset" 326
"../../../../../../../Users/Utsuho/Desktop/General/ProjectSpace/CuteGhost/NetCuteGhost/Content/StarterContent/Textures/T_Fire_SubUV.uasset" 327
"../../../../../../../Users/Utsuho/Desktop/General/ProjectSpace/CuteGhost/NetCuteGhost/Content/StarterContent/Textures/T_Fire_Tiled_D.uasset" 328
"../../../../../../../Users/Utsuho/Desktop/General/ProjectSpace/CuteGhost/NetCuteGhost/Content/StarterContent/Particles/Materials/M_Fire_SubUV.uasset" 329
"../../../../../../../Users/Utsuho/Desktop/General/ProjectSpace/CuteGhost/NetCuteGhost/Content/StarterContent/Textures/T_Water_N.uasset" 330
"../../../../../../../Users/Utsuho/Desktop/General/ProjectSpace/CuteGhost/NetCuteGhost/Content/StarterContent/Particles/Materials/M_Heat_Distortion.uasset" 331
"../../../../../../../Users/Utsuho/Desktop/General/ProjectSpace/CuteGhost/NetCuteGhost/Content/StarterContent/Particles/Materials/M_Radial_Gradient.uasset" 332
"../../../../../../../Users/Utsuho/Desktop/General/ProjectSpace/CuteGhost/NetCuteGhost/Content/StarterContent/Particles/P_Fire.uasset" 333
"../../../../../../../Users/Utsuho/Desktop/General/ProjectSpace/CuteGhost/NetCuteGhost/Content/StarterContent/Blueprints/Blueprint_Effect_Fire.uasset" 334
"../../../../../../../Users/Utsuho/Desktop/General/ProjectSpace/CuteGhost/NetCuteGhost/Content/StarterContent/Audio/Smoke01_Cue.uasset" 335
"../../../../../../../Users/Utsuho/Desktop/General/ProjectSpace/CuteGhost/NetCuteGhost/Content/StarterContent/Particles/P_Smoke.uasset" 336
"../../../../../../../Users/Utsuho/Desktop/General/ProjectSpace/CuteGhost/NetCuteGhost/Content/StarterContent/Blueprints/Blueprint_Effect_Smoke.uasset" 337
"../../../../../../../Users/Utsuho/Desktop/General/ProjectSpace/CuteGhost/NetCuteGhost/Content/StarterContent/Audio/Fire_Sparks01_Cue.uasset" 338
"../../../../../../../Users/Utsuho/Desktop/General/ProjectSpace/CuteGhost/NetCuteGhost/Content/StarterContent/Textures/T_Spark_Core.uasset" 339
"../../../../../../../Users/Utsuho/Desktop/General/ProjectSpace/CuteGhost/NetCuteGhost/Content/StarterContent/Particles/Materials/M_Spark.uasset" 340
"../../../../../../../Users/Utsuho/Desktop/General/ProjectSpace/CuteGhost/NetCuteGhost/Content/StarterContent/Particles/P_Sparks.uasset" 341
"../../../../../../../Users/Utsuho/Desktop/General/ProjectSpace/CuteGhost/NetCuteGhost/Content/StarterContent/Blueprints/Blueprint_Effect_Sparks.uasset" 342
"../../../../../../../Users/Utsuho/Desktop/General/ProjectSpace/CuteGhost/NetCuteGhost/Content/StarterContent/Audio/Steam01_Cue.uasset" 343
"../../../../../../../Users/Utsuho/Desktop/General/ProjectSpace/CuteGhost/NetCuteGhost/Content/StarterContent/Particles/P_Steam_Lit.uasset" 344
"../../../../../../../Users/Utsuho/Desktop/General/ProjectSpace/CuteGhost/NetCuteGhost/Content/StarterContent/Blueprints/Blueprint_Effect_Steam.uasset" 345
"../../../../../../../Users/Utsuho/Desktop/General/ProjectSpace/CuteGhost/NetCuteGhost/Content/StarterContent/Props/SM_Lamp_Ceiling.uasset" 346
"../../../../../../../Users/Utsuho/Desktop/General/ProjectSpace/CuteGhost/NetCuteGhost/Content/StarterContent/Blueprints/Blueprint_CeilingLight.uasset" 347
"../../../../../../../Users/Utsuho/Desktop/General/ProjectSpace/CuteGhost/NetCuteGhost/Content/StarterContent/Blueprints/Blueprint_WallSconce.uasset" 348
"../../../../../../../Users/Utsuho/Desktop/General/ProjectSpace/CuteGhost/NetCuteGhost/Content/StarterContent/Maps/StarterMap_BuiltData.uasset" 349
"../../../Engine/Content/Functions/Engine_MaterialFunctions03/Procedurals/ComputeFilterWidth.uasset" 350
"../../../Engine/Content/EngineMaterials/AntiAliasedTextMaterialTranslucent.uasset" 351
"../../../../../../../Users/Utsuho/Desktop/General/ProjectSpace/CuteGhost/NetCuteGhost/Content/StarterContent/Textures/T_Brick_Clay_Beveled_D.uasset" 352
"../../../../../../../Users/Utsuho/Desktop/General/ProjectSpace/CuteGhost/NetCuteGhost/Content/StarterContent/Textures/T_Brick_Clay_Beveled_M.uasset" 353
"../../../../../../../Users/Utsuho/Desktop/General/ProjectSpace/CuteGhost/NetCuteGhost/Content/StarterContent/Textures/T_Brick_Clay_Beveled_N.uasset" 354
"../../../../../../../Users/Utsuho/Desktop/General/ProjectSpace/CuteGhost/NetCuteGhost/Content/StarterContent/Materials/M_Brick_Clay_Beveled.uasset" 355
"../../../../../../../Users/Utsuho/Desktop/General/ProjectSpace/CuteGhost/NetCuteGhost/Content/StarterContent/Textures/T_Brick_Clay_New_D.uasset" 356
"../../../../../../../Users/Utsuho/Desktop/General/ProjectSpace/CuteGhost/NetCuteGhost/Content/StarterContent/Textures/T_Brick_Clay_New_M.uasset" 357
"../../../../../../../Users/Utsuho/Desktop/General/ProjectSpace/CuteGhost/NetCuteGhost/Content/StarterContent/Textures/T_Brick_Clay_New_N.uasset" 358
"../../../../../../../Users/Utsuho/Desktop/General/ProjectSpace/CuteGhost/NetCuteGhost/Content/StarterContent/Materials/M_Brick_Clay_New.uasset" 359
"../../../../../../../Users/Utsuho/Desktop/General/ProjectSpace/CuteGhost/NetCuteGhost/Content/StarterContent/Textures/T_Brick_Clay_Old_D.uasset" 360
"../../../../../../../Users/Utsuho/Desktop/General/ProjectSpace/CuteGhost/NetCuteGhost/Content/StarterContent/Textures/T_Brick_Clay_Old_N.uasset" 361
"../../../../../../../Users/Utsuho/Desktop/General/ProjectSpace/CuteGhost/NetCuteGhost/Content/StarterContent/Materials/M_Brick_Clay_Old.uasset" 362
"../../../../../../../Users/Utsuho/Desktop/General/ProjectSpace/CuteGhost/NetCuteGhost/Content/StarterContent/Textures/T_Brick_Cut_Stone_D.uasset" 363
"../../../../../../../Users/Utsuho/Desktop/General/ProjectSpace/CuteGhost/NetCuteGhost/Content/StarterContent/Textures/T_Brick_Cut_Stone_N.uasset" 364
"../../../../../../../Users/Utsuho/Desktop/General/ProjectSpace/CuteGhost/NetCuteGhost/Content/StarterContent/Materials/M_Brick_Cut_Stone.uasset" 365
"../../../../../../../Users/Utsuho/Desktop/General/ProjectSpace/CuteGhost/NetCuteGhost/Content/StarterContent/Textures/T_Brick_Hewn_Stone_D.uasset" 366
"../../../../../../../Users/Utsuho/Desktop/General/ProjectSpace/CuteGhost/NetCuteGhost/Content/StarterContent/Textures/T_Brick_Hewn_Stone_M.uasset" 367
"../../../../../../../Users/Utsuho/Desktop/General/ProjectSpace/CuteGhost/NetCuteGhost/Content/StarterContent/Textures/T_Brick_Hewn_Stone_N.uasset" 368
"../../../../../../../Users/Utsuho/Desktop/General/ProjectSpace/CuteGhost/NetCuteGhost/Content/StarterContent/Materials/M_Brick_Hewn_Stone.uasset" 369
"../../../../../../../Users/Utsuho/Desktop/General/ProjectSpace/CuteGhost/NetCuteGhost/Content/StarterContent/Textures/T_Ceramic_Tile_M.uasset" 370
"../../../../../../../Users/Utsuho/Desktop/General/ProjectSpace/CuteGhost/NetCuteGhost/Content/StarterContent/Textures/T_Ceramic_Tile_N.uasset" 371
"../../../../../../../Users/Utsuho/Desktop/General/ProjectSpace/CuteGhost/NetCuteGhost/Content/StarterContent/Textures/T_Rock_Marble_Polished_D.uasset" 372
"../../../../../../../Users/Utsuho/Desktop/General/ProjectSpace/CuteGhost/NetCuteGhost/Content/StarterContent/Materials/M_Ceramic_Tile_Checker.uasset" 373
"../../../../../../../Users/Utsuho/Desktop/General/ProjectSpace/CuteGhost/NetCuteGhost/Content/StarterContent/Textures/T_CobbleStone_Pebble_D.uasset" 374
"../../../../../../../Users/Utsuho/Desktop/General/ProjectSpace/CuteGhost/NetCuteGhost/Content/StarterContent/Textures/T_CobbleStone_Pebble_M.uasset" 375
"../../../../../../../Users/Utsuho/Desktop/General/ProjectSpace/CuteGhost/NetCuteGhost/Content/StarterContent/Textures/T_CobbleStone_Pebble_N.uasset" 376
"../../../../../../../Users/Utsuho/Desktop/General/ProjectSpace/CuteGhost/NetCuteGhost/Content/StarterContent/Materials/M_CobbleStone_Pebble.uasset" 377
"../../../../../../../Users/Utsuho/Desktop/General/ProjectSpace/CuteGhost/NetCuteGhost/Content/StarterContent/Textures/T_CobbleStone_Rough_D.uasset" 378
"../../../../../../../Users/Utsuho/Desktop/General/ProjectSpace/CuteGhost/NetCuteGhost/Content/StarterContent/Textures/T_CobbleStone_Rough_N.uasset" 379
"../../../../../../../Users/Utsuho/Desktop/General/ProjectSpace/CuteGhost/NetCuteGhost/Content/StarterContent/Textures/T_Gradinet_01.uasset" 380
"../../../../../../../Users/Utsuho/Desktop/General/ProjectSpace/CuteGhost/NetCuteGhost/Content/StarterContent/Textures/T_Rock_Smooth_Granite_D.uasset" 381
"../../../../../../../Users/Utsuho/Desktop/General/ProjectSpace/CuteGhost/NetCuteGhost/Content/StarterContent/Materials/M_CobbleStone_Rough.uasset" 382
"../../../../../../../Users/Utsuho/Desktop/General/ProjectSpace/CuteGhost/NetCuteGhost/Content/StarterContent/Textures/T_CobbleStone_Smooth_D.uasset" 383
"../../../../../../../Users/Utsuho/Desktop/General/ProjectSpace/CuteGhost/NetCuteGhost/Content/StarterContent/Textures/T_CobbleStone_Smooth_M.uasset" 384
"../../../../../../../Users/Utsuho/Desktop/General/ProjectSpace/CuteGhost/NetCuteGhost/Content/StarterContent/Textures/T_CobbleStone_Smooth_N.uasset" 385
"../../../../../../../Users/Utsuho/Desktop/General/ProjectSpace/CuteGhost/NetCuteGhost/Content/StarterContent/Materials/M_CobbleStone_Smooth.uasset" 386
"../../../../../../../Users/Utsuho/Desktop/General/ProjectSpace/CuteGhost/NetCuteGhost/Content/StarterContent/Textures/T_Concrete_Grime_D.uasset" 387
"../../../../../../../Users/Utsuho/Desktop/General/ProjectSpace/CuteGhost/NetCuteGhost/Content/StarterContent/Textures/T_Metal_Rust_N.uasset" 388
"../../../../../../../Users/Utsuho/Desktop/General/ProjectSpace/CuteGhost/NetCuteGhost/Content/StarterContent/Materials/M_Concrete_Grime.uasset" 389
"../../../../../../../Users/Utsuho/Desktop/General/ProjectSpace/CuteGhost/NetCuteGhost/Content/StarterContent/Textures/T_Concrete_Panels_D.uasset" 390
"../../../../../../../Users/Utsuho/Desktop/General/ProjectSpace/CuteGhost/NetCuteGhost/Content/StarterContent/Textures/T_Concrete_Panels_N.uasset" 391
"../../../../../../../Users/Utsuho/Desktop/General/ProjectSpace/CuteGhost/NetCuteGhost/Content/StarterContent/Materials/M_Concrete_Panels.uasset" 392
"../../../../../../../Users/Utsuho/Desktop/General/ProjectSpace/CuteGhost/NetCuteGhost/Content/StarterContent/Textures/T_Concrete_Poured_D.uasset" 393
"../../../../../../../Users/Utsuho/Desktop/General/ProjectSpace/CuteGhost/NetCuteGhost/Content/StarterContent/Textures/T_Concrete_Poured_N.uasset" 394
"../../../../../../../Users/Utsuho/Desktop/General/ProjectSpace/CuteGhost/NetCuteGhost/Content/StarterContent/Materials/M_Concrete_Poured.uasset" 395
"../../../../../../../Users/Utsuho/Desktop/General/ProjectSpace/CuteGhost/NetCuteGhost/Content/StarterContent/Textures/T_Concrete_Tiles_D.uasset" 396
"../../../../../../../Users/Utsuho/Desktop/General/ProjectSpace/CuteGhost/NetCuteGhost/Content/StarterContent/Textures/T_Concrete_Tiles_M.uasset" 397
"../../../../../../../Users/Utsuho/Desktop/General/ProjectSpace/CuteGhost/NetCuteGhost/Content/StarterContent/Textures/T_Concrete_Tiles_N.uasset" 398
"../../../../../../../Users/Utsuho/Desktop/General/ProjectSpace/CuteGhost/NetCuteGhost/Content/StarterContent/Textures/T_Concrete_Tiles_Variation_M.uasset" 399
"../../../../../../../Users/Utsuho/Desktop/General/ProjectSpace/CuteGhost/NetCuteGhost/Content/StarterContent/Materials/M_Concrete_Tiles.uasset" 400
"../../../../../../../Users/Utsuho/Desktop/General/ProjectSpace/CuteGhost/NetCuteGhost/Content/StarterContent/Textures/T_Ground_Grass_D.uasset" 401
"../../../../../../../Users/Utsuho/Desktop/General/ProjectSpace/CuteGhost/NetCuteGhost/Content/StarterContent/Materials/M_Ground_Grass.uasset" 402
"../../../../../../../Users/Utsuho/Desktop/General/ProjectSpace/CuteGhost/NetCuteGhost/Content/StarterContent/Textures/T_Ground_Gravel_D.uasset" 403
"../../../../../../../Users/Utsuho/Desktop/General/ProjectSpace/CuteGhost/NetCuteGhost/Content/StarterContent/Textures/T_Ground_Gravel_N.uasset" 404
"../../../../../../../Users/Utsuho/Desktop/General/ProjectSpace/CuteGhost/NetCuteGhost/Content/StarterContent/Materials/M_Ground_Gravel.uasset" 405
"../../../../../../../Users/Utsuho/Desktop/General/ProjectSpace/CuteGhost/NetCuteGhost/Content/StarterContent/Materials/M_Ground_Moss.uasset" 406
"../../../../../../../Users/Utsuho/Desktop/General/ProjectSpace/CuteGhost/NetCuteGhost/Content/StarterContent/Materials/M_Metal_Chrome.uasset" 407
"../../../../../../../Users/Utsuho/Desktop/General/ProjectSpace/CuteGhost/NetCuteGhost/Content/StarterContent/Textures/T_Metal_Gold_D.uasset" 408
"../../../../../../../Users/Utsuho/Desktop/General/ProjectSpace/CuteGhost/NetCuteGhost/Content/StarterContent/Materials/M_Metal_Gold.uasset" 409
"../../../../../../../Users/Utsuho/Desktop/General/ProjectSpace/CuteGhost/NetCuteGhost/Content/StarterContent/Textures/T_Metal_Rust_D.uasset" 410
"../../../../../../../Users/Utsuho/Desktop/General/ProjectSpace/CuteGhost/NetCuteGhost/Content/StarterContent/Materials/M_Metal_Rust.uasset" 411
"../../../../../../../Users/Utsuho/Desktop/General/ProjectSpace/CuteGhost/NetCuteGhost/Content/StarterContent/Textures/T_Metal_Steel_D.uasset" 412
"../../../../../../../Users/Utsuho/Desktop/General/ProjectSpace/CuteGhost/NetCuteGhost/Content/StarterContent/Textures/T_Metal_Steel_N.uasset" 413
"../../../../../../../Users/Utsuho/Desktop/General/ProjectSpace/CuteGhost/NetCuteGhost/Content/StarterContent/Materials/M_Metal_Steel.uasset" 414
"../../../../../../../Users/Utsuho/Desktop/General/ProjectSpace/CuteGhost/NetCuteGhost/Content/StarterContent/Textures/T_Rock_Basalt_N.uasset" 415
"../../../../../../../Users/Utsuho/Desktop/General/ProjectSpace/CuteGhost/NetCuteGhost/Content/StarterContent/Materials/M_Rock_Basalt.uasset" 416
"../../../../../../../Users/Utsuho/Desktop/General/ProjectSpace/CuteGhost/NetCuteGhost/Content/StarterContent/Materials/M_Rock_Marble_Polished.uasset" 417
"../../../../../../../Users/Utsuho/Desktop/General/ProjectSpace/CuteGhost/NetCuteGhost/Content/StarterContent/Textures/T_Rock_Sandstone_D.uasset" 418
"../../../../../../../Users/Utsuho/Desktop/General/ProjectSpace/CuteGhost/NetCuteGhost/Content/StarterContent/Textures/T_Rock_Sandstone_N.uasset" 419
"../../../../../../../Users/Utsuho/Desktop/General/ProjectSpace/CuteGhost/NetCuteGhost/Content/StarterContent/Materials/M_Rock_Sandstone.uasset" 420
"../../../../../../../Users/Utsuho/Desktop/General/ProjectSpace/CuteGhost/NetCuteGhost/Content/StarterContent/Textures/T_Rock_Slate_D.uasset" 421
"../../../../../../../Users/Utsuho/Desktop/General/ProjectSpace/CuteGhost/NetCuteGhost/Content/StarterContent/Textures/T_Rock_Slate_N.uasset" 422
"../../../../../../../Users/Utsuho/Desktop/General/ProjectSpace/CuteGhost/NetCuteGhost/Content/StarterContent/Materials/M_Rock_Slate.uasset" 423
"../../../../../../../Users/Utsuho/Desktop/General/ProjectSpace/CuteGhost/NetCuteGhost/Content/StarterContent/Textures/T_Checker_Noise_M.uasset" 424
"../../../../../../../Users/Utsuho/Desktop/General/ProjectSpace/CuteGhost/NetCuteGhost/Content/StarterContent/Textures/T_Single_Tile_N.uasset" 425
"../../../../../../../Users/Utsuho/Desktop/General/ProjectSpace/CuteGhost/NetCuteGhost/Content/StarterContent/Textures/T_Tech_Dot_M.uasset" 426
"../../../../../../../Users/Utsuho/Desktop/General/ProjectSpace/CuteGhost/NetCuteGhost/Content/StarterContent/Textures/T_Tech_Dot_N.uasset" 427
"../../../../../../../Users/Utsuho/Desktop/General/ProjectSpace/CuteGhost/NetCuteGhost/Content/StarterContent/Materials/M_Tech_Checker_Dot.uasset" 428
"../../../../../../../Users/Utsuho/Desktop/General/ProjectSpace/CuteGhost/NetCuteGhost/Content/StarterContent/Textures/T_Tech_Hex_Tile_M.uasset" 429
"../../../../../../../Users/Utsuho/Desktop/General/ProjectSpace/CuteGhost/NetCuteGhost/Content/StarterContent/Textures/T_Tech_Hex_Tile_N.uasset" 430
"../../../../../../../Users/Utsuho/Desktop/General/ProjectSpace/CuteGhost/NetCuteGhost/Content/StarterContent/Materials/M_Tech_Hex_Tile.uasset" 431
"../../../../../../../Users/Utsuho/Desktop/General/ProjectSpace/CuteGhost/NetCuteGhost/Content/StarterContent/Materials/M_Tech_Hex_Tile_Pulse.uasset" 432
"../../../../../../../Users/Utsuho/Desktop/General/ProjectSpace/CuteGhost/NetCuteGhost/Content/StarterContent/Textures/T_Tech_Panel_M.uasset" 433
"../../../../../../../Users/Utsuho/Desktop/General/ProjectSpace/CuteGhost/NetCuteGhost/Content/StarterContent/Textures/T_Tech_Panel_N.uasset" 434
"../../../../../../../Users/Utsuho/Desktop/General/ProjectSpace/CuteGhost/NetCuteGhost/Content/StarterContent/Materials/M_Tech_Panel.uasset" 435
"../../../../../../../Users/Utsuho/Desktop/General/ProjectSpace/CuteGhost/NetCuteGhost/Content/StarterContent/Materials/M_Water_Lake.uasset" 436
"../../../../../../../Users/Utsuho/Desktop/General/ProjectSpace/CuteGhost/NetCuteGhost/Content/StarterContent/Textures/T_Water_M.uasset" 437
"../../../../../../../Users/Utsuho/Desktop/General/ProjectSpace/CuteGhost/NetCuteGhost/Content/StarterContent/Materials/M_Water_Ocean.uasset" 438
"../../../../../../../Users/Utsuho/Desktop/General/ProjectSpace/CuteGhost/NetCuteGhost/Content/StarterContent/Textures/T_Wood_Floor_Walnut_D.uasset" 439
"../../../../../../../Users/Utsuho/Desktop/General/ProjectSpace/CuteGhost/NetCuteGhost/Content/StarterContent/Textures/T_Wood_Floor_Walnut_M.uasset" 440
"../../../../../../../Users/Utsuho/Desktop/General/ProjectSpace/CuteGhost/NetCuteGhost/Content/StarterContent/Textures/T_Wood_Floor_Walnut_N.uasset" 441
"../../../../../../../Users/Utsuho/Desktop/General/ProjectSpace/CuteGhost/NetCuteGhost/Content/StarterContent/Materials/M_Wood_Floor_Walnut_Polished.uasset" 442
"../../../Engine/Content/Functions/Engine_MaterialFunctions01/Opacity/AlphaOffset.uasset" 443
"../../../../../../../Users/Utsuho/Desktop/General/ProjectSpace/CuteGhost/NetCuteGhost/Content/StarterContent/Materials/M_Wood_Floor_Walnut_Worn.uasset" 444
"../../../../../../../Users/Utsuho/Desktop/General/ProjectSpace/CuteGhost/NetCuteGhost/Content/StarterContent/Textures/T_Wood_Oak_D.uasset" 445
"../../../../../../../Users/Utsuho/Desktop/General/ProjectSpace/CuteGhost/NetCuteGhost/Content/StarterContent/Textures/T_Wood_Oak_N.uasset" 446
"../../../../../../../Users/Utsuho/Desktop/General/ProjectSpace/CuteGhost/NetCuteGhost/Content/StarterContent/Materials/M_Wood_Oak.uasset" 447
"../../../../../../../Users/Utsuho/Desktop/General/ProjectSpace/CuteGhost/NetCuteGhost/Content/StarterContent/Textures/T_Wood_Pine_D.uasset" 448
"../../../../../../../Users/Utsuho/Desktop/General/ProjectSpace/CuteGhost/NetCuteGhost/Content/StarterContent/Textures/T_Wood_Pine_N.uasset" 449
"../../../../../../../Users/Utsuho/Desktop/General/ProjectSpace/CuteGhost/NetCuteGhost/Content/StarterContent/Materials/M_Wood_Pine.uasset" 450
"../../../../../../../Users/Utsuho/Desktop/General/ProjectSpace/CuteGhost/NetCuteGhost/Content/StarterContent/Textures/T_Wood_Walnut_D.uasset" 451
"../../../../../../../Users/Utsuho/Desktop/General/ProjectSpace/CuteGhost/NetCuteGhost/Content/StarterContent/Textures/T_Wood_Walnut_N.uasset" 452
"../../../../../../../Users/Utsuho/Desktop/General/ProjectSpace/CuteGhost/NetCuteGhost/Content/StarterContent/Materials/M_Wood_Walnut.uasset" 453
"../../../../../../../Users/Utsuho/Desktop/General/ProjectSpace/CuteGhost/NetCuteGhost/Content/StarterContent/Architecture/Wall_Door_400x300.uasset" 454
"../../../../../../../Users/Utsuho/Desktop/General/ProjectSpace/CuteGhost/NetCuteGhost/Content/StarterContent/Architecture/Wall_Window_400x300.uasset" 455
"../../../../../../../Users/Utsuho/Desktop/General/ProjectSpace/CuteGhost/NetCuteGhost/Content/StarterContent/Audio/Collapse_Cue.uasset" 456
"../../../../../../../Users/Utsuho/Desktop/General/ProjectSpace/CuteGhost/NetCuteGhost/Content/StarterContent/Audio/Starter_Music_Cue.uasset" 457
"../../../../../../../Users/Utsuho/Desktop/General/ProjectSpace/CuteGhost/NetCuteGhost/Content/StarterContent/Textures/T_Dust_Particle_D.uasset" 458
"../../../../../../../Users/Utsuho/Desktop/General/ProjectSpace/CuteGhost/NetCuteGhost/Content/StarterContent/Particles/Materials/M_Dust_Particle.uasset" 459
"../../../../../../../Users/Utsuho/Desktop/General/ProjectSpace/CuteGhost/NetCuteGhost/Content/StarterContent/Particles/P_Ambient_Dust.uasset" 460
"../../../../../../../Users/Utsuho/Desktop/General/ProjectSpace/CuteGhost/NetCuteGhost/Content/StarterContent/Props/MaterialSphere.uasset" 461
"../../../../../../../Users/Utsuho/Desktop/General/ProjectSpace/CuteGhost/NetCuteGhost/Content/StarterContent/Textures/T_Frame_M.uasset" 462
"../../../../../../../Users/Utsuho/Desktop/General/ProjectSpace/CuteGhost/NetCuteGhost/Content/StarterContent/Textures/T_Frame_N.uasset" 463
"../../../../../../../Users/Utsuho/Desktop/General/ProjectSpace/CuteGhost/NetCuteGhost/Content/StarterContent/Props/Materials/M_Frame.uasset" 464
"../../../../../../../Users/Utsuho/Desktop/General/ProjectSpace/CuteGhost/NetCuteGhost/Content/StarterContent/Props/SM_CornerFrame.uasset" 465
"../../../../../../../Users/Utsuho/Desktop/General/ProjectSpace/CuteGhost/NetCuteGhost/Content/StarterContent/Props/SM_DoorFrame.uasset" 466
"../../../../../../../Users/Utsuho/Desktop/General/ProjectSpace/CuteGhost/NetCuteGhost/Content/StarterContent/Props/SM_GlassWindow.uasset" 467
"../../../../../../../Users/Utsuho/Desktop/General/ProjectSpace/CuteGhost/NetCuteGhost/Content/StarterContent/Props/SM_PillarFrame.uasset" 468
"../../../../../../../Users/Utsuho/Desktop/General/ProjectSpace/CuteGhost/NetCuteGhost/Content/StarterContent/Props/SM_PillarFrame300.uasset" 469
"../../../../../../../Users/Utsuho/Desktop/General/ProjectSpace/CuteGhost/NetCuteGhost/Content/StarterContent/Props/SM_WindowFrame.uasset" 470
"../../../../../../../Users/Utsuho/Desktop/General/ProjectSpace/CuteGhost/NetCuteGhost/Content/StarterContent/Shapes/Shape_Cube.uasset" 471
"../../../../../../../Users/Utsuho/Desktop/General/ProjectSpace/CuteGhost/NetCuteGhost/Content/StarterContent/Shapes/Shape_QuadPyramid.uasset" 472
"../../../../../../../Users/Utsuho/Desktop/General/ProjectSpace/CuteGhost/NetCuteGhost/Content/StarterContent/Shapes/Shape_Sphere.uasset" 473
"../../../../../../../Users/Utsuho/Desktop/General/ProjectSpace/CuteGhost/NetCuteGhost/Content/StarterContent/Maps/StarterMap.umap" 474
"../../../Engine/Content/Maps/Entry_BuiltData.uasset" 475
"../../../Engine/Content/Maps/Entry.umap" 476
